0.3142 	WARNING 	Movie2 stim could not be imported and won't be available
1.4645 	WARNING 	TextBox stim could not be imported and won't be available.
1.4645 	WARNING 	TextBox Font Manager Found No Fonts.
1.8549 	WARNING 	User requested fullscreen with size [800 600], but screen is actually [1920, 1080]. Using actual size
2.5049 	EXP 	Created window1 = Window(allowGUI=True, allowStencil=False, autoLog=True, bitsMode=UNKNOWN, blendMode=u'add', color=array([-1., -1., -1.]), colorSpace=u'rgb', fullscr=UNKNOWN, gamma=None, lms=UNKNOWN, monitor=<psychopy.monitors.calibTools.Monitor instance at 0x12cad238>, name='window1', pos=[0, 0], screen=0, size=array([1920, 1080]), stereo=False, units=u'use preferences', useFBO=True, viewOri=0.0, viewPos=None, viewScale=None, waitBlanking=True, winType='pyglet')
2.5049 	EXP 	window1: recordFrameIntervals = False
2.6704 	EXP 	window1: recordFrameIntervals = True
2.8539 	EXP 	window1: recordFrameIntervals = False
2.8575 	EXP 	Created TopUpperLine = Line(autoDraw=False, autoLog=True, closeShape=False, contrast=1.0, depth=0, fillColor=None, fillColorSpace=u'rgb', fillRGB=None, interpolate=True, lineColor=array([ 1.,  1., -1.]), lineColorSpace=u'rgb', lineRGB=array([ 1.,  1., -1.]), lineWidth=2, name='TopUpperLine', opacity=1.0, ori=array(0.0), pos=array([ 0.  ,  0.45]), size=array([ 1.,  1.]), units=u'norm', vertices=array([[-1.,  0.],
       [ 1.,  0.]]), win=Window(...))
2.9250 	EXP 	Created UpperText = TextStim(alignHoriz='center', alignVert='center', antialias=True, autoLog=True, bold=False, color=array([ 0.,  0.,  0.]), colorSpace=u'rgb', contrast=1.0, depth=-2.0, flipHoriz=False, flipVert=False, font=u'Courier', fontFiles=[], height=0.25, italic=False, name='UpperText', opacity=1.0, ori=0, pos=array([ 0. ,  0.3]), rgb=array([ 0.,  0.,  0.]), text=u'default text', units=u'norm', win=Window(...), wrapWidth=1.7)
2.9320 	EXP 	Created UpperBrackets = TextStim(alignHoriz='center', alignVert='center', antialias=True, autoLog=True, bold=False, color=u'yellow', colorSpace='named', contrast=1.0, depth=-3.0, flipHoriz=False, flipVert=False, font=u'Courier', fontFiles=[], height=0.25, italic=False, name='UpperBrackets', opacity=1.0, ori=0, pos=array([ 0. ,  0.3]), rgb=array([ 255.,  255.,    0.]), text=u'default text', units=u'norm', win=Window(...), wrapWidth=1.7)
2.9342 	EXP 	Created BotUpperLine = Line(autoDraw=False, autoLog=True, closeShape=False, contrast=1.0, depth=0, fillColor=None, fillColorSpace=u'rgb', fillRGB=None, interpolate=True, lineColor=array([ 1.,  1., -1.]), lineColorSpace=u'rgb', lineRGB=array([ 1.,  1., -1.]), lineWidth=2, name='BotUpperLine', opacity=1.0, ori=array(0.0), pos=array([ 0.  ,  0.15]), size=array([ 1.,  1.]), units=u'norm', vertices=array([[-1.,  0.],
       [ 1.,  0.]]), win=Window(...))
2.9356 	EXP 	Created TopLowerLine = Line(autoDraw=False, autoLog=True, closeShape=False, contrast=1.0, depth=0, fillColor=None, fillColorSpace=u'rgb', fillRGB=None, interpolate=True, lineColor=u'cyan', lineColorSpace='named', lineRGB=array([   0.,  255.,  255.]), lineWidth=2, name='TopLowerLine', opacity=1.0, ori=array(0.0), pos=array([ 0.  , -0.15]), size=array([ 1.,  1.]), units=u'norm', vertices=array([[-1.,  0.],
       [ 1.,  0.]]), win=Window(...))
2.9469 	EXP 	Created LowerText = TextStim(alignHoriz='center', alignVert='center', antialias=True, autoLog=True, bold=False, color=array([ 0.,  0.,  0.]), colorSpace=u'rgb', contrast=1.0, depth=-6.0, flipHoriz=False, flipVert=False, font=u'Courier', fontFiles=[], height=0.25, italic=False, name='LowerText', opacity=1.0, ori=0, pos=array([ 0. , -0.3]), rgb=array([ 0.,  0.,  0.]), text=u'default text', units=u'norm', win=Window(...), wrapWidth=2)
2.9509 	EXP 	Created LowerBrackets = TextStim(alignHoriz='center', alignVert='center', antialias=True, autoLog=True, bold=False, color=u'cyan', colorSpace='named', contrast=1.0, depth=-7.0, flipHoriz=False, flipVert=False, font=u'Courier', fontFiles=[], height=0.25, italic=False, name='LowerBrackets', opacity=1.0, ori=0, pos=array([ 0. , -0.3]), rgb=array([   0.,  255.,  255.]), text=u'+', units=u'norm', win=Window(...), wrapWidth=1.5)
2.9524 	EXP 	Created BotLowerLine = Line(autoDraw=False, autoLog=True, closeShape=False, contrast=1.0, depth=0, fillColor=None, fillColorSpace=u'rgb', fillRGB=None, interpolate=True, lineColor=u'cyan', lineColorSpace='named', lineRGB=array([   0.,  255.,  255.]), lineWidth=2, name='BotLowerLine', opacity=1.0, ori=array(0.0), pos=array([ 0.  , -0.45]), size=array([ 1.,  1.]), units=u'norm', vertices=array([[-1.,  0.],
       [ 1.,  0.]]), win=Window(...))
2.9564 	EXP 	Created TrialCrossHair = TextStim(alignHoriz='center', alignVert='center', antialias=True, autoLog=True, bold=False, color=u'green', colorSpace='named', contrast=1.0, depth=-9.0, flipHoriz=False, flipVert=False, font=u'Courier', fontFiles=[], height=0.2, italic=False, name='TrialCrossHair', opacity=1.0, ori=0, pos=array([ 0.,  0.]), rgb=array([   0.,  128.,    0.]), text=u'+', units=u'norm', win=Window(...), wrapWidth=1)
2.9593 	EXP 	Created RestCrossHair = TextStim(alignHoriz='center', alignVert='center', antialias=True, autoLog=True, bold=False, color=u'red', colorSpace='named', contrast=1.0, depth=-10.0, flipHoriz=False, flipVert=False, font=u'Courier', fontFiles=[], height=0.2, italic=False, name='RestCrossHair', opacity=1.0, ori=0, pos=array([ 0.,  0.]), rgb=array([ 255.,    0.,    0.]), text=u'+', units=u'norm', win=Window(...), wrapWidth=1)
3.0067 	EXP 	Created RestCrossHair = TextStim(alignHoriz='center', alignVert='center', antialias=True, autoLog=True, bold=False, color=u'red', colorSpace='named', contrast=1.0, depth=-10.0, flipHoriz=False, flipVert=False, font=u'Courier', fontFiles=[], height=0.1, italic=False, name='RestCrossHair', opacity=1.0, ori=0, pos=array([ 0.,  0.]), rgb=array([ 255.,    0.,    0.]), text=u'Waiting for Scanner\n Or press r to advance', units=u'norm', win=Window(...), wrapWidth=1)
3.0168 	EXP 	Created RestCrossHair = TextStim(alignHoriz='center', alignVert='center', antialias=True, autoLog=True, bold=False, color=u'yellow', colorSpace='named', contrast=1.0, depth=-10.0, flipHoriz=False, flipVert=False, font=u'Courier', fontFiles=[], height=0.1, italic=False, name='RestCrossHair', opacity=1.0, ori=0, pos=array([ 0.,  0.]), rgb=array([ 255.,  255.,    0.]), text=u'Merci\nThank you', units=u'norm', win=Window(...), wrapWidth=1)
3.0226 	EXP 	Created FeedbackMsg = TextStim(alignHoriz='center', alignVert='center', antialias=True, autoLog=True, bold=False, color='white', colorSpace='named', contrast=1.0, depth=-1.0, flipHoriz=False, flipVert=False, font='Courier', fontFiles=[], height=0.1, italic=False, name='FeedbackMsg', opacity=1.0, ori=0, pos=array([ 0.,  0.]), rgb=array([ 255.,  255.,  255.]), text=u'default text', units='norm', win=Window(...), wrapWidth=1)
3.0276 	EXP 	Imported /Users/jason/Dropbox/SteffenerColumbia/Scripts/ExperimentalStimuli/PartialTrialDIR/ExperimentalTrials/Training30TrialsInOrder.csv as conditions, 30 conditions, 14 params
3.0280 	EXP 	Created sequence: sequential, trialTypes=30, nReps=1, seed=None
3.1371 	EXP 	RestCrossHair: autoDraw = True
8.0318 	DATA 	Keypress: r
8.0563 	EXP 	RestCrossHair: autoDraw = False
8.0563 	EXP 	RestCrossHair: autoDraw = True
13.0265 	EXP 	New trial (rep=0, index=0): {'RetDur': 0, 'BotBrack': 1, 'StimDur': 2, 'UpBrack': 2, 'ProbeDurITI': 6.9199999999999999, 'ProbeDur': 2, 'ProbeStart': 2, 'TrialDur': 4, 'ITI': 4.9199999999999999, 'StimSet': u'KTJDRY', 'RetStart': 2, 'ProbeLet': u'tbnmqx', 'TrialITIDur': 8.9199999999999999, 'Correct': u'down'}
13.0636 	EXP 	window1: recordFrameIntervals = False
13.0922 	EXP 	RestCrossHair: autoDraw = False
13.0922 	EXP 	RestCrossHair: autoDraw = False
13.0922 	EXP 	UpperText: text = u' K T J D R Y '
13.0922 	EXP 	UpperBrackets: text = '  { }        '
13.0922 	EXP 	LowerText: text = u' t b n m q x '
13.0922 	EXP 	LowerBrackets: text = '{ }          '
13.0922 	EXP 	TopUpperLine: autoDraw = True
13.0922 	EXP 	UpperText: autoDraw = True
13.0922 	EXP 	UpperBrackets: autoDraw = True
13.0922 	EXP 	BotUpperLine: autoDraw = True
13.0922 	EXP 	TopLowerLine: autoDraw = True
13.0922 	EXP 	BotLowerLine: autoDraw = True
13.0922 	EXP 	TrialCrossHair: autoDraw = True
13.0925 	EXP 	window1: recordFrameIntervals = False
15.0432 	EXP 	UpperText: autoDraw = False
15.0432 	EXP 	UpperBrackets: autoDraw = False
15.0599 	EXP 	LowerText: autoDraw = True
15.0599 	EXP 	LowerBrackets: autoDraw = True
16.1943 	DATA 	Keypress: down
17.0443 	EXP 	LowerText: autoDraw = False
17.0443 	EXP 	LowerBrackets: autoDraw = False
17.0443 	EXP 	TrialCrossHair: autoDraw = False
17.0443 	EXP 	RestCrossHair: autoDraw = True
17.2282 	DATA 	Keypress: down
21.9310 	DATA 	Keypress: down
21.9803 	EXP 	TopUpperLine: autoDraw = False
21.9803 	EXP 	BotUpperLine: autoDraw = False
21.9803 	EXP 	TopLowerLine: autoDraw = False
21.9803 	EXP 	BotLowerLine: autoDraw = False
21.9803 	EXP 	RestCrossHair: autoDraw = False
21.9803 	EXP 	TopUpperLine: autoDraw = False
21.9803 	EXP 	UpperText: autoDraw = False
21.9803 	EXP 	UpperBrackets: autoDraw = False
21.9803 	EXP 	BotUpperLine: autoDraw = False
21.9803 	EXP 	TopLowerLine: autoDraw = False
21.9803 	EXP 	LowerText: autoDraw = False
21.9803 	EXP 	LowerBrackets: autoDraw = False
21.9803 	EXP 	BotLowerLine: autoDraw = False
21.9803 	EXP 	TrialCrossHair: autoDraw = False
21.9803 	EXP 	RestCrossHair: autoDraw = False
21.9803 	EXP 	FeedbackMsg: text = 'Correct! RT=6.888'
21.9803 	EXP 	FeedbackMsg: autoDraw = True
23.4645 	EXP 	FeedbackMsg: autoDraw = False
23.4645 	EXP 	RestCrossHair: autoDraw = True
24.4489 	EXP 	New trial (rep=0, index=1): {'RetDur': 0, 'BotBrack': 0, 'StimDur': 2, 'UpBrack': 2, 'ProbeDurITI': 4.2450000000000001, 'ProbeDur': 0, 'ProbeStart': 2, 'TrialDur': 2, 'ITI': 4.2450000000000001, 'StimSet': u'NDGJXB', 'RetStart': 2, 'ProbeLet': u' ', 'TrialITIDur': 6.2450000000000001, 'Correct': u'none'}
24.4715 	EXP 	window1: recordFrameIntervals = False
24.4985 	EXP 	RestCrossHair: autoDraw = False
24.4985 	EXP 	UpperText: text = u' N D G J X B '
24.4985 	EXP 	UpperBrackets: text = '  { }        '
24.4985 	EXP 	LowerText: text = u'   '
24.4985 	EXP 	LowerBrackets: text = ''
24.4985 	EXP 	TopUpperLine: autoDraw = True
24.4985 	EXP 	UpperText: autoDraw = True
24.4985 	EXP 	UpperBrackets: autoDraw = True
24.4985 	EXP 	BotUpperLine: autoDraw = True
24.4985 	EXP 	TopLowerLine: autoDraw = True
24.4985 	EXP 	BotLowerLine: autoDraw = True
24.4985 	EXP 	TrialCrossHair: autoDraw = True
24.4988 	EXP 	window1: recordFrameIntervals = False
26.4661 	EXP 	UpperText: autoDraw = False
26.4661 	EXP 	UpperBrackets: autoDraw = False
26.4661 	EXP 	TrialCrossHair: autoDraw = False
26.4828 	EXP 	LowerText: autoDraw = True
26.4828 	EXP 	LowerBrackets: autoDraw = True
26.4828 	EXP 	RestCrossHair: autoDraw = True
26.4995 	EXP 	LowerText: autoDraw = False
26.4995 	EXP 	LowerBrackets: autoDraw = False
30.7187 	EXP 	TopUpperLine: autoDraw = False
30.7187 	EXP 	BotUpperLine: autoDraw = False
30.7187 	EXP 	TopLowerLine: autoDraw = False
30.7187 	EXP 	BotLowerLine: autoDraw = False
30.7187 	EXP 	RestCrossHair: autoDraw = False
30.7187 	EXP 	TopUpperLine: autoDraw = False
30.7187 	EXP 	UpperText: autoDraw = False
30.7187 	EXP 	UpperBrackets: autoDraw = False
30.7187 	EXP 	BotUpperLine: autoDraw = False
30.7187 	EXP 	TopLowerLine: autoDraw = False
30.7187 	EXP 	LowerText: autoDraw = False
30.7187 	EXP 	LowerBrackets: autoDraw = False
30.7187 	EXP 	BotLowerLine: autoDraw = False
30.7187 	EXP 	TrialCrossHair: autoDraw = False
30.7187 	EXP 	RestCrossHair: autoDraw = False
30.7187 	EXP 	FeedbackMsg: text = 'No response, good!'
30.7187 	EXP 	FeedbackMsg: autoDraw = True
32.2028 	EXP 	FeedbackMsg: autoDraw = False
32.2028 	EXP 	RestCrossHair: autoDraw = True
33.1873 	EXP 	New trial (rep=0, index=2): {'RetDur': 5, 'BotBrack': 6, 'StimDur': 2, 'UpBrack': 3, 'ProbeDurITI': 6.0510000000000002, 'ProbeDur': 2, 'ProbeStart': 7, 'TrialDur': 9, 'ITI': 4.0510000000000002, 'StimSet': u'NWQMYF', 'RetStart': 2, 'ProbeLet': u'jhbrxg', 'TrialITIDur': 13.050999999999998, 'Correct': u'right'}
33.2252 	EXP 	window1: recordFrameIntervals = False
33.2533 	EXP 	RestCrossHair: autoDraw = False
33.2533 	EXP 	UpperText: text = u' N W Q M Y F '
33.2533 	EXP 	UpperBrackets: text = '    { }      '
33.2533 	EXP 	LowerText: text = u' j h b r x g '
33.2533 	EXP 	LowerBrackets: text = '          { }'
33.2533 	EXP 	TopUpperLine: autoDraw = True
33.2533 	EXP 	UpperText: autoDraw = True
33.2533 	EXP 	UpperBrackets: autoDraw = True
33.2533 	EXP 	BotUpperLine: autoDraw = True
33.2533 	EXP 	TopLowerLine: autoDraw = True
33.2533 	EXP 	BotLowerLine: autoDraw = True
33.2533 	EXP 	TrialCrossHair: autoDraw = True
33.2535 	EXP 	window1: recordFrameIntervals = False
35.2043 	EXP 	UpperText: autoDraw = False
35.2043 	EXP 	UpperBrackets: autoDraw = False
40.2157 	EXP 	LowerText: autoDraw = True
40.2157 	EXP 	LowerBrackets: autoDraw = True
41.9247 	DATA 	Keypress: right
42.2243 	EXP 	LowerText: autoDraw = False
42.2243 	EXP 	LowerBrackets: autoDraw = False
42.2243 	EXP 	TrialCrossHair: autoDraw = False
42.2243 	EXP 	RestCrossHair: autoDraw = True
44.7094 	DATA 	Keypress: right
46.2594 	EXP 	TopUpperLine: autoDraw = False
46.2594 	EXP 	BotUpperLine: autoDraw = False
46.2594 	EXP 	TopLowerLine: autoDraw = False
46.2594 	EXP 	BotLowerLine: autoDraw = False
46.2594 	EXP 	RestCrossHair: autoDraw = False
46.2594 	EXP 	TopUpperLine: autoDraw = False
46.2594 	EXP 	UpperText: autoDraw = False
46.2594 	EXP 	UpperBrackets: autoDraw = False
46.2594 	EXP 	BotUpperLine: autoDraw = False
46.2594 	EXP 	TopLowerLine: autoDraw = False
46.2594 	EXP 	LowerText: autoDraw = False
46.2594 	EXP 	LowerBrackets: autoDraw = False
46.2594 	EXP 	BotLowerLine: autoDraw = False
46.2594 	EXP 	TrialCrossHair: autoDraw = False
46.2594 	EXP 	RestCrossHair: autoDraw = False
46.2594 	EXP 	FeedbackMsg: text = 'Correct! RT=4.520'
46.2594 	EXP 	FeedbackMsg: autoDraw = True
47.7436 	EXP 	FeedbackMsg: autoDraw = False
47.7436 	EXP 	FeedbackMsg: autoDraw = False
47.7436 	EXP 	RestCrossHair: autoDraw = True
48.7283 	EXP 	New trial (rep=0, index=3): {'RetDur': 5, 'BotBrack': 6, 'StimDur': 2, 'UpBrack': 3, 'ProbeDurITI': 6.3529999999999998, 'ProbeDur': 2, 'ProbeStart': 7, 'TrialDur': 9, 'ITI': 4.3529999999999998, 'StimSet': u'JNDLBY', 'RetStart': 2, 'ProbeLet': u'tfmqgd', 'TrialITIDur': 13.353, 'Correct': u'down'}
48.7617 	EXP 	window1: recordFrameIntervals = False
48.7856 	EXP 	RestCrossHair: autoDraw = False
48.7856 	EXP 	RestCrossHair: autoDraw = False
48.7856 	EXP 	UpperText: text = u' J N D L B Y '
48.7856 	EXP 	UpperBrackets: text = '    { }      '
48.7856 	EXP 	LowerText: text = u' t f m q g d '
48.7856 	EXP 	LowerBrackets: text = '          { }'
48.7856 	EXP 	TopUpperLine: autoDraw = True
48.7856 	EXP 	UpperText: autoDraw = True
48.7856 	EXP 	UpperBrackets: autoDraw = True
48.7856 	EXP 	BotUpperLine: autoDraw = True
48.7856 	EXP 	TopLowerLine: autoDraw = True
48.7856 	EXP 	BotLowerLine: autoDraw = True
48.7856 	EXP 	TrialCrossHair: autoDraw = True
48.7858 	EXP 	window1: recordFrameIntervals = False
50.7532 	EXP 	UpperText: autoDraw = False
50.7532 	EXP 	UpperBrackets: autoDraw = False
55.7644 	EXP 	LowerText: autoDraw = True
55.7644 	EXP 	LowerBrackets: autoDraw = True
57.0060 	DATA 	Keypress: down
57.7393 	EXP 	LowerText: autoDraw = False
57.7393 	EXP 	LowerBrackets: autoDraw = False
57.7393 	EXP 	TrialCrossHair: autoDraw = False
57.7560 	EXP 	RestCrossHair: autoDraw = True
62.1022 	EXP 	TopUpperLine: autoDraw = False
62.1022 	EXP 	BotUpperLine: autoDraw = False
62.1022 	EXP 	TopLowerLine: autoDraw = False
62.1022 	EXP 	BotLowerLine: autoDraw = False
62.1022 	EXP 	RestCrossHair: autoDraw = False
62.1022 	EXP 	TopUpperLine: autoDraw = False
62.1022 	EXP 	UpperText: autoDraw = False
62.1022 	EXP 	UpperBrackets: autoDraw = False
62.1022 	EXP 	BotUpperLine: autoDraw = False
62.1022 	EXP 	TopLowerLine: autoDraw = False
62.1022 	EXP 	LowerText: autoDraw = False
62.1022 	EXP 	LowerBrackets: autoDraw = False
62.1022 	EXP 	BotLowerLine: autoDraw = False
62.1022 	EXP 	TrialCrossHair: autoDraw = False
62.1022 	EXP 	RestCrossHair: autoDraw = False
62.1022 	EXP 	FeedbackMsg: text = 'Correct! RT=1.268'
62.1022 	EXP 	FeedbackMsg: autoDraw = True
63.6035 	EXP 	FeedbackMsg: autoDraw = False
63.6035 	EXP 	RestCrossHair: autoDraw = True
64.5879 	EXP 	New trial (rep=0, index=4): {'RetDur': 5, 'BotBrack': 0, 'StimDur': 2, 'UpBrack': 5, 'ProbeDurITI': 4.7290000000000001, 'ProbeDur': 0, 'ProbeStart': 7, 'TrialDur': 7, 'ITI': 4.7290000000000001, 'StimSet': u'JXKMYH', 'RetStart': 2, 'ProbeLet': u' ', 'TrialITIDur': 11.729000000000001, 'Correct': u'none'}
64.6083 	EXP 	window1: recordFrameIntervals = False
64.6205 	EXP 	RestCrossHair: autoDraw = False
64.6205 	EXP 	UpperText: text = u' J X K M Y H '
64.6205 	EXP 	UpperBrackets: text = '        { }  '
64.6205 	EXP 	LowerText: text = u'   '
64.6205 	EXP 	LowerBrackets: text = ''
64.6205 	EXP 	TopUpperLine: autoDraw = True
64.6205 	EXP 	UpperText: autoDraw = True
64.6205 	EXP 	UpperBrackets: autoDraw = True
64.6205 	EXP 	BotUpperLine: autoDraw = True
64.6205 	EXP 	TopLowerLine: autoDraw = True
64.6205 	EXP 	BotLowerLine: autoDraw = True
64.6205 	EXP 	TrialCrossHair: autoDraw = True
64.6207 	EXP 	window1: recordFrameIntervals = False
66.6049 	EXP 	UpperText: autoDraw = False
66.6049 	EXP 	UpperBrackets: autoDraw = False
71.6072 	EXP 	LowerText: autoDraw = True
71.6072 	EXP 	LowerBrackets: autoDraw = True
71.6072 	EXP 	TrialCrossHair: autoDraw = False
71.6072 	EXP 	RestCrossHair: autoDraw = True
71.6237 	EXP 	LowerText: autoDraw = False
71.6237 	EXP 	LowerBrackets: autoDraw = False
76.3253 	EXP 	TopUpperLine: autoDraw = False
76.3253 	EXP 	BotUpperLine: autoDraw = False
76.3253 	EXP 	TopLowerLine: autoDraw = False
76.3253 	EXP 	BotLowerLine: autoDraw = False
76.3253 	EXP 	RestCrossHair: autoDraw = False
76.3253 	EXP 	TopUpperLine: autoDraw = False
76.3253 	EXP 	UpperText: autoDraw = False
76.3253 	EXP 	UpperBrackets: autoDraw = False
76.3253 	EXP 	BotUpperLine: autoDraw = False
76.3253 	EXP 	TopLowerLine: autoDraw = False
76.3253 	EXP 	LowerText: autoDraw = False
76.3253 	EXP 	LowerBrackets: autoDraw = False
76.3253 	EXP 	BotLowerLine: autoDraw = False
76.3253 	EXP 	TrialCrossHair: autoDraw = False
76.3253 	EXP 	RestCrossHair: autoDraw = False
76.3253 	EXP 	FeedbackMsg: text = 'No response, good!'
76.3253 	EXP 	FeedbackMsg: autoDraw = True
77.8261 	EXP 	FeedbackMsg: autoDraw = False
77.8261 	EXP 	RestCrossHair: autoDraw = True
78.8105 	EXP 	New trial (rep=0, index=5): {'RetDur': 5, 'BotBrack': 6, 'StimDur': 2, 'UpBrack': 12, 'ProbeDurITI': 6.0170000000000003, 'ProbeDur': 2, 'ProbeStart': 7, 'TrialDur': 9, 'ITI': 4.0169999999999995, 'StimSet': u'KNTYRB', 'RetStart': 2, 'ProbeLet': u'jfgldw', 'TrialITIDur': 13.017000000000001, 'Correct': u'right'}
78.8431 	EXP 	window1: recordFrameIntervals = False
78.8599 	EXP 	RestCrossHair: autoDraw = False
78.8599 	EXP 	UpperText: text = u' K N T Y R B '
78.8599 	EXP 	UpperBrackets: text = '{   }        '
78.8599 	EXP 	LowerText: text = u' j f g l d w '
78.8599 	EXP 	LowerBrackets: text = '          { }'
78.8599 	EXP 	TopUpperLine: autoDraw = True
78.8599 	EXP 	UpperText: autoDraw = True
78.8599 	EXP 	UpperBrackets: autoDraw = True
78.8599 	EXP 	BotUpperLine: autoDraw = True
78.8599 	EXP 	TopLowerLine: autoDraw = True
78.8599 	EXP 	BotLowerLine: autoDraw = True
78.8599 	EXP 	TrialCrossHair: autoDraw = True
78.8602 	EXP 	window1: recordFrameIntervals = False
80.8275 	EXP 	UpperText: autoDraw = False
80.8275 	EXP 	UpperBrackets: autoDraw = False
85.8300 	EXP 	LowerText: autoDraw = True
85.8300 	EXP 	LowerBrackets: autoDraw = True
87.1646 	DATA 	Keypress: right
87.8310 	EXP 	LowerText: autoDraw = False
87.8310 	EXP 	LowerBrackets: autoDraw = False
87.8310 	EXP 	TrialCrossHair: autoDraw = False
87.8310 	EXP 	RestCrossHair: autoDraw = True
87.9148 	DATA 	Keypress: right
91.8468 	EXP 	TopUpperLine: autoDraw = False
91.8468 	EXP 	BotUpperLine: autoDraw = False
91.8468 	EXP 	TopLowerLine: autoDraw = False
91.8468 	EXP 	BotLowerLine: autoDraw = False
91.8468 	EXP 	RestCrossHair: autoDraw = False
91.8468 	EXP 	TopUpperLine: autoDraw = False
91.8468 	EXP 	UpperText: autoDraw = False
91.8468 	EXP 	UpperBrackets: autoDraw = False
91.8468 	EXP 	BotUpperLine: autoDraw = False
91.8468 	EXP 	TopLowerLine: autoDraw = False
91.8468 	EXP 	LowerText: autoDraw = False
91.8468 	EXP 	LowerBrackets: autoDraw = False
91.8468 	EXP 	BotLowerLine: autoDraw = False
91.8468 	EXP 	TrialCrossHair: autoDraw = False
91.8468 	EXP 	RestCrossHair: autoDraw = False
91.8468 	EXP 	FeedbackMsg: text = 'Correct! RT=2.102'
91.8468 	EXP 	FeedbackMsg: autoDraw = True
93.3337 	EXP 	FeedbackMsg: autoDraw = False
93.3337 	EXP 	RestCrossHair: autoDraw = True
94.3181 	EXP 	New trial (rep=0, index=6): {'RetDur': 5, 'BotBrack': 4, 'StimDur': 2, 'UpBrack': 34, 'ProbeDurITI': 6.4860000000000007, 'ProbeDur': 2, 'ProbeStart': 7, 'TrialDur': 9, 'ITI': 4.4860000000000007, 'StimSet': u'HQDTGF', 'RetStart': 2, 'ProbeLet': u'lbwnrx', 'TrialITIDur': 13.485999999999999, 'Correct': u'right'}
94.3496 	EXP 	window1: recordFrameIntervals = False
94.3675 	EXP 	RestCrossHair: autoDraw = False
94.3675 	EXP 	UpperText: text = u' H Q D T G F '
94.3675 	EXP 	UpperBrackets: text = '    {   }    '
94.3675 	EXP 	LowerText: text = u' l b w n r x '
94.3675 	EXP 	LowerBrackets: text = '      { }    '
94.3675 	EXP 	TopUpperLine: autoDraw = True
94.3675 	EXP 	UpperText: autoDraw = True
94.3675 	EXP 	UpperBrackets: autoDraw = True
94.3675 	EXP 	BotUpperLine: autoDraw = True
94.3675 	EXP 	TopLowerLine: autoDraw = True
94.3675 	EXP 	BotLowerLine: autoDraw = True
94.3675 	EXP 	TrialCrossHair: autoDraw = True
94.3677 	EXP 	window1: recordFrameIntervals = False
96.3353 	EXP 	UpperText: autoDraw = False
96.3353 	EXP 	UpperBrackets: autoDraw = False
101.3501 	EXP 	LowerText: autoDraw = True
101.3501 	EXP 	LowerBrackets: autoDraw = True
102.3723 	DATA 	Keypress: right
102.9226 	DATA 	Keypress: right
103.3389 	EXP 	LowerText: autoDraw = False
103.3389 	EXP 	LowerBrackets: autoDraw = False
103.3389 	EXP 	TrialCrossHair: autoDraw = False
103.3389 	EXP 	RestCrossHair: autoDraw = True
107.8359 	EXP 	TopUpperLine: autoDraw = False
107.8359 	EXP 	BotUpperLine: autoDraw = False
107.8359 	EXP 	TopLowerLine: autoDraw = False
107.8359 	EXP 	BotLowerLine: autoDraw = False
107.8359 	EXP 	RestCrossHair: autoDraw = False
107.8359 	EXP 	TopUpperLine: autoDraw = False
107.8359 	EXP 	UpperText: autoDraw = False
107.8359 	EXP 	UpperBrackets: autoDraw = False
107.8359 	EXP 	BotUpperLine: autoDraw = False
107.8359 	EXP 	TopLowerLine: autoDraw = False
107.8359 	EXP 	LowerText: autoDraw = False
107.8359 	EXP 	LowerBrackets: autoDraw = False
107.8359 	EXP 	BotLowerLine: autoDraw = False
107.8359 	EXP 	TrialCrossHair: autoDraw = False
107.8359 	EXP 	RestCrossHair: autoDraw = False
107.8359 	EXP 	FeedbackMsg: text = 'Correct! RT=1.601'
107.8359 	EXP 	FeedbackMsg: autoDraw = True
109.3253 	EXP 	FeedbackMsg: autoDraw = False
109.3253 	EXP 	RestCrossHair: autoDraw = True
110.3099 	EXP 	New trial (rep=0, index=7): {'RetDur': 5, 'BotBrack': 0, 'StimDur': 2, 'UpBrack': 34, 'ProbeDurITI': 4.2469999999999999, 'ProbeDur': 0, 'ProbeStart': 7, 'TrialDur': 7, 'ITI': 4.2469999999999999, 'StimSet': u'KBTDYW', 'RetStart': 2, 'ProbeLet': u' ', 'TrialITIDur': 11.247, 'Correct': u'none'}
110.3288 	EXP 	window1: recordFrameIntervals = False
110.3532 	EXP 	RestCrossHair: autoDraw = False
110.3532 	EXP 	UpperText: text = u' K B T D Y W '
110.3532 	EXP 	UpperBrackets: text = '    {   }    '
110.3532 	EXP 	LowerText: text = u'   '
110.3532 	EXP 	LowerBrackets: text = ''
110.3532 	EXP 	TopUpperLine: autoDraw = True
110.3532 	EXP 	UpperText: autoDraw = True
110.3532 	EXP 	UpperBrackets: autoDraw = True
110.3532 	EXP 	BotUpperLine: autoDraw = True
110.3532 	EXP 	TopLowerLine: autoDraw = True
110.3532 	EXP 	BotLowerLine: autoDraw = True
110.3532 	EXP 	TrialCrossHair: autoDraw = True
110.3534 	EXP 	window1: recordFrameIntervals = False
112.3269 	EXP 	UpperText: autoDraw = False
112.3269 	EXP 	UpperBrackets: autoDraw = False
117.3295 	EXP 	LowerText: autoDraw = True
117.3295 	EXP 	LowerBrackets: autoDraw = True
117.3295 	EXP 	TrialCrossHair: autoDraw = False
117.3295 	EXP 	RestCrossHair: autoDraw = True
117.3461 	EXP 	LowerText: autoDraw = False
117.3461 	EXP 	LowerBrackets: autoDraw = False
121.5744 	EXP 	TopUpperLine: autoDraw = False
121.5744 	EXP 	BotUpperLine: autoDraw = False
121.5744 	EXP 	TopLowerLine: autoDraw = False
121.5744 	EXP 	BotLowerLine: autoDraw = False
121.5744 	EXP 	RestCrossHair: autoDraw = False
121.5744 	EXP 	TopUpperLine: autoDraw = False
121.5744 	EXP 	UpperText: autoDraw = False
121.5744 	EXP 	UpperBrackets: autoDraw = False
121.5744 	EXP 	BotUpperLine: autoDraw = False
121.5744 	EXP 	TopLowerLine: autoDraw = False
121.5744 	EXP 	LowerText: autoDraw = False
121.5744 	EXP 	LowerBrackets: autoDraw = False
121.5744 	EXP 	BotLowerLine: autoDraw = False
121.5744 	EXP 	TrialCrossHair: autoDraw = False
121.5744 	EXP 	RestCrossHair: autoDraw = False
121.5744 	EXP 	FeedbackMsg: text = 'No response, good!'
121.5744 	EXP 	FeedbackMsg: autoDraw = True
123.0582 	EXP 	FeedbackMsg: autoDraw = False
123.0582 	EXP 	FeedbackMsg: autoDraw = False
123.0582 	EXP 	RestCrossHair: autoDraw = True
124.0426 	EXP 	New trial (rep=0, index=8): {'RetDur': 0, 'BotBrack': 1, 'StimDur': 2, 'UpBrack': 45, 'ProbeDurITI': 6.0579999999999998, 'ProbeDur': 2, 'ProbeStart': 2, 'TrialDur': 4, 'ITI': 4.0579999999999998, 'StimSet': u'FMKRHT', 'RetStart': 2, 'ProbeLet': u'ldynqj', 'TrialITIDur': 8.0579999999999998, 'Correct': u'right'}
124.0763 	EXP 	window1: recordFrameIntervals = False
124.0998 	EXP 	RestCrossHair: autoDraw = False
124.0998 	EXP 	RestCrossHair: autoDraw = False
124.0998 	EXP 	UpperText: text = u' F M K R H T '
124.0998 	EXP 	UpperBrackets: text = '      {   }  '
124.0998 	EXP 	LowerText: text = u' l d y n q j '
124.0998 	EXP 	LowerBrackets: text = '{ }          '
124.0998 	EXP 	TopUpperLine: autoDraw = True
124.0998 	EXP 	UpperText: autoDraw = True
124.0998 	EXP 	UpperBrackets: autoDraw = True
124.0998 	EXP 	BotUpperLine: autoDraw = True
124.0998 	EXP 	TopLowerLine: autoDraw = True
124.0998 	EXP 	BotLowerLine: autoDraw = True
124.0998 	EXP 	TrialCrossHair: autoDraw = True
124.1000 	EXP 	window1: recordFrameIntervals = False
126.0595 	EXP 	UpperText: autoDraw = False
126.0595 	EXP 	UpperBrackets: autoDraw = False
126.0841 	EXP 	LowerText: autoDraw = True
126.0841 	EXP 	LowerBrackets: autoDraw = True
127.4270 	DATA 	Keypress: right
128.0767 	EXP 	LowerText: autoDraw = False
128.0767 	EXP 	LowerBrackets: autoDraw = False
128.0767 	EXP 	TrialCrossHair: autoDraw = False
128.0767 	EXP 	RestCrossHair: autoDraw = True
132.1282 	EXP 	TopUpperLine: autoDraw = False
132.1282 	EXP 	BotUpperLine: autoDraw = False
132.1282 	EXP 	TopLowerLine: autoDraw = False
132.1282 	EXP 	BotLowerLine: autoDraw = False
132.1282 	EXP 	RestCrossHair: autoDraw = False
132.1282 	EXP 	TopUpperLine: autoDraw = False
132.1282 	EXP 	UpperText: autoDraw = False
132.1282 	EXP 	UpperBrackets: autoDraw = False
132.1282 	EXP 	BotUpperLine: autoDraw = False
132.1282 	EXP 	TopLowerLine: autoDraw = False
132.1282 	EXP 	LowerText: autoDraw = False
132.1282 	EXP 	LowerBrackets: autoDraw = False
132.1282 	EXP 	BotLowerLine: autoDraw = False
132.1282 	EXP 	TrialCrossHair: autoDraw = False
132.1282 	EXP 	RestCrossHair: autoDraw = False
132.1282 	EXP 	FeedbackMsg: text = 'Correct! RT=1.368'
132.1282 	EXP 	FeedbackMsg: autoDraw = True
133.6122 	EXP 	FeedbackMsg: autoDraw = False
133.6122 	EXP 	RestCrossHair: autoDraw = True
134.5966 	EXP 	New trial (rep=0, index=9): {'RetDur': 0, 'BotBrack': 0, 'StimDur': 2, 'UpBrack': 56, 'ProbeDurITI': 4.0250000000000004, 'ProbeDur': 0, 'ProbeStart': 2, 'TrialDur': 2, 'ITI': 4.0250000000000004, 'StimSet': u'HTXMJR', 'RetStart': 2, 'ProbeLet': u' ', 'TrialITIDur': 6.0250000000000004, 'Correct': u'none'}
134.6154 	EXP 	window1: recordFrameIntervals = False
134.6386 	EXP 	RestCrossHair: autoDraw = False
134.6386 	EXP 	UpperText: text = u' H T X M J R '
134.6386 	EXP 	UpperBrackets: text = '        {   }'
134.6386 	EXP 	LowerText: text = u'   '
134.6386 	EXP 	LowerBrackets: text = ''
134.6386 	EXP 	TopUpperLine: autoDraw = True
134.6386 	EXP 	UpperText: autoDraw = True
134.6386 	EXP 	UpperBrackets: autoDraw = True
134.6386 	EXP 	BotUpperLine: autoDraw = True
134.6386 	EXP 	TopLowerLine: autoDraw = True
134.6386 	EXP 	BotLowerLine: autoDraw = True
134.6386 	EXP 	TrialCrossHair: autoDraw = True
134.6388 	EXP 	window1: recordFrameIntervals = False
136.6133 	EXP 	UpperText: autoDraw = False
136.6133 	EXP 	UpperBrackets: autoDraw = False
136.6133 	EXP 	TrialCrossHair: autoDraw = False
136.6300 	EXP 	LowerText: autoDraw = True
136.6300 	EXP 	LowerBrackets: autoDraw = True
136.6300 	EXP 	RestCrossHair: autoDraw = True
136.6467 	EXP 	LowerText: autoDraw = False
136.6467 	EXP 	LowerBrackets: autoDraw = False
140.6481 	EXP 	TopUpperLine: autoDraw = False
140.6481 	EXP 	BotUpperLine: autoDraw = False
140.6481 	EXP 	TopLowerLine: autoDraw = False
140.6481 	EXP 	BotLowerLine: autoDraw = False
140.6481 	EXP 	RestCrossHair: autoDraw = False
140.6481 	EXP 	TopUpperLine: autoDraw = False
140.6481 	EXP 	UpperText: autoDraw = False
140.6481 	EXP 	UpperBrackets: autoDraw = False
140.6481 	EXP 	BotUpperLine: autoDraw = False
140.6481 	EXP 	TopLowerLine: autoDraw = False
140.6481 	EXP 	LowerText: autoDraw = False
140.6481 	EXP 	LowerBrackets: autoDraw = False
140.6481 	EXP 	BotLowerLine: autoDraw = False
140.6481 	EXP 	TrialCrossHair: autoDraw = False
140.6481 	EXP 	RestCrossHair: autoDraw = False
140.6481 	EXP 	FeedbackMsg: text = 'No response, good!'
140.6481 	EXP 	FeedbackMsg: autoDraw = True
142.1318 	EXP 	FeedbackMsg: autoDraw = False
142.1318 	EXP 	FeedbackMsg: autoDraw = False
142.1318 	EXP 	RestCrossHair: autoDraw = True
143.1162 	EXP 	New trial (rep=0, index=10): {'RetDur': 0, 'BotBrack': 0, 'StimDur': 2, 'UpBrack': 123, 'ProbeDurITI': 4.0019999999999998, 'ProbeDur': 0, 'ProbeStart': 2, 'TrialDur': 2, 'ITI': 4.0019999999999998, 'StimSet': u'YBDHMX', 'RetStart': 2, 'ProbeLet': u' ', 'TrialITIDur': 6.0020000000000007, 'Correct': u'none'}
143.1369 	EXP 	window1: recordFrameIntervals = False
143.1595 	EXP 	RestCrossHair: autoDraw = False
143.1595 	EXP 	UpperText: text = u' Y B D H M X '
143.1595 	EXP 	UpperBrackets: text = '{     }      '
143.1595 	EXP 	LowerText: text = u'   '
143.1595 	EXP 	LowerBrackets: text = ''
143.1595 	EXP 	TopUpperLine: autoDraw = True
143.1595 	EXP 	UpperText: autoDraw = True
143.1595 	EXP 	UpperBrackets: autoDraw = True
143.1595 	EXP 	BotUpperLine: autoDraw = True
143.1595 	EXP 	TopLowerLine: autoDraw = True
143.1595 	EXP 	BotLowerLine: autoDraw = True
143.1595 	EXP 	TrialCrossHair: autoDraw = True
143.1599 	EXP 	window1: recordFrameIntervals = False
145.1325 	EXP 	UpperText: autoDraw = False
145.1325 	EXP 	UpperBrackets: autoDraw = False
145.1325 	EXP 	TrialCrossHair: autoDraw = False
145.1488 	EXP 	LowerText: autoDraw = True
145.1488 	EXP 	LowerBrackets: autoDraw = True
145.1488 	EXP 	RestCrossHair: autoDraw = True
145.1659 	EXP 	LowerText: autoDraw = False
145.1659 	EXP 	LowerBrackets: autoDraw = False
149.1461 	EXP 	TopUpperLine: autoDraw = False
149.1461 	EXP 	BotUpperLine: autoDraw = False
149.1461 	EXP 	TopLowerLine: autoDraw = False
149.1461 	EXP 	BotLowerLine: autoDraw = False
149.1461 	EXP 	RestCrossHair: autoDraw = False
149.1461 	EXP 	TopUpperLine: autoDraw = False
149.1461 	EXP 	UpperText: autoDraw = False
149.1461 	EXP 	UpperBrackets: autoDraw = False
149.1461 	EXP 	BotUpperLine: autoDraw = False
149.1461 	EXP 	TopLowerLine: autoDraw = False
149.1461 	EXP 	LowerText: autoDraw = False
149.1461 	EXP 	LowerBrackets: autoDraw = False
149.1461 	EXP 	BotLowerLine: autoDraw = False
149.1461 	EXP 	TrialCrossHair: autoDraw = False
149.1461 	EXP 	RestCrossHair: autoDraw = False
149.1461 	EXP 	FeedbackMsg: text = 'No response, good!'
149.1461 	EXP 	FeedbackMsg: autoDraw = True
150.6347 	EXP 	FeedbackMsg: autoDraw = False
150.6347 	EXP 	RestCrossHair: autoDraw = True
151.6188 	EXP 	New trial (rep=0, index=11): {'RetDur': 5, 'BotBrack': 2, 'StimDur': 2, 'UpBrack': 234, 'ProbeDurITI': 6.0070000000000006, 'ProbeDur': 2, 'ProbeStart': 7, 'TrialDur': 9, 'ITI': 4.0069999999999997, 'StimSet': u'QXTJMN', 'RetStart': 2, 'ProbeLet': u'bfylkh', 'TrialITIDur': 13.007, 'Correct': u'right'}
151.6506 	EXP 	window1: recordFrameIntervals = False
151.6685 	EXP 	RestCrossHair: autoDraw = False
151.6685 	EXP 	UpperText: text = u' Q X T J M N '
151.6685 	EXP 	UpperBrackets: text = '  {     }    '
151.6685 	EXP 	LowerText: text = u' b f y l k h '
151.6685 	EXP 	LowerBrackets: text = '  { }        '
151.6685 	EXP 	TopUpperLine: autoDraw = True
151.6685 	EXP 	UpperText: autoDraw = True
151.6685 	EXP 	UpperBrackets: autoDraw = True
151.6685 	EXP 	BotUpperLine: autoDraw = True
151.6685 	EXP 	TopLowerLine: autoDraw = True
151.6685 	EXP 	BotLowerLine: autoDraw = True
151.6685 	EXP 	TrialCrossHair: autoDraw = True
151.6688 	EXP 	window1: recordFrameIntervals = False
153.6357 	EXP 	UpperText: autoDraw = False
153.6357 	EXP 	UpperBrackets: autoDraw = False
158.6375 	EXP 	LowerText: autoDraw = True
158.6375 	EXP 	LowerBrackets: autoDraw = True
160.0051 	DATA 	Keypress: right
160.6382 	EXP 	LowerText: autoDraw = False
160.6382 	EXP 	LowerBrackets: autoDraw = False
160.6382 	EXP 	TrialCrossHair: autoDraw = False
160.6382 	EXP 	RestCrossHair: autoDraw = True
164.6549 	EXP 	TopUpperLine: autoDraw = False
164.6549 	EXP 	BotUpperLine: autoDraw = False
164.6549 	EXP 	TopLowerLine: autoDraw = False
164.6549 	EXP 	BotLowerLine: autoDraw = False
164.6549 	EXP 	RestCrossHair: autoDraw = False
164.6549 	EXP 	TopUpperLine: autoDraw = False
164.6549 	EXP 	UpperText: autoDraw = False
164.6549 	EXP 	UpperBrackets: autoDraw = False
164.6549 	EXP 	BotUpperLine: autoDraw = False
164.6549 	EXP 	TopLowerLine: autoDraw = False
164.6549 	EXP 	LowerText: autoDraw = False
164.6549 	EXP 	LowerBrackets: autoDraw = False
164.6549 	EXP 	BotLowerLine: autoDraw = False
164.6549 	EXP 	TrialCrossHair: autoDraw = False
164.6549 	EXP 	RestCrossHair: autoDraw = False
164.6549 	EXP 	FeedbackMsg: text = 'Correct! RT=1.384'
164.6549 	EXP 	FeedbackMsg: autoDraw = True
166.1401 	EXP 	FeedbackMsg: autoDraw = False
166.1401 	EXP 	RestCrossHair: autoDraw = True
167.1244 	EXP 	New trial (rep=0, index=12): {'RetDur': 5, 'BotBrack': 2, 'StimDur': 2, 'UpBrack': 234, 'ProbeDurITI': 6.9670000000000005, 'ProbeDur': 2, 'ProbeStart': 7, 'TrialDur': 9, 'ITI': 4.9669999999999996, 'StimSet': u'FBMDTY', 'RetStart': 2, 'ProbeLet': u'jblrgh', 'TrialITIDur': 13.967000000000001, 'Correct': u'down'}
167.1572 	EXP 	window1: recordFrameIntervals = False
167.1738 	EXP 	RestCrossHair: autoDraw = False
167.1738 	EXP 	UpperText: text = u' F B M D T Y '
167.1738 	EXP 	UpperBrackets: text = '  {     }    '
167.1738 	EXP 	LowerText: text = u' j b l r g h '
167.1738 	EXP 	LowerBrackets: text = '  { }        '
167.1738 	EXP 	TopUpperLine: autoDraw = True
167.1738 	EXP 	UpperText: autoDraw = True
167.1738 	EXP 	UpperBrackets: autoDraw = True
167.1738 	EXP 	BotUpperLine: autoDraw = True
167.1738 	EXP 	TopLowerLine: autoDraw = True
167.1738 	EXP 	BotLowerLine: autoDraw = True
167.1738 	EXP 	TrialCrossHair: autoDraw = True
167.1739 	EXP 	window1: recordFrameIntervals = False
169.1413 	EXP 	UpperText: autoDraw = False
169.1413 	EXP 	UpperBrackets: autoDraw = False
174.1435 	EXP 	LowerText: autoDraw = True
174.1435 	EXP 	LowerBrackets: autoDraw = True
174.9780 	DATA 	Keypress: down
176.1444 	EXP 	LowerText: autoDraw = False
176.1444 	EXP 	LowerBrackets: autoDraw = False
176.1444 	EXP 	TrialCrossHair: autoDraw = False
176.1444 	EXP 	RestCrossHair: autoDraw = True
181.1124 	EXP 	TopUpperLine: autoDraw = False
181.1124 	EXP 	BotUpperLine: autoDraw = False
181.1124 	EXP 	TopLowerLine: autoDraw = False
181.1124 	EXP 	BotLowerLine: autoDraw = False
181.1124 	EXP 	RestCrossHair: autoDraw = False
181.1124 	EXP 	TopUpperLine: autoDraw = False
181.1124 	EXP 	UpperText: autoDraw = False
181.1124 	EXP 	UpperBrackets: autoDraw = False
181.1124 	EXP 	BotUpperLine: autoDraw = False
181.1124 	EXP 	TopLowerLine: autoDraw = False
181.1124 	EXP 	LowerText: autoDraw = False
181.1124 	EXP 	LowerBrackets: autoDraw = False
181.1124 	EXP 	BotLowerLine: autoDraw = False
181.1124 	EXP 	TrialCrossHair: autoDraw = False
181.1124 	EXP 	RestCrossHair: autoDraw = False
181.1124 	EXP 	FeedbackMsg: text = 'Correct! RT=0.851'
181.1124 	EXP 	FeedbackMsg: autoDraw = True
182.5972 	EXP 	FeedbackMsg: autoDraw = False
182.5972 	EXP 	RestCrossHair: autoDraw = True
183.5815 	EXP 	New trial (rep=0, index=13): {'RetDur': 5, 'BotBrack': 0, 'StimDur': 2, 'UpBrack': 345, 'ProbeDurITI': 4.0750000000000002, 'ProbeDur': 0, 'ProbeStart': 7, 'TrialDur': 7, 'ITI': 4.0750000000000002, 'StimSet': u'TDMLKB', 'RetStart': 2, 'ProbeLet': u' ', 'TrialITIDur': 11.074999999999999, 'Correct': u'none'}
183.6002 	EXP 	window1: recordFrameIntervals = False
183.6142 	EXP 	RestCrossHair: autoDraw = False
183.6142 	EXP 	UpperText: text = u' T D M L K B '
183.6142 	EXP 	UpperBrackets: text = '    {     }  '
183.6142 	EXP 	LowerText: text = u'   '
183.6142 	EXP 	LowerBrackets: text = ''
183.6142 	EXP 	TopUpperLine: autoDraw = True
183.6142 	EXP 	UpperText: autoDraw = True
183.6142 	EXP 	UpperBrackets: autoDraw = True
183.6142 	EXP 	BotUpperLine: autoDraw = True
183.6142 	EXP 	TopLowerLine: autoDraw = True
183.6142 	EXP 	BotLowerLine: autoDraw = True
183.6142 	EXP 	TrialCrossHair: autoDraw = True
183.6144 	EXP 	window1: recordFrameIntervals = False
185.5986 	EXP 	UpperText: autoDraw = False
185.5986 	EXP 	UpperBrackets: autoDraw = False
190.6011 	EXP 	LowerText: autoDraw = True
190.6011 	EXP 	LowerBrackets: autoDraw = True
190.6011 	EXP 	TrialCrossHair: autoDraw = False
190.6011 	EXP 	RestCrossHair: autoDraw = True
190.6178 	EXP 	LowerText: autoDraw = False
190.6178 	EXP 	LowerBrackets: autoDraw = False
194.6838 	EXP 	TopUpperLine: autoDraw = False
194.6838 	EXP 	BotUpperLine: autoDraw = False
194.6838 	EXP 	TopLowerLine: autoDraw = False
194.6838 	EXP 	BotLowerLine: autoDraw = False
194.6838 	EXP 	RestCrossHair: autoDraw = False
194.6838 	EXP 	TopUpperLine: autoDraw = False
194.6838 	EXP 	UpperText: autoDraw = False
194.6838 	EXP 	UpperBrackets: autoDraw = False
194.6838 	EXP 	BotUpperLine: autoDraw = False
194.6838 	EXP 	TopLowerLine: autoDraw = False
194.6838 	EXP 	LowerText: autoDraw = False
194.6838 	EXP 	LowerBrackets: autoDraw = False
194.6838 	EXP 	BotLowerLine: autoDraw = False
194.6838 	EXP 	TrialCrossHair: autoDraw = False
194.6838 	EXP 	RestCrossHair: autoDraw = False
194.6838 	EXP 	FeedbackMsg: text = 'No response, good!'
194.6838 	EXP 	FeedbackMsg: autoDraw = True
196.1705 	EXP 	FeedbackMsg: autoDraw = False
196.1705 	EXP 	RestCrossHair: autoDraw = True
197.1548 	EXP 	New trial (rep=0, index=14): {'RetDur': 0, 'BotBrack': 2, 'StimDur': 2, 'UpBrack': 345, 'ProbeDurITI': 6.7000000000000002, 'ProbeDur': 2, 'ProbeStart': 2, 'TrialDur': 4, 'ITI': 4.7000000000000002, 'StimSet': u'JMKRNX', 'RetStart': 2, 'ProbeLet': u'fbdgly', 'TrialITIDur': 8.6999999999999993, 'Correct': u'right'}
197.1870 	EXP 	window1: recordFrameIntervals = False
197.2043 	EXP 	RestCrossHair: autoDraw = False
197.2043 	EXP 	UpperText: text = u' J M K R N X '
197.2043 	EXP 	UpperBrackets: text = '    {     }  '
197.2043 	EXP 	LowerText: text = u' f b d g l y '
197.2043 	EXP 	LowerBrackets: text = '  { }        '
197.2043 	EXP 	TopUpperLine: autoDraw = True
197.2043 	EXP 	UpperText: autoDraw = True
197.2043 	EXP 	UpperBrackets: autoDraw = True
197.2043 	EXP 	BotUpperLine: autoDraw = True
197.2043 	EXP 	TopLowerLine: autoDraw = True
197.2043 	EXP 	BotLowerLine: autoDraw = True
197.2043 	EXP 	TrialCrossHair: autoDraw = True
197.2045 	EXP 	window1: recordFrameIntervals = False
199.1721 	EXP 	UpperText: autoDraw = False
199.1721 	EXP 	UpperBrackets: autoDraw = False
199.1884 	EXP 	LowerText: autoDraw = True
199.1884 	EXP 	LowerBrackets: autoDraw = True
200.2563 	DATA 	Keypress: right
201.1730 	EXP 	LowerText: autoDraw = False
201.1730 	EXP 	LowerBrackets: autoDraw = False
201.1730 	EXP 	TrialCrossHair: autoDraw = False
201.1730 	EXP 	RestCrossHair: autoDraw = True
205.8877 	EXP 	TopUpperLine: autoDraw = False
205.8877 	EXP 	BotUpperLine: autoDraw = False
205.8877 	EXP 	TopLowerLine: autoDraw = False
205.8877 	EXP 	BotLowerLine: autoDraw = False
205.8877 	EXP 	RestCrossHair: autoDraw = False
205.8877 	EXP 	TopUpperLine: autoDraw = False
205.8877 	EXP 	UpperText: autoDraw = False
205.8877 	EXP 	UpperBrackets: autoDraw = False
205.8877 	EXP 	BotUpperLine: autoDraw = False
205.8877 	EXP 	TopLowerLine: autoDraw = False
205.8877 	EXP 	LowerText: autoDraw = False
205.8877 	EXP 	LowerBrackets: autoDraw = False
205.8877 	EXP 	BotLowerLine: autoDraw = False
205.8877 	EXP 	TrialCrossHair: autoDraw = False
205.8877 	EXP 	RestCrossHair: autoDraw = False
205.8877 	EXP 	FeedbackMsg: text = 'Correct! RT=1.084'
205.8877 	EXP 	FeedbackMsg: autoDraw = True
207.3762 	EXP 	FeedbackMsg: autoDraw = False
207.3762 	EXP 	RestCrossHair: autoDraw = True
208.3606 	EXP 	New trial (rep=0, index=15): {'RetDur': 5, 'BotBrack': 0, 'StimDur': 2, 'UpBrack': 2345, 'ProbeDurITI': 4.4939999999999998, 'ProbeDur': 0, 'ProbeStart': 7, 'TrialDur': 7, 'ITI': 4.4939999999999998, 'StimSet': u'MDTQWF', 'RetStart': 2, 'ProbeLet': u' ', 'TrialITIDur': 11.494000000000002, 'Correct': u'none'}
208.3778 	EXP 	window1: recordFrameIntervals = False
208.4051 	EXP 	RestCrossHair: autoDraw = False
208.4051 	EXP 	UpperText: text = u' M D T Q W F '
208.4051 	EXP 	UpperBrackets: text = '  {       }  '
208.4051 	EXP 	LowerText: text = u'   '
208.4051 	EXP 	LowerBrackets: text = ''
208.4051 	EXP 	TopUpperLine: autoDraw = True
208.4051 	EXP 	UpperText: autoDraw = True
208.4051 	EXP 	UpperBrackets: autoDraw = True
208.4051 	EXP 	BotUpperLine: autoDraw = True
208.4051 	EXP 	TopLowerLine: autoDraw = True
208.4051 	EXP 	BotLowerLine: autoDraw = True
208.4051 	EXP 	TrialCrossHair: autoDraw = True
208.4052 	EXP 	window1: recordFrameIntervals = False
210.3778 	EXP 	UpperText: autoDraw = False
210.3778 	EXP 	UpperBrackets: autoDraw = False
215.3803 	EXP 	LowerText: autoDraw = True
215.3803 	EXP 	LowerBrackets: autoDraw = True
215.3803 	EXP 	TrialCrossHair: autoDraw = False
215.3803 	EXP 	RestCrossHair: autoDraw = True
215.3971 	EXP 	LowerText: autoDraw = False
215.3971 	EXP 	LowerBrackets: autoDraw = False
219.8761 	EXP 	TopUpperLine: autoDraw = False
219.8761 	EXP 	BotUpperLine: autoDraw = False
219.8761 	EXP 	TopLowerLine: autoDraw = False
219.8761 	EXP 	BotLowerLine: autoDraw = False
219.8761 	EXP 	RestCrossHair: autoDraw = False
219.8761 	EXP 	TopUpperLine: autoDraw = False
219.8761 	EXP 	UpperText: autoDraw = False
219.8761 	EXP 	UpperBrackets: autoDraw = False
219.8761 	EXP 	BotUpperLine: autoDraw = False
219.8761 	EXP 	TopLowerLine: autoDraw = False
219.8761 	EXP 	LowerText: autoDraw = False
219.8761 	EXP 	LowerBrackets: autoDraw = False
219.8761 	EXP 	BotLowerLine: autoDraw = False
219.8761 	EXP 	TrialCrossHair: autoDraw = False
219.8761 	EXP 	RestCrossHair: autoDraw = False
219.8761 	EXP 	FeedbackMsg: text = 'No response, good!'
219.8761 	EXP 	FeedbackMsg: autoDraw = True
221.3597 	EXP 	FeedbackMsg: autoDraw = False
221.3597 	EXP 	FeedbackMsg: autoDraw = False
221.3597 	EXP 	RestCrossHair: autoDraw = True
222.3441 	EXP 	New trial (rep=0, index=16): {'RetDur': 0, 'BotBrack': 0, 'StimDur': 2, 'UpBrack': 2345, 'ProbeDurITI': 4.2789999999999999, 'ProbeDur': 0, 'ProbeStart': 2, 'TrialDur': 2, 'ITI': 4.2789999999999999, 'StimSet': u'KLFWTJ', 'RetStart': 2, 'ProbeLet': u' ', 'TrialITIDur': 6.2789999999999999, 'Correct': u'none'}
222.3612 	EXP 	window1: recordFrameIntervals = False
222.3840 	EXP 	RestCrossHair: autoDraw = False
222.3840 	EXP 	RestCrossHair: autoDraw = False
222.3840 	EXP 	UpperText: text = u' K L F W T J '
222.3840 	EXP 	UpperBrackets: text = '  {       }  '
222.3840 	EXP 	LowerText: text = u'   '
222.3840 	EXP 	LowerBrackets: text = ''
222.3840 	EXP 	TopUpperLine: autoDraw = True
222.3840 	EXP 	UpperText: autoDraw = True
222.3840 	EXP 	UpperBrackets: autoDraw = True
222.3840 	EXP 	BotUpperLine: autoDraw = True
222.3840 	EXP 	TopLowerLine: autoDraw = True
222.3840 	EXP 	BotLowerLine: autoDraw = True
222.3840 	EXP 	TrialCrossHair: autoDraw = True
222.3842 	EXP 	window1: recordFrameIntervals = False
224.3775 	EXP 	UpperText: autoDraw = False
224.3775 	EXP 	UpperBrackets: autoDraw = False
224.3775 	EXP 	LowerText: autoDraw = True
224.3775 	EXP 	LowerBrackets: autoDraw = True
224.3775 	EXP 	TrialCrossHair: autoDraw = False
224.3775 	EXP 	RestCrossHair: autoDraw = True
224.4018 	EXP 	LowerText: autoDraw = False
224.4018 	EXP 	LowerBrackets: autoDraw = False
228.6375 	EXP 	TopUpperLine: autoDraw = False
228.6375 	EXP 	BotUpperLine: autoDraw = False
228.6375 	EXP 	TopLowerLine: autoDraw = False
228.6375 	EXP 	BotLowerLine: autoDraw = False
228.6375 	EXP 	RestCrossHair: autoDraw = False
228.6375 	EXP 	TopUpperLine: autoDraw = False
228.6375 	EXP 	UpperText: autoDraw = False
228.6375 	EXP 	UpperBrackets: autoDraw = False
228.6375 	EXP 	BotUpperLine: autoDraw = False
228.6375 	EXP 	TopLowerLine: autoDraw = False
228.6375 	EXP 	LowerText: autoDraw = False
228.6375 	EXP 	LowerBrackets: autoDraw = False
228.6375 	EXP 	BotLowerLine: autoDraw = False
228.6375 	EXP 	TrialCrossHair: autoDraw = False
228.6375 	EXP 	RestCrossHair: autoDraw = False
228.6375 	EXP 	FeedbackMsg: text = 'No response, good!'
228.6375 	EXP 	FeedbackMsg: autoDraw = True
230.1215 	EXP 	FeedbackMsg: autoDraw = False
230.1215 	EXP 	FeedbackMsg: autoDraw = False
230.1215 	EXP 	RestCrossHair: autoDraw = True
231.1060 	EXP 	New trial (rep=0, index=17): {'RetDur': 5, 'BotBrack': 4, 'StimDur': 2, 'UpBrack': 2345, 'ProbeDurITI': 6.7479999999999993, 'ProbeDur': 2, 'ProbeStart': 7, 'TrialDur': 9, 'ITI': 4.7480000000000002, 'StimSet': u'WNLMBQ', 'RetStart': 2, 'ProbeLet': u'htfnxj', 'TrialITIDur': 13.747999999999999, 'Correct': u'down'}
231.1390 	EXP 	window1: recordFrameIntervals = False
231.1637 	EXP 	RestCrossHair: autoDraw = False
231.1637 	EXP 	RestCrossHair: autoDraw = False
231.1637 	EXP 	UpperText: text = u' W N L M B Q '
231.1637 	EXP 	UpperBrackets: text = '  {       }  '
231.1637 	EXP 	LowerText: text = u' h t f n x j '
231.1637 	EXP 	LowerBrackets: text = '      { }    '
231.1637 	EXP 	TopUpperLine: autoDraw = True
231.1637 	EXP 	UpperText: autoDraw = True
231.1637 	EXP 	UpperBrackets: autoDraw = True
231.1637 	EXP 	BotUpperLine: autoDraw = True
231.1637 	EXP 	TopLowerLine: autoDraw = True
231.1637 	EXP 	BotLowerLine: autoDraw = True
231.1637 	EXP 	TrialCrossHair: autoDraw = True
231.1639 	EXP 	window1: recordFrameIntervals = False
233.1311 	EXP 	UpperText: autoDraw = False
233.1311 	EXP 	UpperBrackets: autoDraw = False
238.1423 	EXP 	LowerText: autoDraw = True
238.1423 	EXP 	LowerBrackets: autoDraw = True
239.0197 	DATA 	Keypress: down
240.1169 	EXP 	LowerText: autoDraw = False
240.1169 	EXP 	LowerBrackets: autoDraw = False
240.1169 	EXP 	TrialCrossHair: autoDraw = False
240.1335 	EXP 	RestCrossHair: autoDraw = True
244.8854 	EXP 	TopUpperLine: autoDraw = False
244.8854 	EXP 	BotUpperLine: autoDraw = False
244.8854 	EXP 	TopLowerLine: autoDraw = False
244.8854 	EXP 	BotLowerLine: autoDraw = False
244.8854 	EXP 	RestCrossHair: autoDraw = False
244.8854 	EXP 	TopUpperLine: autoDraw = False
244.8854 	EXP 	UpperText: autoDraw = False
244.8854 	EXP 	UpperBrackets: autoDraw = False
244.8854 	EXP 	BotUpperLine: autoDraw = False
244.8854 	EXP 	TopLowerLine: autoDraw = False
244.8854 	EXP 	LowerText: autoDraw = False
244.8854 	EXP 	LowerBrackets: autoDraw = False
244.8854 	EXP 	BotLowerLine: autoDraw = False
244.8854 	EXP 	TrialCrossHair: autoDraw = False
244.8854 	EXP 	RestCrossHair: autoDraw = False
244.8854 	EXP 	FeedbackMsg: text = 'Correct! RT=0.927'
244.8854 	EXP 	FeedbackMsg: autoDraw = True
246.3690 	EXP 	FeedbackMsg: autoDraw = False
246.3690 	EXP 	FeedbackMsg: autoDraw = False
246.3690 	EXP 	RestCrossHair: autoDraw = True
247.3532 	EXP 	New trial (rep=0, index=18): {'RetDur': 5, 'BotBrack': 4, 'StimDur': 2, 'UpBrack': 2345, 'ProbeDurITI': 6.0529999999999999, 'ProbeDur': 2, 'ProbeStart': 7, 'TrialDur': 9, 'ITI': 4.0529999999999999, 'StimSet': u'RXHGFK', 'RetStart': 2, 'ProbeLet': u'jwtgnm', 'TrialITIDur': 13.052999999999999, 'Correct': u'down'}
247.3869 	EXP 	window1: recordFrameIntervals = False
247.4136 	EXP 	RestCrossHair: autoDraw = False
247.4136 	EXP 	UpperText: text = u' R X H G F K '
247.4136 	EXP 	UpperBrackets: text = '  {       }  '
247.4136 	EXP 	LowerText: text = u' j w t g n m '
247.4136 	EXP 	LowerBrackets: text = '      { }    '
247.4136 	EXP 	TopUpperLine: autoDraw = True
247.4136 	EXP 	UpperText: autoDraw = True
247.4136 	EXP 	UpperBrackets: autoDraw = True
247.4136 	EXP 	BotUpperLine: autoDraw = True
247.4136 	EXP 	TopLowerLine: autoDraw = True
247.4136 	EXP 	BotLowerLine: autoDraw = True
247.4136 	EXP 	TrialCrossHair: autoDraw = True
247.4138 	EXP 	window1: recordFrameIntervals = False
249.3699 	EXP 	UpperText: autoDraw = False
249.3699 	EXP 	UpperBrackets: autoDraw = False
254.3715 	EXP 	LowerText: autoDraw = True
254.3715 	EXP 	LowerBrackets: autoDraw = True
255.7894 	DATA 	Keypress: down
256.3723 	EXP 	LowerText: autoDraw = False
256.3723 	EXP 	LowerBrackets: autoDraw = False
256.3723 	EXP 	TrialCrossHair: autoDraw = False
256.3723 	EXP 	RestCrossHair: autoDraw = True
260.4237 	EXP 	TopUpperLine: autoDraw = False
260.4237 	EXP 	BotUpperLine: autoDraw = False
260.4237 	EXP 	TopLowerLine: autoDraw = False
260.4237 	EXP 	BotLowerLine: autoDraw = False
260.4237 	EXP 	RestCrossHair: autoDraw = False
260.4237 	EXP 	TopUpperLine: autoDraw = False
260.4237 	EXP 	UpperText: autoDraw = False
260.4237 	EXP 	UpperBrackets: autoDraw = False
260.4237 	EXP 	BotUpperLine: autoDraw = False
260.4237 	EXP 	TopLowerLine: autoDraw = False
260.4237 	EXP 	LowerText: autoDraw = False
260.4237 	EXP 	LowerBrackets: autoDraw = False
260.4237 	EXP 	BotLowerLine: autoDraw = False
260.4237 	EXP 	TrialCrossHair: autoDraw = False
260.4237 	EXP 	RestCrossHair: autoDraw = False
260.4237 	EXP 	FeedbackMsg: text = 'Correct! RT=1.435'
260.4237 	EXP 	FeedbackMsg: autoDraw = True
261.9244 	EXP 	FeedbackMsg: autoDraw = False
261.9244 	EXP 	RestCrossHair: autoDraw = True
262.9088 	EXP 	New trial (rep=0, index=19): {'RetDur': 0, 'BotBrack': 1, 'StimDur': 2, 'UpBrack': 3456, 'ProbeDurITI': 6.2939999999999996, 'ProbeDur': 2, 'ProbeStart': 2, 'TrialDur': 4, 'ITI': 4.2939999999999996, 'StimSet': u'GJLMXF', 'RetStart': 2, 'ProbeLet': u'xbykdn', 'TrialITIDur': 8.2940000000000005, 'Correct': u'down'}
262.9423 	EXP 	window1: recordFrameIntervals = False
262.9581 	EXP 	RestCrossHair: autoDraw = False
262.9581 	EXP 	UpperText: text = u' G J L M X F '
262.9581 	EXP 	UpperBrackets: text = '    {       }'
262.9581 	EXP 	LowerText: text = u' x b y k d n '
262.9581 	EXP 	LowerBrackets: text = '{ }          '
262.9581 	EXP 	TopUpperLine: autoDraw = True
262.9581 	EXP 	UpperText: autoDraw = True
262.9581 	EXP 	UpperBrackets: autoDraw = True
262.9581 	EXP 	BotUpperLine: autoDraw = True
262.9581 	EXP 	TopLowerLine: autoDraw = True
262.9581 	EXP 	BotLowerLine: autoDraw = True
262.9581 	EXP 	TrialCrossHair: autoDraw = True
262.9583 	EXP 	window1: recordFrameIntervals = False
264.9255 	EXP 	UpperText: autoDraw = False
264.9255 	EXP 	UpperBrackets: autoDraw = False
264.9423 	EXP 	LowerText: autoDraw = True
264.9423 	EXP 	LowerBrackets: autoDraw = True
266.0098 	DATA 	Keypress: down
266.9262 	EXP 	LowerText: autoDraw = False
266.9262 	EXP 	LowerBrackets: autoDraw = False
266.9262 	EXP 	TrialCrossHair: autoDraw = False
266.9262 	EXP 	RestCrossHair: autoDraw = True
271.2109 	EXP 	TopUpperLine: autoDraw = False
271.2109 	EXP 	BotUpperLine: autoDraw = False
271.2109 	EXP 	TopLowerLine: autoDraw = False
271.2109 	EXP 	BotLowerLine: autoDraw = False
271.2109 	EXP 	RestCrossHair: autoDraw = False
271.2109 	EXP 	TopUpperLine: autoDraw = False
271.2109 	EXP 	UpperText: autoDraw = False
271.2109 	EXP 	UpperBrackets: autoDraw = False
271.2109 	EXP 	BotUpperLine: autoDraw = False
271.2109 	EXP 	TopLowerLine: autoDraw = False
271.2109 	EXP 	LowerText: autoDraw = False
271.2109 	EXP 	LowerBrackets: autoDraw = False
271.2109 	EXP 	BotLowerLine: autoDraw = False
271.2109 	EXP 	TrialCrossHair: autoDraw = False
271.2109 	EXP 	RestCrossHair: autoDraw = False
271.2109 	EXP 	FeedbackMsg: text = 'Correct! RT=1.085'
271.2109 	EXP 	FeedbackMsg: autoDraw = True
272.7119 	EXP 	FeedbackMsg: autoDraw = False
272.7119 	EXP 	RestCrossHair: autoDraw = True
273.6963 	EXP 	New trial (rep=0, index=20): {'RetDur': 0, 'BotBrack': 3, 'StimDur': 2, 'UpBrack': 12345, 'ProbeDurITI': 6.0640000000000001, 'ProbeDur': 2, 'ProbeStart': 2, 'TrialDur': 4, 'ITI': 4.0640000000000001, 'StimSet': u'NHXYGK', 'RetStart': 2, 'ProbeLet': u'rldbwm', 'TrialITIDur': 8.0640000000000001, 'Correct': u'right'}
273.7301 	EXP 	window1: recordFrameIntervals = False
273.7457 	EXP 	RestCrossHair: autoDraw = False
273.7457 	EXP 	UpperText: text = u' N H X Y G K '
273.7457 	EXP 	UpperBrackets: text = '{         }  '
273.7457 	EXP 	LowerText: text = u' r l d b w m '
273.7457 	EXP 	LowerBrackets: text = '    { }      '
273.7457 	EXP 	TopUpperLine: autoDraw = True
273.7457 	EXP 	UpperText: autoDraw = True
273.7457 	EXP 	UpperBrackets: autoDraw = True
273.7457 	EXP 	BotUpperLine: autoDraw = True
273.7457 	EXP 	TopLowerLine: autoDraw = True
273.7457 	EXP 	BotLowerLine: autoDraw = True
273.7457 	EXP 	TrialCrossHair: autoDraw = True
273.7459 	EXP 	window1: recordFrameIntervals = False
275.7133 	EXP 	UpperText: autoDraw = False
275.7133 	EXP 	UpperBrackets: autoDraw = False
275.7299 	EXP 	LowerText: autoDraw = True
275.7299 	EXP 	LowerBrackets: autoDraw = True
276.9473 	DATA 	Keypress: right
277.7139 	EXP 	LowerText: autoDraw = False
277.7139 	EXP 	LowerBrackets: autoDraw = False
277.7139 	EXP 	TrialCrossHair: autoDraw = False
277.7139 	EXP 	RestCrossHair: autoDraw = True
281.7825 	EXP 	TopUpperLine: autoDraw = False
281.7825 	EXP 	BotUpperLine: autoDraw = False
281.7825 	EXP 	TopLowerLine: autoDraw = False
281.7825 	EXP 	BotLowerLine: autoDraw = False
281.7825 	EXP 	RestCrossHair: autoDraw = False
281.7825 	EXP 	TopUpperLine: autoDraw = False
281.7825 	EXP 	UpperText: autoDraw = False
281.7825 	EXP 	UpperBrackets: autoDraw = False
281.7825 	EXP 	BotUpperLine: autoDraw = False
281.7825 	EXP 	TopLowerLine: autoDraw = False
281.7825 	EXP 	LowerText: autoDraw = False
281.7825 	EXP 	LowerBrackets: autoDraw = False
281.7825 	EXP 	BotLowerLine: autoDraw = False
281.7825 	EXP 	TrialCrossHair: autoDraw = False
281.7825 	EXP 	RestCrossHair: autoDraw = False
281.7825 	EXP 	FeedbackMsg: text = 'Correct! RT=1.234'
281.7825 	EXP 	FeedbackMsg: autoDraw = True
283.2663 	EXP 	FeedbackMsg: autoDraw = False
283.2663 	EXP 	FeedbackMsg: autoDraw = False
283.2663 	EXP 	RestCrossHair: autoDraw = True
284.2507 	EXP 	New trial (rep=0, index=21): {'RetDur': 5, 'BotBrack': 0, 'StimDur': 2, 'UpBrack': 12345, 'ProbeDurITI': 4.1160000000000005, 'ProbeDur': 0, 'ProbeStart': 7, 'TrialDur': 7, 'ITI': 4.1160000000000005, 'StimSet': u'WNYDXF', 'RetStart': 2, 'ProbeLet': u' ', 'TrialITIDur': 11.116, 'Correct': u'none'}
284.2714 	EXP 	window1: recordFrameIntervals = False
284.2832 	EXP 	RestCrossHair: autoDraw = False
284.2832 	EXP 	UpperText: text = u' W N Y D X F '
284.2832 	EXP 	UpperBrackets: text = '{         }  '
284.2832 	EXP 	LowerText: text = u'   '
284.2832 	EXP 	LowerBrackets: text = ''
284.2832 	EXP 	TopUpperLine: autoDraw = True
284.2832 	EXP 	UpperText: autoDraw = True
284.2832 	EXP 	UpperBrackets: autoDraw = True
284.2832 	EXP 	BotUpperLine: autoDraw = True
284.2832 	EXP 	TopLowerLine: autoDraw = True
284.2832 	EXP 	BotLowerLine: autoDraw = True
284.2832 	EXP 	TrialCrossHair: autoDraw = True
284.2833 	EXP 	window1: recordFrameIntervals = False
286.2675 	EXP 	UpperText: autoDraw = False
286.2675 	EXP 	UpperBrackets: autoDraw = False
291.2698 	EXP 	LowerText: autoDraw = True
291.2698 	EXP 	LowerBrackets: autoDraw = True
291.2698 	EXP 	TrialCrossHair: autoDraw = False
291.2698 	EXP 	RestCrossHair: autoDraw = True
291.2865 	EXP 	LowerText: autoDraw = False
291.2865 	EXP 	LowerBrackets: autoDraw = False
295.3863 	EXP 	TopUpperLine: autoDraw = False
295.3863 	EXP 	BotUpperLine: autoDraw = False
295.3863 	EXP 	TopLowerLine: autoDraw = False
295.3863 	EXP 	BotLowerLine: autoDraw = False
295.3863 	EXP 	RestCrossHair: autoDraw = False
295.3863 	EXP 	TopUpperLine: autoDraw = False
295.3863 	EXP 	UpperText: autoDraw = False
295.3863 	EXP 	UpperBrackets: autoDraw = False
295.3863 	EXP 	BotUpperLine: autoDraw = False
295.3863 	EXP 	TopLowerLine: autoDraw = False
295.3863 	EXP 	LowerText: autoDraw = False
295.3863 	EXP 	LowerBrackets: autoDraw = False
295.3863 	EXP 	BotLowerLine: autoDraw = False
295.3863 	EXP 	TrialCrossHair: autoDraw = False
295.3863 	EXP 	RestCrossHair: autoDraw = False
295.3863 	EXP 	FeedbackMsg: text = 'No response, good!'
295.3863 	EXP 	FeedbackMsg: autoDraw = True
296.8729 	EXP 	FeedbackMsg: autoDraw = False
296.8729 	EXP 	RestCrossHair: autoDraw = True
297.8573 	EXP 	New trial (rep=0, index=22): {'RetDur': 5, 'BotBrack': 1, 'StimDur': 2, 'UpBrack': 12345, 'ProbeDurITI': 6.0489999999999995, 'ProbeDur': 2, 'ProbeStart': 7, 'TrialDur': 9, 'ITI': 4.0489999999999995, 'StimSet': u'XGFBNY', 'RetStart': 2, 'ProbeLet': u'xdmrkw', 'TrialITIDur': 13.049000000000001, 'Correct': u'down'}
297.8900 	EXP 	window1: recordFrameIntervals = False
297.9067 	EXP 	RestCrossHair: autoDraw = False
297.9067 	EXP 	UpperText: text = u' X G F B N Y '
297.9067 	EXP 	UpperBrackets: text = '{         }  '
297.9067 	EXP 	LowerText: text = u' x d m r k w '
297.9067 	EXP 	LowerBrackets: text = '{ }          '
297.9067 	EXP 	TopUpperLine: autoDraw = True
297.9067 	EXP 	UpperText: autoDraw = True
297.9067 	EXP 	UpperBrackets: autoDraw = True
297.9067 	EXP 	BotUpperLine: autoDraw = True
297.9067 	EXP 	TopLowerLine: autoDraw = True
297.9067 	EXP 	BotLowerLine: autoDraw = True
297.9067 	EXP 	TrialCrossHair: autoDraw = True
297.9069 	EXP 	window1: recordFrameIntervals = False
299.8744 	EXP 	UpperText: autoDraw = False
299.8744 	EXP 	UpperBrackets: autoDraw = False
304.8899 	EXP 	LowerText: autoDraw = True
304.8899 	EXP 	LowerBrackets: autoDraw = True
305.9947 	DATA 	Keypress: down
306.8781 	EXP 	LowerText: autoDraw = False
306.8781 	EXP 	LowerBrackets: autoDraw = False
306.8781 	EXP 	TrialCrossHair: autoDraw = False
306.8781 	EXP 	RestCrossHair: autoDraw = True
310.9254 	EXP 	TopUpperLine: autoDraw = False
310.9254 	EXP 	BotUpperLine: autoDraw = False
310.9254 	EXP 	TopLowerLine: autoDraw = False
310.9254 	EXP 	BotLowerLine: autoDraw = False
310.9254 	EXP 	RestCrossHair: autoDraw = False
310.9254 	EXP 	TopUpperLine: autoDraw = False
310.9254 	EXP 	UpperText: autoDraw = False
310.9254 	EXP 	UpperBrackets: autoDraw = False
310.9254 	EXP 	BotUpperLine: autoDraw = False
310.9254 	EXP 	TopLowerLine: autoDraw = False
310.9254 	EXP 	LowerText: autoDraw = False
310.9254 	EXP 	LowerBrackets: autoDraw = False
310.9254 	EXP 	BotLowerLine: autoDraw = False
310.9254 	EXP 	TrialCrossHair: autoDraw = False
310.9254 	EXP 	RestCrossHair: autoDraw = False
310.9254 	EXP 	FeedbackMsg: text = 'Correct! RT=1.135'
310.9254 	EXP 	FeedbackMsg: autoDraw = True
312.4141 	EXP 	FeedbackMsg: autoDraw = False
312.4141 	EXP 	RestCrossHair: autoDraw = True
313.3985 	EXP 	New trial (rep=0, index=23): {'RetDur': 5, 'BotBrack': 5, 'StimDur': 2, 'UpBrack': 12345, 'ProbeDurITI': 7.4129999999999994, 'ProbeDur': 2, 'ProbeStart': 7, 'TrialDur': 9, 'ITI': 5.4129999999999994, 'StimSet': u'QXTJMN', 'RetStart': 2, 'ProbeLet': u'brfwhy', 'TrialITIDur': 14.413, 'Correct': u'right'}
313.4304 	EXP 	window1: recordFrameIntervals = False
313.4479 	EXP 	RestCrossHair: autoDraw = False
313.4479 	EXP 	UpperText: text = u' Q X T J M N '
313.4479 	EXP 	UpperBrackets: text = '{         }  '
313.4479 	EXP 	LowerText: text = u' b r f w h y '
313.4479 	EXP 	LowerBrackets: text = '        { }  '
313.4479 	EXP 	TopUpperLine: autoDraw = True
313.4479 	EXP 	UpperText: autoDraw = True
313.4479 	EXP 	UpperBrackets: autoDraw = True
313.4479 	EXP 	BotUpperLine: autoDraw = True
313.4479 	EXP 	TopLowerLine: autoDraw = True
313.4479 	EXP 	BotLowerLine: autoDraw = True
313.4479 	EXP 	TrialCrossHair: autoDraw = True
313.4481 	EXP 	window1: recordFrameIntervals = False
315.4156 	EXP 	UpperText: autoDraw = False
315.4156 	EXP 	UpperBrackets: autoDraw = False
320.4285 	EXP 	LowerText: autoDraw = True
320.4285 	EXP 	LowerBrackets: autoDraw = True
321.6863 	DATA 	Keypress: right
322.4193 	EXP 	LowerText: autoDraw = False
322.4193 	EXP 	LowerBrackets: autoDraw = False
322.4193 	EXP 	TrialCrossHair: autoDraw = False
322.4193 	EXP 	RestCrossHair: autoDraw = True
327.8315 	EXP 	TopUpperLine: autoDraw = False
327.8315 	EXP 	BotUpperLine: autoDraw = False
327.8315 	EXP 	TopLowerLine: autoDraw = False
327.8315 	EXP 	BotLowerLine: autoDraw = False
327.8315 	EXP 	RestCrossHair: autoDraw = False
327.8315 	EXP 	TopUpperLine: autoDraw = False
327.8315 	EXP 	UpperText: autoDraw = False
327.8315 	EXP 	UpperBrackets: autoDraw = False
327.8315 	EXP 	BotUpperLine: autoDraw = False
327.8315 	EXP 	TopLowerLine: autoDraw = False
327.8315 	EXP 	LowerText: autoDraw = False
327.8315 	EXP 	LowerBrackets: autoDraw = False
327.8315 	EXP 	BotLowerLine: autoDraw = False
327.8315 	EXP 	TrialCrossHair: autoDraw = False
327.8315 	EXP 	RestCrossHair: autoDraw = False
327.8315 	EXP 	FeedbackMsg: text = 'Correct! RT=1.285'
327.8315 	EXP 	FeedbackMsg: autoDraw = True
329.3151 	EXP 	FeedbackMsg: autoDraw = False
329.3151 	EXP 	FeedbackMsg: autoDraw = False
329.3151 	EXP 	RestCrossHair: autoDraw = True
330.2998 	EXP 	New trial (rep=0, index=24): {'RetDur': 0, 'BotBrack': 0, 'StimDur': 2, 'UpBrack': 23456, 'ProbeDurITI': 4.032, 'ProbeDur': 0, 'ProbeStart': 2, 'TrialDur': 2, 'ITI': 4.032, 'StimSet': u'DWQGBL', 'RetStart': 2, 'ProbeLet': u' ', 'TrialITIDur': 6.032, 'Correct': u'none'}
330.3203 	EXP 	window1: recordFrameIntervals = False
330.3400 	EXP 	RestCrossHair: autoDraw = False
330.3400 	EXP 	RestCrossHair: autoDraw = False
330.3400 	EXP 	UpperText: text = u' D W Q G B L '
330.3400 	EXP 	UpperBrackets: text = '  {         }'
330.3400 	EXP 	LowerText: text = u'   '
330.3400 	EXP 	LowerBrackets: text = ''
330.3400 	EXP 	TopUpperLine: autoDraw = True
330.3400 	EXP 	UpperText: autoDraw = True
330.3400 	EXP 	UpperBrackets: autoDraw = True
330.3400 	EXP 	BotUpperLine: autoDraw = True
330.3400 	EXP 	TopLowerLine: autoDraw = True
330.3400 	EXP 	BotLowerLine: autoDraw = True
330.3400 	EXP 	TrialCrossHair: autoDraw = True
330.3402 	EXP 	window1: recordFrameIntervals = False
332.3079 	EXP 	UpperText: autoDraw = False
332.3079 	EXP 	UpperBrackets: autoDraw = False
332.3079 	EXP 	TrialCrossHair: autoDraw = False
332.3333 	EXP 	LowerText: autoDraw = True
332.3333 	EXP 	LowerBrackets: autoDraw = True
332.3333 	EXP 	RestCrossHair: autoDraw = True
332.3499 	EXP 	LowerText: autoDraw = False
332.3499 	EXP 	LowerBrackets: autoDraw = False
336.3680 	EXP 	TopUpperLine: autoDraw = False
336.3680 	EXP 	BotUpperLine: autoDraw = False
336.3680 	EXP 	TopLowerLine: autoDraw = False
336.3680 	EXP 	BotLowerLine: autoDraw = False
336.3680 	EXP 	RestCrossHair: autoDraw = False
336.3680 	EXP 	TopUpperLine: autoDraw = False
336.3680 	EXP 	UpperText: autoDraw = False
336.3680 	EXP 	UpperBrackets: autoDraw = False
336.3680 	EXP 	BotUpperLine: autoDraw = False
336.3680 	EXP 	TopLowerLine: autoDraw = False
336.3680 	EXP 	LowerText: autoDraw = False
336.3680 	EXP 	LowerBrackets: autoDraw = False
336.3680 	EXP 	BotLowerLine: autoDraw = False
336.3680 	EXP 	TrialCrossHair: autoDraw = False
336.3680 	EXP 	RestCrossHair: autoDraw = False
336.3680 	EXP 	FeedbackMsg: text = 'No response, good!'
336.3680 	EXP 	FeedbackMsg: autoDraw = True
337.8521 	EXP 	FeedbackMsg: autoDraw = False
337.8521 	EXP 	RestCrossHair: autoDraw = True
338.8366 	EXP 	New trial (rep=0, index=25): {'RetDur': 5, 'BotBrack': 1, 'StimDur': 2, 'UpBrack': 123456, 'ProbeDurITI': 6.0800000000000001, 'ProbeDur': 2, 'ProbeStart': 7, 'TrialDur': 9, 'ITI': 4.0800000000000001, 'StimSet': u'WLQHYX', 'RetStart': 2, 'ProbeLet': u'ljngtk', 'TrialITIDur': 13.08, 'Correct': u'down'}
338.8701 	EXP 	window1: recordFrameIntervals = False
338.8946 	EXP 	RestCrossHair: autoDraw = False
338.8946 	EXP 	UpperText: text = u' W L Q H Y X '
338.8946 	EXP 	UpperBrackets: text = '{           }'
338.8946 	EXP 	LowerText: text = u' l j n g t k '
338.8946 	EXP 	LowerBrackets: text = '{ }          '
338.8946 	EXP 	TopUpperLine: autoDraw = True
338.8946 	EXP 	UpperText: autoDraw = True
338.8946 	EXP 	UpperBrackets: autoDraw = True
338.8946 	EXP 	BotUpperLine: autoDraw = True
338.8946 	EXP 	TopLowerLine: autoDraw = True
338.8946 	EXP 	BotLowerLine: autoDraw = True
338.8946 	EXP 	TrialCrossHair: autoDraw = True
338.8950 	EXP 	window1: recordFrameIntervals = False
340.8532 	EXP 	UpperText: autoDraw = False
340.8532 	EXP 	UpperBrackets: autoDraw = False
345.8650 	EXP 	LowerText: autoDraw = True
345.8650 	EXP 	LowerBrackets: autoDraw = True
347.2414 	DATA 	Keypress: right
347.8557 	EXP 	LowerText: autoDraw = False
347.8557 	EXP 	LowerBrackets: autoDraw = False
347.8557 	EXP 	TrialCrossHair: autoDraw = False
347.8557 	EXP 	RestCrossHair: autoDraw = True
347.8730 	DATA 	Keypress: down
351.9348 	EXP 	TopUpperLine: autoDraw = False
351.9348 	EXP 	BotUpperLine: autoDraw = False
351.9348 	EXP 	TopLowerLine: autoDraw = False
351.9348 	EXP 	BotLowerLine: autoDraw = False
351.9348 	EXP 	RestCrossHair: autoDraw = False
351.9348 	EXP 	TopUpperLine: autoDraw = False
351.9348 	EXP 	UpperText: autoDraw = False
351.9348 	EXP 	UpperBrackets: autoDraw = False
351.9348 	EXP 	BotUpperLine: autoDraw = False
351.9348 	EXP 	TopLowerLine: autoDraw = False
351.9348 	EXP 	LowerText: autoDraw = False
351.9348 	EXP 	LowerBrackets: autoDraw = False
351.9348 	EXP 	BotLowerLine: autoDraw = False
351.9348 	EXP 	TrialCrossHair: autoDraw = False
351.9348 	EXP 	RestCrossHair: autoDraw = False
351.9348 	EXP 	FeedbackMsg: text = 'Correct! RT=2.035'
351.9348 	EXP 	FeedbackMsg: autoDraw = True
353.4238 	EXP 	FeedbackMsg: autoDraw = False
353.4238 	EXP 	RestCrossHair: autoDraw = True
354.4081 	EXP 	New trial (rep=0, index=26): {'RetDur': 0, 'BotBrack': 6, 'StimDur': 2, 'UpBrack': 123456, 'ProbeDurITI': 6.6500000000000004, 'ProbeDur': 2, 'ProbeStart': 2, 'TrialDur': 4, 'ITI': 4.6500000000000004, 'StimSet': u'RDJKWY', 'RetStart': 2, 'ProbeLet': u'nbhlgr', 'TrialITIDur': 8.6500000000000004, 'Correct': u'down'}
354.4372 	EXP 	window1: recordFrameIntervals = False
354.4575 	EXP 	RestCrossHair: autoDraw = False
354.4575 	EXP 	UpperText: text = u' R D J K W Y '
354.4575 	EXP 	UpperBrackets: text = '{           }'
354.4575 	EXP 	LowerText: text = u' n b h l g r '
354.4575 	EXP 	LowerBrackets: text = '          { }'
354.4575 	EXP 	TopUpperLine: autoDraw = True
354.4575 	EXP 	UpperText: autoDraw = True
354.4575 	EXP 	UpperBrackets: autoDraw = True
354.4575 	EXP 	BotUpperLine: autoDraw = True
354.4575 	EXP 	TopLowerLine: autoDraw = True
354.4575 	EXP 	BotLowerLine: autoDraw = True
354.4575 	EXP 	TrialCrossHair: autoDraw = True
354.4577 	EXP 	window1: recordFrameIntervals = False
356.4249 	EXP 	UpperText: autoDraw = False
356.4249 	EXP 	UpperBrackets: autoDraw = False
356.4416 	EXP 	LowerText: autoDraw = True
356.4416 	EXP 	LowerBrackets: autoDraw = True
358.4256 	EXP 	LowerText: autoDraw = False
358.4256 	EXP 	LowerBrackets: autoDraw = False
358.4256 	EXP 	TrialCrossHair: autoDraw = False
358.4256 	EXP 	RestCrossHair: autoDraw = True
358.4260 	DATA 	Keypress: right
363.0941 	EXP 	TopUpperLine: autoDraw = False
363.0941 	EXP 	BotUpperLine: autoDraw = False
363.0941 	EXP 	TopLowerLine: autoDraw = False
363.0941 	EXP 	BotLowerLine: autoDraw = False
363.0941 	EXP 	RestCrossHair: autoDraw = False
363.0941 	EXP 	TopUpperLine: autoDraw = False
363.0941 	EXP 	UpperText: autoDraw = False
363.0941 	EXP 	UpperBrackets: autoDraw = False
363.0941 	EXP 	BotUpperLine: autoDraw = False
363.0941 	EXP 	TopLowerLine: autoDraw = False
363.0941 	EXP 	LowerText: autoDraw = False
363.0941 	EXP 	LowerBrackets: autoDraw = False
363.0941 	EXP 	BotLowerLine: autoDraw = False
363.0941 	EXP 	TrialCrossHair: autoDraw = False
363.0941 	EXP 	RestCrossHair: autoDraw = False
363.0941 	EXP 	FeedbackMsg: text = 'Oops! That was wrong'
363.0941 	EXP 	FeedbackMsg: autoDraw = True
364.5778 	EXP 	FeedbackMsg: autoDraw = False
364.5778 	EXP 	RestCrossHair: autoDraw = True
365.5623 	EXP 	New trial (rep=0, index=27): {'RetDur': 5, 'BotBrack': 5, 'StimDur': 2, 'UpBrack': 123456, 'ProbeDurITI': 6.0039999999999996, 'ProbeDur': 2, 'ProbeStart': 7, 'TrialDur': 9, 'ITI': 4.0039999999999996, 'StimSet': u'DKWFTM', 'RetStart': 2, 'ProbeLet': u'rlxyjn', 'TrialITIDur': 13.004000000000001, 'Correct': u'right'}
365.5947 	EXP 	window1: recordFrameIntervals = False
365.6117 	EXP 	RestCrossHair: autoDraw = False
365.6117 	EXP 	UpperText: text = u' D K W F T M '
365.6117 	EXP 	UpperBrackets: text = '{           }'
365.6117 	EXP 	LowerText: text = u' r l x y j n '
365.6117 	EXP 	LowerBrackets: text = '        { }  '
365.6117 	EXP 	TopUpperLine: autoDraw = True
365.6117 	EXP 	UpperText: autoDraw = True
365.6117 	EXP 	UpperBrackets: autoDraw = True
365.6117 	EXP 	BotUpperLine: autoDraw = True
365.6117 	EXP 	TopLowerLine: autoDraw = True
365.6117 	EXP 	BotLowerLine: autoDraw = True
365.6117 	EXP 	TrialCrossHair: autoDraw = True
365.6119 	EXP 	window1: recordFrameIntervals = False
367.5789 	EXP 	UpperText: autoDraw = False
367.5789 	EXP 	UpperBrackets: autoDraw = False
372.5808 	EXP 	LowerText: autoDraw = True
372.5808 	EXP 	LowerBrackets: autoDraw = True
374.0984 	DATA 	Keypress: right
374.5815 	EXP 	LowerText: autoDraw = False
374.5815 	EXP 	LowerBrackets: autoDraw = False
374.5815 	EXP 	TrialCrossHair: autoDraw = False
374.5815 	EXP 	RestCrossHair: autoDraw = True
378.5999 	EXP 	TopUpperLine: autoDraw = False
378.5999 	EXP 	BotUpperLine: autoDraw = False
378.5999 	EXP 	TopLowerLine: autoDraw = False
378.5999 	EXP 	BotLowerLine: autoDraw = False
378.5999 	EXP 	RestCrossHair: autoDraw = False
378.5999 	EXP 	TopUpperLine: autoDraw = False
378.5999 	EXP 	UpperText: autoDraw = False
378.5999 	EXP 	UpperBrackets: autoDraw = False
378.5999 	EXP 	BotUpperLine: autoDraw = False
378.5999 	EXP 	TopLowerLine: autoDraw = False
378.5999 	EXP 	LowerText: autoDraw = False
378.5999 	EXP 	LowerBrackets: autoDraw = False
378.5999 	EXP 	BotLowerLine: autoDraw = False
378.5999 	EXP 	TrialCrossHair: autoDraw = False
378.5999 	EXP 	RestCrossHair: autoDraw = False
378.5999 	EXP 	FeedbackMsg: text = 'Correct! RT=1.535'
378.5999 	EXP 	FeedbackMsg: autoDraw = True
380.0839 	EXP 	FeedbackMsg: autoDraw = False
380.0839 	EXP 	RestCrossHair: autoDraw = True
381.0683 	EXP 	New trial (rep=0, index=28): {'RetDur': 5, 'BotBrack': 0, 'StimDur': 2, 'UpBrack': 123456, 'ProbeDurITI': 4.4279999999999999, 'ProbeDur': 0, 'ProbeStart': 7, 'TrialDur': 7, 'ITI': 4.4279999999999999, 'StimSet': u'RBLJXK', 'RetStart': 2, 'ProbeLet': u' ', 'TrialITIDur': 11.427999999999999, 'Correct': u'none'}
381.0869 	EXP 	window1: recordFrameIntervals = False
381.1010 	EXP 	RestCrossHair: autoDraw = False
381.1010 	EXP 	UpperText: text = u' R B L J X K '
381.1010 	EXP 	UpperBrackets: text = '{           }'
381.1010 	EXP 	LowerText: text = u'   '
381.1010 	EXP 	LowerBrackets: text = ''
381.1010 	EXP 	TopUpperLine: autoDraw = True
381.1010 	EXP 	UpperText: autoDraw = True
381.1010 	EXP 	UpperBrackets: autoDraw = True
381.1010 	EXP 	BotUpperLine: autoDraw = True
381.1010 	EXP 	TopLowerLine: autoDraw = True
381.1010 	EXP 	BotLowerLine: autoDraw = True
381.1010 	EXP 	TrialCrossHair: autoDraw = True
381.1014 	EXP 	window1: recordFrameIntervals = False
383.0853 	EXP 	UpperText: autoDraw = False
383.0853 	EXP 	UpperBrackets: autoDraw = False
388.0873 	EXP 	LowerText: autoDraw = True
388.0873 	EXP 	LowerBrackets: autoDraw = True
388.0873 	EXP 	TrialCrossHair: autoDraw = False
388.0873 	EXP 	RestCrossHair: autoDraw = True
388.1039 	EXP 	LowerText: autoDraw = False
388.1039 	EXP 	LowerBrackets: autoDraw = False
392.5057 	EXP 	TopUpperLine: autoDraw = False
392.5057 	EXP 	BotUpperLine: autoDraw = False
392.5057 	EXP 	TopLowerLine: autoDraw = False
392.5057 	EXP 	BotLowerLine: autoDraw = False
392.5057 	EXP 	RestCrossHair: autoDraw = False
392.5057 	EXP 	TopUpperLine: autoDraw = False
392.5057 	EXP 	UpperText: autoDraw = False
392.5057 	EXP 	UpperBrackets: autoDraw = False
392.5057 	EXP 	BotUpperLine: autoDraw = False
392.5057 	EXP 	TopLowerLine: autoDraw = False
392.5057 	EXP 	LowerText: autoDraw = False
392.5057 	EXP 	LowerBrackets: autoDraw = False
392.5057 	EXP 	BotLowerLine: autoDraw = False
392.5057 	EXP 	TrialCrossHair: autoDraw = False
392.5057 	EXP 	RestCrossHair: autoDraw = False
392.5057 	EXP 	FeedbackMsg: text = 'No response, good!'
392.5057 	EXP 	FeedbackMsg: autoDraw = True
394.0066 	EXP 	FeedbackMsg: autoDraw = False
394.0066 	EXP 	RestCrossHair: autoDraw = True
394.9913 	EXP 	New trial (rep=0, index=29): {'RetDur': 0, 'BotBrack': 0, 'StimDur': 2, 'UpBrack': 123456, 'ProbeDurITI': 4.4489999999999998, 'ProbeDur': 0, 'ProbeStart': 2, 'TrialDur': 2, 'ITI': 4.4489999999999998, 'StimSet': u'FQJTXR', 'RetStart': 2, 'ProbeLet': u' ', 'TrialITIDur': 6.4489999999999998, 'Correct': u'none'}
395.0104 	EXP 	window1: recordFrameIntervals = False
395.0238 	EXP 	RestCrossHair: autoDraw = False
395.0238 	EXP 	UpperText: text = u' F Q J T X R '
395.0238 	EXP 	UpperBrackets: text = '{           }'
395.0238 	EXP 	LowerText: text = u'   '
395.0238 	EXP 	LowerBrackets: text = ''
395.0238 	EXP 	TopUpperLine: autoDraw = True
395.0238 	EXP 	UpperText: autoDraw = True
395.0238 	EXP 	UpperBrackets: autoDraw = True
395.0238 	EXP 	BotUpperLine: autoDraw = True
395.0238 	EXP 	TopLowerLine: autoDraw = True
395.0238 	EXP 	BotLowerLine: autoDraw = True
395.0238 	EXP 	TrialCrossHair: autoDraw = True
395.0240 	EXP 	window1: recordFrameIntervals = False
397.0082 	EXP 	UpperText: autoDraw = False
397.0082 	EXP 	UpperBrackets: autoDraw = False
397.0082 	EXP 	TrialCrossHair: autoDraw = False
397.0249 	EXP 	LowerText: autoDraw = True
397.0249 	EXP 	LowerBrackets: autoDraw = True
397.0249 	EXP 	RestCrossHair: autoDraw = True
397.0415 	EXP 	LowerText: autoDraw = False
397.0415 	EXP 	LowerBrackets: autoDraw = False
401.4603 	EXP 	TopUpperLine: autoDraw = False
401.4603 	EXP 	BotUpperLine: autoDraw = False
401.4603 	EXP 	TopLowerLine: autoDraw = False
401.4603 	EXP 	BotLowerLine: autoDraw = False
401.4603 	EXP 	RestCrossHair: autoDraw = False
401.4603 	EXP 	TopUpperLine: autoDraw = False
401.4603 	EXP 	UpperText: autoDraw = False
401.4603 	EXP 	UpperBrackets: autoDraw = False
401.4603 	EXP 	BotUpperLine: autoDraw = False
401.4603 	EXP 	TopLowerLine: autoDraw = False
401.4603 	EXP 	LowerText: autoDraw = False
401.4603 	EXP 	LowerBrackets: autoDraw = False
401.4603 	EXP 	BotLowerLine: autoDraw = False
401.4603 	EXP 	TrialCrossHair: autoDraw = False
401.4603 	EXP 	RestCrossHair: autoDraw = False
401.4603 	EXP 	FeedbackMsg: text = 'No response, good!'
401.4603 	EXP 	FeedbackMsg: autoDraw = True
402.9613 	EXP 	FeedbackMsg: autoDraw = False
402.9613 	EXP 	RestCrossHair: autoDraw = True
403.9618 	EXP 	RestCrossHair: autoDraw = False
403.9785 	EXP 	RestCrossHair: autoDraw = True
413.9670 	EXP 	RestCrossHair: autoDraw = False
413.9670 	EXP 	RestCrossHair: autoDraw = True
