0.3252 	WARNING 	Movie2 stim could not be imported and won't be available
1.4916 	WARNING 	TextBox stim could not be imported and won't be available.
1.4916 	WARNING 	TextBox Font Manager Found No Fonts.
1.8860 	WARNING 	User requested fullscreen with size [800 600], but screen is actually [1440, 900]. Using actual size
2.9768 	EXP 	Created window1 = Window(allowGUI=True, allowStencil=False, autoLog=True, bitsMode=UNKNOWN, blendMode=u'add', color=array([-1., -1., -1.]), colorSpace=u'rgb', fullscr=UNKNOWN, gamma=None, lms=UNKNOWN, monitor=<psychopy.monitors.calibTools.Monitor instance at 0x135b0210>, name='window1', pos=[0, 0], screen=0, size=array([1440,  900]), stereo=False, units=u'use preferences', useFBO=True, viewOri=0.0, viewPos=None, viewScale=None, waitBlanking=True, winType='pyglet')
2.9768 	EXP 	window1: recordFrameIntervals = False
3.1426 	EXP 	window1: recordFrameIntervals = True
3.3261 	EXP 	window1: recordFrameIntervals = False
3.3285 	EXP 	Created TopUpperLine = Line(autoDraw=False, autoLog=True, closeShape=False, contrast=1.0, depth=0, fillColor=None, fillColorSpace=u'rgb', fillRGB=None, interpolate=True, lineColor=array([ 1.,  1., -1.]), lineColorSpace=u'rgb', lineRGB=array([ 1.,  1., -1.]), lineWidth=2, name='TopUpperLine', opacity=1.0, ori=array(0.0), pos=array([ 0.  ,  0.45]), size=array([ 1.,  1.]), units=u'norm', vertices=array([[-1.,  0.],
       [ 1.,  0.]]), win=Window(...))
3.3927 	EXP 	Created UpperText = TextStim(alignHoriz='center', alignVert='center', antialias=True, autoLog=True, bold=False, color=array([ 0.,  0.,  0.]), colorSpace=u'rgb', contrast=1.0, depth=-2.0, flipHoriz=False, flipVert=False, font=u'Courier', fontFiles=[], height=0.25, italic=False, name='UpperText', opacity=1.0, ori=0, pos=array([ 0. ,  0.3]), rgb=array([ 0.,  0.,  0.]), text=u'default text', units=u'norm', win=Window(...), wrapWidth=1.7)
3.3982 	EXP 	Created UpperBrackets = TextStim(alignHoriz='center', alignVert='center', antialias=True, autoLog=True, bold=False, color=u'yellow', colorSpace='named', contrast=1.0, depth=-3.0, flipHoriz=False, flipVert=False, font=u'Courier', fontFiles=[], height=0.25, italic=False, name='UpperBrackets', opacity=1.0, ori=0, pos=array([ 0. ,  0.3]), rgb=array([ 255.,  255.,    0.]), text=u'default text', units=u'norm', win=Window(...), wrapWidth=1.7)
3.4003 	EXP 	Created BotUpperLine = Line(autoDraw=False, autoLog=True, closeShape=False, contrast=1.0, depth=0, fillColor=None, fillColorSpace=u'rgb', fillRGB=None, interpolate=True, lineColor=array([ 1.,  1., -1.]), lineColorSpace=u'rgb', lineRGB=array([ 1.,  1., -1.]), lineWidth=2, name='BotUpperLine', opacity=1.0, ori=array(0.0), pos=array([ 0.  ,  0.15]), size=array([ 1.,  1.]), units=u'norm', vertices=array([[-1.,  0.],
       [ 1.,  0.]]), win=Window(...))
3.4017 	EXP 	Created TopLowerLine = Line(autoDraw=False, autoLog=True, closeShape=False, contrast=1.0, depth=0, fillColor=None, fillColorSpace=u'rgb', fillRGB=None, interpolate=True, lineColor=u'cyan', lineColorSpace='named', lineRGB=array([   0.,  255.,  255.]), lineWidth=2, name='TopLowerLine', opacity=1.0, ori=array(0.0), pos=array([ 0.  , -0.15]), size=array([ 1.,  1.]), units=u'norm', vertices=array([[-1.,  0.],
       [ 1.,  0.]]), win=Window(...))
3.4075 	EXP 	Created LowerText = TextStim(alignHoriz='center', alignVert='center', antialias=True, autoLog=True, bold=False, color=array([ 0.,  0.,  0.]), colorSpace=u'rgb', contrast=1.0, depth=-6.0, flipHoriz=False, flipVert=False, font=u'Courier', fontFiles=[], height=0.25, italic=False, name='LowerText', opacity=1.0, ori=0, pos=array([ 0. , -0.3]), rgb=array([ 0.,  0.,  0.]), text=u'default text', units=u'norm', win=Window(...), wrapWidth=2)
3.4149 	EXP 	Created LowerBrackets = TextStim(alignHoriz='center', alignVert='center', antialias=True, autoLog=True, bold=False, color=u'cyan', colorSpace='named', contrast=1.0, depth=-7.0, flipHoriz=False, flipVert=False, font=u'Courier', fontFiles=[], height=0.25, italic=False, name='LowerBrackets', opacity=1.0, ori=0, pos=array([ 0. , -0.3]), rgb=array([   0.,  255.,  255.]), text=u'+', units=u'norm', win=Window(...), wrapWidth=1.5)
3.4165 	EXP 	Created BotLowerLine = Line(autoDraw=False, autoLog=True, closeShape=False, contrast=1.0, depth=0, fillColor=None, fillColorSpace=u'rgb', fillRGB=None, interpolate=True, lineColor=u'cyan', lineColorSpace='named', lineRGB=array([   0.,  255.,  255.]), lineWidth=2, name='BotLowerLine', opacity=1.0, ori=array(0.0), pos=array([ 0.  , -0.45]), size=array([ 1.,  1.]), units=u'norm', vertices=array([[-1.,  0.],
       [ 1.,  0.]]), win=Window(...))
3.4206 	EXP 	Created TrialCrossHair = TextStim(alignHoriz='center', alignVert='center', antialias=True, autoLog=True, bold=False, color=u'green', colorSpace='named', contrast=1.0, depth=-9.0, flipHoriz=False, flipVert=False, font=u'Courier', fontFiles=[], height=0.2, italic=False, name='TrialCrossHair', opacity=1.0, ori=0, pos=array([ 0.,  0.]), rgb=array([   0.,  128.,    0.]), text=u'+', units=u'norm', win=Window(...), wrapWidth=1)
3.4235 	EXP 	Created RestCrossHair = TextStim(alignHoriz='center', alignVert='center', antialias=True, autoLog=True, bold=False, color=u'red', colorSpace='named', contrast=1.0, depth=-10.0, flipHoriz=False, flipVert=False, font=u'Courier', fontFiles=[], height=0.2, italic=False, name='RestCrossHair', opacity=1.0, ori=0, pos=array([ 0.,  0.]), rgb=array([ 255.,    0.,    0.]), text=u'+', units=u'norm', win=Window(...), wrapWidth=1)
3.4714 	EXP 	Created RestCrossHair = TextStim(alignHoriz='center', alignVert='center', antialias=True, autoLog=True, bold=False, color=u'red', colorSpace='named', contrast=1.0, depth=-10.0, flipHoriz=False, flipVert=False, font=u'Courier', fontFiles=[], height=0.1, italic=False, name='RestCrossHair', opacity=1.0, ori=0, pos=array([ 0.,  0.]), rgb=array([ 255.,    0.,    0.]), text=u'Waiting for Scanner\n Or press r to advance', units=u'norm', win=Window(...), wrapWidth=1)
3.4816 	EXP 	Created RestCrossHair = TextStim(alignHoriz='center', alignVert='center', antialias=True, autoLog=True, bold=False, color=u'yellow', colorSpace='named', contrast=1.0, depth=-10.0, flipHoriz=False, flipVert=False, font=u'Courier', fontFiles=[], height=0.1, italic=False, name='RestCrossHair', opacity=1.0, ori=0, pos=array([ 0.,  0.]), rgb=array([ 255.,  255.,    0.]), text=u'Merci\nThank you', units=u'norm', win=Window(...), wrapWidth=1)
3.4873 	EXP 	Created FeedbackMsg = TextStim(alignHoriz='center', alignVert='center', antialias=True, autoLog=True, bold=False, color='white', colorSpace='named', contrast=1.0, depth=-1.0, flipHoriz=False, flipVert=False, font='Courier', fontFiles=[], height=0.1, italic=False, name='FeedbackMsg', opacity=1.0, ori=0, pos=array([ 0.,  0.]), rgb=array([ 255.,  255.,  255.]), text=u'default text', units='norm', win=Window(...), wrapWidth=1)
3.5016 	EXP 	Imported /Users/jason/Dropbox/SteffenerColumbia/Scripts/ExperimentalStimuli/PartialTrialDIR/ExperimentalTrials/Training30TrialsInOrder.csv as conditions, 30 conditions, 14 params
3.5021 	EXP 	Created sequence: sequential, trialTypes=30, nReps=1, seed=None
3.6093 	EXP 	RestCrossHair: autoDraw = True
8.3036 	DATA 	Keypress: r
8.3115 	EXP 	RestCrossHair: autoDraw = False
8.3115 	EXP 	RestCrossHair: autoDraw = True
13.2987 	EXP 	New trial (rep=0, index=0): {'RetDur': 0, 'BotBrack': 1, 'StimDur': 2, 'UpBrack': 2, 'ProbeDurITI': 6.9199999999999999, 'ProbeDur': 2, 'ProbeStart': 2, 'TrialDur': 4, 'ITI': 4.9199999999999999, 'StimSet': u'KTJDRY', 'RetStart': 2, 'ProbeLet': u'tbnmqx', 'TrialITIDur': 8.9199999999999999, 'Correct': u'down'}
13.3391 	EXP 	window1: recordFrameIntervals = False
13.3645 	EXP 	RestCrossHair: autoDraw = False
13.3645 	EXP 	RestCrossHair: autoDraw = False
13.3645 	EXP 	UpperText: text = u' K T J D R Y '
13.3645 	EXP 	UpperBrackets: text = '  { }        '
13.3645 	EXP 	LowerText: text = u' t b n m q x '
13.3645 	EXP 	LowerBrackets: text = '{ }          '
13.3645 	EXP 	TopUpperLine: autoDraw = True
13.3645 	EXP 	UpperText: autoDraw = True
13.3645 	EXP 	UpperBrackets: autoDraw = True
13.3645 	EXP 	BotUpperLine: autoDraw = True
13.3645 	EXP 	TopLowerLine: autoDraw = True
13.3645 	EXP 	BotLowerLine: autoDraw = True
13.3645 	EXP 	TrialCrossHair: autoDraw = True
13.3647 	EXP 	window1: recordFrameIntervals = False
15.3155 	EXP 	UpperText: autoDraw = False
15.3155 	EXP 	UpperBrackets: autoDraw = False
15.3322 	EXP 	LowerText: autoDraw = True
15.3322 	EXP 	LowerBrackets: autoDraw = True
16.3999 	DATA 	Keypress: down
17.3165 	EXP 	LowerText: autoDraw = False
17.3165 	EXP 	LowerBrackets: autoDraw = False
17.3165 	EXP 	TrialCrossHair: autoDraw = False
17.3165 	EXP 	RestCrossHair: autoDraw = True
22.2525 	EXP 	TopUpperLine: autoDraw = False
22.2525 	EXP 	BotUpperLine: autoDraw = False
22.2525 	EXP 	TopLowerLine: autoDraw = False
22.2525 	EXP 	BotLowerLine: autoDraw = False
22.2525 	EXP 	RestCrossHair: autoDraw = False
22.2525 	EXP 	TopUpperLine: autoDraw = False
22.2525 	EXP 	UpperText: autoDraw = False
22.2525 	EXP 	UpperBrackets: autoDraw = False
22.2525 	EXP 	BotUpperLine: autoDraw = False
22.2525 	EXP 	TopLowerLine: autoDraw = False
22.2525 	EXP 	LowerText: autoDraw = False
22.2525 	EXP 	LowerBrackets: autoDraw = False
22.2525 	EXP 	BotLowerLine: autoDraw = False
22.2525 	EXP 	TrialCrossHair: autoDraw = False
22.2525 	EXP 	RestCrossHair: autoDraw = False
22.2525 	EXP 	FeedbackMsg: text = 'Correct! RT=1.085'
22.2525 	EXP 	FeedbackMsg: autoDraw = True
23.7364 	EXP 	FeedbackMsg: autoDraw = False
23.7364 	EXP 	RestCrossHair: autoDraw = True
24.7209 	EXP 	New trial (rep=0, index=1): {'RetDur': 0, 'BotBrack': 0, 'StimDur': 2, 'UpBrack': 2, 'ProbeDurITI': 4.2450000000000001, 'ProbeDur': 0, 'ProbeStart': 2, 'TrialDur': 2, 'ITI': 4.2450000000000001, 'StimSet': u'NDGJXB', 'RetStart': 2, 'ProbeLet': u' ', 'TrialITIDur': 6.2450000000000001, 'Correct': u'none'}
24.7444 	EXP 	window1: recordFrameIntervals = False
24.7532 	EXP 	RestCrossHair: autoDraw = False
24.7532 	EXP 	UpperText: text = u' N D G J X B '
24.7532 	EXP 	UpperBrackets: text = '  { }        '
24.7532 	EXP 	LowerText: text = u'   '
24.7532 	EXP 	LowerBrackets: text = ''
24.7532 	EXP 	TopUpperLine: autoDraw = True
24.7532 	EXP 	UpperText: autoDraw = True
24.7532 	EXP 	UpperBrackets: autoDraw = True
24.7532 	EXP 	BotUpperLine: autoDraw = True
24.7532 	EXP 	TopLowerLine: autoDraw = True
24.7532 	EXP 	BotLowerLine: autoDraw = True
24.7532 	EXP 	TrialCrossHair: autoDraw = True
24.7534 	EXP 	window1: recordFrameIntervals = False
26.7379 	EXP 	UpperText: autoDraw = False
26.7379 	EXP 	UpperBrackets: autoDraw = False
26.7379 	EXP 	TrialCrossHair: autoDraw = False
26.7546 	EXP 	LowerText: autoDraw = True
26.7546 	EXP 	LowerBrackets: autoDraw = True
26.7546 	EXP 	RestCrossHair: autoDraw = True
26.7713 	EXP 	LowerText: autoDraw = False
26.7713 	EXP 	LowerBrackets: autoDraw = False
30.9735 	EXP 	TopUpperLine: autoDraw = False
30.9735 	EXP 	BotUpperLine: autoDraw = False
30.9735 	EXP 	TopLowerLine: autoDraw = False
30.9735 	EXP 	BotLowerLine: autoDraw = False
30.9735 	EXP 	RestCrossHair: autoDraw = False
30.9735 	EXP 	TopUpperLine: autoDraw = False
30.9735 	EXP 	UpperText: autoDraw = False
30.9735 	EXP 	UpperBrackets: autoDraw = False
30.9735 	EXP 	BotUpperLine: autoDraw = False
30.9735 	EXP 	TopLowerLine: autoDraw = False
30.9735 	EXP 	LowerText: autoDraw = False
30.9735 	EXP 	LowerBrackets: autoDraw = False
30.9735 	EXP 	BotLowerLine: autoDraw = False
30.9735 	EXP 	TrialCrossHair: autoDraw = False
30.9735 	EXP 	RestCrossHair: autoDraw = False
30.9735 	EXP 	FeedbackMsg: text = 'No response, good!'
30.9735 	EXP 	FeedbackMsg: autoDraw = True
32.4743 	EXP 	FeedbackMsg: autoDraw = False
32.4743 	EXP 	RestCrossHair: autoDraw = True
33.4586 	EXP 	New trial (rep=0, index=2): {'RetDur': 5, 'BotBrack': 6, 'StimDur': 2, 'UpBrack': 3, 'ProbeDurITI': 6.0510000000000002, 'ProbeDur': 2, 'ProbeStart': 7, 'TrialDur': 9, 'ITI': 4.0510000000000002, 'StimSet': u'NWQMYF', 'RetStart': 2, 'ProbeLet': u'jhbrxg', 'TrialITIDur': 13.050999999999998, 'Correct': u'right'}
33.4952 	EXP 	window1: recordFrameIntervals = False
33.5082 	EXP 	RestCrossHair: autoDraw = False
33.5082 	EXP 	UpperText: text = u' N W Q M Y F '
33.5082 	EXP 	UpperBrackets: text = '    { }      '
33.5082 	EXP 	LowerText: text = u' j h b r x g '
33.5082 	EXP 	LowerBrackets: text = '          { }'
33.5082 	EXP 	TopUpperLine: autoDraw = True
33.5082 	EXP 	UpperText: autoDraw = True
33.5082 	EXP 	UpperBrackets: autoDraw = True
33.5082 	EXP 	BotUpperLine: autoDraw = True
33.5082 	EXP 	TopLowerLine: autoDraw = True
33.5082 	EXP 	BotLowerLine: autoDraw = True
33.5082 	EXP 	TrialCrossHair: autoDraw = True
33.5084 	EXP 	window1: recordFrameIntervals = False
35.4759 	EXP 	UpperText: autoDraw = False
35.4759 	EXP 	UpperBrackets: autoDraw = False
40.4785 	EXP 	LowerText: autoDraw = True
40.4785 	EXP 	LowerBrackets: autoDraw = True
41.8294 	DATA 	Keypress: right
42.4795 	EXP 	LowerText: autoDraw = False
42.4795 	EXP 	LowerBrackets: autoDraw = False
42.4795 	EXP 	TrialCrossHair: autoDraw = False
42.4795 	EXP 	RestCrossHair: autoDraw = True
46.5145 	EXP 	TopUpperLine: autoDraw = False
46.5145 	EXP 	BotUpperLine: autoDraw = False
46.5145 	EXP 	TopLowerLine: autoDraw = False
46.5145 	EXP 	BotLowerLine: autoDraw = False
46.5145 	EXP 	RestCrossHair: autoDraw = False
46.5145 	EXP 	TopUpperLine: autoDraw = False
46.5145 	EXP 	UpperText: autoDraw = False
46.5145 	EXP 	UpperBrackets: autoDraw = False
46.5145 	EXP 	BotUpperLine: autoDraw = False
46.5145 	EXP 	TopLowerLine: autoDraw = False
46.5145 	EXP 	LowerText: autoDraw = False
46.5145 	EXP 	LowerBrackets: autoDraw = False
46.5145 	EXP 	BotLowerLine: autoDraw = False
46.5145 	EXP 	TrialCrossHair: autoDraw = False
46.5145 	EXP 	RestCrossHair: autoDraw = False
46.5145 	EXP 	FeedbackMsg: text = 'Correct! RT=1.368'
46.5145 	EXP 	FeedbackMsg: autoDraw = True
48.0158 	EXP 	FeedbackMsg: autoDraw = False
48.0158 	EXP 	RestCrossHair: autoDraw = True
49.0003 	EXP 	New trial (rep=0, index=3): {'RetDur': 5, 'BotBrack': 6, 'StimDur': 2, 'UpBrack': 3, 'ProbeDurITI': 6.3529999999999998, 'ProbeDur': 2, 'ProbeStart': 7, 'TrialDur': 9, 'ITI': 4.3529999999999998, 'StimSet': u'JNDLBY', 'RetStart': 2, 'ProbeLet': u'tfmqgd', 'TrialITIDur': 13.353, 'Correct': u'down'}
49.0340 	EXP 	window1: recordFrameIntervals = False
49.0497 	EXP 	RestCrossHair: autoDraw = False
49.0497 	EXP 	UpperText: text = u' J N D L B Y '
49.0497 	EXP 	UpperBrackets: text = '    { }      '
49.0497 	EXP 	LowerText: text = u' t f m q g d '
49.0497 	EXP 	LowerBrackets: text = '          { }'
49.0497 	EXP 	TopUpperLine: autoDraw = True
49.0497 	EXP 	UpperText: autoDraw = True
49.0497 	EXP 	UpperBrackets: autoDraw = True
49.0497 	EXP 	BotUpperLine: autoDraw = True
49.0497 	EXP 	TopLowerLine: autoDraw = True
49.0497 	EXP 	BotLowerLine: autoDraw = True
49.0497 	EXP 	TrialCrossHair: autoDraw = True
49.0499 	EXP 	window1: recordFrameIntervals = False
51.0174 	EXP 	UpperText: autoDraw = False
51.0174 	EXP 	UpperBrackets: autoDraw = False
56.0199 	EXP 	LowerText: autoDraw = True
56.0199 	EXP 	LowerBrackets: autoDraw = True
57.0375 	DATA 	Keypress: down
58.0209 	EXP 	LowerText: autoDraw = False
58.0209 	EXP 	LowerBrackets: autoDraw = False
58.0209 	EXP 	TrialCrossHair: autoDraw = False
58.0209 	EXP 	RestCrossHair: autoDraw = True
62.3729 	EXP 	TopUpperLine: autoDraw = False
62.3729 	EXP 	BotUpperLine: autoDraw = False
62.3729 	EXP 	TopLowerLine: autoDraw = False
62.3729 	EXP 	BotLowerLine: autoDraw = False
62.3729 	EXP 	RestCrossHair: autoDraw = False
62.3729 	EXP 	TopUpperLine: autoDraw = False
62.3729 	EXP 	UpperText: autoDraw = False
62.3729 	EXP 	UpperBrackets: autoDraw = False
62.3729 	EXP 	BotUpperLine: autoDraw = False
62.3729 	EXP 	TopLowerLine: autoDraw = False
62.3729 	EXP 	LowerText: autoDraw = False
62.3729 	EXP 	LowerBrackets: autoDraw = False
62.3729 	EXP 	BotLowerLine: autoDraw = False
62.3729 	EXP 	TrialCrossHair: autoDraw = False
62.3729 	EXP 	RestCrossHair: autoDraw = False
62.3729 	EXP 	FeedbackMsg: text = 'Correct! RT=1.035'
62.3729 	EXP 	FeedbackMsg: autoDraw = True
63.8738 	EXP 	FeedbackMsg: autoDraw = False
63.8738 	EXP 	RestCrossHair: autoDraw = True
64.8583 	EXP 	New trial (rep=0, index=4): {'RetDur': 5, 'BotBrack': 0, 'StimDur': 2, 'UpBrack': 5, 'ProbeDurITI': 4.7290000000000001, 'ProbeDur': 0, 'ProbeStart': 7, 'TrialDur': 7, 'ITI': 4.7290000000000001, 'StimSet': u'JXKMYH', 'RetStart': 2, 'ProbeLet': u' ', 'TrialITIDur': 11.729000000000001, 'Correct': u'none'}
64.8805 	EXP 	window1: recordFrameIntervals = False
64.8906 	EXP 	RestCrossHair: autoDraw = False
64.8906 	EXP 	UpperText: text = u' J X K M Y H '
64.8906 	EXP 	UpperBrackets: text = '        { }  '
64.8906 	EXP 	LowerText: text = u'   '
64.8906 	EXP 	LowerBrackets: text = ''
64.8906 	EXP 	TopUpperLine: autoDraw = True
64.8906 	EXP 	UpperText: autoDraw = True
64.8906 	EXP 	UpperBrackets: autoDraw = True
64.8906 	EXP 	BotUpperLine: autoDraw = True
64.8906 	EXP 	TopLowerLine: autoDraw = True
64.8906 	EXP 	BotLowerLine: autoDraw = True
64.8906 	EXP 	TrialCrossHair: autoDraw = True
64.8908 	EXP 	window1: recordFrameIntervals = False
66.8754 	EXP 	UpperText: autoDraw = False
66.8754 	EXP 	UpperBrackets: autoDraw = False
71.8779 	EXP 	LowerText: autoDraw = True
71.8779 	EXP 	LowerBrackets: autoDraw = True
71.8779 	EXP 	TrialCrossHair: autoDraw = False
71.8779 	EXP 	RestCrossHair: autoDraw = True
71.8946 	EXP 	LowerText: autoDraw = False
71.8946 	EXP 	LowerBrackets: autoDraw = False
76.5972 	EXP 	TopUpperLine: autoDraw = False
76.5972 	EXP 	BotUpperLine: autoDraw = False
76.5972 	EXP 	TopLowerLine: autoDraw = False
76.5972 	EXP 	BotLowerLine: autoDraw = False
76.5972 	EXP 	RestCrossHair: autoDraw = False
76.5972 	EXP 	TopUpperLine: autoDraw = False
76.5972 	EXP 	UpperText: autoDraw = False
76.5972 	EXP 	UpperBrackets: autoDraw = False
76.5972 	EXP 	BotUpperLine: autoDraw = False
76.5972 	EXP 	TopLowerLine: autoDraw = False
76.5972 	EXP 	LowerText: autoDraw = False
76.5972 	EXP 	LowerBrackets: autoDraw = False
76.5972 	EXP 	BotLowerLine: autoDraw = False
76.5972 	EXP 	TrialCrossHair: autoDraw = False
76.5972 	EXP 	RestCrossHair: autoDraw = False
76.5972 	EXP 	FeedbackMsg: text = 'No response, good!'
76.5972 	EXP 	FeedbackMsg: autoDraw = True
78.0981 	EXP 	FeedbackMsg: autoDraw = False
78.0981 	EXP 	RestCrossHair: autoDraw = True
79.0824 	EXP 	New trial (rep=0, index=5): {'RetDur': 5, 'BotBrack': 6, 'StimDur': 2, 'UpBrack': 12, 'ProbeDurITI': 6.0170000000000003, 'ProbeDur': 2, 'ProbeStart': 7, 'TrialDur': 9, 'ITI': 4.0169999999999995, 'StimSet': u'KNTYRB', 'RetStart': 2, 'ProbeLet': u'jfgldw', 'TrialITIDur': 13.017000000000001, 'Correct': u'right'}
79.1127 	EXP 	window1: recordFrameIntervals = False
79.1320 	EXP 	RestCrossHair: autoDraw = False
79.1320 	EXP 	UpperText: text = u' K N T Y R B '
79.1320 	EXP 	UpperBrackets: text = '{   }        '
79.1320 	EXP 	LowerText: text = u' j f g l d w '
79.1320 	EXP 	LowerBrackets: text = '          { }'
79.1320 	EXP 	TopUpperLine: autoDraw = True
79.1320 	EXP 	UpperText: autoDraw = True
79.1320 	EXP 	UpperBrackets: autoDraw = True
79.1320 	EXP 	BotUpperLine: autoDraw = True
79.1320 	EXP 	TopLowerLine: autoDraw = True
79.1320 	EXP 	BotLowerLine: autoDraw = True
79.1320 	EXP 	TrialCrossHair: autoDraw = True
79.1322 	EXP 	window1: recordFrameIntervals = False
81.0997 	EXP 	UpperText: autoDraw = False
81.0997 	EXP 	UpperBrackets: autoDraw = False
86.1022 	EXP 	LowerText: autoDraw = True
86.1022 	EXP 	LowerBrackets: autoDraw = True
87.1366 	DATA 	Keypress: right
88.1032 	EXP 	LowerText: autoDraw = False
88.1032 	EXP 	LowerBrackets: autoDraw = False
88.1032 	EXP 	TrialCrossHair: autoDraw = False
88.1032 	EXP 	RestCrossHair: autoDraw = True
92.1053 	EXP 	TopUpperLine: autoDraw = False
92.1053 	EXP 	BotUpperLine: autoDraw = False
92.1053 	EXP 	TopLowerLine: autoDraw = False
92.1053 	EXP 	BotLowerLine: autoDraw = False
92.1053 	EXP 	RestCrossHair: autoDraw = False
92.1053 	EXP 	TopUpperLine: autoDraw = False
92.1053 	EXP 	UpperText: autoDraw = False
92.1053 	EXP 	UpperBrackets: autoDraw = False
92.1053 	EXP 	BotUpperLine: autoDraw = False
92.1053 	EXP 	TopLowerLine: autoDraw = False
92.1053 	EXP 	LowerText: autoDraw = False
92.1053 	EXP 	LowerBrackets: autoDraw = False
92.1053 	EXP 	BotLowerLine: autoDraw = False
92.1053 	EXP 	TrialCrossHair: autoDraw = False
92.1053 	EXP 	RestCrossHair: autoDraw = False
92.1053 	EXP 	FeedbackMsg: text = 'Correct! RT=1.051'
92.1053 	EXP 	FeedbackMsg: autoDraw = True
93.6059 	EXP 	FeedbackMsg: autoDraw = False
93.6059 	EXP 	RestCrossHair: autoDraw = True
94.5903 	EXP 	New trial (rep=0, index=6): {'RetDur': 5, 'BotBrack': 4, 'StimDur': 2, 'UpBrack': 34, 'ProbeDurITI': 6.4860000000000007, 'ProbeDur': 2, 'ProbeStart': 7, 'TrialDur': 9, 'ITI': 4.4860000000000007, 'StimSet': u'HQDTGF', 'RetStart': 2, 'ProbeLet': u'lbwnrx', 'TrialITIDur': 13.485999999999999, 'Correct': u'right'}
94.6226 	EXP 	window1: recordFrameIntervals = False
94.6398 	EXP 	RestCrossHair: autoDraw = False
94.6398 	EXP 	UpperText: text = u' H Q D T G F '
94.6398 	EXP 	UpperBrackets: text = '    {   }    '
94.6398 	EXP 	LowerText: text = u' l b w n r x '
94.6398 	EXP 	LowerBrackets: text = '      { }    '
94.6398 	EXP 	TopUpperLine: autoDraw = True
94.6398 	EXP 	UpperText: autoDraw = True
94.6398 	EXP 	UpperBrackets: autoDraw = True
94.6398 	EXP 	BotUpperLine: autoDraw = True
94.6398 	EXP 	TopLowerLine: autoDraw = True
94.6398 	EXP 	BotLowerLine: autoDraw = True
94.6398 	EXP 	TrialCrossHair: autoDraw = True
94.6400 	EXP 	window1: recordFrameIntervals = False
96.6074 	EXP 	UpperText: autoDraw = False
96.6074 	EXP 	UpperBrackets: autoDraw = False
101.6100 	EXP 	LowerText: autoDraw = True
101.6100 	EXP 	LowerBrackets: autoDraw = True
102.4278 	DATA 	Keypress: right
103.6111 	EXP 	LowerText: autoDraw = False
103.6111 	EXP 	LowerBrackets: autoDraw = False
103.6111 	EXP 	TrialCrossHair: autoDraw = False
103.6111 	EXP 	RestCrossHair: autoDraw = True
108.0966 	EXP 	TopUpperLine: autoDraw = False
108.0966 	EXP 	BotUpperLine: autoDraw = False
108.0966 	EXP 	TopLowerLine: autoDraw = False
108.0966 	EXP 	BotLowerLine: autoDraw = False
108.0966 	EXP 	RestCrossHair: autoDraw = False
108.0966 	EXP 	TopUpperLine: autoDraw = False
108.0966 	EXP 	UpperText: autoDraw = False
108.0966 	EXP 	UpperBrackets: autoDraw = False
108.0966 	EXP 	BotUpperLine: autoDraw = False
108.0966 	EXP 	TopLowerLine: autoDraw = False
108.0966 	EXP 	LowerText: autoDraw = False
108.0966 	EXP 	LowerBrackets: autoDraw = False
108.0966 	EXP 	BotLowerLine: autoDraw = False
108.0966 	EXP 	TrialCrossHair: autoDraw = False
108.0966 	EXP 	RestCrossHair: autoDraw = False
108.0966 	EXP 	FeedbackMsg: text = 'Correct! RT=0.835'
108.0966 	EXP 	FeedbackMsg: autoDraw = True
109.5976 	EXP 	FeedbackMsg: autoDraw = False
109.5976 	EXP 	RestCrossHair: autoDraw = True
110.5819 	EXP 	New trial (rep=0, index=7): {'RetDur': 5, 'BotBrack': 0, 'StimDur': 2, 'UpBrack': 34, 'ProbeDurITI': 4.2469999999999999, 'ProbeDur': 0, 'ProbeStart': 7, 'TrialDur': 7, 'ITI': 4.2469999999999999, 'StimSet': u'KBTDYW', 'RetStart': 2, 'ProbeLet': u' ', 'TrialITIDur': 11.247, 'Correct': u'none'}
110.6007 	EXP 	window1: recordFrameIntervals = False
110.6147 	EXP 	RestCrossHair: autoDraw = False
110.6147 	EXP 	UpperText: text = u' K B T D Y W '
110.6147 	EXP 	UpperBrackets: text = '    {   }    '
110.6147 	EXP 	LowerText: text = u'   '
110.6147 	EXP 	LowerBrackets: text = ''
110.6147 	EXP 	TopUpperLine: autoDraw = True
110.6147 	EXP 	UpperText: autoDraw = True
110.6147 	EXP 	UpperBrackets: autoDraw = True
110.6147 	EXP 	BotUpperLine: autoDraw = True
110.6147 	EXP 	TopLowerLine: autoDraw = True
110.6147 	EXP 	BotLowerLine: autoDraw = True
110.6147 	EXP 	TrialCrossHair: autoDraw = True
110.6151 	EXP 	window1: recordFrameIntervals = False
112.5991 	EXP 	UpperText: autoDraw = False
112.5991 	EXP 	UpperBrackets: autoDraw = False
117.6017 	EXP 	LowerText: autoDraw = True
117.6017 	EXP 	LowerBrackets: autoDraw = True
117.6017 	EXP 	TrialCrossHair: autoDraw = False
117.6017 	EXP 	RestCrossHair: autoDraw = True
117.6183 	EXP 	LowerText: autoDraw = False
117.6183 	EXP 	LowerBrackets: autoDraw = False
121.8372 	EXP 	TopUpperLine: autoDraw = False
121.8372 	EXP 	BotUpperLine: autoDraw = False
121.8372 	EXP 	TopLowerLine: autoDraw = False
121.8372 	EXP 	BotLowerLine: autoDraw = False
121.8372 	EXP 	RestCrossHair: autoDraw = False
121.8372 	EXP 	TopUpperLine: autoDraw = False
121.8372 	EXP 	UpperText: autoDraw = False
121.8372 	EXP 	UpperBrackets: autoDraw = False
121.8372 	EXP 	BotUpperLine: autoDraw = False
121.8372 	EXP 	TopLowerLine: autoDraw = False
121.8372 	EXP 	LowerText: autoDraw = False
121.8372 	EXP 	LowerBrackets: autoDraw = False
121.8372 	EXP 	BotLowerLine: autoDraw = False
121.8372 	EXP 	TrialCrossHair: autoDraw = False
121.8372 	EXP 	RestCrossHair: autoDraw = False
121.8372 	EXP 	FeedbackMsg: text = 'No response, good!'
121.8372 	EXP 	FeedbackMsg: autoDraw = True
123.3381 	EXP 	FeedbackMsg: autoDraw = False
123.3381 	EXP 	RestCrossHair: autoDraw = True
124.3225 	EXP 	New trial (rep=0, index=8): {'RetDur': 0, 'BotBrack': 1, 'StimDur': 2, 'UpBrack': 45, 'ProbeDurITI': 6.0579999999999998, 'ProbeDur': 2, 'ProbeStart': 2, 'TrialDur': 4, 'ITI': 4.0579999999999998, 'StimSet': u'FMKRHT', 'RetStart': 2, 'ProbeLet': u'ldynqj', 'TrialITIDur': 8.0579999999999998, 'Correct': u'right'}
124.3542 	EXP 	window1: recordFrameIntervals = False
124.3720 	EXP 	RestCrossHair: autoDraw = False
124.3720 	EXP 	UpperText: text = u' F M K R H T '
124.3720 	EXP 	UpperBrackets: text = '      {   }  '
124.3720 	EXP 	LowerText: text = u' l d y n q j '
124.3720 	EXP 	LowerBrackets: text = '{ }          '
124.3720 	EXP 	TopUpperLine: autoDraw = True
124.3720 	EXP 	UpperText: autoDraw = True
124.3720 	EXP 	UpperBrackets: autoDraw = True
124.3720 	EXP 	BotUpperLine: autoDraw = True
124.3720 	EXP 	TopLowerLine: autoDraw = True
124.3720 	EXP 	BotLowerLine: autoDraw = True
124.3720 	EXP 	TrialCrossHair: autoDraw = True
124.3722 	EXP 	window1: recordFrameIntervals = False
126.3397 	EXP 	UpperText: autoDraw = False
126.3397 	EXP 	UpperBrackets: autoDraw = False
126.3563 	EXP 	LowerText: autoDraw = True
126.3563 	EXP 	LowerBrackets: autoDraw = True
127.4740 	DATA 	Keypress: right
128.3406 	EXP 	LowerText: autoDraw = False
128.3406 	EXP 	LowerBrackets: autoDraw = False
128.3406 	EXP 	TrialCrossHair: autoDraw = False
128.3406 	EXP 	RestCrossHair: autoDraw = True
132.3927 	EXP 	TopUpperLine: autoDraw = False
132.3927 	EXP 	BotUpperLine: autoDraw = False
132.3927 	EXP 	TopLowerLine: autoDraw = False
132.3927 	EXP 	BotLowerLine: autoDraw = False
132.3927 	EXP 	RestCrossHair: autoDraw = False
132.3927 	EXP 	TopUpperLine: autoDraw = False
132.3927 	EXP 	UpperText: autoDraw = False
132.3927 	EXP 	UpperBrackets: autoDraw = False
132.3927 	EXP 	BotUpperLine: autoDraw = False
132.3927 	EXP 	TopLowerLine: autoDraw = False
132.3927 	EXP 	LowerText: autoDraw = False
132.3927 	EXP 	LowerBrackets: autoDraw = False
132.3927 	EXP 	BotLowerLine: autoDraw = False
132.3927 	EXP 	TrialCrossHair: autoDraw = False
132.3927 	EXP 	RestCrossHair: autoDraw = False
132.3927 	EXP 	FeedbackMsg: text = 'Correct! RT=1.135'
132.3927 	EXP 	FeedbackMsg: autoDraw = True
133.8933 	EXP 	FeedbackMsg: autoDraw = False
133.8933 	EXP 	RestCrossHair: autoDraw = True
134.8778 	EXP 	New trial (rep=0, index=9): {'RetDur': 0, 'BotBrack': 0, 'StimDur': 2, 'UpBrack': 56, 'ProbeDurITI': 4.0250000000000004, 'ProbeDur': 0, 'ProbeStart': 2, 'TrialDur': 2, 'ITI': 4.0250000000000004, 'StimSet': u'HTXMJR', 'RetStart': 2, 'ProbeLet': u' ', 'TrialITIDur': 6.0250000000000004, 'Correct': u'none'}
134.8954 	EXP 	window1: recordFrameIntervals = False
134.9106 	EXP 	RestCrossHair: autoDraw = False
134.9106 	EXP 	UpperText: text = u' H T X M J R '
134.9106 	EXP 	UpperBrackets: text = '        {   }'
134.9106 	EXP 	LowerText: text = u'   '
134.9106 	EXP 	LowerBrackets: text = ''
134.9106 	EXP 	TopUpperLine: autoDraw = True
134.9106 	EXP 	UpperText: autoDraw = True
134.9106 	EXP 	UpperBrackets: autoDraw = True
134.9106 	EXP 	BotUpperLine: autoDraw = True
134.9106 	EXP 	TopLowerLine: autoDraw = True
134.9106 	EXP 	BotLowerLine: autoDraw = True
134.9106 	EXP 	TrialCrossHair: autoDraw = True
134.9108 	EXP 	window1: recordFrameIntervals = False
136.8950 	EXP 	UpperText: autoDraw = False
136.8950 	EXP 	UpperBrackets: autoDraw = False
136.8950 	EXP 	TrialCrossHair: autoDraw = False
136.9116 	EXP 	LowerText: autoDraw = True
136.9116 	EXP 	LowerBrackets: autoDraw = True
136.9116 	EXP 	RestCrossHair: autoDraw = True
136.9283 	EXP 	LowerText: autoDraw = False
136.9283 	EXP 	LowerBrackets: autoDraw = False
140.9133 	EXP 	TopUpperLine: autoDraw = False
140.9133 	EXP 	BotUpperLine: autoDraw = False
140.9133 	EXP 	TopLowerLine: autoDraw = False
140.9133 	EXP 	BotLowerLine: autoDraw = False
140.9133 	EXP 	RestCrossHair: autoDraw = False
140.9133 	EXP 	TopUpperLine: autoDraw = False
140.9133 	EXP 	UpperText: autoDraw = False
140.9133 	EXP 	UpperBrackets: autoDraw = False
140.9133 	EXP 	BotUpperLine: autoDraw = False
140.9133 	EXP 	TopLowerLine: autoDraw = False
140.9133 	EXP 	LowerText: autoDraw = False
140.9133 	EXP 	LowerBrackets: autoDraw = False
140.9133 	EXP 	BotLowerLine: autoDraw = False
140.9133 	EXP 	TrialCrossHair: autoDraw = False
140.9133 	EXP 	RestCrossHair: autoDraw = False
140.9133 	EXP 	FeedbackMsg: text = 'No response, good!'
140.9133 	EXP 	FeedbackMsg: autoDraw = True
142.4146 	EXP 	FeedbackMsg: autoDraw = False
142.4146 	EXP 	RestCrossHair: autoDraw = True
143.3991 	EXP 	New trial (rep=0, index=10): {'RetDur': 0, 'BotBrack': 0, 'StimDur': 2, 'UpBrack': 123, 'ProbeDurITI': 4.0019999999999998, 'ProbeDur': 0, 'ProbeStart': 2, 'TrialDur': 2, 'ITI': 4.0019999999999998, 'StimSet': u'YBDHMX', 'RetStart': 2, 'ProbeLet': u' ', 'TrialITIDur': 6.0020000000000007, 'Correct': u'none'}
143.4202 	EXP 	window1: recordFrameIntervals = False
143.4319 	EXP 	RestCrossHair: autoDraw = False
143.4319 	EXP 	UpperText: text = u' Y B D H M X '
143.4319 	EXP 	UpperBrackets: text = '{     }      '
143.4319 	EXP 	LowerText: text = u'   '
143.4319 	EXP 	LowerBrackets: text = ''
143.4319 	EXP 	TopUpperLine: autoDraw = True
143.4319 	EXP 	UpperText: autoDraw = True
143.4319 	EXP 	UpperBrackets: autoDraw = True
143.4319 	EXP 	BotUpperLine: autoDraw = True
143.4319 	EXP 	TopLowerLine: autoDraw = True
143.4319 	EXP 	BotLowerLine: autoDraw = True
143.4319 	EXP 	TrialCrossHair: autoDraw = True
143.4321 	EXP 	window1: recordFrameIntervals = False
145.4162 	EXP 	UpperText: autoDraw = False
145.4162 	EXP 	UpperBrackets: autoDraw = False
145.4162 	EXP 	TrialCrossHair: autoDraw = False
145.4328 	EXP 	LowerText: autoDraw = True
145.4328 	EXP 	LowerBrackets: autoDraw = True
145.4328 	EXP 	RestCrossHair: autoDraw = True
145.4495 	EXP 	LowerText: autoDraw = False
145.4495 	EXP 	LowerBrackets: autoDraw = False
149.4182 	EXP 	TopUpperLine: autoDraw = False
149.4182 	EXP 	BotUpperLine: autoDraw = False
149.4182 	EXP 	TopLowerLine: autoDraw = False
149.4182 	EXP 	BotLowerLine: autoDraw = False
149.4182 	EXP 	RestCrossHair: autoDraw = False
149.4182 	EXP 	TopUpperLine: autoDraw = False
149.4182 	EXP 	UpperText: autoDraw = False
149.4182 	EXP 	UpperBrackets: autoDraw = False
149.4182 	EXP 	BotUpperLine: autoDraw = False
149.4182 	EXP 	TopLowerLine: autoDraw = False
149.4182 	EXP 	LowerText: autoDraw = False
149.4182 	EXP 	LowerBrackets: autoDraw = False
149.4182 	EXP 	BotLowerLine: autoDraw = False
149.4182 	EXP 	TrialCrossHair: autoDraw = False
149.4182 	EXP 	RestCrossHair: autoDraw = False
149.4182 	EXP 	FeedbackMsg: text = 'No response, good!'
149.4182 	EXP 	FeedbackMsg: autoDraw = True
150.9188 	EXP 	FeedbackMsg: autoDraw = False
150.9188 	EXP 	RestCrossHair: autoDraw = True
151.9033 	EXP 	New trial (rep=0, index=11): {'RetDur': 5, 'BotBrack': 2, 'StimDur': 2, 'UpBrack': 234, 'ProbeDurITI': 6.0070000000000006, 'ProbeDur': 2, 'ProbeStart': 7, 'TrialDur': 9, 'ITI': 4.0069999999999997, 'StimSet': u'QXTJMN', 'RetStart': 2, 'ProbeLet': u'bfylkh', 'TrialITIDur': 13.007, 'Correct': u'right'}
151.9349 	EXP 	window1: recordFrameIntervals = False
151.9528 	EXP 	RestCrossHair: autoDraw = False
151.9528 	EXP 	UpperText: text = u' Q X T J M N '
151.9528 	EXP 	UpperBrackets: text = '  {     }    '
151.9528 	EXP 	LowerText: text = u' b f y l k h '
151.9528 	EXP 	LowerBrackets: text = '  { }        '
151.9528 	EXP 	TopUpperLine: autoDraw = True
151.9528 	EXP 	UpperText: autoDraw = True
151.9528 	EXP 	UpperBrackets: autoDraw = True
151.9528 	EXP 	BotUpperLine: autoDraw = True
151.9528 	EXP 	TopLowerLine: autoDraw = True
151.9528 	EXP 	BotLowerLine: autoDraw = True
151.9528 	EXP 	TrialCrossHair: autoDraw = True
151.9529 	EXP 	window1: recordFrameIntervals = False
153.9203 	EXP 	UpperText: autoDraw = False
153.9203 	EXP 	UpperBrackets: autoDraw = False
158.9230 	EXP 	LowerText: autoDraw = True
158.9230 	EXP 	LowerBrackets: autoDraw = True
159.8573 	DATA 	Keypress: right
160.9240 	EXP 	LowerText: autoDraw = False
160.9240 	EXP 	LowerBrackets: autoDraw = False
160.9240 	EXP 	TrialCrossHair: autoDraw = False
160.9240 	EXP 	RestCrossHair: autoDraw = True
164.9258 	EXP 	TopUpperLine: autoDraw = False
164.9258 	EXP 	BotUpperLine: autoDraw = False
164.9258 	EXP 	TopLowerLine: autoDraw = False
164.9258 	EXP 	BotLowerLine: autoDraw = False
164.9258 	EXP 	RestCrossHair: autoDraw = False
164.9258 	EXP 	TopUpperLine: autoDraw = False
164.9258 	EXP 	UpperText: autoDraw = False
164.9258 	EXP 	UpperBrackets: autoDraw = False
164.9258 	EXP 	BotUpperLine: autoDraw = False
164.9258 	EXP 	TopLowerLine: autoDraw = False
164.9258 	EXP 	LowerText: autoDraw = False
164.9258 	EXP 	LowerBrackets: autoDraw = False
164.9258 	EXP 	BotLowerLine: autoDraw = False
164.9258 	EXP 	TrialCrossHair: autoDraw = False
164.9258 	EXP 	RestCrossHair: autoDraw = False
164.9258 	EXP 	FeedbackMsg: text = 'Correct! RT=0.951'
164.9258 	EXP 	FeedbackMsg: autoDraw = True
166.4270 	EXP 	FeedbackMsg: autoDraw = False
166.4270 	EXP 	RestCrossHair: autoDraw = True
167.4114 	EXP 	New trial (rep=0, index=12): {'RetDur': 5, 'BotBrack': 2, 'StimDur': 2, 'UpBrack': 234, 'ProbeDurITI': 6.9670000000000005, 'ProbeDur': 2, 'ProbeStart': 7, 'TrialDur': 9, 'ITI': 4.9669999999999996, 'StimSet': u'FBMDTY', 'RetStart': 2, 'ProbeLet': u'jblrgh', 'TrialITIDur': 13.967000000000001, 'Correct': u'down'}
167.4436 	EXP 	window1: recordFrameIntervals = False
167.4609 	EXP 	RestCrossHair: autoDraw = False
167.4609 	EXP 	UpperText: text = u' F B M D T Y '
167.4609 	EXP 	UpperBrackets: text = '  {     }    '
167.4609 	EXP 	LowerText: text = u' j b l r g h '
167.4609 	EXP 	LowerBrackets: text = '  { }        '
167.4609 	EXP 	TopUpperLine: autoDraw = True
167.4609 	EXP 	UpperText: autoDraw = True
167.4609 	EXP 	UpperBrackets: autoDraw = True
167.4609 	EXP 	BotUpperLine: autoDraw = True
167.4609 	EXP 	TopLowerLine: autoDraw = True
167.4609 	EXP 	BotLowerLine: autoDraw = True
167.4609 	EXP 	TrialCrossHair: autoDraw = True
167.4611 	EXP 	window1: recordFrameIntervals = False
169.4287 	EXP 	UpperText: autoDraw = False
169.4287 	EXP 	UpperBrackets: autoDraw = False
174.4312 	EXP 	LowerText: autoDraw = True
174.4312 	EXP 	LowerBrackets: autoDraw = True
175.3154 	DATA 	Keypress: down
176.4323 	EXP 	LowerText: autoDraw = False
176.4323 	EXP 	LowerBrackets: autoDraw = False
176.4323 	EXP 	TrialCrossHair: autoDraw = False
176.4323 	EXP 	RestCrossHair: autoDraw = True
181.3849 	EXP 	TopUpperLine: autoDraw = False
181.3849 	EXP 	BotUpperLine: autoDraw = False
181.3849 	EXP 	TopLowerLine: autoDraw = False
181.3849 	EXP 	BotLowerLine: autoDraw = False
181.3849 	EXP 	RestCrossHair: autoDraw = False
181.3849 	EXP 	TopUpperLine: autoDraw = False
181.3849 	EXP 	UpperText: autoDraw = False
181.3849 	EXP 	UpperBrackets: autoDraw = False
181.3849 	EXP 	BotUpperLine: autoDraw = False
181.3849 	EXP 	TopLowerLine: autoDraw = False
181.3849 	EXP 	LowerText: autoDraw = False
181.3849 	EXP 	LowerBrackets: autoDraw = False
181.3849 	EXP 	BotLowerLine: autoDraw = False
181.3849 	EXP 	TrialCrossHair: autoDraw = False
181.3849 	EXP 	RestCrossHair: autoDraw = False
181.3849 	EXP 	FeedbackMsg: text = 'Correct! RT=0.901'
181.3849 	EXP 	FeedbackMsg: autoDraw = True
182.8854 	EXP 	FeedbackMsg: autoDraw = False
182.8854 	EXP 	RestCrossHair: autoDraw = True
183.8699 	EXP 	New trial (rep=0, index=13): {'RetDur': 5, 'BotBrack': 0, 'StimDur': 2, 'UpBrack': 345, 'ProbeDurITI': 4.0750000000000002, 'ProbeDur': 0, 'ProbeStart': 7, 'TrialDur': 7, 'ITI': 4.0750000000000002, 'StimSet': u'TDMLKB', 'RetStart': 2, 'ProbeLet': u' ', 'TrialITIDur': 11.074999999999999, 'Correct': u'none'}
183.8910 	EXP 	window1: recordFrameIntervals = False
183.9028 	EXP 	RestCrossHair: autoDraw = False
183.9028 	EXP 	UpperText: text = u' T D M L K B '
183.9028 	EXP 	UpperBrackets: text = '    {     }  '
183.9028 	EXP 	LowerText: text = u'   '
183.9028 	EXP 	LowerBrackets: text = ''
183.9028 	EXP 	TopUpperLine: autoDraw = True
183.9028 	EXP 	UpperText: autoDraw = True
183.9028 	EXP 	UpperBrackets: autoDraw = True
183.9028 	EXP 	BotUpperLine: autoDraw = True
183.9028 	EXP 	TopLowerLine: autoDraw = True
183.9028 	EXP 	BotLowerLine: autoDraw = True
183.9028 	EXP 	TrialCrossHair: autoDraw = True
183.9029 	EXP 	window1: recordFrameIntervals = False
185.8870 	EXP 	UpperText: autoDraw = False
185.8870 	EXP 	UpperBrackets: autoDraw = False
190.8896 	EXP 	LowerText: autoDraw = True
190.8896 	EXP 	LowerBrackets: autoDraw = True
190.8896 	EXP 	TrialCrossHair: autoDraw = False
190.8896 	EXP 	RestCrossHair: autoDraw = True
190.9063 	EXP 	LowerText: autoDraw = False
190.9063 	EXP 	LowerBrackets: autoDraw = False
194.9581 	EXP 	TopUpperLine: autoDraw = False
194.9581 	EXP 	BotUpperLine: autoDraw = False
194.9581 	EXP 	TopLowerLine: autoDraw = False
194.9581 	EXP 	BotLowerLine: autoDraw = False
194.9581 	EXP 	RestCrossHair: autoDraw = False
194.9581 	EXP 	TopUpperLine: autoDraw = False
194.9581 	EXP 	UpperText: autoDraw = False
194.9581 	EXP 	UpperBrackets: autoDraw = False
194.9581 	EXP 	BotUpperLine: autoDraw = False
194.9581 	EXP 	TopLowerLine: autoDraw = False
194.9581 	EXP 	LowerText: autoDraw = False
194.9581 	EXP 	LowerBrackets: autoDraw = False
194.9581 	EXP 	BotLowerLine: autoDraw = False
194.9581 	EXP 	TrialCrossHair: autoDraw = False
194.9581 	EXP 	RestCrossHair: autoDraw = False
194.9581 	EXP 	FeedbackMsg: text = 'No response, good!'
194.9581 	EXP 	FeedbackMsg: autoDraw = True
196.4593 	EXP 	FeedbackMsg: autoDraw = False
196.4593 	EXP 	RestCrossHair: autoDraw = True
197.4436 	EXP 	New trial (rep=0, index=14): {'RetDur': 0, 'BotBrack': 2, 'StimDur': 2, 'UpBrack': 345, 'ProbeDurITI': 6.7000000000000002, 'ProbeDur': 2, 'ProbeStart': 2, 'TrialDur': 4, 'ITI': 4.7000000000000002, 'StimSet': u'JMKRNX', 'RetStart': 2, 'ProbeLet': u'fbdgly', 'TrialITIDur': 8.6999999999999993, 'Correct': u'right'}
197.4737 	EXP 	window1: recordFrameIntervals = False
197.4931 	EXP 	RestCrossHair: autoDraw = False
197.4931 	EXP 	UpperText: text = u' J M K R N X '
197.4931 	EXP 	UpperBrackets: text = '    {     }  '
197.4931 	EXP 	LowerText: text = u' f b d g l y '
197.4931 	EXP 	LowerBrackets: text = '  { }        '
197.4931 	EXP 	TopUpperLine: autoDraw = True
197.4931 	EXP 	UpperText: autoDraw = True
197.4931 	EXP 	UpperBrackets: autoDraw = True
197.4931 	EXP 	BotUpperLine: autoDraw = True
197.4931 	EXP 	TopLowerLine: autoDraw = True
197.4931 	EXP 	BotLowerLine: autoDraw = True
197.4931 	EXP 	TrialCrossHair: autoDraw = True
197.4933 	EXP 	window1: recordFrameIntervals = False
199.4609 	EXP 	UpperText: autoDraw = False
199.4609 	EXP 	UpperBrackets: autoDraw = False
199.4609 	EXP 	LowerText: autoDraw = True
199.4609 	EXP 	LowerBrackets: autoDraw = True
200.4618 	DATA 	Keypress: right
201.4618 	EXP 	LowerText: autoDraw = False
201.4618 	EXP 	LowerBrackets: autoDraw = False
201.4618 	EXP 	TrialCrossHair: autoDraw = False
201.4618 	EXP 	RestCrossHair: autoDraw = True
206.1645 	EXP 	TopUpperLine: autoDraw = False
206.1645 	EXP 	BotUpperLine: autoDraw = False
206.1645 	EXP 	TopLowerLine: autoDraw = False
206.1645 	EXP 	BotLowerLine: autoDraw = False
206.1645 	EXP 	RestCrossHair: autoDraw = False
206.1645 	EXP 	TopUpperLine: autoDraw = False
206.1645 	EXP 	UpperText: autoDraw = False
206.1645 	EXP 	UpperBrackets: autoDraw = False
206.1645 	EXP 	BotUpperLine: autoDraw = False
206.1645 	EXP 	TopLowerLine: autoDraw = False
206.1645 	EXP 	LowerText: autoDraw = False
206.1645 	EXP 	LowerBrackets: autoDraw = False
206.1645 	EXP 	BotLowerLine: autoDraw = False
206.1645 	EXP 	TrialCrossHair: autoDraw = False
206.1645 	EXP 	RestCrossHair: autoDraw = False
206.1645 	EXP 	FeedbackMsg: text = 'Correct! RT=1.018'
206.1645 	EXP 	FeedbackMsg: autoDraw = True
207.6650 	EXP 	FeedbackMsg: autoDraw = False
207.6650 	EXP 	RestCrossHair: autoDraw = True
208.6496 	EXP 	New trial (rep=0, index=15): {'RetDur': 5, 'BotBrack': 0, 'StimDur': 2, 'UpBrack': 2345, 'ProbeDurITI': 4.4939999999999998, 'ProbeDur': 0, 'ProbeStart': 7, 'TrialDur': 7, 'ITI': 4.4939999999999998, 'StimSet': u'MDTQWF', 'RetStart': 2, 'ProbeLet': u' ', 'TrialITIDur': 11.494000000000002, 'Correct': u'none'}
208.6720 	EXP 	window1: recordFrameIntervals = False
208.6819 	EXP 	RestCrossHair: autoDraw = False
208.6819 	EXP 	UpperText: text = u' M D T Q W F '
208.6819 	EXP 	UpperBrackets: text = '  {       }  '
208.6819 	EXP 	LowerText: text = u'   '
208.6819 	EXP 	LowerBrackets: text = ''
208.6819 	EXP 	TopUpperLine: autoDraw = True
208.6819 	EXP 	UpperText: autoDraw = True
208.6819 	EXP 	UpperBrackets: autoDraw = True
208.6819 	EXP 	BotUpperLine: autoDraw = True
208.6819 	EXP 	TopLowerLine: autoDraw = True
208.6819 	EXP 	BotLowerLine: autoDraw = True
208.6819 	EXP 	TrialCrossHair: autoDraw = True
208.6820 	EXP 	window1: recordFrameIntervals = False
210.6666 	EXP 	UpperText: autoDraw = False
210.6666 	EXP 	UpperBrackets: autoDraw = False
215.6692 	EXP 	LowerText: autoDraw = True
215.6692 	EXP 	LowerBrackets: autoDraw = True
215.6692 	EXP 	TrialCrossHair: autoDraw = False
215.6692 	EXP 	RestCrossHair: autoDraw = True
215.6859 	EXP 	LowerText: autoDraw = False
215.6859 	EXP 	LowerBrackets: autoDraw = False
220.1547 	EXP 	TopUpperLine: autoDraw = False
220.1547 	EXP 	BotUpperLine: autoDraw = False
220.1547 	EXP 	TopLowerLine: autoDraw = False
220.1547 	EXP 	BotLowerLine: autoDraw = False
220.1547 	EXP 	RestCrossHair: autoDraw = False
220.1547 	EXP 	TopUpperLine: autoDraw = False
220.1547 	EXP 	UpperText: autoDraw = False
220.1547 	EXP 	UpperBrackets: autoDraw = False
220.1547 	EXP 	BotUpperLine: autoDraw = False
220.1547 	EXP 	TopLowerLine: autoDraw = False
220.1547 	EXP 	LowerText: autoDraw = False
220.1547 	EXP 	LowerBrackets: autoDraw = False
220.1547 	EXP 	BotLowerLine: autoDraw = False
220.1547 	EXP 	TrialCrossHair: autoDraw = False
220.1547 	EXP 	RestCrossHair: autoDraw = False
220.1547 	EXP 	FeedbackMsg: text = 'No response, good!'
220.1547 	EXP 	FeedbackMsg: autoDraw = True
221.6557 	EXP 	FeedbackMsg: autoDraw = False
221.6557 	EXP 	RestCrossHair: autoDraw = True
222.6401 	EXP 	New trial (rep=0, index=16): {'RetDur': 0, 'BotBrack': 0, 'StimDur': 2, 'UpBrack': 2345, 'ProbeDurITI': 4.2789999999999999, 'ProbeDur': 0, 'ProbeStart': 2, 'TrialDur': 2, 'ITI': 4.2789999999999999, 'StimSet': u'KLFWTJ', 'RetStart': 2, 'ProbeLet': u' ', 'TrialITIDur': 6.2789999999999999, 'Correct': u'none'}
222.6599 	EXP 	window1: recordFrameIntervals = False
222.6729 	EXP 	RestCrossHair: autoDraw = False
222.6729 	EXP 	UpperText: text = u' K L F W T J '
222.6729 	EXP 	UpperBrackets: text = '  {       }  '
222.6729 	EXP 	LowerText: text = u'   '
222.6729 	EXP 	LowerBrackets: text = ''
222.6729 	EXP 	TopUpperLine: autoDraw = True
222.6729 	EXP 	UpperText: autoDraw = True
222.6729 	EXP 	UpperBrackets: autoDraw = True
222.6729 	EXP 	BotUpperLine: autoDraw = True
222.6729 	EXP 	TopLowerLine: autoDraw = True
222.6729 	EXP 	BotLowerLine: autoDraw = True
222.6729 	EXP 	TrialCrossHair: autoDraw = True
222.6731 	EXP 	window1: recordFrameIntervals = False
224.6572 	EXP 	UpperText: autoDraw = False
224.6572 	EXP 	UpperBrackets: autoDraw = False
224.6572 	EXP 	TrialCrossHair: autoDraw = False
224.6738 	EXP 	LowerText: autoDraw = True
224.6738 	EXP 	LowerBrackets: autoDraw = True
224.6738 	EXP 	RestCrossHair: autoDraw = True
224.6905 	EXP 	LowerText: autoDraw = False
224.6905 	EXP 	LowerBrackets: autoDraw = False
228.9260 	EXP 	TopUpperLine: autoDraw = False
228.9260 	EXP 	BotUpperLine: autoDraw = False
228.9260 	EXP 	TopLowerLine: autoDraw = False
228.9260 	EXP 	BotLowerLine: autoDraw = False
228.9260 	EXP 	RestCrossHair: autoDraw = False
228.9260 	EXP 	TopUpperLine: autoDraw = False
228.9260 	EXP 	UpperText: autoDraw = False
228.9260 	EXP 	UpperBrackets: autoDraw = False
228.9260 	EXP 	BotUpperLine: autoDraw = False
228.9260 	EXP 	TopLowerLine: autoDraw = False
228.9260 	EXP 	LowerText: autoDraw = False
228.9260 	EXP 	LowerBrackets: autoDraw = False
228.9260 	EXP 	BotLowerLine: autoDraw = False
228.9260 	EXP 	TrialCrossHair: autoDraw = False
228.9260 	EXP 	RestCrossHair: autoDraw = False
228.9260 	EXP 	FeedbackMsg: text = 'No response, good!'
228.9260 	EXP 	FeedbackMsg: autoDraw = True
230.4269 	EXP 	FeedbackMsg: autoDraw = False
230.4269 	EXP 	RestCrossHair: autoDraw = True
231.4114 	EXP 	New trial (rep=0, index=17): {'RetDur': 5, 'BotBrack': 4, 'StimDur': 2, 'UpBrack': 2345, 'ProbeDurITI': 6.7479999999999993, 'ProbeDur': 2, 'ProbeStart': 7, 'TrialDur': 9, 'ITI': 4.7480000000000002, 'StimSet': u'WNLMBQ', 'RetStart': 2, 'ProbeLet': u'htfnxj', 'TrialITIDur': 13.747999999999999, 'Correct': u'down'}
231.4450 	EXP 	window1: recordFrameIntervals = False
231.4607 	EXP 	RestCrossHair: autoDraw = False
231.4607 	EXP 	UpperText: text = u' W N L M B Q '
231.4607 	EXP 	UpperBrackets: text = '  {       }  '
231.4607 	EXP 	LowerText: text = u' h t f n x j '
231.4607 	EXP 	LowerBrackets: text = '      { }    '
231.4607 	EXP 	TopUpperLine: autoDraw = True
231.4607 	EXP 	UpperText: autoDraw = True
231.4607 	EXP 	UpperBrackets: autoDraw = True
231.4607 	EXP 	BotUpperLine: autoDraw = True
231.4607 	EXP 	TopLowerLine: autoDraw = True
231.4607 	EXP 	BotLowerLine: autoDraw = True
231.4607 	EXP 	TrialCrossHair: autoDraw = True
231.4609 	EXP 	window1: recordFrameIntervals = False
233.4285 	EXP 	UpperText: autoDraw = False
233.4285 	EXP 	UpperBrackets: autoDraw = False
238.4310 	EXP 	LowerText: autoDraw = True
238.4310 	EXP 	LowerBrackets: autoDraw = True
239.5653 	DATA 	Keypress: down
240.4321 	EXP 	LowerText: autoDraw = False
240.4321 	EXP 	LowerBrackets: autoDraw = False
240.4321 	EXP 	TrialCrossHair: autoDraw = False
240.4321 	EXP 	RestCrossHair: autoDraw = True
245.1676 	EXP 	TopUpperLine: autoDraw = False
245.1676 	EXP 	BotUpperLine: autoDraw = False
245.1676 	EXP 	TopLowerLine: autoDraw = False
245.1676 	EXP 	BotLowerLine: autoDraw = False
245.1676 	EXP 	RestCrossHair: autoDraw = False
245.1676 	EXP 	TopUpperLine: autoDraw = False
245.1676 	EXP 	UpperText: autoDraw = False
245.1676 	EXP 	UpperBrackets: autoDraw = False
245.1676 	EXP 	BotUpperLine: autoDraw = False
245.1676 	EXP 	TopLowerLine: autoDraw = False
245.1676 	EXP 	LowerText: autoDraw = False
245.1676 	EXP 	LowerBrackets: autoDraw = False
245.1676 	EXP 	BotLowerLine: autoDraw = False
245.1676 	EXP 	TrialCrossHair: autoDraw = False
245.1676 	EXP 	RestCrossHair: autoDraw = False
245.1676 	EXP 	FeedbackMsg: text = 'Correct! RT=1.151'
245.1676 	EXP 	FeedbackMsg: autoDraw = True
246.6685 	EXP 	FeedbackMsg: autoDraw = False
246.6685 	EXP 	RestCrossHair: autoDraw = True
247.6530 	EXP 	New trial (rep=0, index=18): {'RetDur': 5, 'BotBrack': 4, 'StimDur': 2, 'UpBrack': 2345, 'ProbeDurITI': 6.0529999999999999, 'ProbeDur': 2, 'ProbeStart': 7, 'TrialDur': 9, 'ITI': 4.0529999999999999, 'StimSet': u'RXHGFK', 'RetStart': 2, 'ProbeLet': u'jwtgnm', 'TrialITIDur': 13.052999999999999, 'Correct': u'down'}
247.6875 	EXP 	window1: recordFrameIntervals = False
247.7024 	EXP 	RestCrossHair: autoDraw = False
247.7024 	EXP 	UpperText: text = u' R X H G F K '
247.7024 	EXP 	UpperBrackets: text = '  {       }  '
247.7024 	EXP 	LowerText: text = u' j w t g n m '
247.7024 	EXP 	LowerBrackets: text = '      { }    '
247.7024 	EXP 	TopUpperLine: autoDraw = True
247.7024 	EXP 	UpperText: autoDraw = True
247.7024 	EXP 	UpperBrackets: autoDraw = True
247.7024 	EXP 	BotUpperLine: autoDraw = True
247.7024 	EXP 	TopLowerLine: autoDraw = True
247.7024 	EXP 	BotLowerLine: autoDraw = True
247.7024 	EXP 	TrialCrossHair: autoDraw = True
247.7027 	EXP 	window1: recordFrameIntervals = False
249.6702 	EXP 	UpperText: autoDraw = False
249.6702 	EXP 	UpperBrackets: autoDraw = False
254.6728 	EXP 	LowerText: autoDraw = True
254.6728 	EXP 	LowerBrackets: autoDraw = True
256.1908 	DATA 	Keypress: down
256.6737 	EXP 	LowerText: autoDraw = False
256.6737 	EXP 	LowerBrackets: autoDraw = False
256.6737 	EXP 	TrialCrossHair: autoDraw = False
256.6737 	EXP 	RestCrossHair: autoDraw = True
260.7258 	EXP 	TopUpperLine: autoDraw = False
260.7258 	EXP 	BotUpperLine: autoDraw = False
260.7258 	EXP 	TopLowerLine: autoDraw = False
260.7258 	EXP 	BotLowerLine: autoDraw = False
260.7258 	EXP 	RestCrossHair: autoDraw = False
260.7258 	EXP 	TopUpperLine: autoDraw = False
260.7258 	EXP 	UpperText: autoDraw = False
260.7258 	EXP 	UpperBrackets: autoDraw = False
260.7258 	EXP 	BotUpperLine: autoDraw = False
260.7258 	EXP 	TopLowerLine: autoDraw = False
260.7258 	EXP 	LowerText: autoDraw = False
260.7258 	EXP 	LowerBrackets: autoDraw = False
260.7258 	EXP 	BotLowerLine: autoDraw = False
260.7258 	EXP 	TrialCrossHair: autoDraw = False
260.7258 	EXP 	RestCrossHair: autoDraw = False
260.7258 	EXP 	FeedbackMsg: text = 'Correct! RT=1.535'
260.7258 	EXP 	FeedbackMsg: autoDraw = True
262.2269 	EXP 	FeedbackMsg: autoDraw = False
262.2269 	EXP 	RestCrossHair: autoDraw = True
263.2112 	EXP 	New trial (rep=0, index=19): {'RetDur': 0, 'BotBrack': 1, 'StimDur': 2, 'UpBrack': 3456, 'ProbeDurITI': 6.2939999999999996, 'ProbeDur': 2, 'ProbeStart': 2, 'TrialDur': 4, 'ITI': 4.2939999999999996, 'StimSet': u'GJLMXF', 'RetStart': 2, 'ProbeLet': u'xbykdn', 'TrialITIDur': 8.2940000000000005, 'Correct': u'down'}
263.2423 	EXP 	window1: recordFrameIntervals = False
263.2607 	EXP 	RestCrossHair: autoDraw = False
263.2607 	EXP 	UpperText: text = u' G J L M X F '
263.2607 	EXP 	UpperBrackets: text = '    {       }'
263.2607 	EXP 	LowerText: text = u' x b y k d n '
263.2607 	EXP 	LowerBrackets: text = '{ }          '
263.2607 	EXP 	TopUpperLine: autoDraw = True
263.2607 	EXP 	UpperText: autoDraw = True
263.2607 	EXP 	UpperBrackets: autoDraw = True
263.2607 	EXP 	BotUpperLine: autoDraw = True
263.2607 	EXP 	TopLowerLine: autoDraw = True
263.2607 	EXP 	BotLowerLine: autoDraw = True
263.2607 	EXP 	TrialCrossHair: autoDraw = True
263.2608 	EXP 	window1: recordFrameIntervals = False
265.2283 	EXP 	UpperText: autoDraw = False
265.2283 	EXP 	UpperBrackets: autoDraw = False
265.2451 	EXP 	LowerText: autoDraw = True
265.2451 	EXP 	LowerBrackets: autoDraw = True
266.4626 	DATA 	Keypress: down
267.2294 	EXP 	LowerText: autoDraw = False
267.2294 	EXP 	LowerBrackets: autoDraw = False
267.2294 	EXP 	TrialCrossHair: autoDraw = False
267.2294 	EXP 	RestCrossHair: autoDraw = True
271.5146 	EXP 	TopUpperLine: autoDraw = False
271.5146 	EXP 	BotUpperLine: autoDraw = False
271.5146 	EXP 	TopLowerLine: autoDraw = False
271.5146 	EXP 	BotLowerLine: autoDraw = False
271.5146 	EXP 	RestCrossHair: autoDraw = False
271.5146 	EXP 	TopUpperLine: autoDraw = False
271.5146 	EXP 	UpperText: autoDraw = False
271.5146 	EXP 	UpperBrackets: autoDraw = False
271.5146 	EXP 	BotUpperLine: autoDraw = False
271.5146 	EXP 	TopLowerLine: autoDraw = False
271.5146 	EXP 	LowerText: autoDraw = False
271.5146 	EXP 	LowerBrackets: autoDraw = False
271.5146 	EXP 	BotLowerLine: autoDraw = False
271.5146 	EXP 	TrialCrossHair: autoDraw = False
271.5146 	EXP 	RestCrossHair: autoDraw = False
271.5146 	EXP 	FeedbackMsg: text = 'Correct! RT=1.234'
271.5146 	EXP 	FeedbackMsg: autoDraw = True
273.0155 	EXP 	FeedbackMsg: autoDraw = False
273.0155 	EXP 	RestCrossHair: autoDraw = True
273.9999 	EXP 	New trial (rep=0, index=20): {'RetDur': 0, 'BotBrack': 3, 'StimDur': 2, 'UpBrack': 12345, 'ProbeDurITI': 6.0640000000000001, 'ProbeDur': 2, 'ProbeStart': 2, 'TrialDur': 4, 'ITI': 4.0640000000000001, 'StimSet': u'NHXYGK', 'RetStart': 2, 'ProbeLet': u'rldbwm', 'TrialITIDur': 8.0640000000000001, 'Correct': u'right'}
274.0313 	EXP 	window1: recordFrameIntervals = False
274.0495 	EXP 	RestCrossHair: autoDraw = False
274.0495 	EXP 	UpperText: text = u' N H X Y G K '
274.0495 	EXP 	UpperBrackets: text = '{         }  '
274.0495 	EXP 	LowerText: text = u' r l d b w m '
274.0495 	EXP 	LowerBrackets: text = '    { }      '
274.0495 	EXP 	TopUpperLine: autoDraw = True
274.0495 	EXP 	UpperText: autoDraw = True
274.0495 	EXP 	UpperBrackets: autoDraw = True
274.0495 	EXP 	BotUpperLine: autoDraw = True
274.0495 	EXP 	TopLowerLine: autoDraw = True
274.0495 	EXP 	BotLowerLine: autoDraw = True
274.0495 	EXP 	TrialCrossHair: autoDraw = True
274.0497 	EXP 	window1: recordFrameIntervals = False
276.0170 	EXP 	UpperText: autoDraw = False
276.0170 	EXP 	UpperBrackets: autoDraw = False
276.0336 	EXP 	LowerText: autoDraw = True
276.0336 	EXP 	LowerBrackets: autoDraw = True
277.3350 	DATA 	Keypress: right
278.0180 	EXP 	LowerText: autoDraw = False
278.0180 	EXP 	LowerBrackets: autoDraw = False
278.0180 	EXP 	TrialCrossHair: autoDraw = False
278.0180 	EXP 	RestCrossHair: autoDraw = True
282.0703 	EXP 	TopUpperLine: autoDraw = False
282.0703 	EXP 	BotUpperLine: autoDraw = False
282.0703 	EXP 	TopLowerLine: autoDraw = False
282.0703 	EXP 	BotLowerLine: autoDraw = False
282.0703 	EXP 	RestCrossHair: autoDraw = False
282.0703 	EXP 	TopUpperLine: autoDraw = False
282.0703 	EXP 	UpperText: autoDraw = False
282.0703 	EXP 	UpperBrackets: autoDraw = False
282.0703 	EXP 	BotUpperLine: autoDraw = False
282.0703 	EXP 	TopLowerLine: autoDraw = False
282.0703 	EXP 	LowerText: autoDraw = False
282.0703 	EXP 	LowerBrackets: autoDraw = False
282.0703 	EXP 	BotLowerLine: autoDraw = False
282.0703 	EXP 	TrialCrossHair: autoDraw = False
282.0703 	EXP 	RestCrossHair: autoDraw = False
282.0703 	EXP 	FeedbackMsg: text = 'Correct! RT=1.318'
282.0703 	EXP 	FeedbackMsg: autoDraw = True
283.5711 	EXP 	FeedbackMsg: autoDraw = False
283.5711 	EXP 	RestCrossHair: autoDraw = True
284.5555 	EXP 	New trial (rep=0, index=21): {'RetDur': 5, 'BotBrack': 0, 'StimDur': 2, 'UpBrack': 12345, 'ProbeDurITI': 4.1160000000000005, 'ProbeDur': 0, 'ProbeStart': 7, 'TrialDur': 7, 'ITI': 4.1160000000000005, 'StimSet': u'WNYDXF', 'RetStart': 2, 'ProbeLet': u' ', 'TrialITIDur': 11.116, 'Correct': u'none'}
284.5766 	EXP 	window1: recordFrameIntervals = False
284.5882 	EXP 	RestCrossHair: autoDraw = False
284.5882 	EXP 	UpperText: text = u' W N Y D X F '
284.5882 	EXP 	UpperBrackets: text = '{         }  '
284.5882 	EXP 	LowerText: text = u'   '
284.5882 	EXP 	LowerBrackets: text = ''
284.5882 	EXP 	TopUpperLine: autoDraw = True
284.5882 	EXP 	UpperText: autoDraw = True
284.5882 	EXP 	UpperBrackets: autoDraw = True
284.5882 	EXP 	BotUpperLine: autoDraw = True
284.5882 	EXP 	TopLowerLine: autoDraw = True
284.5882 	EXP 	BotLowerLine: autoDraw = True
284.5882 	EXP 	TrialCrossHair: autoDraw = True
284.5884 	EXP 	window1: recordFrameIntervals = False
286.5726 	EXP 	UpperText: autoDraw = False
286.5726 	EXP 	UpperBrackets: autoDraw = False
291.5752 	EXP 	LowerText: autoDraw = True
291.5752 	EXP 	LowerBrackets: autoDraw = True
291.5752 	EXP 	TrialCrossHair: autoDraw = False
291.5752 	EXP 	RestCrossHair: autoDraw = True
291.5919 	EXP 	LowerText: autoDraw = False
291.5919 	EXP 	LowerBrackets: autoDraw = False
295.6773 	EXP 	TopUpperLine: autoDraw = False
295.6773 	EXP 	BotUpperLine: autoDraw = False
295.6773 	EXP 	TopLowerLine: autoDraw = False
295.6773 	EXP 	BotLowerLine: autoDraw = False
295.6773 	EXP 	RestCrossHair: autoDraw = False
295.6773 	EXP 	TopUpperLine: autoDraw = False
295.6773 	EXP 	UpperText: autoDraw = False
295.6773 	EXP 	UpperBrackets: autoDraw = False
295.6773 	EXP 	BotUpperLine: autoDraw = False
295.6773 	EXP 	TopLowerLine: autoDraw = False
295.6773 	EXP 	LowerText: autoDraw = False
295.6773 	EXP 	LowerBrackets: autoDraw = False
295.6773 	EXP 	BotLowerLine: autoDraw = False
295.6773 	EXP 	TrialCrossHair: autoDraw = False
295.6773 	EXP 	RestCrossHair: autoDraw = False
295.6773 	EXP 	FeedbackMsg: text = 'No response, good!'
295.6773 	EXP 	FeedbackMsg: autoDraw = True
297.1784 	EXP 	FeedbackMsg: autoDraw = False
297.1784 	EXP 	RestCrossHair: autoDraw = True
298.1628 	EXP 	New trial (rep=0, index=22): {'RetDur': 5, 'BotBrack': 1, 'StimDur': 2, 'UpBrack': 12345, 'ProbeDurITI': 6.0489999999999995, 'ProbeDur': 2, 'ProbeStart': 7, 'TrialDur': 9, 'ITI': 4.0489999999999995, 'StimSet': u'XGFBNY', 'RetStart': 2, 'ProbeLet': u'xdmrkw', 'TrialITIDur': 13.049000000000001, 'Correct': u'down'}
298.1965 	EXP 	window1: recordFrameIntervals = False
298.2122 	EXP 	RestCrossHair: autoDraw = False
298.2122 	EXP 	UpperText: text = u' X G F B N Y '
298.2122 	EXP 	UpperBrackets: text = '{         }  '
298.2122 	EXP 	LowerText: text = u' x d m r k w '
298.2122 	EXP 	LowerBrackets: text = '{ }          '
298.2122 	EXP 	TopUpperLine: autoDraw = True
298.2122 	EXP 	UpperText: autoDraw = True
298.2122 	EXP 	UpperBrackets: autoDraw = True
298.2122 	EXP 	BotUpperLine: autoDraw = True
298.2122 	EXP 	TopLowerLine: autoDraw = True
298.2122 	EXP 	BotLowerLine: autoDraw = True
298.2122 	EXP 	TrialCrossHair: autoDraw = True
298.2124 	EXP 	window1: recordFrameIntervals = False
300.1799 	EXP 	UpperText: autoDraw = False
300.1799 	EXP 	UpperBrackets: autoDraw = False
305.1825 	EXP 	LowerText: autoDraw = True
305.1825 	EXP 	LowerBrackets: autoDraw = True
305.9853 	DATA 	Keypress: down
307.1835 	EXP 	LowerText: autoDraw = False
307.1835 	EXP 	LowerBrackets: autoDraw = False
307.1835 	EXP 	TrialCrossHair: autoDraw = False
307.1835 	EXP 	RestCrossHair: autoDraw = True
311.2355 	EXP 	TopUpperLine: autoDraw = False
311.2355 	EXP 	BotUpperLine: autoDraw = False
311.2355 	EXP 	TopLowerLine: autoDraw = False
311.2355 	EXP 	BotLowerLine: autoDraw = False
311.2355 	EXP 	RestCrossHair: autoDraw = False
311.2355 	EXP 	TopUpperLine: autoDraw = False
311.2355 	EXP 	UpperText: autoDraw = False
311.2355 	EXP 	UpperBrackets: autoDraw = False
311.2355 	EXP 	BotUpperLine: autoDraw = False
311.2355 	EXP 	TopLowerLine: autoDraw = False
311.2355 	EXP 	LowerText: autoDraw = False
311.2355 	EXP 	LowerBrackets: autoDraw = False
311.2355 	EXP 	BotLowerLine: autoDraw = False
311.2355 	EXP 	TrialCrossHair: autoDraw = False
311.2355 	EXP 	RestCrossHair: autoDraw = False
311.2355 	EXP 	FeedbackMsg: text = 'Correct! RT=0.834'
311.2355 	EXP 	FeedbackMsg: autoDraw = True
312.7194 	EXP 	FeedbackMsg: autoDraw = False
312.7194 	EXP 	RestCrossHair: autoDraw = True
313.7041 	EXP 	New trial (rep=0, index=23): {'RetDur': 5, 'BotBrack': 5, 'StimDur': 2, 'UpBrack': 12345, 'ProbeDurITI': 7.4129999999999994, 'ProbeDur': 2, 'ProbeStart': 7, 'TrialDur': 9, 'ITI': 5.4129999999999994, 'StimSet': u'QXTJMN', 'RetStart': 2, 'ProbeLet': u'brfwhy', 'TrialITIDur': 14.413, 'Correct': u'right'}
313.7369 	EXP 	window1: recordFrameIntervals = False
313.7534 	EXP 	RestCrossHair: autoDraw = False
313.7534 	EXP 	UpperText: text = u' Q X T J M N '
313.7534 	EXP 	UpperBrackets: text = '{         }  '
313.7534 	EXP 	LowerText: text = u' b r f w h y '
313.7534 	EXP 	LowerBrackets: text = '        { }  '
313.7534 	EXP 	TopUpperLine: autoDraw = True
313.7534 	EXP 	UpperText: autoDraw = True
313.7534 	EXP 	UpperBrackets: autoDraw = True
313.7534 	EXP 	BotUpperLine: autoDraw = True
313.7534 	EXP 	TopLowerLine: autoDraw = True
313.7534 	EXP 	BotLowerLine: autoDraw = True
313.7534 	EXP 	TrialCrossHair: autoDraw = True
313.7536 	EXP 	window1: recordFrameIntervals = False
315.7211 	EXP 	UpperText: autoDraw = False
315.7211 	EXP 	UpperBrackets: autoDraw = False
320.7237 	EXP 	LowerText: autoDraw = True
320.7237 	EXP 	LowerBrackets: autoDraw = True
321.9929 	DATA 	Keypress: right
322.7246 	EXP 	LowerText: autoDraw = False
322.7246 	EXP 	LowerBrackets: autoDraw = False
322.7246 	EXP 	TrialCrossHair: autoDraw = False
322.7246 	EXP 	RestCrossHair: autoDraw = True
328.1277 	EXP 	TopUpperLine: autoDraw = False
328.1277 	EXP 	BotUpperLine: autoDraw = False
328.1277 	EXP 	TopLowerLine: autoDraw = False
328.1277 	EXP 	BotLowerLine: autoDraw = False
328.1277 	EXP 	RestCrossHair: autoDraw = False
328.1277 	EXP 	TopUpperLine: autoDraw = False
328.1277 	EXP 	UpperText: autoDraw = False
328.1277 	EXP 	UpperBrackets: autoDraw = False
328.1277 	EXP 	BotUpperLine: autoDraw = False
328.1277 	EXP 	TopLowerLine: autoDraw = False
328.1277 	EXP 	LowerText: autoDraw = False
328.1277 	EXP 	LowerBrackets: autoDraw = False
328.1277 	EXP 	BotLowerLine: autoDraw = False
328.1277 	EXP 	TrialCrossHair: autoDraw = False
328.1277 	EXP 	RestCrossHair: autoDraw = False
328.1277 	EXP 	FeedbackMsg: text = 'Correct! RT=1.301'
328.1277 	EXP 	FeedbackMsg: autoDraw = True
329.6283 	EXP 	FeedbackMsg: autoDraw = False
329.6283 	EXP 	RestCrossHair: autoDraw = True
330.6127 	EXP 	New trial (rep=0, index=24): {'RetDur': 0, 'BotBrack': 0, 'StimDur': 2, 'UpBrack': 23456, 'ProbeDurITI': 4.032, 'ProbeDur': 0, 'ProbeStart': 2, 'TrialDur': 2, 'ITI': 4.032, 'StimSet': u'DWQGBL', 'RetStart': 2, 'ProbeLet': u' ', 'TrialITIDur': 6.032, 'Correct': u'none'}
330.6340 	EXP 	window1: recordFrameIntervals = False
330.6451 	EXP 	RestCrossHair: autoDraw = False
330.6451 	EXP 	UpperText: text = u' D W Q G B L '
330.6451 	EXP 	UpperBrackets: text = '  {         }'
330.6451 	EXP 	LowerText: text = u'   '
330.6451 	EXP 	LowerBrackets: text = ''
330.6451 	EXP 	TopUpperLine: autoDraw = True
330.6451 	EXP 	UpperText: autoDraw = True
330.6451 	EXP 	UpperBrackets: autoDraw = True
330.6451 	EXP 	BotUpperLine: autoDraw = True
330.6451 	EXP 	TopLowerLine: autoDraw = True
330.6451 	EXP 	BotLowerLine: autoDraw = True
330.6451 	EXP 	TrialCrossHair: autoDraw = True
330.6454 	EXP 	window1: recordFrameIntervals = False
332.6299 	EXP 	UpperText: autoDraw = False
332.6299 	EXP 	UpperBrackets: autoDraw = False
332.6299 	EXP 	LowerText: autoDraw = True
332.6299 	EXP 	LowerBrackets: autoDraw = True
332.6299 	EXP 	TrialCrossHair: autoDraw = False
332.6299 	EXP 	RestCrossHair: autoDraw = True
332.6465 	EXP 	LowerText: autoDraw = False
332.6465 	EXP 	LowerBrackets: autoDraw = False
336.6652 	EXP 	TopUpperLine: autoDraw = False
336.6652 	EXP 	BotUpperLine: autoDraw = False
336.6652 	EXP 	TopLowerLine: autoDraw = False
336.6652 	EXP 	BotLowerLine: autoDraw = False
336.6652 	EXP 	RestCrossHair: autoDraw = False
336.6652 	EXP 	TopUpperLine: autoDraw = False
336.6652 	EXP 	UpperText: autoDraw = False
336.6652 	EXP 	UpperBrackets: autoDraw = False
336.6652 	EXP 	BotUpperLine: autoDraw = False
336.6652 	EXP 	TopLowerLine: autoDraw = False
336.6652 	EXP 	LowerText: autoDraw = False
336.6652 	EXP 	LowerBrackets: autoDraw = False
336.6652 	EXP 	BotLowerLine: autoDraw = False
336.6652 	EXP 	TrialCrossHair: autoDraw = False
336.6652 	EXP 	RestCrossHair: autoDraw = False
336.6652 	EXP 	FeedbackMsg: text = 'No response, good!'
336.6652 	EXP 	FeedbackMsg: autoDraw = True
338.1662 	EXP 	FeedbackMsg: autoDraw = False
338.1662 	EXP 	RestCrossHair: autoDraw = True
339.1506 	EXP 	New trial (rep=0, index=25): {'RetDur': 5, 'BotBrack': 1, 'StimDur': 2, 'UpBrack': 123456, 'ProbeDurITI': 6.0800000000000001, 'ProbeDur': 2, 'ProbeStart': 7, 'TrialDur': 9, 'ITI': 4.0800000000000001, 'StimSet': u'WLQHYX', 'RetStart': 2, 'ProbeLet': u'ljngtk', 'TrialITIDur': 13.08, 'Correct': u'down'}
339.1838 	EXP 	window1: recordFrameIntervals = False
339.2001 	EXP 	RestCrossHair: autoDraw = False
339.2001 	EXP 	UpperText: text = u' W L Q H Y X '
339.2001 	EXP 	UpperBrackets: text = '{           }'
339.2001 	EXP 	LowerText: text = u' l j n g t k '
339.2001 	EXP 	LowerBrackets: text = '{ }          '
339.2001 	EXP 	TopUpperLine: autoDraw = True
339.2001 	EXP 	UpperText: autoDraw = True
339.2001 	EXP 	UpperBrackets: autoDraw = True
339.2001 	EXP 	BotUpperLine: autoDraw = True
339.2001 	EXP 	TopLowerLine: autoDraw = True
339.2001 	EXP 	BotLowerLine: autoDraw = True
339.2001 	EXP 	TrialCrossHair: autoDraw = True
339.2004 	EXP 	window1: recordFrameIntervals = False
341.1678 	EXP 	UpperText: autoDraw = False
341.1678 	EXP 	UpperBrackets: autoDraw = False
346.1704 	EXP 	LowerText: autoDraw = True
346.1704 	EXP 	LowerBrackets: autoDraw = True
347.3547 	DATA 	Keypress: down
348.1715 	EXP 	LowerText: autoDraw = False
348.1715 	EXP 	LowerBrackets: autoDraw = False
348.1715 	EXP 	TrialCrossHair: autoDraw = False
348.1715 	EXP 	RestCrossHair: autoDraw = True
352.2399 	EXP 	TopUpperLine: autoDraw = False
352.2399 	EXP 	BotUpperLine: autoDraw = False
352.2399 	EXP 	TopLowerLine: autoDraw = False
352.2399 	EXP 	BotLowerLine: autoDraw = False
352.2399 	EXP 	RestCrossHair: autoDraw = False
352.2399 	EXP 	TopUpperLine: autoDraw = False
352.2399 	EXP 	UpperText: autoDraw = False
352.2399 	EXP 	UpperBrackets: autoDraw = False
352.2399 	EXP 	BotUpperLine: autoDraw = False
352.2399 	EXP 	TopLowerLine: autoDraw = False
352.2399 	EXP 	LowerText: autoDraw = False
352.2399 	EXP 	LowerBrackets: autoDraw = False
352.2399 	EXP 	BotLowerLine: autoDraw = False
352.2399 	EXP 	TrialCrossHair: autoDraw = False
352.2399 	EXP 	RestCrossHair: autoDraw = False
352.2399 	EXP 	FeedbackMsg: text = 'Correct! RT=1.201'
352.2399 	EXP 	FeedbackMsg: autoDraw = True
353.7407 	EXP 	FeedbackMsg: autoDraw = False
353.7407 	EXP 	RestCrossHair: autoDraw = True
354.7252 	EXP 	New trial (rep=0, index=26): {'RetDur': 0, 'BotBrack': 6, 'StimDur': 2, 'UpBrack': 123456, 'ProbeDurITI': 6.6500000000000004, 'ProbeDur': 2, 'ProbeStart': 2, 'TrialDur': 4, 'ITI': 4.6500000000000004, 'StimSet': u'RDJKWY', 'RetStart': 2, 'ProbeLet': u'nbhlgr', 'TrialITIDur': 8.6500000000000004, 'Correct': u'down'}
354.7564 	EXP 	window1: recordFrameIntervals = False
354.7746 	EXP 	RestCrossHair: autoDraw = False
354.7746 	EXP 	UpperText: text = u' R D J K W Y '
354.7746 	EXP 	UpperBrackets: text = '{           }'
354.7746 	EXP 	LowerText: text = u' n b h l g r '
354.7746 	EXP 	LowerBrackets: text = '          { }'
354.7746 	EXP 	TopUpperLine: autoDraw = True
354.7746 	EXP 	UpperText: autoDraw = True
354.7746 	EXP 	UpperBrackets: autoDraw = True
354.7746 	EXP 	BotUpperLine: autoDraw = True
354.7746 	EXP 	TopLowerLine: autoDraw = True
354.7746 	EXP 	BotLowerLine: autoDraw = True
354.7746 	EXP 	TrialCrossHair: autoDraw = True
354.7749 	EXP 	window1: recordFrameIntervals = False
356.7423 	EXP 	UpperText: autoDraw = False
356.7423 	EXP 	UpperBrackets: autoDraw = False
356.7591 	EXP 	LowerText: autoDraw = True
356.7591 	EXP 	LowerBrackets: autoDraw = True
357.9784 	DATA 	Keypress: down
358.7434 	EXP 	LowerText: autoDraw = False
358.7434 	EXP 	LowerBrackets: autoDraw = False
358.7434 	EXP 	TrialCrossHair: autoDraw = False
358.7434 	EXP 	RestCrossHair: autoDraw = True
363.3959 	EXP 	TopUpperLine: autoDraw = False
363.3959 	EXP 	BotUpperLine: autoDraw = False
363.3959 	EXP 	TopLowerLine: autoDraw = False
363.3959 	EXP 	BotLowerLine: autoDraw = False
363.3959 	EXP 	RestCrossHair: autoDraw = False
363.3959 	EXP 	TopUpperLine: autoDraw = False
363.3959 	EXP 	UpperText: autoDraw = False
363.3959 	EXP 	UpperBrackets: autoDraw = False
363.3959 	EXP 	BotUpperLine: autoDraw = False
363.3959 	EXP 	TopLowerLine: autoDraw = False
363.3959 	EXP 	LowerText: autoDraw = False
363.3959 	EXP 	LowerBrackets: autoDraw = False
363.3959 	EXP 	BotLowerLine: autoDraw = False
363.3959 	EXP 	TrialCrossHair: autoDraw = False
363.3959 	EXP 	RestCrossHair: autoDraw = False
363.3959 	EXP 	FeedbackMsg: text = 'Correct! RT=1.251'
363.3959 	EXP 	FeedbackMsg: autoDraw = True
364.8965 	EXP 	FeedbackMsg: autoDraw = False
364.8965 	EXP 	RestCrossHair: autoDraw = True
365.8808 	EXP 	New trial (rep=0, index=27): {'RetDur': 5, 'BotBrack': 5, 'StimDur': 2, 'UpBrack': 123456, 'ProbeDurITI': 6.0039999999999996, 'ProbeDur': 2, 'ProbeStart': 7, 'TrialDur': 9, 'ITI': 4.0039999999999996, 'StimSet': u'DKWFTM', 'RetStart': 2, 'ProbeLet': u'rlxyjn', 'TrialITIDur': 13.004000000000001, 'Correct': u'right'}
365.9103 	EXP 	window1: recordFrameIntervals = False
365.9304 	EXP 	RestCrossHair: autoDraw = False
365.9304 	EXP 	UpperText: text = u' D K W F T M '
365.9304 	EXP 	UpperBrackets: text = '{           }'
365.9304 	EXP 	LowerText: text = u' r l x y j n '
365.9304 	EXP 	LowerBrackets: text = '        { }  '
365.9304 	EXP 	TopUpperLine: autoDraw = True
365.9304 	EXP 	UpperText: autoDraw = True
365.9304 	EXP 	UpperBrackets: autoDraw = True
365.9304 	EXP 	BotUpperLine: autoDraw = True
365.9304 	EXP 	TopLowerLine: autoDraw = True
365.9304 	EXP 	BotLowerLine: autoDraw = True
365.9304 	EXP 	TrialCrossHair: autoDraw = True
365.9306 	EXP 	window1: recordFrameIntervals = False
367.8981 	EXP 	UpperText: autoDraw = False
367.8981 	EXP 	UpperBrackets: autoDraw = False
372.9008 	EXP 	LowerText: autoDraw = True
372.9008 	EXP 	LowerBrackets: autoDraw = True
374.6022 	DATA 	Keypress: right
374.9017 	EXP 	LowerText: autoDraw = False
374.9017 	EXP 	LowerBrackets: autoDraw = False
374.9017 	EXP 	TrialCrossHair: autoDraw = False
374.9017 	EXP 	RestCrossHair: autoDraw = True
378.9035 	EXP 	TopUpperLine: autoDraw = False
378.9035 	EXP 	BotUpperLine: autoDraw = False
378.9035 	EXP 	TopLowerLine: autoDraw = False
378.9035 	EXP 	BotLowerLine: autoDraw = False
378.9035 	EXP 	RestCrossHair: autoDraw = False
378.9035 	EXP 	TopUpperLine: autoDraw = False
378.9035 	EXP 	UpperText: autoDraw = False
378.9035 	EXP 	UpperBrackets: autoDraw = False
378.9035 	EXP 	BotUpperLine: autoDraw = False
378.9035 	EXP 	TopLowerLine: autoDraw = False
378.9035 	EXP 	LowerText: autoDraw = False
378.9035 	EXP 	LowerBrackets: autoDraw = False
378.9035 	EXP 	BotLowerLine: autoDraw = False
378.9035 	EXP 	TrialCrossHair: autoDraw = False
378.9035 	EXP 	RestCrossHair: autoDraw = False
378.9035 	EXP 	FeedbackMsg: text = 'Correct! RT=1.718'
378.9035 	EXP 	FeedbackMsg: autoDraw = True
380.4047 	EXP 	FeedbackMsg: autoDraw = False
380.4047 	EXP 	RestCrossHair: autoDraw = True
381.3891 	EXP 	New trial (rep=0, index=28): {'RetDur': 5, 'BotBrack': 0, 'StimDur': 2, 'UpBrack': 123456, 'ProbeDurITI': 4.4279999999999999, 'ProbeDur': 0, 'ProbeStart': 7, 'TrialDur': 7, 'ITI': 4.4279999999999999, 'StimSet': u'RBLJXK', 'RetStart': 2, 'ProbeLet': u' ', 'TrialITIDur': 11.427999999999999, 'Correct': u'none'}
381.4073 	EXP 	window1: recordFrameIntervals = False
381.4220 	EXP 	RestCrossHair: autoDraw = False
381.4220 	EXP 	UpperText: text = u' R B L J X K '
381.4220 	EXP 	UpperBrackets: text = '{           }'
381.4220 	EXP 	LowerText: text = u'   '
381.4220 	EXP 	LowerBrackets: text = ''
381.4220 	EXP 	TopUpperLine: autoDraw = True
381.4220 	EXP 	UpperText: autoDraw = True
381.4220 	EXP 	UpperBrackets: autoDraw = True
381.4220 	EXP 	BotUpperLine: autoDraw = True
381.4220 	EXP 	TopLowerLine: autoDraw = True
381.4220 	EXP 	BotLowerLine: autoDraw = True
381.4220 	EXP 	TrialCrossHair: autoDraw = True
381.4222 	EXP 	window1: recordFrameIntervals = False
383.4064 	EXP 	UpperText: autoDraw = False
383.4064 	EXP 	UpperBrackets: autoDraw = False
388.4090 	EXP 	LowerText: autoDraw = True
388.4090 	EXP 	LowerBrackets: autoDraw = True
388.4090 	EXP 	TrialCrossHair: autoDraw = False
388.4090 	EXP 	RestCrossHair: autoDraw = True
388.4256 	EXP 	LowerText: autoDraw = False
388.4256 	EXP 	LowerBrackets: autoDraw = False
392.8278 	EXP 	TopUpperLine: autoDraw = False
392.8278 	EXP 	BotUpperLine: autoDraw = False
392.8278 	EXP 	TopLowerLine: autoDraw = False
392.8278 	EXP 	BotLowerLine: autoDraw = False
392.8278 	EXP 	RestCrossHair: autoDraw = False
392.8278 	EXP 	TopUpperLine: autoDraw = False
392.8278 	EXP 	UpperText: autoDraw = False
392.8278 	EXP 	UpperBrackets: autoDraw = False
392.8278 	EXP 	BotUpperLine: autoDraw = False
392.8278 	EXP 	TopLowerLine: autoDraw = False
392.8278 	EXP 	LowerText: autoDraw = False
392.8278 	EXP 	LowerBrackets: autoDraw = False
392.8278 	EXP 	BotLowerLine: autoDraw = False
392.8278 	EXP 	TrialCrossHair: autoDraw = False
392.8278 	EXP 	RestCrossHair: autoDraw = False
392.8278 	EXP 	FeedbackMsg: text = 'No response, good!'
392.8278 	EXP 	FeedbackMsg: autoDraw = True
394.3287 	EXP 	FeedbackMsg: autoDraw = False
394.3287 	EXP 	RestCrossHair: autoDraw = True
395.3130 	EXP 	New trial (rep=0, index=29): {'RetDur': 0, 'BotBrack': 0, 'StimDur': 2, 'UpBrack': 123456, 'ProbeDurITI': 4.4489999999999998, 'ProbeDur': 0, 'ProbeStart': 2, 'TrialDur': 2, 'ITI': 4.4489999999999998, 'StimSet': u'FQJTXR', 'RetStart': 2, 'ProbeLet': u' ', 'TrialITIDur': 6.4489999999999998, 'Correct': u'none'}
395.3303 	EXP 	window1: recordFrameIntervals = False
395.3459 	EXP 	RestCrossHair: autoDraw = False
395.3459 	EXP 	UpperText: text = u' F Q J T X R '
395.3459 	EXP 	UpperBrackets: text = '{           }'
395.3459 	EXP 	LowerText: text = u'   '
395.3459 	EXP 	LowerBrackets: text = ''
395.3459 	EXP 	TopUpperLine: autoDraw = True
395.3459 	EXP 	UpperText: autoDraw = True
395.3459 	EXP 	UpperBrackets: autoDraw = True
395.3459 	EXP 	BotUpperLine: autoDraw = True
395.3459 	EXP 	TopLowerLine: autoDraw = True
395.3459 	EXP 	BotLowerLine: autoDraw = True
395.3459 	EXP 	TrialCrossHair: autoDraw = True
395.3461 	EXP 	window1: recordFrameIntervals = False
397.3303 	EXP 	UpperText: autoDraw = False
397.3303 	EXP 	UpperBrackets: autoDraw = False
397.3303 	EXP 	LowerText: autoDraw = True
397.3303 	EXP 	LowerBrackets: autoDraw = True
397.3303 	EXP 	TrialCrossHair: autoDraw = False
397.3303 	EXP 	RestCrossHair: autoDraw = True
397.3469 	EXP 	LowerText: autoDraw = False
397.3469 	EXP 	LowerBrackets: autoDraw = False
401.7825 	EXP 	TopUpperLine: autoDraw = False
401.7825 	EXP 	BotUpperLine: autoDraw = False
401.7825 	EXP 	TopLowerLine: autoDraw = False
401.7825 	EXP 	BotLowerLine: autoDraw = False
401.7825 	EXP 	RestCrossHair: autoDraw = False
401.7825 	EXP 	TopUpperLine: autoDraw = False
401.7825 	EXP 	UpperText: autoDraw = False
401.7825 	EXP 	UpperBrackets: autoDraw = False
401.7825 	EXP 	BotUpperLine: autoDraw = False
401.7825 	EXP 	TopLowerLine: autoDraw = False
401.7825 	EXP 	LowerText: autoDraw = False
401.7825 	EXP 	LowerBrackets: autoDraw = False
401.7825 	EXP 	BotLowerLine: autoDraw = False
401.7825 	EXP 	TrialCrossHair: autoDraw = False
401.7825 	EXP 	RestCrossHair: autoDraw = False
401.7825 	EXP 	FeedbackMsg: text = 'No response, good!'
401.7825 	EXP 	FeedbackMsg: autoDraw = True
403.2834 	EXP 	FeedbackMsg: autoDraw = False
403.2834 	EXP 	RestCrossHair: autoDraw = True
404.2840 	EXP 	RestCrossHair: autoDraw = False
404.3006 	EXP 	RestCrossHair: autoDraw = True
414.2891 	EXP 	RestCrossHair: autoDraw = False
414.2891 	EXP 	RestCrossHair: autoDraw = True
