10.8051 	WARNING 	User requested fullscreen with size [800 600], but screen is actually [1366, 768]. Using actual size
12.2151 	EXP 	Created window1 = Window(allowGUI=True, allowStencil=False, autoLog=True, bitsMode=UNKNOWN, blendMode=u'add', color=array([-1., -1., -1.]), colorSpace=u'rgb', fullscr=UNKNOWN, gamma=None, lms=UNKNOWN, monitor=<psychopy.monitors.calibTools.Monitor instance at 0x0A69B1C0>, name='window1', pos=[0, 0], screen=0, size=array([1366,  768]), stereo=False, units=u'use preferences', useFBO=True, viewOri=0.0, viewPos=None, viewScale=None, waitBlanking=True, winType='pyglet')
12.2151 	EXP 	window1: recordFrameIntervals = False
12.2731 	EXP 	window1: recordFrameIntervals = True
12.2851 	WARNING 	t of last frame was 6.76ms (=1/148)
12.3347 	EXP 	window1: recordFrameIntervals = False
12.4063 	EXP 	Created TopUpperLine = Line(autoDraw=False, autoLog=True, closeShape=False, contrast=1.0, depth=0, fillColor=None, fillColorSpace=u'rgb', fillRGB=None, interpolate=True, lineColor=array([ 1.,  1., -1.]), lineColorSpace=u'rgb', lineRGB=array([ 1.,  1., -1.]), lineWidth=2, name='TopUpperLine', opacity=1.0, ori=array(0.0), pos=array([ 0.  ,  0.45]), size=array([ 1.,  1.]), units=u'norm', vertices=array([[-1.,  0.],
       [ 1.,  0.]]), win=Window(...))
13.1296 	EXP 	Created UpperText = TextStim(alignHoriz='center', alignVert='center', antialias=True, autoLog=True, bold=False, color=array([ 0.,  0.,  0.]), colorSpace=u'rgb', contrast=1.0, depth=-2.0, flipHoriz=False, flipVert=False, font=u'Lucida Console', fontFiles=[], height=0.25, italic=False, name='UpperText', opacity=1.0, ori=0, pos=array([ 0. ,  0.3]), rgb=array([ 0.,  0.,  0.]), text=u'default text', units=u'norm', win=Window(...), wrapWidth=1.7)
13.1420 	EXP 	Created UpperBrackets = TextStim(alignHoriz='center', alignVert='center', antialias=True, autoLog=True, bold=False, color=u'yellow', colorSpace='named', contrast=1.0, depth=-3.0, flipHoriz=False, flipVert=False, font=u'Lucida Console', fontFiles=[], height=0.25, italic=False, name='UpperBrackets', opacity=1.0, ori=0, pos=array([ 0. ,  0.3]), rgb=array([ 255.,  255.,    0.]), text=u'default text', units=u'norm', win=Window(...), wrapWidth=1.7)
13.1445 	EXP 	Created BotUpperLine = Line(autoDraw=False, autoLog=True, closeShape=False, contrast=1.0, depth=0, fillColor=None, fillColorSpace=u'rgb', fillRGB=None, interpolate=True, lineColor=array([ 1.,  1., -1.]), lineColorSpace=u'rgb', lineRGB=array([ 1.,  1., -1.]), lineWidth=2, name='BotUpperLine', opacity=1.0, ori=array(0.0), pos=array([ 0.  ,  0.15]), size=array([ 1.,  1.]), units=u'norm', vertices=array([[-1.,  0.],
       [ 1.,  0.]]), win=Window(...))
13.1461 	EXP 	Created TopLowerLine = Line(autoDraw=False, autoLog=True, closeShape=False, contrast=1.0, depth=0, fillColor=None, fillColorSpace=u'rgb', fillRGB=None, interpolate=True, lineColor=u'cyan', lineColorSpace='named', lineRGB=array([   0.,  255.,  255.]), lineWidth=2, name='TopLowerLine', opacity=1.0, ori=array(0.0), pos=array([ 0.  , -0.15]), size=array([ 1.,  1.]), units=u'norm', vertices=array([[-1.,  0.],
       [ 1.,  0.]]), win=Window(...))
13.1544 	EXP 	Created LowerText = TextStim(alignHoriz='center', alignVert='center', antialias=True, autoLog=True, bold=False, color=array([ 0.,  0.,  0.]), colorSpace=u'rgb', contrast=1.0, depth=-6.0, flipHoriz=False, flipVert=False, font=u'Lucida Console', fontFiles=[], height=0.25, italic=False, name='LowerText', opacity=1.0, ori=0, pos=array([ 0. , -0.3]), rgb=array([ 0.,  0.,  0.]), text=u'default text', units=u'norm', win=Window(...), wrapWidth=2)
13.1601 	EXP 	Created LowerBrackets = TextStim(alignHoriz='center', alignVert='center', antialias=True, autoLog=True, bold=False, color=u'cyan', colorSpace='named', contrast=1.0, depth=-7.0, flipHoriz=False, flipVert=False, font=u'Lucida Console', fontFiles=[], height=0.25, italic=False, name='LowerBrackets', opacity=1.0, ori=0, pos=array([ 0. , -0.3]), rgb=array([   0.,  255.,  255.]), text=u'+', units=u'norm', win=Window(...), wrapWidth=1.5)
13.1618 	EXP 	Created BotLowerLine = Line(autoDraw=False, autoLog=True, closeShape=False, contrast=1.0, depth=0, fillColor=None, fillColorSpace=u'rgb', fillRGB=None, interpolate=True, lineColor=u'cyan', lineColorSpace='named', lineRGB=array([   0.,  255.,  255.]), lineWidth=2, name='BotLowerLine', opacity=1.0, ori=array(0.0), pos=array([ 0.  , -0.45]), size=array([ 1.,  1.]), units=u'norm', vertices=array([[-1.,  0.],
       [ 1.,  0.]]), win=Window(...))
13.1697 	EXP 	Created TrialCrossHair = TextStim(alignHoriz='center', alignVert='center', antialias=True, autoLog=True, bold=False, color=u'green', colorSpace='named', contrast=1.0, depth=-9.0, flipHoriz=False, flipVert=False, font=u'Lucida Console', fontFiles=[], height=0.2, italic=False, name='TrialCrossHair', opacity=1.0, ori=0, pos=array([ 0.,  0.]), rgb=array([   0.,  128.,    0.]), text=u'+', units=u'norm', win=Window(...), wrapWidth=1)
13.1734 	EXP 	Created RestCrossHair = TextStim(alignHoriz='center', alignVert='center', antialias=True, autoLog=True, bold=False, color=u'red', colorSpace='named', contrast=1.0, depth=-10.0, flipHoriz=False, flipVert=False, font=u'Lucida Console', fontFiles=[], height=0.2, italic=False, name='RestCrossHair', opacity=1.0, ori=0, pos=array([ 0.,  0.]), rgb=array([ 255.,    0.,    0.]), text=u'+', units=u'norm', win=Window(...), wrapWidth=1)
13.2110 	EXP 	Created RestCrossHair = TextStim(alignHoriz='center', alignVert='center', antialias=True, autoLog=True, bold=False, color=u'red', colorSpace='named', contrast=1.0, depth=-10.0, flipHoriz=False, flipVert=False, font=u'Lucida Console', fontFiles=[], height=0.1, italic=False, name='RestCrossHair', opacity=1.0, ori=0, pos=array([ 0.,  0.]), rgb=array([ 255.,    0.,    0.]), text=u'Waiting for Scanner\n Or press r to advance', units=u'norm', win=Window(...), wrapWidth=1)
13.2205 	EXP 	Created RestCrossHair = TextStim(alignHoriz='center', alignVert='center', antialias=True, autoLog=True, bold=False, color=u'yellow', colorSpace='named', contrast=1.0, depth=-10.0, flipHoriz=False, flipVert=False, font=u'Lucida Console', fontFiles=[], height=0.1, italic=False, name='RestCrossHair', opacity=1.0, ori=0, pos=array([ 0.,  0.]), rgb=array([ 255.,  255.,    0.]), text=u'Merci\nThank you', units=u'norm', win=Window(...), wrapWidth=1)
13.2266 	EXP 	Created FeedbackMsg = TextStim(alignHoriz='center', alignVert='center', antialias=True, autoLog=True, bold=False, color='white', colorSpace='named', contrast=1.0, depth=-1.0, flipHoriz=False, flipVert=False, font='Lucida Console', fontFiles=[], height=0.1, italic=False, name='FeedbackMsg', opacity=1.0, ori=0, pos=array([ 0.,  0.]), rgb=array([ 255.,  255.,  255.]), text=u'default text', units='norm', win=Window(...), wrapWidth=1)
13.2746 	EXP 	Imported C:\Users\jsteffen\Dropbox\SteffenerColumbia\Scripts\ExperimentalStimuli\PartialTrialDIR\ExperimentalTrials\Practice30Trials6LoadsVer1.csv as conditions, 30 conditions, 14 params
13.2751 	EXP 	Created sequence: sequential, trialTypes=30, nReps=1, seed=None
13.4136 	EXP 	RestCrossHair: autoDraw = True
14.8093 	DATA 	Keypress: r
14.8134 	EXP 	RestCrossHair: autoDraw = False
14.8134 	EXP 	RestCrossHair: autoDraw = True
19.8106 	EXP 	New trial (rep=0, index=0): {'RetDur': 5, 'BotBrack': 1, 'StimDur': 2, 'UpBrack': 123456, 'ProbeDurITI': 6, 'ProbeDur': 2, 'ProbeStart': 7, 'TrialDur': 9, 'ITI': 4, 'StimSet': u'JHLGKW', 'RetStart': 2, 'ProbeLet': u'wbqrdf', 'TrialITIDur': 13, 'Correct': u'down'}
19.9260 	EXP 	window1: recordFrameIntervals = False
20.5567 	EXP 	RestCrossHair: autoDraw = False
20.5567 	EXP 	RestCrossHair: autoDraw = False
20.5567 	EXP 	UpperText: text = u' J H L G K W '
20.5567 	EXP 	UpperBrackets: text = '{           }'
20.5567 	EXP 	LowerText: text = u' w b q r d f '
20.5567 	EXP 	LowerBrackets: text = '{ }          '
20.5567 	EXP 	TopUpperLine: autoDraw = True
20.5567 	EXP 	UpperText: autoDraw = True
20.5567 	EXP 	UpperBrackets: autoDraw = True
20.5567 	EXP 	BotUpperLine: autoDraw = True
20.5567 	EXP 	TopLowerLine: autoDraw = True
20.5567 	EXP 	BotLowerLine: autoDraw = True
20.5567 	EXP 	TrialCrossHair: autoDraw = True
20.5572 	EXP 	window1: recordFrameIntervals = False
21.8177 	EXP 	UpperText: autoDraw = False
21.8177 	EXP 	UpperBrackets: autoDraw = False
26.8204 	EXP 	LowerText: autoDraw = True
26.8204 	EXP 	LowerBrackets: autoDraw = True
27.8596 	DATA 	Keypress: down
28.8171 	EXP 	LowerText: autoDraw = False
28.8171 	EXP 	LowerBrackets: autoDraw = False
28.8171 	EXP 	TrialCrossHair: autoDraw = False
28.8236 	EXP 	RestCrossHair: autoDraw = True
32.8328 	EXP 	TopUpperLine: autoDraw = False
32.8328 	EXP 	BotUpperLine: autoDraw = False
32.8328 	EXP 	TopLowerLine: autoDraw = False
32.8328 	EXP 	BotLowerLine: autoDraw = False
32.8328 	EXP 	RestCrossHair: autoDraw = False
32.8328 	EXP 	TopUpperLine: autoDraw = False
32.8328 	EXP 	UpperText: autoDraw = False
32.8328 	EXP 	UpperBrackets: autoDraw = False
32.8328 	EXP 	BotUpperLine: autoDraw = False
32.8328 	EXP 	TopLowerLine: autoDraw = False
32.8328 	EXP 	LowerText: autoDraw = False
32.8328 	EXP 	LowerBrackets: autoDraw = False
32.8328 	EXP 	BotLowerLine: autoDraw = False
32.8328 	EXP 	TrialCrossHair: autoDraw = False
32.8328 	EXP 	RestCrossHair: autoDraw = False
32.8328 	EXP 	FeedbackMsg: text = 'Correct! RT=1.045'
32.8328 	EXP 	FeedbackMsg: autoDraw = True
34.3205 	EXP 	FeedbackMsg: autoDraw = False
34.3205 	EXP 	RestCrossHair: autoDraw = True
35.3144 	EXP 	New trial (rep=0, index=1): {'RetDur': 5, 'BotBrack': 0, 'StimDur': 2, 'UpBrack': 123456, 'ProbeDurITI': 4, 'ProbeDur': 0, 'ProbeStart': 7, 'TrialDur': 7, 'ITI': 4, 'StimSet': u'BQNJFK', 'RetStart': 2, 'ProbeLet': u' ', 'TrialITIDur': 11, 'Correct': u'none'}
35.3516 	EXP 	window1: recordFrameIntervals = False
35.3555 	EXP 	RestCrossHair: autoDraw = False
35.3555 	EXP 	UpperText: text = u' B Q N J F K '
35.3555 	EXP 	UpperBrackets: text = '{           }'
35.3555 	EXP 	LowerText: text = u'   '
35.3555 	EXP 	LowerBrackets: text = ''
35.3555 	EXP 	TopUpperLine: autoDraw = True
35.3555 	EXP 	UpperText: autoDraw = True
35.3555 	EXP 	UpperBrackets: autoDraw = True
35.3555 	EXP 	BotUpperLine: autoDraw = True
35.3555 	EXP 	TopLowerLine: autoDraw = True
35.3555 	EXP 	BotLowerLine: autoDraw = True
35.3555 	EXP 	TrialCrossHair: autoDraw = True
35.3561 	EXP 	window1: recordFrameIntervals = False
37.3232 	EXP 	UpperText: autoDraw = False
37.3232 	EXP 	UpperBrackets: autoDraw = False
42.3254 	EXP 	LowerText: autoDraw = True
42.3254 	EXP 	LowerBrackets: autoDraw = True
42.3254 	EXP 	TrialCrossHair: autoDraw = False
42.3254 	EXP 	RestCrossHair: autoDraw = True
42.3302 	EXP 	LowerText: autoDraw = False
42.3302 	EXP 	LowerBrackets: autoDraw = False
46.3318 	EXP 	TopUpperLine: autoDraw = False
46.3318 	EXP 	BotUpperLine: autoDraw = False
46.3318 	EXP 	TopLowerLine: autoDraw = False
46.3318 	EXP 	BotLowerLine: autoDraw = False
46.3318 	EXP 	RestCrossHair: autoDraw = False
46.3318 	EXP 	TopUpperLine: autoDraw = False
46.3318 	EXP 	UpperText: autoDraw = False
46.3318 	EXP 	UpperBrackets: autoDraw = False
46.3318 	EXP 	BotUpperLine: autoDraw = False
46.3318 	EXP 	TopLowerLine: autoDraw = False
46.3318 	EXP 	LowerText: autoDraw = False
46.3318 	EXP 	LowerBrackets: autoDraw = False
46.3318 	EXP 	BotLowerLine: autoDraw = False
46.3318 	EXP 	TrialCrossHair: autoDraw = False
46.3318 	EXP 	RestCrossHair: autoDraw = False
46.3318 	EXP 	FeedbackMsg: text = 'No response, good!'
46.3318 	EXP 	FeedbackMsg: autoDraw = True
47.8196 	EXP 	FeedbackMsg: autoDraw = False
47.8196 	EXP 	FeedbackMsg: autoDraw = False
47.8196 	EXP 	RestCrossHair: autoDraw = True
48.8137 	EXP 	New trial (rep=0, index=2): {'RetDur': 5, 'BotBrack': 6, 'StimDur': 2, 'UpBrack': 123, 'ProbeDurITI': 6, 'ProbeDur': 2, 'ProbeStart': 7, 'TrialDur': 9, 'ITI': 4, 'StimSet': u'KHBJFG', 'RetStart': 2, 'ProbeLet': u'nlrqty', 'TrialITIDur': 13, 'Correct': u'right'}
48.8573 	EXP 	window1: recordFrameIntervals = False
48.8611 	EXP 	RestCrossHair: autoDraw = False
48.8611 	EXP 	RestCrossHair: autoDraw = False
48.8611 	EXP 	UpperText: text = u' K H B J F G '
48.8611 	EXP 	UpperBrackets: text = '{     }      '
48.8611 	EXP 	LowerText: text = u' n l r q t y '
48.8611 	EXP 	LowerBrackets: text = '          { }'
48.8611 	EXP 	TopUpperLine: autoDraw = True
48.8611 	EXP 	UpperText: autoDraw = True
48.8611 	EXP 	UpperBrackets: autoDraw = True
48.8611 	EXP 	BotUpperLine: autoDraw = True
48.8611 	EXP 	TopLowerLine: autoDraw = True
48.8611 	EXP 	BotLowerLine: autoDraw = True
48.8611 	EXP 	TrialCrossHair: autoDraw = True
48.8616 	EXP 	window1: recordFrameIntervals = False
50.8190 	EXP 	UpperText: autoDraw = False
50.8190 	EXP 	UpperBrackets: autoDraw = False
55.8259 	EXP 	LowerText: autoDraw = True
55.8259 	EXP 	LowerBrackets: autoDraw = True
57.0317 	DATA 	Keypress: right
57.8195 	EXP 	LowerText: autoDraw = False
57.8195 	EXP 	LowerBrackets: autoDraw = False
57.8195 	EXP 	TrialCrossHair: autoDraw = False
57.8250 	EXP 	RestCrossHair: autoDraw = True
61.8289 	EXP 	TopUpperLine: autoDraw = False
61.8289 	EXP 	BotUpperLine: autoDraw = False
61.8289 	EXP 	TopLowerLine: autoDraw = False
61.8289 	EXP 	BotLowerLine: autoDraw = False
61.8289 	EXP 	RestCrossHair: autoDraw = False
61.8289 	EXP 	TopUpperLine: autoDraw = False
61.8289 	EXP 	UpperText: autoDraw = False
61.8289 	EXP 	UpperBrackets: autoDraw = False
61.8289 	EXP 	BotUpperLine: autoDraw = False
61.8289 	EXP 	TopLowerLine: autoDraw = False
61.8289 	EXP 	LowerText: autoDraw = False
61.8289 	EXP 	LowerBrackets: autoDraw = False
61.8289 	EXP 	BotLowerLine: autoDraw = False
61.8289 	EXP 	TrialCrossHair: autoDraw = False
61.8289 	EXP 	RestCrossHair: autoDraw = False
61.8289 	EXP 	FeedbackMsg: text = 'Correct! RT=1.214'
61.8289 	EXP 	FeedbackMsg: autoDraw = True
63.3194 	EXP 	FeedbackMsg: autoDraw = False
63.3194 	EXP 	FeedbackMsg: autoDraw = False
63.3194 	EXP 	RestCrossHair: autoDraw = True
64.3119 	EXP 	New trial (rep=0, index=3): {'RetDur': 5, 'BotBrack': 4, 'StimDur': 2, 'UpBrack': 23456, 'ProbeDurITI': 6, 'ProbeDur': 2, 'ProbeStart': 7, 'TrialDur': 9, 'ITI': 4, 'StimSet': u'QXRYTF', 'RetStart': 2, 'ProbeLet': u'nhldjk', 'TrialITIDur': 13, 'Correct': u'right'}
64.3653 	EXP 	window1: recordFrameIntervals = False
64.3691 	EXP 	RestCrossHair: autoDraw = False
64.3691 	EXP 	RestCrossHair: autoDraw = False
64.3691 	EXP 	UpperText: text = u' Q X R Y T F '
64.3691 	EXP 	UpperBrackets: text = '  {         }'
64.3691 	EXP 	LowerText: text = u' n h l d j k '
64.3691 	EXP 	LowerBrackets: text = '      { }    '
64.3691 	EXP 	TopUpperLine: autoDraw = True
64.3691 	EXP 	UpperText: autoDraw = True
64.3691 	EXP 	UpperBrackets: autoDraw = True
64.3691 	EXP 	BotUpperLine: autoDraw = True
64.3691 	EXP 	TopLowerLine: autoDraw = True
64.3691 	EXP 	BotLowerLine: autoDraw = True
64.3691 	EXP 	TrialCrossHair: autoDraw = True
64.3697 	EXP 	window1: recordFrameIntervals = False
66.3159 	EXP 	UpperText: autoDraw = False
66.3159 	EXP 	UpperBrackets: autoDraw = False
71.3227 	EXP 	LowerText: autoDraw = True
71.3227 	EXP 	LowerBrackets: autoDraw = True
72.2880 	DATA 	Keypress: right
73.3168 	EXP 	LowerText: autoDraw = False
73.3168 	EXP 	LowerBrackets: autoDraw = False
73.3168 	EXP 	TrialCrossHair: autoDraw = False
73.3263 	EXP 	RestCrossHair: autoDraw = True
77.3298 	EXP 	TopUpperLine: autoDraw = False
77.3298 	EXP 	BotUpperLine: autoDraw = False
77.3298 	EXP 	TopLowerLine: autoDraw = False
77.3298 	EXP 	BotLowerLine: autoDraw = False
77.3298 	EXP 	RestCrossHair: autoDraw = False
77.3298 	EXP 	TopUpperLine: autoDraw = False
77.3298 	EXP 	UpperText: autoDraw = False
77.3298 	EXP 	UpperBrackets: autoDraw = False
77.3298 	EXP 	BotUpperLine: autoDraw = False
77.3298 	EXP 	TopLowerLine: autoDraw = False
77.3298 	EXP 	LowerText: autoDraw = False
77.3298 	EXP 	LowerBrackets: autoDraw = False
77.3298 	EXP 	BotLowerLine: autoDraw = False
77.3298 	EXP 	TrialCrossHair: autoDraw = False
77.3298 	EXP 	RestCrossHair: autoDraw = False
77.3298 	EXP 	FeedbackMsg: text = 'Correct! RT=0.971'
77.3298 	EXP 	FeedbackMsg: autoDraw = True
78.8168 	EXP 	FeedbackMsg: autoDraw = False
78.8168 	EXP 	FeedbackMsg: autoDraw = False
78.8168 	EXP 	RestCrossHair: autoDraw = True
79.8091 	EXP 	New trial (rep=0, index=4): {'RetDur': 5, 'BotBrack': 0, 'StimDur': 2, 'UpBrack': 23456, 'ProbeDurITI': 4, 'ProbeDur': 0, 'ProbeStart': 7, 'TrialDur': 7, 'ITI': 4, 'StimSet': u'DLRMWY', 'RetStart': 2, 'ProbeLet': u' ', 'TrialITIDur': 11, 'Correct': u'none'}
79.8402 	EXP 	window1: recordFrameIntervals = False
79.8440 	EXP 	RestCrossHair: autoDraw = False
79.8440 	EXP 	RestCrossHair: autoDraw = False
79.8440 	EXP 	UpperText: text = u' D L R M W Y '
79.8440 	EXP 	UpperBrackets: text = '  {         }'
79.8440 	EXP 	LowerText: text = u'   '
79.8440 	EXP 	LowerBrackets: text = ''
79.8440 	EXP 	TopUpperLine: autoDraw = True
79.8440 	EXP 	UpperText: autoDraw = True
79.8440 	EXP 	UpperBrackets: autoDraw = True
79.8440 	EXP 	BotUpperLine: autoDraw = True
79.8440 	EXP 	TopLowerLine: autoDraw = True
79.8440 	EXP 	BotLowerLine: autoDraw = True
79.8440 	EXP 	TrialCrossHair: autoDraw = True
79.8446 	EXP 	window1: recordFrameIntervals = False
81.8133 	EXP 	UpperText: autoDraw = False
81.8133 	EXP 	UpperBrackets: autoDraw = False
86.8156 	EXP 	LowerText: autoDraw = True
86.8156 	EXP 	LowerBrackets: autoDraw = True
86.8156 	EXP 	TrialCrossHair: autoDraw = False
86.8156 	EXP 	RestCrossHair: autoDraw = True
86.8221 	EXP 	LowerText: autoDraw = False
86.8221 	EXP 	LowerBrackets: autoDraw = False
90.8237 	EXP 	TopUpperLine: autoDraw = False
90.8237 	EXP 	BotUpperLine: autoDraw = False
90.8237 	EXP 	TopLowerLine: autoDraw = False
90.8237 	EXP 	BotLowerLine: autoDraw = False
90.8237 	EXP 	RestCrossHair: autoDraw = False
90.8237 	EXP 	TopUpperLine: autoDraw = False
90.8237 	EXP 	UpperText: autoDraw = False
90.8237 	EXP 	UpperBrackets: autoDraw = False
90.8237 	EXP 	BotUpperLine: autoDraw = False
90.8237 	EXP 	TopLowerLine: autoDraw = False
90.8237 	EXP 	LowerText: autoDraw = False
90.8237 	EXP 	LowerBrackets: autoDraw = False
90.8237 	EXP 	BotLowerLine: autoDraw = False
90.8237 	EXP 	TrialCrossHair: autoDraw = False
90.8237 	EXP 	RestCrossHair: autoDraw = False
90.8237 	EXP 	FeedbackMsg: text = 'No response, good!'
90.8237 	EXP 	FeedbackMsg: autoDraw = True
92.3152 	EXP 	FeedbackMsg: autoDraw = False
92.3152 	EXP 	FeedbackMsg: autoDraw = False
92.3152 	EXP 	RestCrossHair: autoDraw = True
93.3149 	EXP 	New trial (rep=0, index=5): {'RetDur': 0, 'BotBrack': 0, 'StimDur': 2, 'UpBrack': 123456, 'ProbeDurITI': 4, 'ProbeDur': 0, 'ProbeStart': 2, 'TrialDur': 2, 'ITI': 4, 'StimSet': u'QTNXRL', 'RetStart': 2, 'ProbeLet': u' ', 'TrialITIDur': 6, 'Correct': u'none'}
93.3634 	EXP 	window1: recordFrameIntervals = False
93.3701 	EXP 	RestCrossHair: autoDraw = False
93.3701 	EXP 	UpperText: text = u' Q T N X R L '
93.3701 	EXP 	UpperBrackets: text = '{           }'
93.3701 	EXP 	LowerText: text = u'   '
93.3701 	EXP 	LowerBrackets: text = ''
93.3701 	EXP 	TopUpperLine: autoDraw = True
93.3701 	EXP 	UpperText: autoDraw = True
93.3701 	EXP 	UpperBrackets: autoDraw = True
93.3701 	EXP 	BotUpperLine: autoDraw = True
93.3701 	EXP 	TopLowerLine: autoDraw = True
93.3701 	EXP 	BotLowerLine: autoDraw = True
93.3701 	EXP 	TrialCrossHair: autoDraw = True
93.3711 	EXP 	window1: recordFrameIntervals = False
95.3219 	EXP 	UpperText: autoDraw = False
95.3219 	EXP 	UpperBrackets: autoDraw = False
95.3219 	EXP 	TrialCrossHair: autoDraw = False
95.3276 	EXP 	LowerText: autoDraw = True
95.3276 	EXP 	LowerBrackets: autoDraw = True
95.3276 	EXP 	RestCrossHair: autoDraw = True
95.3329 	EXP 	LowerText: autoDraw = False
95.3329 	EXP 	LowerBrackets: autoDraw = False
99.3291 	EXP 	TopUpperLine: autoDraw = False
99.3291 	EXP 	BotUpperLine: autoDraw = False
99.3291 	EXP 	TopLowerLine: autoDraw = False
99.3291 	EXP 	BotLowerLine: autoDraw = False
99.3291 	EXP 	RestCrossHair: autoDraw = False
99.3291 	EXP 	TopUpperLine: autoDraw = False
99.3291 	EXP 	UpperText: autoDraw = False
99.3291 	EXP 	UpperBrackets: autoDraw = False
99.3291 	EXP 	BotUpperLine: autoDraw = False
99.3291 	EXP 	TopLowerLine: autoDraw = False
99.3291 	EXP 	LowerText: autoDraw = False
99.3291 	EXP 	LowerBrackets: autoDraw = False
99.3291 	EXP 	BotLowerLine: autoDraw = False
99.3291 	EXP 	TrialCrossHair: autoDraw = False
99.3291 	EXP 	RestCrossHair: autoDraw = False
99.3291 	EXP 	FeedbackMsg: text = 'No response, good!'
99.3291 	EXP 	FeedbackMsg: autoDraw = True
100.8221 	EXP 	FeedbackMsg: autoDraw = False
100.8221 	EXP 	RestCrossHair: autoDraw = True
101.8172 	EXP 	New trial (rep=0, index=6): {'RetDur': 0, 'BotBrack': 0, 'StimDur': 2, 'UpBrack': 1234, 'ProbeDurITI': 4, 'ProbeDur': 0, 'ProbeStart': 2, 'TrialDur': 2, 'ITI': 4, 'StimSet': u'RTKXWF', 'RetStart': 2, 'ProbeLet': u' ', 'TrialITIDur': 6, 'Correct': u'none'}
101.8432 	EXP 	window1: recordFrameIntervals = False
101.8475 	EXP 	RestCrossHair: autoDraw = False
101.8475 	EXP 	UpperText: text = u' R T K X W F '
101.8475 	EXP 	UpperBrackets: text = '{       }    '
101.8475 	EXP 	LowerText: text = u'   '
101.8475 	EXP 	LowerBrackets: text = ''
101.8475 	EXP 	TopUpperLine: autoDraw = True
101.8475 	EXP 	UpperText: autoDraw = True
101.8475 	EXP 	UpperBrackets: autoDraw = True
101.8475 	EXP 	BotUpperLine: autoDraw = True
101.8475 	EXP 	TopLowerLine: autoDraw = True
101.8475 	EXP 	BotLowerLine: autoDraw = True
101.8475 	EXP 	TrialCrossHair: autoDraw = True
101.8479 	EXP 	window1: recordFrameIntervals = False
103.8221 	EXP 	UpperText: autoDraw = False
103.8221 	EXP 	UpperBrackets: autoDraw = False
103.8221 	EXP 	TrialCrossHair: autoDraw = False
103.8277 	EXP 	LowerText: autoDraw = True
103.8277 	EXP 	LowerBrackets: autoDraw = True
103.8277 	EXP 	RestCrossHair: autoDraw = True
103.8331 	EXP 	LowerText: autoDraw = False
103.8331 	EXP 	LowerBrackets: autoDraw = False
107.8338 	EXP 	TopUpperLine: autoDraw = False
107.8338 	EXP 	BotUpperLine: autoDraw = False
107.8338 	EXP 	TopLowerLine: autoDraw = False
107.8338 	EXP 	BotLowerLine: autoDraw = False
107.8338 	EXP 	RestCrossHair: autoDraw = False
107.8338 	EXP 	TopUpperLine: autoDraw = False
107.8338 	EXP 	UpperText: autoDraw = False
107.8338 	EXP 	UpperBrackets: autoDraw = False
107.8338 	EXP 	BotUpperLine: autoDraw = False
107.8338 	EXP 	TopLowerLine: autoDraw = False
107.8338 	EXP 	LowerText: autoDraw = False
107.8338 	EXP 	LowerBrackets: autoDraw = False
107.8338 	EXP 	BotLowerLine: autoDraw = False
107.8338 	EXP 	TrialCrossHair: autoDraw = False
107.8338 	EXP 	RestCrossHair: autoDraw = False
107.8338 	EXP 	FeedbackMsg: text = 'No response, good!'
107.8338 	EXP 	FeedbackMsg: autoDraw = True
109.3235 	EXP 	FeedbackMsg: autoDraw = False
109.3235 	EXP 	FeedbackMsg: autoDraw = False
109.3235 	EXP 	RestCrossHair: autoDraw = True
110.3196 	EXP 	New trial (rep=0, index=7): {'RetDur': 0, 'BotBrack': 0, 'StimDur': 2, 'UpBrack': 6, 'ProbeDurITI': 4, 'ProbeDur': 0, 'ProbeStart': 2, 'TrialDur': 2, 'ITI': 4, 'StimSet': u'RXHDLM', 'RetStart': 2, 'ProbeLet': u' ', 'TrialITIDur': 6, 'Correct': u'none'}
110.3494 	EXP 	window1: recordFrameIntervals = False
110.3532 	EXP 	RestCrossHair: autoDraw = False
110.3532 	EXP 	RestCrossHair: autoDraw = False
110.3532 	EXP 	UpperText: text = u' R X H D L M '
110.3532 	EXP 	UpperBrackets: text = '          { }'
110.3532 	EXP 	LowerText: text = u'   '
110.3532 	EXP 	LowerBrackets: text = ''
110.3532 	EXP 	TopUpperLine: autoDraw = True
110.3532 	EXP 	UpperText: autoDraw = True
110.3532 	EXP 	UpperBrackets: autoDraw = True
110.3532 	EXP 	BotUpperLine: autoDraw = True
110.3532 	EXP 	TopLowerLine: autoDraw = True
110.3532 	EXP 	BotLowerLine: autoDraw = True
110.3532 	EXP 	TrialCrossHair: autoDraw = True
110.3536 	EXP 	window1: recordFrameIntervals = False
112.3253 	EXP 	UpperText: autoDraw = False
112.3253 	EXP 	UpperBrackets: autoDraw = False
112.3253 	EXP 	TrialCrossHair: autoDraw = False
112.3308 	EXP 	LowerText: autoDraw = True
112.3308 	EXP 	LowerBrackets: autoDraw = True
112.3308 	EXP 	RestCrossHair: autoDraw = True
112.3377 	EXP 	LowerText: autoDraw = False
112.3377 	EXP 	LowerBrackets: autoDraw = False
116.3429 	EXP 	TopUpperLine: autoDraw = False
116.3429 	EXP 	BotUpperLine: autoDraw = False
116.3429 	EXP 	TopLowerLine: autoDraw = False
116.3429 	EXP 	BotLowerLine: autoDraw = False
116.3429 	EXP 	RestCrossHair: autoDraw = False
116.3429 	EXP 	TopUpperLine: autoDraw = False
116.3429 	EXP 	UpperText: autoDraw = False
116.3429 	EXP 	UpperBrackets: autoDraw = False
116.3429 	EXP 	BotUpperLine: autoDraw = False
116.3429 	EXP 	TopLowerLine: autoDraw = False
116.3429 	EXP 	LowerText: autoDraw = False
116.3429 	EXP 	LowerBrackets: autoDraw = False
116.3429 	EXP 	BotLowerLine: autoDraw = False
116.3429 	EXP 	TrialCrossHair: autoDraw = False
116.3429 	EXP 	RestCrossHair: autoDraw = False
116.3429 	EXP 	FeedbackMsg: text = 'No response, good!'
116.3429 	EXP 	FeedbackMsg: autoDraw = True
117.8274 	EXP 	FeedbackMsg: autoDraw = False
117.8274 	EXP 	RestCrossHair: autoDraw = True
118.8215 	EXP 	New trial (rep=0, index=8): {'RetDur': 5, 'BotBrack': 1, 'StimDur': 2, 'UpBrack': 56, 'ProbeDurITI': 6, 'ProbeDur': 2, 'ProbeStart': 7, 'TrialDur': 9, 'ITI': 4, 'StimSet': u'GJDTXF', 'RetStart': 2, 'ProbeLet': u'frqhwk', 'TrialITIDur': 13, 'Correct': u'down'}
118.8646 	EXP 	window1: recordFrameIntervals = False
118.8684 	EXP 	RestCrossHair: autoDraw = False
118.8684 	EXP 	RestCrossHair: autoDraw = False
118.8684 	EXP 	UpperText: text = u' G J D T X F '
118.8684 	EXP 	UpperBrackets: text = '        {   }'
118.8684 	EXP 	LowerText: text = u' f r q h w k '
118.8684 	EXP 	LowerBrackets: text = '{ }          '
118.8684 	EXP 	TopUpperLine: autoDraw = True
118.8684 	EXP 	UpperText: autoDraw = True
118.8684 	EXP 	UpperBrackets: autoDraw = True
118.8684 	EXP 	BotUpperLine: autoDraw = True
118.8684 	EXP 	TopLowerLine: autoDraw = True
118.8684 	EXP 	BotLowerLine: autoDraw = True
118.8684 	EXP 	TrialCrossHair: autoDraw = True
118.8689 	EXP 	window1: recordFrameIntervals = False
120.8283 	EXP 	UpperText: autoDraw = False
120.8283 	EXP 	UpperBrackets: autoDraw = False
125.8336 	EXP 	LowerText: autoDraw = True
125.8336 	EXP 	LowerBrackets: autoDraw = True
127.8285 	EXP 	LowerText: autoDraw = False
127.8285 	EXP 	LowerBrackets: autoDraw = False
127.8285 	EXP 	TrialCrossHair: autoDraw = False
127.8285 	EXP 	RestCrossHair: autoDraw = True
131.8386 	EXP 	TopUpperLine: autoDraw = False
131.8386 	EXP 	BotUpperLine: autoDraw = False
131.8386 	EXP 	TopLowerLine: autoDraw = False
131.8386 	EXP 	BotLowerLine: autoDraw = False
131.8386 	EXP 	RestCrossHair: autoDraw = False
131.8386 	EXP 	TopUpperLine: autoDraw = False
131.8386 	EXP 	UpperText: autoDraw = False
131.8386 	EXP 	UpperBrackets: autoDraw = False
131.8386 	EXP 	BotUpperLine: autoDraw = False
131.8386 	EXP 	TopLowerLine: autoDraw = False
131.8386 	EXP 	LowerText: autoDraw = False
131.8386 	EXP 	LowerBrackets: autoDraw = False
131.8386 	EXP 	BotLowerLine: autoDraw = False
131.8386 	EXP 	TrialCrossHair: autoDraw = False
131.8386 	EXP 	RestCrossHair: autoDraw = False
131.8386 	EXP 	FeedbackMsg: text = 'No response...miss'
131.8386 	EXP 	FeedbackMsg: autoDraw = True
133.3290 	EXP 	FeedbackMsg: autoDraw = False
133.3290 	EXP 	FeedbackMsg: autoDraw = False
133.3290 	EXP 	RestCrossHair: autoDraw = True
134.3240 	EXP 	New trial (rep=0, index=9): {'RetDur': 5, 'BotBrack': 4, 'StimDur': 2, 'UpBrack': 3456, 'ProbeDurITI': 6, 'ProbeDur': 2, 'ProbeStart': 7, 'TrialDur': 9, 'ITI': 4, 'StimSet': u'QLKTHN', 'RetStart': 2, 'ProbeLet': u'bfywdr', 'TrialITIDur': 13, 'Correct': u'right'}
134.3643 	EXP 	window1: recordFrameIntervals = False
134.3683 	EXP 	RestCrossHair: autoDraw = False
134.3683 	EXP 	UpperText: text = u' Q L K T H N '
134.3683 	EXP 	UpperBrackets: text = '    {       }'
134.3683 	EXP 	LowerText: text = u' b f y w d r '
134.3683 	EXP 	LowerBrackets: text = '      { }    '
134.3683 	EXP 	TopUpperLine: autoDraw = True
134.3683 	EXP 	UpperText: autoDraw = True
134.3683 	EXP 	UpperBrackets: autoDraw = True
134.3683 	EXP 	BotUpperLine: autoDraw = True
134.3683 	EXP 	TopLowerLine: autoDraw = True
134.3683 	EXP 	BotLowerLine: autoDraw = True
134.3683 	EXP 	TrialCrossHair: autoDraw = True
134.3687 	EXP 	window1: recordFrameIntervals = False
136.3332 	EXP 	UpperText: autoDraw = False
136.3332 	EXP 	UpperBrackets: autoDraw = False
141.3338 	EXP 	LowerText: autoDraw = True
141.3338 	EXP 	LowerBrackets: autoDraw = True
143.3329 	EXP 	LowerText: autoDraw = False
143.3329 	EXP 	LowerBrackets: autoDraw = False
143.3329 	EXP 	TrialCrossHair: autoDraw = False
143.3329 	EXP 	RestCrossHair: autoDraw = True
147.3359 	EXP 	TopUpperLine: autoDraw = False
147.3359 	EXP 	BotUpperLine: autoDraw = False
147.3359 	EXP 	TopLowerLine: autoDraw = False
147.3359 	EXP 	BotLowerLine: autoDraw = False
147.3359 	EXP 	RestCrossHair: autoDraw = False
147.3359 	EXP 	TopUpperLine: autoDraw = False
147.3359 	EXP 	UpperText: autoDraw = False
147.3359 	EXP 	UpperBrackets: autoDraw = False
147.3359 	EXP 	BotUpperLine: autoDraw = False
147.3359 	EXP 	TopLowerLine: autoDraw = False
147.3359 	EXP 	LowerText: autoDraw = False
147.3359 	EXP 	LowerBrackets: autoDraw = False
147.3359 	EXP 	BotLowerLine: autoDraw = False
147.3359 	EXP 	TrialCrossHair: autoDraw = False
147.3359 	EXP 	RestCrossHair: autoDraw = False
147.3359 	EXP 	FeedbackMsg: text = 'No response...miss'
147.3359 	EXP 	FeedbackMsg: autoDraw = True
148.8286 	EXP 	FeedbackMsg: autoDraw = False
148.8286 	EXP 	FeedbackMsg: autoDraw = False
148.8286 	EXP 	RestCrossHair: autoDraw = True
149.8231 	EXP 	New trial (rep=0, index=10): {'RetDur': 0, 'BotBrack': 0, 'StimDur': 2, 'UpBrack': 23456, 'ProbeDurITI': 4, 'ProbeDur': 0, 'ProbeStart': 2, 'TrialDur': 2, 'ITI': 4, 'StimSet': u'MJHLRT', 'RetStart': 2, 'ProbeLet': u' ', 'TrialITIDur': 6, 'Correct': u'none'}
149.8502 	EXP 	window1: recordFrameIntervals = False
149.8540 	EXP 	RestCrossHair: autoDraw = False
149.8540 	EXP 	RestCrossHair: autoDraw = False
149.8540 	EXP 	UpperText: text = u' M J H L R T '
149.8540 	EXP 	UpperBrackets: text = '  {         }'
149.8540 	EXP 	LowerText: text = u'   '
149.8540 	EXP 	LowerBrackets: text = ''
149.8540 	EXP 	TopUpperLine: autoDraw = True
149.8540 	EXP 	UpperText: autoDraw = True
149.8540 	EXP 	UpperBrackets: autoDraw = True
149.8540 	EXP 	BotUpperLine: autoDraw = True
149.8540 	EXP 	TopLowerLine: autoDraw = True
149.8540 	EXP 	BotLowerLine: autoDraw = True
149.8540 	EXP 	TrialCrossHair: autoDraw = True
149.8545 	EXP 	window1: recordFrameIntervals = False
151.8268 	EXP 	UpperText: autoDraw = False
151.8268 	EXP 	UpperBrackets: autoDraw = False
151.8268 	EXP 	TrialCrossHair: autoDraw = False
151.8338 	EXP 	LowerText: autoDraw = True
151.8338 	EXP 	LowerBrackets: autoDraw = True
151.8338 	EXP 	RestCrossHair: autoDraw = True
151.8397 	EXP 	LowerText: autoDraw = False
151.8397 	EXP 	LowerBrackets: autoDraw = False
155.8387 	EXP 	TopUpperLine: autoDraw = False
155.8387 	EXP 	BotUpperLine: autoDraw = False
155.8387 	EXP 	TopLowerLine: autoDraw = False
155.8387 	EXP 	BotLowerLine: autoDraw = False
155.8387 	EXP 	RestCrossHair: autoDraw = False
155.8387 	EXP 	TopUpperLine: autoDraw = False
155.8387 	EXP 	UpperText: autoDraw = False
155.8387 	EXP 	UpperBrackets: autoDraw = False
155.8387 	EXP 	BotUpperLine: autoDraw = False
155.8387 	EXP 	TopLowerLine: autoDraw = False
155.8387 	EXP 	LowerText: autoDraw = False
155.8387 	EXP 	LowerBrackets: autoDraw = False
155.8387 	EXP 	BotLowerLine: autoDraw = False
155.8387 	EXP 	TrialCrossHair: autoDraw = False
155.8387 	EXP 	RestCrossHair: autoDraw = False
155.8387 	EXP 	FeedbackMsg: text = 'No response, good!'
155.8387 	EXP 	FeedbackMsg: autoDraw = True
157.3292 	EXP 	FeedbackMsg: autoDraw = False
157.3292 	EXP 	RestCrossHair: autoDraw = True
158.3252 	EXP 	New trial (rep=0, index=11): {'RetDur': 0, 'BotBrack': 0, 'StimDur': 2, 'UpBrack': 345, 'ProbeDurITI': 4, 'ProbeDur': 0, 'ProbeStart': 2, 'TrialDur': 2, 'ITI': 4, 'StimSet': u'JGHRTL', 'RetStart': 2, 'ProbeLet': u' ', 'TrialITIDur': 6, 'Correct': u'none'}
158.3524 	EXP 	window1: recordFrameIntervals = False
158.3562 	EXP 	RestCrossHair: autoDraw = False
158.3562 	EXP 	UpperText: text = u' J G H R T L '
158.3562 	EXP 	UpperBrackets: text = '    {     }  '
158.3562 	EXP 	LowerText: text = u'   '
158.3562 	EXP 	LowerBrackets: text = ''
158.3562 	EXP 	TopUpperLine: autoDraw = True
158.3562 	EXP 	UpperText: autoDraw = True
158.3562 	EXP 	UpperBrackets: autoDraw = True
158.3562 	EXP 	BotUpperLine: autoDraw = True
158.3562 	EXP 	TopLowerLine: autoDraw = True
158.3562 	EXP 	BotLowerLine: autoDraw = True
158.3562 	EXP 	TrialCrossHair: autoDraw = True
158.3568 	EXP 	window1: recordFrameIntervals = False
160.3284 	EXP 	UpperText: autoDraw = False
160.3284 	EXP 	UpperBrackets: autoDraw = False
160.3284 	EXP 	TrialCrossHair: autoDraw = False
160.3349 	EXP 	LowerText: autoDraw = True
160.3349 	EXP 	LowerBrackets: autoDraw = True
160.3349 	EXP 	RestCrossHair: autoDraw = True
160.3408 	EXP 	LowerText: autoDraw = False
160.3408 	EXP 	LowerBrackets: autoDraw = False
164.3365 	EXP 	TopUpperLine: autoDraw = False
164.3365 	EXP 	BotUpperLine: autoDraw = False
164.3365 	EXP 	TopLowerLine: autoDraw = False
164.3365 	EXP 	BotLowerLine: autoDraw = False
164.3365 	EXP 	RestCrossHair: autoDraw = False
164.3365 	EXP 	TopUpperLine: autoDraw = False
164.3365 	EXP 	UpperText: autoDraw = False
164.3365 	EXP 	UpperBrackets: autoDraw = False
164.3365 	EXP 	BotUpperLine: autoDraw = False
164.3365 	EXP 	TopLowerLine: autoDraw = False
164.3365 	EXP 	LowerText: autoDraw = False
164.3365 	EXP 	LowerBrackets: autoDraw = False
164.3365 	EXP 	BotLowerLine: autoDraw = False
164.3365 	EXP 	TrialCrossHair: autoDraw = False
164.3365 	EXP 	RestCrossHair: autoDraw = False
164.3365 	EXP 	FeedbackMsg: text = 'No response, good!'
164.3365 	EXP 	FeedbackMsg: autoDraw = True
165.8284 	EXP 	FeedbackMsg: autoDraw = False
165.8284 	EXP 	FeedbackMsg: autoDraw = False
165.8284 	EXP 	RestCrossHair: autoDraw = True
166.8217 	EXP 	New trial (rep=0, index=12): {'RetDur': 5, 'BotBrack': 3, 'StimDur': 2, 'UpBrack': 123456, 'ProbeDurITI': 6, 'ProbeDur': 2, 'ProbeStart': 7, 'TrialDur': 9, 'ITI': 4, 'StimSet': u'BRNXMQ', 'RetStart': 2, 'ProbeLet': u'kydwlh', 'TrialITIDur': 13, 'Correct': u'right'}
166.8622 	EXP 	window1: recordFrameIntervals = False
166.8660 	EXP 	RestCrossHair: autoDraw = False
166.8660 	EXP 	RestCrossHair: autoDraw = False
166.8660 	EXP 	UpperText: text = u' B R N X M Q '
166.8660 	EXP 	UpperBrackets: text = '{           }'
166.8660 	EXP 	LowerText: text = u' k y d w l h '
166.8660 	EXP 	LowerBrackets: text = '    { }      '
166.8660 	EXP 	TopUpperLine: autoDraw = True
166.8660 	EXP 	UpperText: autoDraw = True
166.8660 	EXP 	UpperBrackets: autoDraw = True
166.8660 	EXP 	BotUpperLine: autoDraw = True
166.8660 	EXP 	TopLowerLine: autoDraw = True
166.8660 	EXP 	BotLowerLine: autoDraw = True
166.8660 	EXP 	TrialCrossHair: autoDraw = True
166.8664 	EXP 	window1: recordFrameIntervals = False
168.8269 	EXP 	UpperText: autoDraw = False
168.8269 	EXP 	UpperBrackets: autoDraw = False
173.8304 	EXP 	LowerText: autoDraw = True
173.8304 	EXP 	LowerBrackets: autoDraw = True
175.8302 	EXP 	LowerText: autoDraw = False
175.8302 	EXP 	LowerBrackets: autoDraw = False
175.8302 	EXP 	TrialCrossHair: autoDraw = False
175.8302 	EXP 	RestCrossHair: autoDraw = True
179.8382 	EXP 	TopUpperLine: autoDraw = False
179.8382 	EXP 	BotUpperLine: autoDraw = False
179.8382 	EXP 	TopLowerLine: autoDraw = False
179.8382 	EXP 	BotLowerLine: autoDraw = False
179.8382 	EXP 	RestCrossHair: autoDraw = False
179.8382 	EXP 	TopUpperLine: autoDraw = False
179.8382 	EXP 	UpperText: autoDraw = False
179.8382 	EXP 	UpperBrackets: autoDraw = False
179.8382 	EXP 	BotUpperLine: autoDraw = False
179.8382 	EXP 	TopLowerLine: autoDraw = False
179.8382 	EXP 	LowerText: autoDraw = False
179.8382 	EXP 	LowerBrackets: autoDraw = False
179.8382 	EXP 	BotLowerLine: autoDraw = False
179.8382 	EXP 	TrialCrossHair: autoDraw = False
179.8382 	EXP 	RestCrossHair: autoDraw = False
179.8382 	EXP 	FeedbackMsg: text = 'No response...miss'
179.8382 	EXP 	FeedbackMsg: autoDraw = True
181.3298 	EXP 	FeedbackMsg: autoDraw = False
181.3298 	EXP 	FeedbackMsg: autoDraw = False
181.3298 	EXP 	RestCrossHair: autoDraw = True
182.3270 	EXP 	New trial (rep=0, index=13): {'RetDur': 0, 'BotBrack': 5, 'StimDur': 2, 'UpBrack': 56, 'ProbeDurITI': 6, 'ProbeDur': 2, 'ProbeStart': 2, 'TrialDur': 4, 'ITI': 4, 'StimSet': u'FGRKTW', 'RetStart': 2, 'ProbeLet': u'qnjywd', 'TrialITIDur': 8, 'Correct': u'down'}
182.3708 	EXP 	window1: recordFrameIntervals = False
182.3744 	EXP 	RestCrossHair: autoDraw = False
182.3744 	EXP 	UpperText: text = u' F G R K T W '
182.3744 	EXP 	UpperBrackets: text = '        {   }'
182.3744 	EXP 	LowerText: text = u' q n j y w d '
182.3744 	EXP 	LowerBrackets: text = '        { }  '
182.3744 	EXP 	TopUpperLine: autoDraw = True
182.3744 	EXP 	UpperText: autoDraw = True
182.3744 	EXP 	UpperBrackets: autoDraw = True
182.3744 	EXP 	BotUpperLine: autoDraw = True
182.3744 	EXP 	TopLowerLine: autoDraw = True
182.3744 	EXP 	BotLowerLine: autoDraw = True
182.3744 	EXP 	TrialCrossHair: autoDraw = True
182.3749 	EXP 	window1: recordFrameIntervals = False
184.3370 	EXP 	UpperText: autoDraw = False
184.3370 	EXP 	UpperBrackets: autoDraw = False
184.3370 	EXP 	LowerText: autoDraw = True
184.3370 	EXP 	LowerBrackets: autoDraw = True
186.3299 	EXP 	LowerText: autoDraw = False
186.3299 	EXP 	LowerBrackets: autoDraw = False
186.3299 	EXP 	TrialCrossHair: autoDraw = False
186.3369 	EXP 	RestCrossHair: autoDraw = True
190.3387 	EXP 	TopUpperLine: autoDraw = False
190.3387 	EXP 	BotUpperLine: autoDraw = False
190.3387 	EXP 	TopLowerLine: autoDraw = False
190.3387 	EXP 	BotLowerLine: autoDraw = False
190.3387 	EXP 	RestCrossHair: autoDraw = False
190.3387 	EXP 	TopUpperLine: autoDraw = False
190.3387 	EXP 	UpperText: autoDraw = False
190.3387 	EXP 	UpperBrackets: autoDraw = False
190.3387 	EXP 	BotUpperLine: autoDraw = False
190.3387 	EXP 	TopLowerLine: autoDraw = False
190.3387 	EXP 	LowerText: autoDraw = False
190.3387 	EXP 	LowerBrackets: autoDraw = False
190.3387 	EXP 	BotLowerLine: autoDraw = False
190.3387 	EXP 	TrialCrossHair: autoDraw = False
190.3387 	EXP 	RestCrossHair: autoDraw = False
190.3387 	EXP 	FeedbackMsg: text = 'No response...miss'
190.3387 	EXP 	FeedbackMsg: autoDraw = True
191.8327 	EXP 	FeedbackMsg: autoDraw = False
191.8327 	EXP 	RestCrossHair: autoDraw = True
192.8276 	EXP 	New trial (rep=0, index=14): {'RetDur': 5, 'BotBrack': 0, 'StimDur': 2, 'UpBrack': 123, 'ProbeDurITI': 4, 'ProbeDur': 0, 'ProbeStart': 7, 'TrialDur': 7, 'ITI': 4, 'StimSet': u'WNQBGX', 'RetStart': 2, 'ProbeLet': u' ', 'TrialITIDur': 11, 'Correct': u'none'}
192.8549 	EXP 	window1: recordFrameIntervals = False
192.8587 	EXP 	RestCrossHair: autoDraw = False
192.8587 	EXP 	UpperText: text = u' W N Q B G X '
192.8587 	EXP 	UpperBrackets: text = '{     }      '
192.8587 	EXP 	LowerText: text = u'   '
192.8587 	EXP 	LowerBrackets: text = ''
192.8587 	EXP 	TopUpperLine: autoDraw = True
192.8587 	EXP 	UpperText: autoDraw = True
192.8587 	EXP 	UpperBrackets: autoDraw = True
192.8587 	EXP 	BotUpperLine: autoDraw = True
192.8587 	EXP 	TopLowerLine: autoDraw = True
192.8587 	EXP 	BotLowerLine: autoDraw = True
192.8587 	EXP 	TrialCrossHair: autoDraw = True
192.8594 	EXP 	window1: recordFrameIntervals = False
194.8338 	EXP 	UpperText: autoDraw = False
194.8338 	EXP 	UpperBrackets: autoDraw = False
199.8358 	EXP 	LowerText: autoDraw = True
199.8358 	EXP 	LowerBrackets: autoDraw = True
199.8358 	EXP 	TrialCrossHair: autoDraw = False
199.8358 	EXP 	RestCrossHair: autoDraw = True
199.8408 	EXP 	LowerText: autoDraw = False
199.8408 	EXP 	LowerBrackets: autoDraw = False
203.8463 	EXP 	TopUpperLine: autoDraw = False
203.8463 	EXP 	BotUpperLine: autoDraw = False
203.8463 	EXP 	TopLowerLine: autoDraw = False
203.8463 	EXP 	BotLowerLine: autoDraw = False
203.8463 	EXP 	RestCrossHair: autoDraw = False
203.8463 	EXP 	TopUpperLine: autoDraw = False
203.8463 	EXP 	UpperText: autoDraw = False
203.8463 	EXP 	UpperBrackets: autoDraw = False
203.8463 	EXP 	BotUpperLine: autoDraw = False
203.8463 	EXP 	TopLowerLine: autoDraw = False
203.8463 	EXP 	LowerText: autoDraw = False
203.8463 	EXP 	LowerBrackets: autoDraw = False
203.8463 	EXP 	BotLowerLine: autoDraw = False
203.8463 	EXP 	TrialCrossHair: autoDraw = False
203.8463 	EXP 	RestCrossHair: autoDraw = False
203.8463 	EXP 	FeedbackMsg: text = 'No response, good!'
203.8463 	EXP 	FeedbackMsg: autoDraw = True
205.3325 	EXP 	FeedbackMsg: autoDraw = False
205.3325 	EXP 	FeedbackMsg: autoDraw = False
205.3325 	EXP 	RestCrossHair: autoDraw = True
206.3273 	EXP 	New trial (rep=0, index=15): {'RetDur': 5, 'BotBrack': 2, 'StimDur': 2, 'UpBrack': 5, 'ProbeDurITI': 6, 'ProbeDur': 2, 'ProbeStart': 7, 'TrialDur': 9, 'ITI': 4, 'StimSet': u'RNDYWX', 'RetStart': 2, 'ProbeLet': u'fwjqlk', 'TrialITIDur': 13, 'Correct': u'down'}
206.3704 	EXP 	window1: recordFrameIntervals = False
206.3742 	EXP 	RestCrossHair: autoDraw = False
206.3742 	EXP 	RestCrossHair: autoDraw = False
206.3742 	EXP 	UpperText: text = u' R N D Y W X '
206.3742 	EXP 	UpperBrackets: text = '        { }  '
206.3742 	EXP 	LowerText: text = u' f w j q l k '
206.3742 	EXP 	LowerBrackets: text = '  { }        '
206.3742 	EXP 	TopUpperLine: autoDraw = True
206.3742 	EXP 	UpperText: autoDraw = True
206.3742 	EXP 	UpperBrackets: autoDraw = True
206.3742 	EXP 	BotUpperLine: autoDraw = True
206.3742 	EXP 	TopLowerLine: autoDraw = True
206.3742 	EXP 	BotLowerLine: autoDraw = True
206.3742 	EXP 	TrialCrossHair: autoDraw = True
206.3747 	EXP 	window1: recordFrameIntervals = False
208.3316 	EXP 	UpperText: autoDraw = False
208.3316 	EXP 	UpperBrackets: autoDraw = False
213.3349 	EXP 	LowerText: autoDraw = True
213.3349 	EXP 	LowerBrackets: autoDraw = True
215.3326 	EXP 	LowerText: autoDraw = False
215.3326 	EXP 	LowerBrackets: autoDraw = False
215.3326 	EXP 	TrialCrossHair: autoDraw = False
215.3381 	EXP 	RestCrossHair: autoDraw = True
219.3414 	EXP 	TopUpperLine: autoDraw = False
219.3414 	EXP 	BotUpperLine: autoDraw = False
219.3414 	EXP 	TopLowerLine: autoDraw = False
219.3414 	EXP 	BotLowerLine: autoDraw = False
219.3414 	EXP 	RestCrossHair: autoDraw = False
219.3414 	EXP 	TopUpperLine: autoDraw = False
219.3414 	EXP 	UpperText: autoDraw = False
219.3414 	EXP 	UpperBrackets: autoDraw = False
219.3414 	EXP 	BotUpperLine: autoDraw = False
219.3414 	EXP 	TopLowerLine: autoDraw = False
219.3414 	EXP 	LowerText: autoDraw = False
219.3414 	EXP 	LowerBrackets: autoDraw = False
219.3414 	EXP 	BotLowerLine: autoDraw = False
219.3414 	EXP 	TrialCrossHair: autoDraw = False
219.3414 	EXP 	RestCrossHair: autoDraw = False
219.3414 	EXP 	FeedbackMsg: text = 'No response...miss'
219.3414 	EXP 	FeedbackMsg: autoDraw = True
220.8324 	EXP 	FeedbackMsg: autoDraw = False
220.8324 	EXP 	FeedbackMsg: autoDraw = False
220.8324 	EXP 	RestCrossHair: autoDraw = True
221.8297 	EXP 	New trial (rep=0, index=16): {'RetDur': 5, 'BotBrack': 0, 'StimDur': 2, 'UpBrack': 23, 'ProbeDurITI': 4, 'ProbeDur': 0, 'ProbeStart': 7, 'TrialDur': 7, 'ITI': 4, 'StimSet': u'XFNWTJ', 'RetStart': 2, 'ProbeLet': u' ', 'TrialITIDur': 11, 'Correct': u'none'}
221.8578 	EXP 	window1: recordFrameIntervals = False
221.8615 	EXP 	RestCrossHair: autoDraw = False
221.8615 	EXP 	RestCrossHair: autoDraw = False
221.8615 	EXP 	UpperText: text = u' X F N W T J '
221.8615 	EXP 	UpperBrackets: text = '  {   }      '
221.8615 	EXP 	LowerText: text = u'   '
221.8615 	EXP 	LowerBrackets: text = ''
221.8615 	EXP 	TopUpperLine: autoDraw = True
221.8615 	EXP 	UpperText: autoDraw = True
221.8615 	EXP 	UpperBrackets: autoDraw = True
221.8615 	EXP 	BotUpperLine: autoDraw = True
221.8615 	EXP 	TopLowerLine: autoDraw = True
221.8615 	EXP 	BotLowerLine: autoDraw = True
221.8615 	EXP 	TrialCrossHair: autoDraw = True
221.8619 	EXP 	window1: recordFrameIntervals = False
223.8366 	EXP 	UpperText: autoDraw = False
223.8366 	EXP 	UpperBrackets: autoDraw = False
228.8368 	EXP 	TrialCrossHair: autoDraw = False
228.8441 	EXP 	LowerText: autoDraw = True
228.8441 	EXP 	LowerBrackets: autoDraw = True
228.8441 	EXP 	RestCrossHair: autoDraw = True
228.8503 	EXP 	LowerText: autoDraw = False
228.8503 	EXP 	LowerBrackets: autoDraw = False
232.8418 	EXP 	TopUpperLine: autoDraw = False
232.8418 	EXP 	BotUpperLine: autoDraw = False
232.8418 	EXP 	TopLowerLine: autoDraw = False
232.8418 	EXP 	BotLowerLine: autoDraw = False
232.8418 	EXP 	RestCrossHair: autoDraw = False
232.8418 	EXP 	TopUpperLine: autoDraw = False
232.8418 	EXP 	UpperText: autoDraw = False
232.8418 	EXP 	UpperBrackets: autoDraw = False
232.8418 	EXP 	BotUpperLine: autoDraw = False
232.8418 	EXP 	TopLowerLine: autoDraw = False
232.8418 	EXP 	LowerText: autoDraw = False
232.8418 	EXP 	LowerBrackets: autoDraw = False
232.8418 	EXP 	BotLowerLine: autoDraw = False
232.8418 	EXP 	TrialCrossHair: autoDraw = False
232.8418 	EXP 	RestCrossHair: autoDraw = False
232.8418 	EXP 	FeedbackMsg: text = 'No response, good!'
232.8418 	EXP 	FeedbackMsg: autoDraw = True
234.3346 	EXP 	FeedbackMsg: autoDraw = False
234.3346 	EXP 	RestCrossHair: autoDraw = True
235.3296 	EXP 	New trial (rep=0, index=17): {'RetDur': 5, 'BotBrack': 5, 'StimDur': 2, 'UpBrack': 12345, 'ProbeDurITI': 6, 'ProbeDur': 2, 'ProbeStart': 7, 'TrialDur': 9, 'ITI': 4, 'StimSet': u'JQWKHY', 'RetStart': 2, 'ProbeLet': u'rflmjn', 'TrialITIDur': 13, 'Correct': u'down'}
235.3752 	EXP 	window1: recordFrameIntervals = False
235.3790 	EXP 	RestCrossHair: autoDraw = False
235.3790 	EXP 	UpperText: text = u' J Q W K H Y '
235.3790 	EXP 	UpperBrackets: text = '{         }  '
235.3790 	EXP 	LowerText: text = u' r f l m j n '
235.3790 	EXP 	LowerBrackets: text = '        { }  '
235.3790 	EXP 	TopUpperLine: autoDraw = True
235.3790 	EXP 	UpperText: autoDraw = True
235.3790 	EXP 	UpperBrackets: autoDraw = True
235.3790 	EXP 	BotUpperLine: autoDraw = True
235.3790 	EXP 	TopLowerLine: autoDraw = True
235.3790 	EXP 	BotLowerLine: autoDraw = True
235.3790 	EXP 	TrialCrossHair: autoDraw = True
235.3795 	EXP 	window1: recordFrameIntervals = False
237.3368 	EXP 	UpperText: autoDraw = False
237.3368 	EXP 	UpperBrackets: autoDraw = False
242.3380 	EXP 	LowerText: autoDraw = True
242.3380 	EXP 	LowerBrackets: autoDraw = True
244.3341 	EXP 	LowerText: autoDraw = False
244.3341 	EXP 	LowerBrackets: autoDraw = False
244.3341 	EXP 	TrialCrossHair: autoDraw = False
244.3396 	EXP 	RestCrossHair: autoDraw = True
248.3465 	EXP 	TopUpperLine: autoDraw = False
248.3465 	EXP 	BotUpperLine: autoDraw = False
248.3465 	EXP 	TopLowerLine: autoDraw = False
248.3465 	EXP 	BotLowerLine: autoDraw = False
248.3465 	EXP 	RestCrossHair: autoDraw = False
248.3465 	EXP 	TopUpperLine: autoDraw = False
248.3465 	EXP 	UpperText: autoDraw = False
248.3465 	EXP 	UpperBrackets: autoDraw = False
248.3465 	EXP 	BotUpperLine: autoDraw = False
248.3465 	EXP 	TopLowerLine: autoDraw = False
248.3465 	EXP 	LowerText: autoDraw = False
248.3465 	EXP 	LowerBrackets: autoDraw = False
248.3465 	EXP 	BotLowerLine: autoDraw = False
248.3465 	EXP 	TrialCrossHair: autoDraw = False
248.3465 	EXP 	RestCrossHair: autoDraw = False
248.3465 	EXP 	FeedbackMsg: text = 'No response...miss'
248.3465 	EXP 	FeedbackMsg: autoDraw = True
249.8381 	EXP 	FeedbackMsg: autoDraw = False
249.8381 	EXP 	RestCrossHair: autoDraw = True
250.8342 	EXP 	New trial (rep=0, index=18): {'RetDur': 5, 'BotBrack': 0, 'StimDur': 2, 'UpBrack': 6, 'ProbeDurITI': 4, 'ProbeDur': 0, 'ProbeStart': 7, 'TrialDur': 7, 'ITI': 4, 'StimSet': u'NJBYLH', 'RetStart': 2, 'ProbeLet': u' ', 'TrialITIDur': 11, 'Correct': u'right'}
250.8614 	EXP 	window1: recordFrameIntervals = False
250.8655 	EXP 	RestCrossHair: autoDraw = False
250.8655 	EXP 	UpperText: text = u' N J B Y L H '
250.8655 	EXP 	UpperBrackets: text = '          { }'
250.8655 	EXP 	LowerText: text = u'   '
250.8655 	EXP 	LowerBrackets: text = ''
250.8655 	EXP 	TopUpperLine: autoDraw = True
250.8655 	EXP 	UpperText: autoDraw = True
250.8655 	EXP 	UpperBrackets: autoDraw = True
250.8655 	EXP 	BotUpperLine: autoDraw = True
250.8655 	EXP 	TopLowerLine: autoDraw = True
250.8655 	EXP 	BotLowerLine: autoDraw = True
250.8655 	EXP 	TrialCrossHair: autoDraw = True
250.8660 	EXP 	window1: recordFrameIntervals = False
252.8380 	EXP 	UpperText: autoDraw = False
252.8380 	EXP 	UpperBrackets: autoDraw = False
257.8400 	EXP 	TrialCrossHair: autoDraw = False
257.8465 	EXP 	LowerText: autoDraw = True
257.8465 	EXP 	LowerBrackets: autoDraw = True
257.8465 	EXP 	RestCrossHair: autoDraw = True
257.8519 	EXP 	LowerText: autoDraw = False
257.8519 	EXP 	LowerBrackets: autoDraw = False
261.8515 	EXP 	TopUpperLine: autoDraw = False
261.8515 	EXP 	BotUpperLine: autoDraw = False
261.8515 	EXP 	TopLowerLine: autoDraw = False
261.8515 	EXP 	BotLowerLine: autoDraw = False
261.8515 	EXP 	RestCrossHair: autoDraw = False
261.8515 	EXP 	TopUpperLine: autoDraw = False
261.8515 	EXP 	UpperText: autoDraw = False
261.8515 	EXP 	UpperBrackets: autoDraw = False
261.8515 	EXP 	BotUpperLine: autoDraw = False
261.8515 	EXP 	TopLowerLine: autoDraw = False
261.8515 	EXP 	LowerText: autoDraw = False
261.8515 	EXP 	LowerBrackets: autoDraw = False
261.8515 	EXP 	BotLowerLine: autoDraw = False
261.8515 	EXP 	TrialCrossHair: autoDraw = False
261.8515 	EXP 	RestCrossHair: autoDraw = False
261.8515 	EXP 	FeedbackMsg: text = 'No response...miss'
261.8515 	EXP 	FeedbackMsg: autoDraw = True
263.3404 	EXP 	FeedbackMsg: autoDraw = False
263.3404 	EXP 	FeedbackMsg: autoDraw = False
263.3404 	EXP 	RestCrossHair: autoDraw = True
264.3335 	EXP 	New trial (rep=0, index=19): {'RetDur': 0, 'BotBrack': 3, 'StimDur': 2, 'UpBrack': 2, 'ProbeDurITI': 6, 'ProbeDur': 2, 'ProbeStart': 2, 'TrialDur': 4, 'ITI': 4, 'StimSet': u'NJBWGH', 'RetStart': 2, 'ProbeLet': u'rdjlqm', 'TrialITIDur': 8, 'Correct': u'down'}
264.3751 	EXP 	window1: recordFrameIntervals = False
264.3790 	EXP 	RestCrossHair: autoDraw = False
264.3790 	EXP 	RestCrossHair: autoDraw = False
264.3790 	EXP 	UpperText: text = u' N J B W G H '
264.3790 	EXP 	UpperBrackets: text = '  { }        '
264.3790 	EXP 	LowerText: text = u' r d j l q m '
264.3790 	EXP 	LowerBrackets: text = '    { }      '
264.3790 	EXP 	TopUpperLine: autoDraw = True
264.3790 	EXP 	UpperText: autoDraw = True
264.3790 	EXP 	UpperBrackets: autoDraw = True
264.3790 	EXP 	BotUpperLine: autoDraw = True
264.3790 	EXP 	TopLowerLine: autoDraw = True
264.3790 	EXP 	BotLowerLine: autoDraw = True
264.3790 	EXP 	TrialCrossHair: autoDraw = True
264.3794 	EXP 	window1: recordFrameIntervals = False
266.3428 	EXP 	UpperText: autoDraw = False
266.3428 	EXP 	UpperBrackets: autoDraw = False
266.3428 	EXP 	LowerText: autoDraw = True
266.3428 	EXP 	LowerBrackets: autoDraw = True
268.3367 	EXP 	LowerText: autoDraw = False
268.3367 	EXP 	LowerBrackets: autoDraw = False
268.3367 	EXP 	TrialCrossHair: autoDraw = False
268.3423 	EXP 	RestCrossHair: autoDraw = True
272.3488 	EXP 	TopUpperLine: autoDraw = False
272.3488 	EXP 	BotUpperLine: autoDraw = False
272.3488 	EXP 	TopLowerLine: autoDraw = False
272.3488 	EXP 	BotLowerLine: autoDraw = False
272.3488 	EXP 	RestCrossHair: autoDraw = False
272.3488 	EXP 	TopUpperLine: autoDraw = False
272.3488 	EXP 	UpperText: autoDraw = False
272.3488 	EXP 	UpperBrackets: autoDraw = False
272.3488 	EXP 	BotUpperLine: autoDraw = False
272.3488 	EXP 	TopLowerLine: autoDraw = False
272.3488 	EXP 	LowerText: autoDraw = False
272.3488 	EXP 	LowerBrackets: autoDraw = False
272.3488 	EXP 	BotLowerLine: autoDraw = False
272.3488 	EXP 	TrialCrossHair: autoDraw = False
272.3488 	EXP 	RestCrossHair: autoDraw = False
272.3488 	EXP 	FeedbackMsg: text = 'No response...miss'
272.3488 	EXP 	FeedbackMsg: autoDraw = True
273.8385 	EXP 	FeedbackMsg: autoDraw = False
273.8385 	EXP 	FeedbackMsg: autoDraw = False
273.8385 	EXP 	RestCrossHair: autoDraw = True
274.8342 	EXP 	New trial (rep=0, index=20): {'RetDur': 0, 'BotBrack': 0, 'StimDur': 2, 'UpBrack': 23, 'ProbeDurITI': 4, 'ProbeDur': 0, 'ProbeStart': 2, 'TrialDur': 2, 'ITI': 4, 'StimSet': u'DYLBMR', 'RetStart': 2, 'ProbeLet': u' ', 'TrialITIDur': 6, 'Correct': u'none'}
274.8624 	EXP 	window1: recordFrameIntervals = False
274.8663 	EXP 	RestCrossHair: autoDraw = False
274.8663 	EXP 	RestCrossHair: autoDraw = False
274.8663 	EXP 	UpperText: text = u' D Y L B M R '
274.8663 	EXP 	UpperBrackets: text = '  {   }      '
274.8663 	EXP 	LowerText: text = u'   '
274.8663 	EXP 	LowerBrackets: text = ''
274.8663 	EXP 	TopUpperLine: autoDraw = True
274.8663 	EXP 	UpperText: autoDraw = True
274.8663 	EXP 	UpperBrackets: autoDraw = True
274.8663 	EXP 	BotUpperLine: autoDraw = True
274.8663 	EXP 	TopLowerLine: autoDraw = True
274.8663 	EXP 	BotLowerLine: autoDraw = True
274.8663 	EXP 	TrialCrossHair: autoDraw = True
274.8668 	EXP 	window1: recordFrameIntervals = False
276.8367 	EXP 	UpperText: autoDraw = False
276.8367 	EXP 	UpperBrackets: autoDraw = False
276.8367 	EXP 	TrialCrossHair: autoDraw = False
276.8426 	EXP 	LowerText: autoDraw = True
276.8426 	EXP 	LowerBrackets: autoDraw = True
276.8426 	EXP 	RestCrossHair: autoDraw = True
276.8493 	EXP 	LowerText: autoDraw = False
276.8493 	EXP 	LowerBrackets: autoDraw = False
280.8489 	EXP 	TopUpperLine: autoDraw = False
280.8489 	EXP 	BotUpperLine: autoDraw = False
280.8489 	EXP 	TopLowerLine: autoDraw = False
280.8489 	EXP 	BotLowerLine: autoDraw = False
280.8489 	EXP 	RestCrossHair: autoDraw = False
280.8489 	EXP 	TopUpperLine: autoDraw = False
280.8489 	EXP 	UpperText: autoDraw = False
280.8489 	EXP 	UpperBrackets: autoDraw = False
280.8489 	EXP 	BotUpperLine: autoDraw = False
280.8489 	EXP 	TopLowerLine: autoDraw = False
280.8489 	EXP 	LowerText: autoDraw = False
280.8489 	EXP 	LowerBrackets: autoDraw = False
280.8489 	EXP 	BotLowerLine: autoDraw = False
280.8489 	EXP 	TrialCrossHair: autoDraw = False
280.8489 	EXP 	RestCrossHair: autoDraw = False
280.8489 	EXP 	FeedbackMsg: text = 'No response, good!'
280.8489 	EXP 	FeedbackMsg: autoDraw = True
282.3411 	EXP 	FeedbackMsg: autoDraw = False
282.3411 	EXP 	FeedbackMsg: autoDraw = False
282.3411 	EXP 	RestCrossHair: autoDraw = True
283.3338 	EXP 	New trial (rep=0, index=21): {'RetDur': 5, 'BotBrack': 0, 'StimDur': 2, 'UpBrack': 2345, 'ProbeDurITI': 4, 'ProbeDur': 0, 'ProbeStart': 7, 'TrialDur': 7, 'ITI': 4, 'StimSet': u'HGXMRL', 'RetStart': 2, 'ProbeLet': u' ', 'TrialITIDur': 11, 'Correct': u'none'}
283.3616 	EXP 	window1: recordFrameIntervals = False
283.3655 	EXP 	RestCrossHair: autoDraw = False
283.3655 	EXP 	RestCrossHair: autoDraw = False
283.3655 	EXP 	UpperText: text = u' H G X M R L '
283.3655 	EXP 	UpperBrackets: text = '  {       }  '
283.3655 	EXP 	LowerText: text = u'   '
283.3655 	EXP 	LowerBrackets: text = ''
283.3655 	EXP 	TopUpperLine: autoDraw = True
283.3655 	EXP 	UpperText: autoDraw = True
283.3655 	EXP 	UpperBrackets: autoDraw = True
283.3655 	EXP 	BotUpperLine: autoDraw = True
283.3655 	EXP 	TopLowerLine: autoDraw = True
283.3655 	EXP 	BotLowerLine: autoDraw = True
283.3655 	EXP 	TrialCrossHair: autoDraw = True
283.3660 	EXP 	window1: recordFrameIntervals = False
285.3367 	EXP 	UpperText: autoDraw = False
285.3367 	EXP 	UpperBrackets: autoDraw = False
290.3371 	EXP 	TrialCrossHair: autoDraw = False
290.3433 	EXP 	LowerText: autoDraw = True
290.3433 	EXP 	LowerBrackets: autoDraw = True
290.3433 	EXP 	RestCrossHair: autoDraw = True
290.3485 	EXP 	LowerText: autoDraw = False
290.3485 	EXP 	LowerBrackets: autoDraw = False
294.3479 	EXP 	TopUpperLine: autoDraw = False
294.3479 	EXP 	BotUpperLine: autoDraw = False
294.3479 	EXP 	TopLowerLine: autoDraw = False
294.3479 	EXP 	BotLowerLine: autoDraw = False
294.3479 	EXP 	RestCrossHair: autoDraw = False
294.3479 	EXP 	TopUpperLine: autoDraw = False
294.3479 	EXP 	UpperText: autoDraw = False
294.3479 	EXP 	UpperBrackets: autoDraw = False
294.3479 	EXP 	BotUpperLine: autoDraw = False
294.3479 	EXP 	TopLowerLine: autoDraw = False
294.3479 	EXP 	LowerText: autoDraw = False
294.3479 	EXP 	LowerBrackets: autoDraw = False
294.3479 	EXP 	BotLowerLine: autoDraw = False
294.3479 	EXP 	TrialCrossHair: autoDraw = False
294.3479 	EXP 	RestCrossHair: autoDraw = False
294.3479 	EXP 	FeedbackMsg: text = 'No response, good!'
294.3479 	EXP 	FeedbackMsg: autoDraw = True
295.8380 	EXP 	FeedbackMsg: autoDraw = False
295.8380 	EXP 	FeedbackMsg: autoDraw = False
295.8380 	EXP 	RestCrossHair: autoDraw = True
296.8346 	EXP 	New trial (rep=0, index=22): {'RetDur': 0, 'BotBrack': 3, 'StimDur': 2, 'UpBrack': 2345, 'ProbeDurITI': 6, 'ProbeDur': 2, 'ProbeStart': 2, 'TrialDur': 4, 'ITI': 4, 'StimSet': u'MJFGWL', 'RetStart': 2, 'ProbeLet': u'hqntyk', 'TrialITIDur': 8, 'Correct': u'right'}
296.8775 	EXP 	window1: recordFrameIntervals = False
296.8815 	EXP 	RestCrossHair: autoDraw = False
296.8815 	EXP 	RestCrossHair: autoDraw = False
296.8815 	EXP 	UpperText: text = u' M J F G W L '
296.8815 	EXP 	UpperBrackets: text = '  {       }  '
296.8815 	EXP 	LowerText: text = u' h q n t y k '
296.8815 	EXP 	LowerBrackets: text = '    { }      '
296.8815 	EXP 	TopUpperLine: autoDraw = True
296.8815 	EXP 	UpperText: autoDraw = True
296.8815 	EXP 	UpperBrackets: autoDraw = True
296.8815 	EXP 	BotUpperLine: autoDraw = True
296.8815 	EXP 	TopLowerLine: autoDraw = True
296.8815 	EXP 	BotLowerLine: autoDraw = True
296.8815 	EXP 	TrialCrossHair: autoDraw = True
296.8821 	EXP 	window1: recordFrameIntervals = False
298.8386 	EXP 	UpperText: autoDraw = False
298.8386 	EXP 	UpperBrackets: autoDraw = False
298.8468 	EXP 	LowerText: autoDraw = True
298.8468 	EXP 	LowerBrackets: autoDraw = True
300.8374 	EXP 	LowerText: autoDraw = False
300.8374 	EXP 	LowerBrackets: autoDraw = False
300.8374 	EXP 	TrialCrossHair: autoDraw = False
300.8444 	EXP 	RestCrossHair: autoDraw = True
304.8461 	EXP 	TopUpperLine: autoDraw = False
304.8461 	EXP 	BotUpperLine: autoDraw = False
304.8461 	EXP 	TopLowerLine: autoDraw = False
304.8461 	EXP 	BotLowerLine: autoDraw = False
304.8461 	EXP 	RestCrossHair: autoDraw = False
304.8461 	EXP 	TopUpperLine: autoDraw = False
304.8461 	EXP 	UpperText: autoDraw = False
304.8461 	EXP 	UpperBrackets: autoDraw = False
304.8461 	EXP 	BotUpperLine: autoDraw = False
304.8461 	EXP 	TopLowerLine: autoDraw = False
304.8461 	EXP 	LowerText: autoDraw = False
304.8461 	EXP 	LowerBrackets: autoDraw = False
304.8461 	EXP 	BotLowerLine: autoDraw = False
304.8461 	EXP 	TrialCrossHair: autoDraw = False
304.8461 	EXP 	RestCrossHair: autoDraw = False
304.8461 	EXP 	FeedbackMsg: text = 'No response...miss'
304.8461 	EXP 	FeedbackMsg: autoDraw = True
306.3367 	EXP 	FeedbackMsg: autoDraw = False
306.3367 	EXP 	FeedbackMsg: autoDraw = False
306.3367 	EXP 	RestCrossHair: autoDraw = True
307.3332 	EXP 	New trial (rep=0, index=23): {'RetDur': 5, 'BotBrack': 3, 'StimDur': 2, 'UpBrack': 1, 'ProbeDurITI': 6, 'ProbeDur': 2, 'ProbeStart': 7, 'TrialDur': 9, 'ITI': 4, 'StimSet': u'QGHNYJ', 'RetStart': 2, 'ProbeLet': u'dtrmlx', 'TrialITIDur': 13, 'Correct': u'right'}
307.3756 	EXP 	window1: recordFrameIntervals = False
307.3798 	EXP 	RestCrossHair: autoDraw = False
307.3798 	EXP 	RestCrossHair: autoDraw = False
307.3798 	EXP 	UpperText: text = u' Q G H N Y J '
307.3798 	EXP 	UpperBrackets: text = '{ }          '
307.3798 	EXP 	LowerText: text = u' d t r m l x '
307.3798 	EXP 	LowerBrackets: text = '    { }      '
307.3798 	EXP 	TopUpperLine: autoDraw = True
307.3798 	EXP 	UpperText: autoDraw = True
307.3798 	EXP 	UpperBrackets: autoDraw = True
307.3798 	EXP 	BotUpperLine: autoDraw = True
307.3798 	EXP 	TopLowerLine: autoDraw = True
307.3798 	EXP 	BotLowerLine: autoDraw = True
307.3798 	EXP 	TrialCrossHair: autoDraw = True
307.3804 	EXP 	window1: recordFrameIntervals = False
309.3406 	EXP 	UpperText: autoDraw = False
309.3406 	EXP 	UpperBrackets: autoDraw = False
314.3412 	EXP 	LowerText: autoDraw = True
314.3412 	EXP 	LowerBrackets: autoDraw = True
316.3388 	EXP 	LowerText: autoDraw = False
316.3388 	EXP 	LowerBrackets: autoDraw = False
316.3388 	EXP 	TrialCrossHair: autoDraw = False
316.3458 	EXP 	RestCrossHair: autoDraw = True
320.3529 	EXP 	TopUpperLine: autoDraw = False
320.3529 	EXP 	BotUpperLine: autoDraw = False
320.3529 	EXP 	TopLowerLine: autoDraw = False
320.3529 	EXP 	BotLowerLine: autoDraw = False
320.3529 	EXP 	RestCrossHair: autoDraw = False
320.3529 	EXP 	TopUpperLine: autoDraw = False
320.3529 	EXP 	UpperText: autoDraw = False
320.3529 	EXP 	UpperBrackets: autoDraw = False
320.3529 	EXP 	BotUpperLine: autoDraw = False
320.3529 	EXP 	TopLowerLine: autoDraw = False
320.3529 	EXP 	LowerText: autoDraw = False
320.3529 	EXP 	LowerBrackets: autoDraw = False
320.3529 	EXP 	BotLowerLine: autoDraw = False
320.3529 	EXP 	TrialCrossHair: autoDraw = False
320.3529 	EXP 	RestCrossHair: autoDraw = False
320.3529 	EXP 	FeedbackMsg: text = 'No response...miss'
320.3529 	EXP 	FeedbackMsg: autoDraw = True
321.8440 	EXP 	FeedbackMsg: autoDraw = False
321.8440 	EXP 	RestCrossHair: autoDraw = True
322.8369 	EXP 	New trial (rep=0, index=24): {'RetDur': 0, 'BotBrack': 3, 'StimDur': 2, 'UpBrack': 23456, 'ProbeDurITI': 6, 'ProbeDur': 2, 'ProbeStart': 2, 'TrialDur': 4, 'ITI': 4, 'StimSet': u'WNMBFK', 'RetStart': 2, 'ProbeLet': u'lrmqjh', 'TrialITIDur': 8, 'Correct': u'down'}
322.8802 	EXP 	window1: recordFrameIntervals = False
322.8842 	EXP 	RestCrossHair: autoDraw = False
322.8842 	EXP 	RestCrossHair: autoDraw = False
322.8842 	EXP 	UpperText: text = u' W N M B F K '
322.8842 	EXP 	UpperBrackets: text = '  {         }'
322.8842 	EXP 	LowerText: text = u' l r m q j h '
322.8842 	EXP 	LowerBrackets: text = '    { }      '
322.8842 	EXP 	TopUpperLine: autoDraw = True
322.8842 	EXP 	UpperText: autoDraw = True
322.8842 	EXP 	UpperBrackets: autoDraw = True
322.8842 	EXP 	BotUpperLine: autoDraw = True
322.8842 	EXP 	TopLowerLine: autoDraw = True
322.8842 	EXP 	BotLowerLine: autoDraw = True
322.8842 	EXP 	TrialCrossHair: autoDraw = True
322.8847 	EXP 	window1: recordFrameIntervals = False
324.8434 	EXP 	UpperText: autoDraw = False
324.8434 	EXP 	UpperBrackets: autoDraw = False
324.8490 	EXP 	LowerText: autoDraw = True
324.8490 	EXP 	LowerBrackets: autoDraw = True
326.8408 	EXP 	LowerText: autoDraw = False
326.8408 	EXP 	LowerBrackets: autoDraw = False
326.8408 	EXP 	TrialCrossHair: autoDraw = False
326.8477 	EXP 	RestCrossHair: autoDraw = True
330.8482 	EXP 	TopUpperLine: autoDraw = False
330.8482 	EXP 	BotUpperLine: autoDraw = False
330.8482 	EXP 	TopLowerLine: autoDraw = False
330.8482 	EXP 	BotLowerLine: autoDraw = False
330.8482 	EXP 	RestCrossHair: autoDraw = False
330.8482 	EXP 	TopUpperLine: autoDraw = False
330.8482 	EXP 	UpperText: autoDraw = False
330.8482 	EXP 	UpperBrackets: autoDraw = False
330.8482 	EXP 	BotUpperLine: autoDraw = False
330.8482 	EXP 	TopLowerLine: autoDraw = False
330.8482 	EXP 	LowerText: autoDraw = False
330.8482 	EXP 	LowerBrackets: autoDraw = False
330.8482 	EXP 	BotLowerLine: autoDraw = False
330.8482 	EXP 	TrialCrossHair: autoDraw = False
330.8482 	EXP 	RestCrossHair: autoDraw = False
330.8482 	EXP 	FeedbackMsg: text = 'No response...miss'
330.8482 	EXP 	FeedbackMsg: autoDraw = True
332.3409 	EXP 	FeedbackMsg: autoDraw = False
332.3409 	EXP 	FeedbackMsg: autoDraw = False
332.3409 	EXP 	RestCrossHair: autoDraw = True
333.3355 	EXP 	New trial (rep=0, index=25): {'RetDur': 5, 'BotBrack': 6, 'StimDur': 2, 'UpBrack': 234, 'ProbeDurITI': 6, 'ProbeDur': 2, 'ProbeStart': 7, 'TrialDur': 9, 'ITI': 4, 'StimSet': u'GNQJKT', 'RetStart': 2, 'ProbeLet': u'dxhbmn', 'TrialITIDur': 13, 'Correct': u'down'}
333.3800 	EXP 	window1: recordFrameIntervals = False
333.3844 	EXP 	RestCrossHair: autoDraw = False
333.3844 	EXP 	RestCrossHair: autoDraw = False
333.3844 	EXP 	UpperText: text = u' G N Q J K T '
333.3844 	EXP 	UpperBrackets: text = '  {     }    '
333.3844 	EXP 	LowerText: text = u' d x h b m n '
333.3844 	EXP 	LowerBrackets: text = '          { }'
333.3844 	EXP 	TopUpperLine: autoDraw = True
333.3844 	EXP 	UpperText: autoDraw = True
333.3844 	EXP 	UpperBrackets: autoDraw = True
333.3844 	EXP 	BotUpperLine: autoDraw = True
333.3844 	EXP 	TopLowerLine: autoDraw = True
333.3844 	EXP 	BotLowerLine: autoDraw = True
333.3844 	EXP 	TrialCrossHair: autoDraw = True
333.3850 	EXP 	window1: recordFrameIntervals = False
335.3421 	EXP 	UpperText: autoDraw = False
335.3421 	EXP 	UpperBrackets: autoDraw = False
340.3491 	EXP 	LowerText: autoDraw = True
340.3491 	EXP 	LowerBrackets: autoDraw = True
342.3448 	EXP 	LowerText: autoDraw = False
342.3448 	EXP 	LowerBrackets: autoDraw = False
342.3448 	EXP 	TrialCrossHair: autoDraw = False
342.3448 	EXP 	RestCrossHair: autoDraw = True
346.3507 	EXP 	TopUpperLine: autoDraw = False
346.3507 	EXP 	BotUpperLine: autoDraw = False
346.3507 	EXP 	TopLowerLine: autoDraw = False
346.3507 	EXP 	BotLowerLine: autoDraw = False
346.3507 	EXP 	RestCrossHair: autoDraw = False
346.3507 	EXP 	TopUpperLine: autoDraw = False
346.3507 	EXP 	UpperText: autoDraw = False
346.3507 	EXP 	UpperBrackets: autoDraw = False
346.3507 	EXP 	BotUpperLine: autoDraw = False
346.3507 	EXP 	TopLowerLine: autoDraw = False
346.3507 	EXP 	LowerText: autoDraw = False
346.3507 	EXP 	LowerBrackets: autoDraw = False
346.3507 	EXP 	BotLowerLine: autoDraw = False
346.3507 	EXP 	TrialCrossHair: autoDraw = False
346.3507 	EXP 	RestCrossHair: autoDraw = False
346.3507 	EXP 	FeedbackMsg: text = 'No response...miss'
346.3507 	EXP 	FeedbackMsg: autoDraw = True
347.8445 	EXP 	FeedbackMsg: autoDraw = False
347.8445 	EXP 	RestCrossHair: autoDraw = True
348.8409 	EXP 	New trial (rep=0, index=26): {'RetDur': 5, 'BotBrack': 5, 'StimDur': 2, 'UpBrack': 2345, 'ProbeDurITI': 6, 'ProbeDur': 2, 'ProbeStart': 7, 'TrialDur': 9, 'ITI': 4, 'StimSet': u'RBDFMG', 'RetStart': 2, 'ProbeLet': u'hkxymq', 'TrialITIDur': 13, 'Correct': u'down'}
348.9142 	EXP 	window1: recordFrameIntervals = False
348.9198 	EXP 	RestCrossHair: autoDraw = False
348.9198 	EXP 	UpperText: text = u' R B D F M G '
348.9198 	EXP 	UpperBrackets: text = '  {       }  '
348.9198 	EXP 	LowerText: text = u' h k x y m q '
348.9198 	EXP 	LowerBrackets: text = '        { }  '
348.9198 	EXP 	TopUpperLine: autoDraw = True
348.9198 	EXP 	UpperText: autoDraw = True
348.9198 	EXP 	UpperBrackets: autoDraw = True
348.9198 	EXP 	BotUpperLine: autoDraw = True
348.9198 	EXP 	TopLowerLine: autoDraw = True
348.9198 	EXP 	BotLowerLine: autoDraw = True
348.9198 	EXP 	TrialCrossHair: autoDraw = True
348.9206 	EXP 	window1: recordFrameIntervals = False
350.8506 	EXP 	UpperText: autoDraw = False
350.8506 	EXP 	UpperBrackets: autoDraw = False
355.8531 	EXP 	LowerText: autoDraw = True
355.8531 	EXP 	LowerBrackets: autoDraw = True
357.8482 	EXP 	LowerText: autoDraw = False
357.8482 	EXP 	LowerBrackets: autoDraw = False
357.8482 	EXP 	TrialCrossHair: autoDraw = False
357.8482 	EXP 	RestCrossHair: autoDraw = True
361.8546 	EXP 	TopUpperLine: autoDraw = False
361.8546 	EXP 	BotUpperLine: autoDraw = False
361.8546 	EXP 	TopLowerLine: autoDraw = False
361.8546 	EXP 	BotLowerLine: autoDraw = False
361.8546 	EXP 	RestCrossHair: autoDraw = False
361.8546 	EXP 	TopUpperLine: autoDraw = False
361.8546 	EXP 	UpperText: autoDraw = False
361.8546 	EXP 	UpperBrackets: autoDraw = False
361.8546 	EXP 	BotUpperLine: autoDraw = False
361.8546 	EXP 	TopLowerLine: autoDraw = False
361.8546 	EXP 	LowerText: autoDraw = False
361.8546 	EXP 	LowerBrackets: autoDraw = False
361.8546 	EXP 	BotLowerLine: autoDraw = False
361.8546 	EXP 	TrialCrossHair: autoDraw = False
361.8546 	EXP 	RestCrossHair: autoDraw = False
361.8546 	EXP 	FeedbackMsg: text = 'No response...miss'
361.8546 	EXP 	FeedbackMsg: autoDraw = True
363.3457 	EXP 	FeedbackMsg: autoDraw = False
363.3457 	EXP 	FeedbackMsg: autoDraw = False
363.3457 	EXP 	RestCrossHair: autoDraw = True
364.3399 	EXP 	New trial (rep=0, index=27): {'RetDur': 0, 'BotBrack': 3, 'StimDur': 2, 'UpBrack': 345, 'ProbeDurITI': 6, 'ProbeDur': 2, 'ProbeStart': 2, 'TrialDur': 4, 'ITI': 4, 'StimSet': u'LFJKND', 'RetStart': 2, 'ProbeLet': u'bwmyht', 'TrialITIDur': 8, 'Correct': u'right'}
364.3878 	EXP 	window1: recordFrameIntervals = False
364.3916 	EXP 	RestCrossHair: autoDraw = False
364.3916 	EXP 	RestCrossHair: autoDraw = False
364.3916 	EXP 	UpperText: text = u' L F J K N D '
364.3916 	EXP 	UpperBrackets: text = '    {     }  '
364.3916 	EXP 	LowerText: text = u' b w m y h t '
364.3916 	EXP 	LowerBrackets: text = '    { }      '
364.3916 	EXP 	TopUpperLine: autoDraw = True
364.3916 	EXP 	UpperText: autoDraw = True
364.3916 	EXP 	UpperBrackets: autoDraw = True
364.3916 	EXP 	BotUpperLine: autoDraw = True
364.3916 	EXP 	TopLowerLine: autoDraw = True
364.3916 	EXP 	BotLowerLine: autoDraw = True
364.3916 	EXP 	TrialCrossHair: autoDraw = True
364.3921 	EXP 	window1: recordFrameIntervals = False
366.3438 	EXP 	UpperText: autoDraw = False
366.3438 	EXP 	UpperBrackets: autoDraw = False
366.3507 	EXP 	LowerText: autoDraw = True
366.3507 	EXP 	LowerBrackets: autoDraw = True
368.3493 	EXP 	LowerText: autoDraw = False
368.3493 	EXP 	LowerBrackets: autoDraw = False
368.3493 	EXP 	TrialCrossHair: autoDraw = False
368.3493 	EXP 	RestCrossHair: autoDraw = True
372.3569 	EXP 	TopUpperLine: autoDraw = False
372.3569 	EXP 	BotUpperLine: autoDraw = False
372.3569 	EXP 	TopLowerLine: autoDraw = False
372.3569 	EXP 	BotLowerLine: autoDraw = False
372.3569 	EXP 	RestCrossHair: autoDraw = False
372.3569 	EXP 	TopUpperLine: autoDraw = False
372.3569 	EXP 	UpperText: autoDraw = False
372.3569 	EXP 	UpperBrackets: autoDraw = False
372.3569 	EXP 	BotUpperLine: autoDraw = False
372.3569 	EXP 	TopLowerLine: autoDraw = False
372.3569 	EXP 	LowerText: autoDraw = False
372.3569 	EXP 	LowerBrackets: autoDraw = False
372.3569 	EXP 	BotLowerLine: autoDraw = False
372.3569 	EXP 	TrialCrossHair: autoDraw = False
372.3569 	EXP 	RestCrossHair: autoDraw = False
372.3569 	EXP 	FeedbackMsg: text = 'No response...miss'
372.3569 	EXP 	FeedbackMsg: autoDraw = True
373.8467 	EXP 	FeedbackMsg: autoDraw = False
373.8467 	EXP 	RestCrossHair: autoDraw = True
374.8424 	EXP 	New trial (rep=0, index=28): {'RetDur': 5, 'BotBrack': 5, 'StimDur': 2, 'UpBrack': 23, 'ProbeDurITI': 6, 'ProbeDur': 2, 'ProbeStart': 7, 'TrialDur': 9, 'ITI': 4, 'StimSet': u'JHLKTF', 'RetStart': 2, 'ProbeLet': u'nrxgbw', 'TrialITIDur': 13, 'Correct': u'right'}
374.8904 	EXP 	window1: recordFrameIntervals = False
374.8943 	EXP 	RestCrossHair: autoDraw = False
374.8943 	EXP 	UpperText: text = u' J H L K T F '
374.8943 	EXP 	UpperBrackets: text = '  {   }      '
374.8943 	EXP 	LowerText: text = u' n r x g b w '
374.8943 	EXP 	LowerBrackets: text = '        { }  '
374.8943 	EXP 	TopUpperLine: autoDraw = True
374.8943 	EXP 	UpperText: autoDraw = True
374.8943 	EXP 	UpperBrackets: autoDraw = True
374.8943 	EXP 	BotUpperLine: autoDraw = True
374.8943 	EXP 	TopLowerLine: autoDraw = True
374.8943 	EXP 	BotLowerLine: autoDraw = True
374.8943 	EXP 	TrialCrossHair: autoDraw = True
374.8949 	EXP 	window1: recordFrameIntervals = False
376.8473 	EXP 	UpperText: autoDraw = False
376.8473 	EXP 	UpperBrackets: autoDraw = False
381.8549 	EXP 	LowerText: autoDraw = True
381.8549 	EXP 	LowerBrackets: autoDraw = True
383.8541 	EXP 	LowerText: autoDraw = False
383.8541 	EXP 	LowerBrackets: autoDraw = False
383.8541 	EXP 	TrialCrossHair: autoDraw = False
383.8541 	EXP 	RestCrossHair: autoDraw = True
387.8585 	EXP 	TopUpperLine: autoDraw = False
387.8585 	EXP 	BotUpperLine: autoDraw = False
387.8585 	EXP 	TopLowerLine: autoDraw = False
387.8585 	EXP 	BotLowerLine: autoDraw = False
387.8585 	EXP 	RestCrossHair: autoDraw = False
387.8585 	EXP 	TopUpperLine: autoDraw = False
387.8585 	EXP 	UpperText: autoDraw = False
387.8585 	EXP 	UpperBrackets: autoDraw = False
387.8585 	EXP 	BotUpperLine: autoDraw = False
387.8585 	EXP 	TopLowerLine: autoDraw = False
387.8585 	EXP 	LowerText: autoDraw = False
387.8585 	EXP 	LowerBrackets: autoDraw = False
387.8585 	EXP 	BotLowerLine: autoDraw = False
387.8585 	EXP 	TrialCrossHair: autoDraw = False
387.8585 	EXP 	RestCrossHair: autoDraw = False
387.8585 	EXP 	FeedbackMsg: text = 'No response...miss'
387.8585 	EXP 	FeedbackMsg: autoDraw = True
389.3480 	EXP 	FeedbackMsg: autoDraw = False
389.3480 	EXP 	FeedbackMsg: autoDraw = False
389.3480 	EXP 	RestCrossHair: autoDraw = True
390.3431 	EXP 	New trial (rep=0, index=29): {'RetDur': 0, 'BotBrack': 2, 'StimDur': 2, 'UpBrack': 123456, 'ProbeDurITI': 6, 'ProbeDur': 2, 'ProbeStart': 2, 'TrialDur': 4, 'ITI': 4, 'StimSet': u'FMHDBG', 'RetStart': 2, 'ProbeLet': u'jftnwr', 'TrialITIDur': 8, 'Correct': u'down'}
390.3859 	EXP 	window1: recordFrameIntervals = False
390.3899 	EXP 	RestCrossHair: autoDraw = False
390.3899 	EXP 	RestCrossHair: autoDraw = False
390.3899 	EXP 	UpperText: text = u' F M H D B G '
390.3899 	EXP 	UpperBrackets: text = '{           }'
390.3899 	EXP 	LowerText: text = u' j f t n w r '
390.3899 	EXP 	LowerBrackets: text = '  { }        '
390.3899 	EXP 	TopUpperLine: autoDraw = True
390.3899 	EXP 	UpperText: autoDraw = True
390.3899 	EXP 	UpperBrackets: autoDraw = True
390.3899 	EXP 	BotUpperLine: autoDraw = True
390.3899 	EXP 	TopLowerLine: autoDraw = True
390.3899 	EXP 	BotLowerLine: autoDraw = True
390.3899 	EXP 	TrialCrossHair: autoDraw = True
390.3904 	EXP 	window1: recordFrameIntervals = False
392.3478 	EXP 	UpperText: autoDraw = False
392.3478 	EXP 	UpperBrackets: autoDraw = False
392.3542 	EXP 	LowerText: autoDraw = True
392.3542 	EXP 	LowerBrackets: autoDraw = True
394.3485 	EXP 	LowerText: autoDraw = False
394.3485 	EXP 	LowerBrackets: autoDraw = False
394.3485 	EXP 	TrialCrossHair: autoDraw = False
394.3540 	EXP 	RestCrossHair: autoDraw = True
398.3566 	EXP 	TopUpperLine: autoDraw = False
398.3566 	EXP 	BotUpperLine: autoDraw = False
398.3566 	EXP 	TopLowerLine: autoDraw = False
398.3566 	EXP 	BotLowerLine: autoDraw = False
398.3566 	EXP 	RestCrossHair: autoDraw = False
398.3566 	EXP 	TopUpperLine: autoDraw = False
398.3566 	EXP 	UpperText: autoDraw = False
398.3566 	EXP 	UpperBrackets: autoDraw = False
398.3566 	EXP 	BotUpperLine: autoDraw = False
398.3566 	EXP 	TopLowerLine: autoDraw = False
398.3566 	EXP 	LowerText: autoDraw = False
398.3566 	EXP 	LowerBrackets: autoDraw = False
398.3566 	EXP 	BotLowerLine: autoDraw = False
398.3566 	EXP 	TrialCrossHair: autoDraw = False
398.3566 	EXP 	RestCrossHair: autoDraw = False
398.3566 	EXP 	FeedbackMsg: text = 'No response...miss'
398.3566 	EXP 	FeedbackMsg: autoDraw = True
399.8471 	EXP 	FeedbackMsg: autoDraw = False
399.8471 	EXP 	FeedbackMsg: autoDraw = False
399.8471 	EXP 	RestCrossHair: autoDraw = True
400.8459 	EXP 	RestCrossHair: autoDraw = False
400.8459 	EXP 	RestCrossHair: autoDraw = False
400.8510 	EXP 	RestCrossHair: autoDraw = True
410.8489 	EXP 	RestCrossHair: autoDraw = False
410.8489 	EXP 	RestCrossHair: autoDraw = False
410.8489 	EXP 	RestCrossHair: autoDraw = True
413.8403 	EXP 	window1: mouseVisible = True
