22.3025 	WARNING 	User requested fullscreen with size [800 600], but screen is actually [1366, 768]. Using actual size
23.7939 	EXP 	Created window1 = Window(allowGUI=True, allowStencil=False, autoLog=True, bitsMode=UNKNOWN, blendMode=u'add', color=array([-1., -1., -1.]), colorSpace=u'rgb', fullscr=UNKNOWN, gamma=None, lms=UNKNOWN, monitor=<psychopy.monitors.calibTools.Monitor instance at 0x0A58B1C0>, name='window1', pos=[0, 0], screen=0, size=array([1366,  768]), stereo=False, units=u'use preferences', useFBO=True, viewOri=0.0, viewPos=None, viewScale=None, waitBlanking=True, winType='pyglet')
23.7940 	EXP 	window1: recordFrameIntervals = False
23.8284 	EXP 	window1: recordFrameIntervals = True
23.8879 	EXP 	window1: recordFrameIntervals = False
23.9535 	EXP 	Created TopUpperLine = Line(autoDraw=False, autoLog=True, closeShape=False, contrast=1.0, depth=0, fillColor=None, fillColorSpace=u'rgb', fillRGB=None, interpolate=True, lineColor=array([ 1.,  1., -1.]), lineColorSpace=u'rgb', lineRGB=array([ 1.,  1., -1.]), lineWidth=2, name='TopUpperLine', opacity=1.0, ori=array(0.0), pos=array([ 0.  ,  0.45]), size=array([ 1.,  1.]), units=u'norm', vertices=array([[-1.,  0.],
       [ 1.,  0.]]), win=Window(...))
24.7259 	EXP 	Created UpperText = TextStim(alignHoriz='center', alignVert='center', antialias=True, autoLog=True, bold=False, color=array([ 0.,  0.,  0.]), colorSpace=u'rgb', contrast=1.0, depth=-2.0, flipHoriz=False, flipVert=False, font=u'Lucida Console', fontFiles=[], height=0.25, italic=False, name='UpperText', opacity=1.0, ori=0, pos=array([ 0. ,  0.3]), rgb=array([ 0.,  0.,  0.]), text=u'default text', units=u'norm', win=Window(...), wrapWidth=1.7)
24.7406 	EXP 	Created UpperBrackets = TextStim(alignHoriz='center', alignVert='center', antialias=True, autoLog=True, bold=False, color=u'yellow', colorSpace='named', contrast=1.0, depth=-3.0, flipHoriz=False, flipVert=False, font=u'Lucida Console', fontFiles=[], height=0.25, italic=False, name='UpperBrackets', opacity=1.0, ori=0, pos=array([ 0. ,  0.3]), rgb=array([ 255.,  255.,    0.]), text=u'default text', units=u'norm', win=Window(...), wrapWidth=1.7)
24.7446 	EXP 	Created BotUpperLine = Line(autoDraw=False, autoLog=True, closeShape=False, contrast=1.0, depth=0, fillColor=None, fillColorSpace=u'rgb', fillRGB=None, interpolate=True, lineColor=array([ 1.,  1., -1.]), lineColorSpace=u'rgb', lineRGB=array([ 1.,  1., -1.]), lineWidth=2, name='BotUpperLine', opacity=1.0, ori=array(0.0), pos=array([ 0.  ,  0.15]), size=array([ 1.,  1.]), units=u'norm', vertices=array([[-1.,  0.],
       [ 1.,  0.]]), win=Window(...))
24.7466 	EXP 	Created TopLowerLine = Line(autoDraw=False, autoLog=True, closeShape=False, contrast=1.0, depth=0, fillColor=None, fillColorSpace=u'rgb', fillRGB=None, interpolate=True, lineColor=u'cyan', lineColorSpace='named', lineRGB=array([   0.,  255.,  255.]), lineWidth=2, name='TopLowerLine', opacity=1.0, ori=array(0.0), pos=array([ 0.  , -0.15]), size=array([ 1.,  1.]), units=u'norm', vertices=array([[-1.,  0.],
       [ 1.,  0.]]), win=Window(...))
24.7542 	EXP 	Created LowerText = TextStim(alignHoriz='center', alignVert='center', antialias=True, autoLog=True, bold=False, color=array([ 0.,  0.,  0.]), colorSpace=u'rgb', contrast=1.0, depth=-6.0, flipHoriz=False, flipVert=False, font=u'Lucida Console', fontFiles=[], height=0.25, italic=False, name='LowerText', opacity=1.0, ori=0, pos=array([ 0. , -0.3]), rgb=array([ 0.,  0.,  0.]), text=u'default text', units=u'norm', win=Window(...), wrapWidth=2)
24.7593 	EXP 	Created LowerBrackets = TextStim(alignHoriz='center', alignVert='center', antialias=True, autoLog=True, bold=False, color=u'cyan', colorSpace='named', contrast=1.0, depth=-7.0, flipHoriz=False, flipVert=False, font=u'Lucida Console', fontFiles=[], height=0.25, italic=False, name='LowerBrackets', opacity=1.0, ori=0, pos=array([ 0. , -0.3]), rgb=array([   0.,  255.,  255.]), text=u'+', units=u'norm', win=Window(...), wrapWidth=1.5)
24.7609 	EXP 	Created BotLowerLine = Line(autoDraw=False, autoLog=True, closeShape=False, contrast=1.0, depth=0, fillColor=None, fillColorSpace=u'rgb', fillRGB=None, interpolate=True, lineColor=u'cyan', lineColorSpace='named', lineRGB=array([   0.,  255.,  255.]), lineWidth=2, name='BotLowerLine', opacity=1.0, ori=array(0.0), pos=array([ 0.  , -0.45]), size=array([ 1.,  1.]), units=u'norm', vertices=array([[-1.,  0.],
       [ 1.,  0.]]), win=Window(...))
24.7679 	EXP 	Created TrialCrossHair = TextStim(alignHoriz='center', alignVert='center', antialias=True, autoLog=True, bold=False, color=u'green', colorSpace='named', contrast=1.0, depth=-9.0, flipHoriz=False, flipVert=False, font=u'Lucida Console', fontFiles=[], height=0.2, italic=False, name='TrialCrossHair', opacity=1.0, ori=0, pos=array([ 0.,  0.]), rgb=array([   0.,  128.,    0.]), text=u'+', units=u'norm', win=Window(...), wrapWidth=1)
24.7714 	EXP 	Created RestCrossHair = TextStim(alignHoriz='center', alignVert='center', antialias=True, autoLog=True, bold=False, color=u'red', colorSpace='named', contrast=1.0, depth=-10.0, flipHoriz=False, flipVert=False, font=u'Lucida Console', fontFiles=[], height=0.2, italic=False, name='RestCrossHair', opacity=1.0, ori=0, pos=array([ 0.,  0.]), rgb=array([ 255.,    0.,    0.]), text=u'+', units=u'norm', win=Window(...), wrapWidth=1)
24.7919 	EXP 	Created RestCrossHair = TextStim(alignHoriz='center', alignVert='center', antialias=True, autoLog=True, bold=False, color=u'red', colorSpace='named', contrast=1.0, depth=-10.0, flipHoriz=False, flipVert=False, font=u'Lucida Console', fontFiles=[], height=0.1, italic=False, name='RestCrossHair', opacity=1.0, ori=0, pos=array([ 0.,  0.]), rgb=array([ 255.,    0.,    0.]), text=u'Waiting for Scanner\n Or press r to advance', units=u'norm', win=Window(...), wrapWidth=1)
24.8000 	EXP 	Created RestCrossHair = TextStim(alignHoriz='center', alignVert='center', antialias=True, autoLog=True, bold=False, color=u'yellow', colorSpace='named', contrast=1.0, depth=-10.0, flipHoriz=False, flipVert=False, font=u'Lucida Console', fontFiles=[], height=0.1, italic=False, name='RestCrossHair', opacity=1.0, ori=0, pos=array([ 0.,  0.]), rgb=array([ 255.,  255.,    0.]), text=u'Merci\nThank you', units=u'norm', win=Window(...), wrapWidth=1)
24.8049 	EXP 	Created FeedbackMsg = TextStim(alignHoriz='center', alignVert='center', antialias=True, autoLog=True, bold=False, color='white', colorSpace='named', contrast=1.0, depth=-1.0, flipHoriz=False, flipVert=False, font='Lucida Console', fontFiles=[], height=0.1, italic=False, name='FeedbackMsg', opacity=1.0, ori=0, pos=array([ 0.,  0.]), rgb=array([ 255.,  255.,  255.]), text=u'default text', units='norm', win=Window(...), wrapWidth=1)
24.8228 	EXP 	Imported C:\Users\jsteffen\Dropbox\SteffenerColumbia\Scripts\ExperimentalStimuli\PartialTrialDIR\ExperimentalTrials\Training30TrialsInOrder.csv as conditions, 30 conditions, 14 params
24.8233 	EXP 	Created sequence: sequential, trialTypes=30, nReps=1, seed=None
24.9528 	EXP 	RestCrossHair: autoDraw = True
26.5161 	DATA 	Keypress: r
26.5218 	EXP 	RestCrossHair: autoDraw = False
26.5218 	EXP 	RestCrossHair: autoDraw = True
31.5173 	EXP 	New trial (rep=0, index=0): {'RetDur': 0, 'BotBrack': 1, 'StimDur': 2, 'UpBrack': 2, 'ProbeDurITI': 6.9199999999999999, 'ProbeDur': 2, 'ProbeStart': 2, 'TrialDur': 4, 'ITI': 4.9199999999999999, 'StimSet': u'KTJDRY', 'RetStart': 2, 'ProbeLet': u'tbnmqx', 'TrialITIDur': 8.9199999999999999, 'Correct': u'down'}
31.7663 	EXP 	window1: recordFrameIntervals = False
32.0095 	EXP 	RestCrossHair: autoDraw = False
32.0095 	EXP 	RestCrossHair: autoDraw = False
32.0095 	EXP 	UpperText: text = u' K T J D R Y '
32.0095 	EXP 	UpperBrackets: text = '  { }        '
32.0095 	EXP 	LowerText: text = u' t b n m q x '
32.0095 	EXP 	LowerBrackets: text = '{ }          '
32.0095 	EXP 	TopUpperLine: autoDraw = True
32.0095 	EXP 	UpperText: autoDraw = True
32.0095 	EXP 	UpperBrackets: autoDraw = True
32.0095 	EXP 	BotUpperLine: autoDraw = True
32.0095 	EXP 	TopLowerLine: autoDraw = True
32.0095 	EXP 	BotLowerLine: autoDraw = True
32.0095 	EXP 	TrialCrossHair: autoDraw = True
32.0099 	EXP 	window1: recordFrameIntervals = False
33.5231 	EXP 	UpperText: autoDraw = False
33.5231 	EXP 	UpperBrackets: autoDraw = False
33.5288 	EXP 	LowerText: autoDraw = True
33.5288 	EXP 	LowerBrackets: autoDraw = True
35.1662 	DATA 	Keypress: down
35.5265 	EXP 	LowerText: autoDraw = False
35.5265 	EXP 	LowerBrackets: autoDraw = False
35.5265 	EXP 	TrialCrossHair: autoDraw = False
35.5265 	EXP 	RestCrossHair: autoDraw = True
40.4611 	EXP 	TopUpperLine: autoDraw = False
40.4611 	EXP 	BotUpperLine: autoDraw = False
40.4611 	EXP 	TopLowerLine: autoDraw = False
40.4611 	EXP 	BotLowerLine: autoDraw = False
40.4611 	EXP 	RestCrossHair: autoDraw = False
40.4611 	EXP 	TopUpperLine: autoDraw = False
40.4611 	EXP 	UpperText: autoDraw = False
40.4611 	EXP 	UpperBrackets: autoDraw = False
40.4611 	EXP 	BotUpperLine: autoDraw = False
40.4611 	EXP 	TopLowerLine: autoDraw = False
40.4611 	EXP 	LowerText: autoDraw = False
40.4611 	EXP 	LowerBrackets: autoDraw = False
40.4611 	EXP 	BotLowerLine: autoDraw = False
40.4611 	EXP 	TrialCrossHair: autoDraw = False
40.4611 	EXP 	RestCrossHair: autoDraw = False
40.4611 	EXP 	FeedbackMsg: text = 'Correct! RT=1.645'
40.4611 	EXP 	FeedbackMsg: autoDraw = True
41.9434 	EXP 	FeedbackMsg: autoDraw = False
41.9434 	EXP 	FeedbackMsg: autoDraw = False
41.9434 	EXP 	RestCrossHair: autoDraw = True
42.9422 	EXP 	New trial (rep=0, index=1): {'RetDur': 0, 'BotBrack': 0, 'StimDur': 2, 'UpBrack': 2, 'ProbeDurITI': 4.2450000000000001, 'ProbeDur': 0, 'ProbeStart': 2, 'TrialDur': 2, 'ITI': 4.2450000000000001, 'StimSet': u'NDGJXB', 'RetStart': 2, 'ProbeLet': u' ', 'TrialITIDur': 6.2450000000000001, 'Correct': u'none'}
42.9808 	EXP 	window1: recordFrameIntervals = False
42.9847 	EXP 	RestCrossHair: autoDraw = False
42.9847 	EXP 	UpperText: text = u' N D G J X B '
42.9847 	EXP 	UpperBrackets: text = '  { }        '
42.9847 	EXP 	LowerText: text = u'   '
42.9847 	EXP 	LowerBrackets: text = ''
42.9847 	EXP 	TopUpperLine: autoDraw = True
42.9847 	EXP 	UpperText: autoDraw = True
42.9847 	EXP 	UpperBrackets: autoDraw = True
42.9847 	EXP 	BotUpperLine: autoDraw = True
42.9847 	EXP 	TopLowerLine: autoDraw = True
42.9847 	EXP 	BotLowerLine: autoDraw = True
42.9847 	EXP 	TrialCrossHair: autoDraw = True
42.9851 	EXP 	window1: recordFrameIntervals = False
44.9479 	EXP 	UpperText: autoDraw = False
44.9479 	EXP 	UpperBrackets: autoDraw = False
44.9479 	EXP 	TrialCrossHair: autoDraw = False
44.9534 	EXP 	LowerText: autoDraw = True
44.9534 	EXP 	LowerBrackets: autoDraw = True
44.9534 	EXP 	RestCrossHair: autoDraw = True
44.9602 	EXP 	LowerText: autoDraw = False
44.9602 	EXP 	LowerBrackets: autoDraw = False
49.2021 	EXP 	TopUpperLine: autoDraw = False
49.2021 	EXP 	BotUpperLine: autoDraw = False
49.2021 	EXP 	TopLowerLine: autoDraw = False
49.2021 	EXP 	BotLowerLine: autoDraw = False
49.2021 	EXP 	RestCrossHair: autoDraw = False
49.2021 	EXP 	TopUpperLine: autoDraw = False
49.2021 	EXP 	UpperText: autoDraw = False
49.2021 	EXP 	UpperBrackets: autoDraw = False
49.2021 	EXP 	BotUpperLine: autoDraw = False
49.2021 	EXP 	TopLowerLine: autoDraw = False
49.2021 	EXP 	LowerText: autoDraw = False
49.2021 	EXP 	LowerBrackets: autoDraw = False
49.2021 	EXP 	BotLowerLine: autoDraw = False
49.2021 	EXP 	TrialCrossHair: autoDraw = False
49.2021 	EXP 	RestCrossHair: autoDraw = False
49.2021 	EXP 	FeedbackMsg: text = 'No response, good!'
49.2021 	EXP 	FeedbackMsg: autoDraw = True
50.6900 	EXP 	FeedbackMsg: autoDraw = False
50.6900 	EXP 	FeedbackMsg: autoDraw = False
50.6900 	EXP 	RestCrossHair: autoDraw = True
51.6816 	EXP 	New trial (rep=0, index=2): {'RetDur': 5, 'BotBrack': 6, 'StimDur': 2, 'UpBrack': 3, 'ProbeDurITI': 6.0510000000000002, 'ProbeDur': 2, 'ProbeStart': 7, 'TrialDur': 9, 'ITI': 4.0510000000000002, 'StimSet': u'NWQMYF', 'RetStart': 2, 'ProbeLet': u'jhbrxg', 'TrialITIDur': 13.050999999999998, 'Correct': u'right'}
51.7368 	EXP 	window1: recordFrameIntervals = False
51.7406 	EXP 	RestCrossHair: autoDraw = False
51.7406 	EXP 	RestCrossHair: autoDraw = False
51.7406 	EXP 	UpperText: text = u' N W Q M Y F '
51.7406 	EXP 	UpperBrackets: text = '    { }      '
51.7406 	EXP 	LowerText: text = u' j h b r x g '
51.7406 	EXP 	LowerBrackets: text = '          { }'
51.7406 	EXP 	TopUpperLine: autoDraw = True
51.7406 	EXP 	UpperText: autoDraw = True
51.7406 	EXP 	UpperBrackets: autoDraw = True
51.7406 	EXP 	BotUpperLine: autoDraw = True
51.7406 	EXP 	TopLowerLine: autoDraw = True
51.7406 	EXP 	BotLowerLine: autoDraw = True
51.7406 	EXP 	TrialCrossHair: autoDraw = True
51.7410 	EXP 	window1: recordFrameIntervals = False
53.6875 	EXP 	UpperText: autoDraw = False
53.6875 	EXP 	UpperBrackets: autoDraw = False
58.6906 	EXP 	LowerText: autoDraw = True
58.6906 	EXP 	LowerBrackets: autoDraw = True
60.6839 	EXP 	LowerText: autoDraw = False
60.6839 	EXP 	LowerBrackets: autoDraw = False
60.6839 	EXP 	TrialCrossHair: autoDraw = False
60.6910 	EXP 	RestCrossHair: autoDraw = True
60.9144 	DATA 	Keypress: down
64.7561 	EXP 	TopUpperLine: autoDraw = False
64.7561 	EXP 	BotUpperLine: autoDraw = False
64.7561 	EXP 	TopLowerLine: autoDraw = False
64.7561 	EXP 	BotLowerLine: autoDraw = False
64.7561 	EXP 	RestCrossHair: autoDraw = False
64.7561 	EXP 	TopUpperLine: autoDraw = False
64.7561 	EXP 	UpperText: autoDraw = False
64.7561 	EXP 	UpperBrackets: autoDraw = False
64.7561 	EXP 	BotUpperLine: autoDraw = False
64.7561 	EXP 	TopLowerLine: autoDraw = False
64.7561 	EXP 	LowerText: autoDraw = False
64.7561 	EXP 	LowerBrackets: autoDraw = False
64.7561 	EXP 	BotLowerLine: autoDraw = False
64.7561 	EXP 	TrialCrossHair: autoDraw = False
64.7561 	EXP 	RestCrossHair: autoDraw = False
64.7561 	EXP 	FeedbackMsg: text = 'Oops! That was wrong'
64.7561 	EXP 	FeedbackMsg: autoDraw = True
66.2393 	EXP 	FeedbackMsg: autoDraw = False
66.2393 	EXP 	FeedbackMsg: autoDraw = False
66.2393 	EXP 	RestCrossHair: autoDraw = True
67.2345 	EXP 	New trial (rep=0, index=3): {'RetDur': 5, 'BotBrack': 6, 'StimDur': 2, 'UpBrack': 3, 'ProbeDurITI': 6.3529999999999998, 'ProbeDur': 2, 'ProbeStart': 7, 'TrialDur': 9, 'ITI': 4.3529999999999998, 'StimSet': u'JNDLBY', 'RetStart': 2, 'ProbeLet': u'tfmqgd', 'TrialITIDur': 13.353, 'Correct': u'down'}
67.2792 	EXP 	window1: recordFrameIntervals = False
67.2832 	EXP 	RestCrossHair: autoDraw = False
67.2832 	EXP 	RestCrossHair: autoDraw = False
67.2832 	EXP 	UpperText: text = u' J N D L B Y '
67.2832 	EXP 	UpperBrackets: text = '    { }      '
67.2832 	EXP 	LowerText: text = u' t f m q g d '
67.2832 	EXP 	LowerBrackets: text = '          { }'
67.2832 	EXP 	TopUpperLine: autoDraw = True
67.2832 	EXP 	UpperText: autoDraw = True
67.2832 	EXP 	UpperBrackets: autoDraw = True
67.2832 	EXP 	BotUpperLine: autoDraw = True
67.2832 	EXP 	TopLowerLine: autoDraw = True
67.2832 	EXP 	BotLowerLine: autoDraw = True
67.2832 	EXP 	TrialCrossHair: autoDraw = True
67.2837 	EXP 	window1: recordFrameIntervals = False
69.2413 	EXP 	UpperText: autoDraw = False
69.2413 	EXP 	UpperBrackets: autoDraw = False
74.2501 	EXP 	LowerText: autoDraw = True
74.2501 	EXP 	LowerBrackets: autoDraw = True
76.2411 	EXP 	LowerText: autoDraw = False
76.2411 	EXP 	LowerBrackets: autoDraw = False
76.2411 	EXP 	TrialCrossHair: autoDraw = False
76.2467 	EXP 	RestCrossHair: autoDraw = True
80.6043 	EXP 	TopUpperLine: autoDraw = False
80.6043 	EXP 	BotUpperLine: autoDraw = False
80.6043 	EXP 	TopLowerLine: autoDraw = False
80.6043 	EXP 	BotLowerLine: autoDraw = False
80.6043 	EXP 	RestCrossHair: autoDraw = False
80.6043 	EXP 	TopUpperLine: autoDraw = False
80.6043 	EXP 	UpperText: autoDraw = False
80.6043 	EXP 	UpperBrackets: autoDraw = False
80.6043 	EXP 	BotUpperLine: autoDraw = False
80.6043 	EXP 	TopLowerLine: autoDraw = False
80.6043 	EXP 	LowerText: autoDraw = False
80.6043 	EXP 	LowerBrackets: autoDraw = False
80.6043 	EXP 	BotLowerLine: autoDraw = False
80.6043 	EXP 	TrialCrossHair: autoDraw = False
80.6043 	EXP 	RestCrossHair: autoDraw = False
80.6043 	EXP 	FeedbackMsg: text = 'No response...miss'
80.6043 	EXP 	FeedbackMsg: autoDraw = True
82.0959 	EXP 	FeedbackMsg: autoDraw = False
82.0959 	EXP 	RestCrossHair: autoDraw = True
83.0899 	EXP 	New trial (rep=0, index=4): {'RetDur': 5, 'BotBrack': 0, 'StimDur': 2, 'UpBrack': 5, 'ProbeDurITI': 4.7290000000000001, 'ProbeDur': 0, 'ProbeStart': 7, 'TrialDur': 7, 'ITI': 4.7290000000000001, 'StimSet': u'JXKMYH', 'RetStart': 2, 'ProbeLet': u' ', 'TrialITIDur': 11.729000000000001, 'Correct': u'none'}
83.1208 	EXP 	window1: recordFrameIntervals = False
83.1247 	EXP 	RestCrossHair: autoDraw = False
83.1247 	EXP 	RestCrossHair: autoDraw = False
83.1247 	EXP 	UpperText: text = u' J X K M Y H '
83.1247 	EXP 	UpperBrackets: text = '        { }  '
83.1247 	EXP 	LowerText: text = u'   '
83.1247 	EXP 	LowerBrackets: text = ''
83.1247 	EXP 	TopUpperLine: autoDraw = True
83.1247 	EXP 	UpperText: autoDraw = True
83.1247 	EXP 	UpperBrackets: autoDraw = True
83.1247 	EXP 	BotUpperLine: autoDraw = True
83.1247 	EXP 	TopLowerLine: autoDraw = True
83.1247 	EXP 	BotLowerLine: autoDraw = True
83.1247 	EXP 	TrialCrossHair: autoDraw = True
83.1251 	EXP 	window1: recordFrameIntervals = False
85.0947 	EXP 	UpperText: autoDraw = False
85.0947 	EXP 	UpperBrackets: autoDraw = False
90.0985 	EXP 	LowerText: autoDraw = True
90.0985 	EXP 	LowerBrackets: autoDraw = True
90.0985 	EXP 	TrialCrossHair: autoDraw = False
90.0985 	EXP 	RestCrossHair: autoDraw = True
90.1035 	EXP 	LowerText: autoDraw = False
90.1035 	EXP 	LowerBrackets: autoDraw = False
94.8353 	EXP 	TopUpperLine: autoDraw = False
94.8353 	EXP 	BotUpperLine: autoDraw = False
94.8353 	EXP 	TopLowerLine: autoDraw = False
94.8353 	EXP 	BotLowerLine: autoDraw = False
94.8353 	EXP 	RestCrossHair: autoDraw = False
94.8353 	EXP 	TopUpperLine: autoDraw = False
94.8353 	EXP 	UpperText: autoDraw = False
94.8353 	EXP 	UpperBrackets: autoDraw = False
94.8353 	EXP 	BotUpperLine: autoDraw = False
94.8353 	EXP 	TopLowerLine: autoDraw = False
94.8353 	EXP 	LowerText: autoDraw = False
94.8353 	EXP 	LowerBrackets: autoDraw = False
94.8353 	EXP 	BotLowerLine: autoDraw = False
94.8353 	EXP 	TrialCrossHair: autoDraw = False
94.8353 	EXP 	RestCrossHair: autoDraw = False
94.8353 	EXP 	FeedbackMsg: text = 'No response, good!'
94.8353 	EXP 	FeedbackMsg: autoDraw = True
96.3239 	EXP 	FeedbackMsg: autoDraw = False
96.3239 	EXP 	RestCrossHair: autoDraw = True
97.3176 	EXP 	New trial (rep=0, index=5): {'RetDur': 5, 'BotBrack': 6, 'StimDur': 2, 'UpBrack': 12, 'ProbeDurITI': 6.0170000000000003, 'ProbeDur': 2, 'ProbeStart': 7, 'TrialDur': 9, 'ITI': 4.0169999999999995, 'StimSet': u'KNTYRB', 'RetStart': 2, 'ProbeLet': u'jfgldw', 'TrialITIDur': 13.017000000000001, 'Correct': u'right'}
97.3589 	EXP 	window1: recordFrameIntervals = False
97.3629 	EXP 	RestCrossHair: autoDraw = False
97.3629 	EXP 	RestCrossHair: autoDraw = False
97.3629 	EXP 	UpperText: text = u' K N T Y R B '
97.3629 	EXP 	UpperBrackets: text = '{   }        '
97.3629 	EXP 	LowerText: text = u' j f g l d w '
97.3629 	EXP 	LowerBrackets: text = '          { }'
97.3629 	EXP 	TopUpperLine: autoDraw = True
97.3629 	EXP 	UpperText: autoDraw = True
97.3629 	EXP 	UpperBrackets: autoDraw = True
97.3629 	EXP 	BotUpperLine: autoDraw = True
97.3629 	EXP 	TopLowerLine: autoDraw = True
97.3629 	EXP 	BotLowerLine: autoDraw = True
97.3629 	EXP 	TrialCrossHair: autoDraw = True
97.3633 	EXP 	window1: recordFrameIntervals = False
99.3215 	EXP 	UpperText: autoDraw = False
99.3215 	EXP 	UpperBrackets: autoDraw = False
104.3296 	EXP 	LowerText: autoDraw = True
104.3296 	EXP 	LowerBrackets: autoDraw = True
106.3224 	EXP 	LowerText: autoDraw = False
106.3224 	EXP 	LowerBrackets: autoDraw = False
106.3224 	EXP 	TrialCrossHair: autoDraw = False
106.3279 	EXP 	RestCrossHair: autoDraw = True
110.3495 	EXP 	TopUpperLine: autoDraw = False
110.3495 	EXP 	BotUpperLine: autoDraw = False
110.3495 	EXP 	TopLowerLine: autoDraw = False
110.3495 	EXP 	BotLowerLine: autoDraw = False
110.3495 	EXP 	RestCrossHair: autoDraw = False
110.3495 	EXP 	TopUpperLine: autoDraw = False
110.3495 	EXP 	UpperText: autoDraw = False
110.3495 	EXP 	UpperBrackets: autoDraw = False
110.3495 	EXP 	BotUpperLine: autoDraw = False
110.3495 	EXP 	TopLowerLine: autoDraw = False
110.3495 	EXP 	LowerText: autoDraw = False
110.3495 	EXP 	LowerBrackets: autoDraw = False
110.3495 	EXP 	BotLowerLine: autoDraw = False
110.3495 	EXP 	TrialCrossHair: autoDraw = False
110.3495 	EXP 	RestCrossHair: autoDraw = False
110.3495 	EXP 	FeedbackMsg: text = 'No response...miss'
110.3495 	EXP 	FeedbackMsg: autoDraw = True
111.8435 	EXP 	FeedbackMsg: autoDraw = False
111.8435 	EXP 	RestCrossHair: autoDraw = True
112.8372 	EXP 	New trial (rep=0, index=6): {'RetDur': 5, 'BotBrack': 4, 'StimDur': 2, 'UpBrack': 34, 'ProbeDurITI': 6.4860000000000007, 'ProbeDur': 2, 'ProbeStart': 7, 'TrialDur': 9, 'ITI': 4.4860000000000007, 'StimSet': u'HQDTGF', 'RetStart': 2, 'ProbeLet': u'lbwnrx', 'TrialITIDur': 13.485999999999999, 'Correct': u'right'}
112.8821 	EXP 	window1: recordFrameIntervals = False
112.8863 	EXP 	RestCrossHair: autoDraw = False
112.8863 	EXP 	UpperText: text = u' H Q D T G F '
112.8863 	EXP 	UpperBrackets: text = '    {   }    '
112.8863 	EXP 	LowerText: text = u' l b w n r x '
112.8863 	EXP 	LowerBrackets: text = '      { }    '
112.8863 	EXP 	TopUpperLine: autoDraw = True
112.8863 	EXP 	UpperText: autoDraw = True
112.8863 	EXP 	UpperBrackets: autoDraw = True
112.8863 	EXP 	BotUpperLine: autoDraw = True
112.8863 	EXP 	TopLowerLine: autoDraw = True
112.8863 	EXP 	BotLowerLine: autoDraw = True
112.8863 	EXP 	TrialCrossHair: autoDraw = True
112.8868 	EXP 	window1: recordFrameIntervals = False
114.8462 	EXP 	UpperText: autoDraw = False
114.8462 	EXP 	UpperBrackets: autoDraw = False
119.8511 	EXP 	LowerText: autoDraw = True
119.8511 	EXP 	LowerBrackets: autoDraw = True
121.8455 	EXP 	LowerText: autoDraw = False
121.8455 	EXP 	LowerBrackets: autoDraw = False
121.8455 	EXP 	TrialCrossHair: autoDraw = False
121.8455 	EXP 	RestCrossHair: autoDraw = True
126.3370 	EXP 	TopUpperLine: autoDraw = False
126.3370 	EXP 	BotUpperLine: autoDraw = False
126.3370 	EXP 	TopLowerLine: autoDraw = False
126.3370 	EXP 	BotLowerLine: autoDraw = False
126.3370 	EXP 	RestCrossHair: autoDraw = False
126.3370 	EXP 	TopUpperLine: autoDraw = False
126.3370 	EXP 	UpperText: autoDraw = False
126.3370 	EXP 	UpperBrackets: autoDraw = False
126.3370 	EXP 	BotUpperLine: autoDraw = False
126.3370 	EXP 	TopLowerLine: autoDraw = False
126.3370 	EXP 	LowerText: autoDraw = False
126.3370 	EXP 	LowerBrackets: autoDraw = False
126.3370 	EXP 	BotLowerLine: autoDraw = False
126.3370 	EXP 	TrialCrossHair: autoDraw = False
126.3370 	EXP 	RestCrossHair: autoDraw = False
126.3370 	EXP 	FeedbackMsg: text = 'No response...miss'
126.3370 	EXP 	FeedbackMsg: autoDraw = True
127.8313 	EXP 	FeedbackMsg: autoDraw = False
127.8313 	EXP 	RestCrossHair: autoDraw = True
128.8264 	EXP 	New trial (rep=0, index=7): {'RetDur': 5, 'BotBrack': 0, 'StimDur': 2, 'UpBrack': 34, 'ProbeDurITI': 4.2469999999999999, 'ProbeDur': 0, 'ProbeStart': 7, 'TrialDur': 7, 'ITI': 4.2469999999999999, 'StimSet': u'KBTDYW', 'RetStart': 2, 'ProbeLet': u' ', 'TrialITIDur': 11.247, 'Correct': u'none'}
128.8536 	EXP 	window1: recordFrameIntervals = False
128.8585 	EXP 	RestCrossHair: autoDraw = False
128.8585 	EXP 	UpperText: text = u' K B T D Y W '
128.8585 	EXP 	UpperBrackets: text = '    {   }    '
128.8585 	EXP 	LowerText: text = u'   '
128.8585 	EXP 	LowerBrackets: text = ''
128.8585 	EXP 	TopUpperLine: autoDraw = True
128.8585 	EXP 	UpperText: autoDraw = True
128.8585 	EXP 	UpperBrackets: autoDraw = True
128.8585 	EXP 	BotUpperLine: autoDraw = True
128.8585 	EXP 	TopLowerLine: autoDraw = True
128.8585 	EXP 	BotLowerLine: autoDraw = True
128.8585 	EXP 	TrialCrossHair: autoDraw = True
128.8590 	EXP 	window1: recordFrameIntervals = False
130.8344 	EXP 	UpperText: autoDraw = False
130.8344 	EXP 	UpperBrackets: autoDraw = False
135.8329 	EXP 	TrialCrossHair: autoDraw = False
135.8392 	EXP 	LowerText: autoDraw = True
135.8392 	EXP 	LowerBrackets: autoDraw = True
135.8392 	EXP 	RestCrossHair: autoDraw = True
135.8444 	EXP 	LowerText: autoDraw = False
135.8444 	EXP 	LowerBrackets: autoDraw = False
137.1736 	DATA 	Keypress: down
140.0967 	EXP 	TopUpperLine: autoDraw = False
140.0967 	EXP 	BotUpperLine: autoDraw = False
140.0967 	EXP 	TopLowerLine: autoDraw = False
140.0967 	EXP 	BotLowerLine: autoDraw = False
140.0967 	EXP 	RestCrossHair: autoDraw = False
140.0967 	EXP 	TopUpperLine: autoDraw = False
140.0967 	EXP 	UpperText: autoDraw = False
140.0967 	EXP 	UpperBrackets: autoDraw = False
140.0967 	EXP 	BotUpperLine: autoDraw = False
140.0967 	EXP 	TopLowerLine: autoDraw = False
140.0967 	EXP 	LowerText: autoDraw = False
140.0967 	EXP 	LowerBrackets: autoDraw = False
140.0967 	EXP 	BotLowerLine: autoDraw = False
140.0967 	EXP 	TrialCrossHair: autoDraw = False
140.0967 	EXP 	RestCrossHair: autoDraw = False
140.0967 	EXP 	FeedbackMsg: text = 'No response...miss'
140.0967 	EXP 	FeedbackMsg: autoDraw = True
141.5868 	EXP 	FeedbackMsg: autoDraw = False
141.5868 	EXP 	RestCrossHair: autoDraw = True
142.5830 	EXP 	New trial (rep=0, index=8): {'RetDur': 0, 'BotBrack': 1, 'StimDur': 2, 'UpBrack': 45, 'ProbeDurITI': 6.0579999999999998, 'ProbeDur': 2, 'ProbeStart': 2, 'TrialDur': 4, 'ITI': 4.0579999999999998, 'StimSet': u'FMKRHT', 'RetStart': 2, 'ProbeLet': u'ldynqj', 'TrialITIDur': 8.0579999999999998, 'Correct': u'right'}
142.6262 	EXP 	window1: recordFrameIntervals = False
142.6302 	EXP 	RestCrossHair: autoDraw = False
142.6302 	EXP 	UpperText: text = u' F M K R H T '
142.6302 	EXP 	UpperBrackets: text = '      {   }  '
142.6302 	EXP 	LowerText: text = u' l d y n q j '
142.6302 	EXP 	LowerBrackets: text = '{ }          '
142.6302 	EXP 	TopUpperLine: autoDraw = True
142.6302 	EXP 	UpperText: autoDraw = True
142.6302 	EXP 	UpperBrackets: autoDraw = True
142.6302 	EXP 	BotUpperLine: autoDraw = True
142.6302 	EXP 	TopLowerLine: autoDraw = True
142.6302 	EXP 	BotLowerLine: autoDraw = True
142.6302 	EXP 	TrialCrossHair: autoDraw = True
142.6307 	EXP 	window1: recordFrameIntervals = False
144.5970 	EXP 	UpperText: autoDraw = False
144.5970 	EXP 	UpperBrackets: autoDraw = False
144.5970 	EXP 	LowerText: autoDraw = True
144.5970 	EXP 	LowerBrackets: autoDraw = True
145.4812 	DATA 	Keypress: right
146.5903 	EXP 	LowerText: autoDraw = False
146.5903 	EXP 	LowerBrackets: autoDraw = False
146.5903 	EXP 	TrialCrossHair: autoDraw = False
146.5903 	EXP 	RestCrossHair: autoDraw = True
150.6612 	EXP 	TopUpperLine: autoDraw = False
150.6612 	EXP 	BotUpperLine: autoDraw = False
150.6612 	EXP 	TopLowerLine: autoDraw = False
150.6612 	EXP 	BotLowerLine: autoDraw = False
150.6612 	EXP 	RestCrossHair: autoDraw = False
150.6612 	EXP 	TopUpperLine: autoDraw = False
150.6612 	EXP 	UpperText: autoDraw = False
150.6612 	EXP 	UpperBrackets: autoDraw = False
150.6612 	EXP 	BotUpperLine: autoDraw = False
150.6612 	EXP 	TopLowerLine: autoDraw = False
150.6612 	EXP 	LowerText: autoDraw = False
150.6612 	EXP 	LowerBrackets: autoDraw = False
150.6612 	EXP 	BotLowerLine: autoDraw = False
150.6612 	EXP 	TrialCrossHair: autoDraw = False
150.6612 	EXP 	RestCrossHair: autoDraw = False
150.6612 	EXP 	FeedbackMsg: text = 'Correct! RT=0.895'
150.6612 	EXP 	FeedbackMsg: autoDraw = True
152.1465 	EXP 	FeedbackMsg: autoDraw = False
152.1465 	EXP 	FeedbackMsg: autoDraw = False
152.1465 	EXP 	RestCrossHair: autoDraw = True
153.1439 	EXP 	New trial (rep=0, index=9): {'RetDur': 0, 'BotBrack': 0, 'StimDur': 2, 'UpBrack': 56, 'ProbeDurITI': 4.0250000000000004, 'ProbeDur': 0, 'ProbeStart': 2, 'TrialDur': 2, 'ITI': 4.0250000000000004, 'StimSet': u'HTXMJR', 'RetStart': 2, 'ProbeLet': u' ', 'TrialITIDur': 6.0250000000000004, 'Correct': u'none'}
153.1712 	EXP 	window1: recordFrameIntervals = False
153.1750 	EXP 	RestCrossHair: autoDraw = False
153.1750 	EXP 	RestCrossHair: autoDraw = False
153.1750 	EXP 	UpperText: text = u' H T X M J R '
153.1750 	EXP 	UpperBrackets: text = '        {   }'
153.1750 	EXP 	LowerText: text = u'   '
153.1750 	EXP 	LowerBrackets: text = ''
153.1750 	EXP 	TopUpperLine: autoDraw = True
153.1750 	EXP 	UpperText: autoDraw = True
153.1750 	EXP 	UpperBrackets: autoDraw = True
153.1750 	EXP 	BotUpperLine: autoDraw = True
153.1750 	EXP 	TopLowerLine: autoDraw = True
153.1750 	EXP 	BotLowerLine: autoDraw = True
153.1750 	EXP 	TrialCrossHair: autoDraw = True
153.1754 	EXP 	window1: recordFrameIntervals = False
155.1483 	EXP 	UpperText: autoDraw = False
155.1483 	EXP 	UpperBrackets: autoDraw = False
155.1483 	EXP 	TrialCrossHair: autoDraw = False
155.1540 	EXP 	LowerText: autoDraw = True
155.1540 	EXP 	LowerBrackets: autoDraw = True
155.1540 	EXP 	RestCrossHair: autoDraw = True
155.1609 	EXP 	LowerText: autoDraw = False
155.1609 	EXP 	LowerBrackets: autoDraw = False
159.1800 	EXP 	TopUpperLine: autoDraw = False
159.1800 	EXP 	BotUpperLine: autoDraw = False
159.1800 	EXP 	TopLowerLine: autoDraw = False
159.1800 	EXP 	BotLowerLine: autoDraw = False
159.1800 	EXP 	RestCrossHair: autoDraw = False
159.1800 	EXP 	TopUpperLine: autoDraw = False
159.1800 	EXP 	UpperText: autoDraw = False
159.1800 	EXP 	UpperBrackets: autoDraw = False
159.1800 	EXP 	BotUpperLine: autoDraw = False
159.1800 	EXP 	TopLowerLine: autoDraw = False
159.1800 	EXP 	LowerText: autoDraw = False
159.1800 	EXP 	LowerBrackets: autoDraw = False
159.1800 	EXP 	BotLowerLine: autoDraw = False
159.1800 	EXP 	TrialCrossHair: autoDraw = False
159.1800 	EXP 	RestCrossHair: autoDraw = False
159.1800 	EXP 	FeedbackMsg: text = 'No response, good!'
159.1800 	EXP 	FeedbackMsg: autoDraw = True
160.6744 	EXP 	FeedbackMsg: autoDraw = False
160.6744 	EXP 	RestCrossHair: autoDraw = True
161.6680 	EXP 	New trial (rep=0, index=10): {'RetDur': 0, 'BotBrack': 0, 'StimDur': 2, 'UpBrack': 123, 'ProbeDurITI': 4.0019999999999998, 'ProbeDur': 0, 'ProbeStart': 2, 'TrialDur': 2, 'ITI': 4.0019999999999998, 'StimSet': u'YBDHMX', 'RetStart': 2, 'ProbeLet': u' ', 'TrialITIDur': 6.0020000000000007, 'Correct': u'none'}
161.6946 	EXP 	window1: recordFrameIntervals = False
161.6985 	EXP 	RestCrossHair: autoDraw = False
161.6985 	EXP 	RestCrossHair: autoDraw = False
161.6985 	EXP 	UpperText: text = u' Y B D H M X '
161.6985 	EXP 	UpperBrackets: text = '{     }      '
161.6985 	EXP 	LowerText: text = u'   '
161.6985 	EXP 	LowerBrackets: text = ''
161.6985 	EXP 	TopUpperLine: autoDraw = True
161.6985 	EXP 	UpperText: autoDraw = True
161.6985 	EXP 	UpperBrackets: autoDraw = True
161.6985 	EXP 	BotUpperLine: autoDraw = True
161.6985 	EXP 	TopLowerLine: autoDraw = True
161.6985 	EXP 	BotLowerLine: autoDraw = True
161.6985 	EXP 	TrialCrossHair: autoDraw = True
161.6990 	EXP 	window1: recordFrameIntervals = False
163.6734 	EXP 	UpperText: autoDraw = False
163.6734 	EXP 	UpperBrackets: autoDraw = False
163.6734 	EXP 	TrialCrossHair: autoDraw = False
163.6803 	EXP 	LowerText: autoDraw = True
163.6803 	EXP 	LowerBrackets: autoDraw = True
163.6803 	EXP 	RestCrossHair: autoDraw = True
163.6858 	EXP 	LowerText: autoDraw = False
163.6858 	EXP 	LowerBrackets: autoDraw = False
167.6869 	EXP 	TopUpperLine: autoDraw = False
167.6869 	EXP 	BotUpperLine: autoDraw = False
167.6869 	EXP 	TopLowerLine: autoDraw = False
167.6869 	EXP 	BotLowerLine: autoDraw = False
167.6869 	EXP 	RestCrossHair: autoDraw = False
167.6869 	EXP 	TopUpperLine: autoDraw = False
167.6869 	EXP 	UpperText: autoDraw = False
167.6869 	EXP 	UpperBrackets: autoDraw = False
167.6869 	EXP 	BotUpperLine: autoDraw = False
167.6869 	EXP 	TopLowerLine: autoDraw = False
167.6869 	EXP 	LowerText: autoDraw = False
167.6869 	EXP 	LowerBrackets: autoDraw = False
167.6869 	EXP 	BotLowerLine: autoDraw = False
167.6869 	EXP 	TrialCrossHair: autoDraw = False
167.6869 	EXP 	RestCrossHair: autoDraw = False
167.6869 	EXP 	FeedbackMsg: text = 'No response, good!'
167.6869 	EXP 	FeedbackMsg: autoDraw = True
169.1809 	EXP 	FeedbackMsg: autoDraw = False
169.1809 	EXP 	RestCrossHair: autoDraw = True
170.1797 	EXP 	New trial (rep=0, index=11): {'RetDur': 5, 'BotBrack': 2, 'StimDur': 2, 'UpBrack': 234, 'ProbeDurITI': 6.0070000000000006, 'ProbeDur': 2, 'ProbeStart': 7, 'TrialDur': 9, 'ITI': 4.0069999999999997, 'StimSet': u'QXTJMN', 'RetStart': 2, 'ProbeLet': u'bfylkh', 'TrialITIDur': 13.007, 'Correct': u'right'}
170.2251 	EXP 	window1: recordFrameIntervals = False
170.2291 	EXP 	RestCrossHair: autoDraw = False
170.2291 	EXP 	UpperText: text = u' Q X T J M N '
170.2291 	EXP 	UpperBrackets: text = '  {     }    '
170.2291 	EXP 	LowerText: text = u' b f y l k h '
170.2291 	EXP 	LowerBrackets: text = '  { }        '
170.2291 	EXP 	TopUpperLine: autoDraw = True
170.2291 	EXP 	UpperText: autoDraw = True
170.2291 	EXP 	UpperBrackets: autoDraw = True
170.2291 	EXP 	BotUpperLine: autoDraw = True
170.2291 	EXP 	TopLowerLine: autoDraw = True
170.2291 	EXP 	BotLowerLine: autoDraw = True
170.2291 	EXP 	TrialCrossHair: autoDraw = True
170.2296 	EXP 	window1: recordFrameIntervals = False
172.1880 	EXP 	UpperText: autoDraw = False
172.1880 	EXP 	UpperBrackets: autoDraw = False
177.1867 	EXP 	LowerText: autoDraw = True
177.1867 	EXP 	LowerBrackets: autoDraw = True
179.1835 	EXP 	LowerText: autoDraw = False
179.1835 	EXP 	LowerBrackets: autoDraw = False
179.1835 	EXP 	TrialCrossHair: autoDraw = False
179.1893 	EXP 	RestCrossHair: autoDraw = True
183.2014 	EXP 	TopUpperLine: autoDraw = False
183.2014 	EXP 	BotUpperLine: autoDraw = False
183.2014 	EXP 	TopLowerLine: autoDraw = False
183.2014 	EXP 	BotLowerLine: autoDraw = False
183.2014 	EXP 	RestCrossHair: autoDraw = False
183.2014 	EXP 	TopUpperLine: autoDraw = False
183.2014 	EXP 	UpperText: autoDraw = False
183.2014 	EXP 	UpperBrackets: autoDraw = False
183.2014 	EXP 	BotUpperLine: autoDraw = False
183.2014 	EXP 	TopLowerLine: autoDraw = False
183.2014 	EXP 	LowerText: autoDraw = False
183.2014 	EXP 	LowerBrackets: autoDraw = False
183.2014 	EXP 	BotLowerLine: autoDraw = False
183.2014 	EXP 	TrialCrossHair: autoDraw = False
183.2014 	EXP 	RestCrossHair: autoDraw = False
183.2014 	EXP 	FeedbackMsg: text = 'No response...miss'
183.2014 	EXP 	FeedbackMsg: autoDraw = True
184.6951 	EXP 	FeedbackMsg: autoDraw = False
184.6951 	EXP 	RestCrossHair: autoDraw = True
185.6893 	EXP 	New trial (rep=0, index=12): {'RetDur': 5, 'BotBrack': 2, 'StimDur': 2, 'UpBrack': 234, 'ProbeDurITI': 6.9670000000000005, 'ProbeDur': 2, 'ProbeStart': 7, 'TrialDur': 9, 'ITI': 4.9669999999999996, 'StimSet': u'FBMDTY', 'RetStart': 2, 'ProbeLet': u'jblrgh', 'TrialITIDur': 13.967000000000001, 'Correct': u'down'}
185.7325 	EXP 	window1: recordFrameIntervals = False
185.7364 	EXP 	RestCrossHair: autoDraw = False
185.7364 	EXP 	UpperText: text = u' F B M D T Y '
185.7364 	EXP 	UpperBrackets: text = '  {     }    '
185.7364 	EXP 	LowerText: text = u' j b l r g h '
185.7364 	EXP 	LowerBrackets: text = '  { }        '
185.7364 	EXP 	TopUpperLine: autoDraw = True
185.7364 	EXP 	UpperText: autoDraw = True
185.7364 	EXP 	UpperBrackets: autoDraw = True
185.7364 	EXP 	BotUpperLine: autoDraw = True
185.7364 	EXP 	TopLowerLine: autoDraw = True
185.7364 	EXP 	BotLowerLine: autoDraw = True
185.7364 	EXP 	TrialCrossHair: autoDraw = True
185.7369 	EXP 	window1: recordFrameIntervals = False
187.6958 	EXP 	UpperText: autoDraw = False
187.6958 	EXP 	UpperBrackets: autoDraw = False
192.7015 	EXP 	LowerText: autoDraw = True
192.7015 	EXP 	LowerBrackets: autoDraw = True
194.6968 	EXP 	LowerText: autoDraw = False
194.6968 	EXP 	LowerBrackets: autoDraw = False
194.6968 	EXP 	TrialCrossHair: autoDraw = False
194.7038 	EXP 	RestCrossHair: autoDraw = True
199.6777 	EXP 	TopUpperLine: autoDraw = False
199.6777 	EXP 	BotUpperLine: autoDraw = False
199.6777 	EXP 	TopLowerLine: autoDraw = False
199.6777 	EXP 	BotLowerLine: autoDraw = False
199.6777 	EXP 	RestCrossHair: autoDraw = False
199.6777 	EXP 	TopUpperLine: autoDraw = False
199.6777 	EXP 	UpperText: autoDraw = False
199.6777 	EXP 	UpperBrackets: autoDraw = False
199.6777 	EXP 	BotUpperLine: autoDraw = False
199.6777 	EXP 	TopLowerLine: autoDraw = False
199.6777 	EXP 	LowerText: autoDraw = False
199.6777 	EXP 	LowerBrackets: autoDraw = False
199.6777 	EXP 	BotLowerLine: autoDraw = False
199.6777 	EXP 	TrialCrossHair: autoDraw = False
199.6777 	EXP 	RestCrossHair: autoDraw = False
199.6777 	EXP 	FeedbackMsg: text = 'No response...miss'
199.6777 	EXP 	FeedbackMsg: autoDraw = True
201.1660 	EXP 	FeedbackMsg: autoDraw = False
201.1660 	EXP 	RestCrossHair: autoDraw = True
202.1633 	EXP 	New trial (rep=0, index=13): {'RetDur': 5, 'BotBrack': 0, 'StimDur': 2, 'UpBrack': 345, 'ProbeDurITI': 4.0750000000000002, 'ProbeDur': 0, 'ProbeStart': 7, 'TrialDur': 7, 'ITI': 4.0750000000000002, 'StimSet': u'TDMLKB', 'RetStart': 2, 'ProbeLet': u' ', 'TrialITIDur': 11.074999999999999, 'Correct': u'none'}
202.1915 	EXP 	window1: recordFrameIntervals = False
202.1955 	EXP 	RestCrossHair: autoDraw = False
202.1955 	EXP 	UpperText: text = u' T D M L K B '
202.1955 	EXP 	UpperBrackets: text = '    {     }  '
202.1955 	EXP 	LowerText: text = u'   '
202.1955 	EXP 	LowerBrackets: text = ''
202.1955 	EXP 	TopUpperLine: autoDraw = True
202.1955 	EXP 	UpperText: autoDraw = True
202.1955 	EXP 	UpperBrackets: autoDraw = True
202.1955 	EXP 	BotUpperLine: autoDraw = True
202.1955 	EXP 	TopLowerLine: autoDraw = True
202.1955 	EXP 	BotLowerLine: autoDraw = True
202.1955 	EXP 	TrialCrossHair: autoDraw = True
202.1959 	EXP 	window1: recordFrameIntervals = False
204.1694 	EXP 	UpperText: autoDraw = False
204.1694 	EXP 	UpperBrackets: autoDraw = False
209.1678 	EXP 	TrialCrossHair: autoDraw = False
209.1730 	EXP 	LowerText: autoDraw = True
209.1730 	EXP 	LowerBrackets: autoDraw = True
209.1730 	EXP 	RestCrossHair: autoDraw = True
209.1780 	EXP 	LowerText: autoDraw = False
209.1780 	EXP 	LowerBrackets: autoDraw = False
213.2543 	EXP 	TopUpperLine: autoDraw = False
213.2543 	EXP 	BotUpperLine: autoDraw = False
213.2543 	EXP 	TopLowerLine: autoDraw = False
213.2543 	EXP 	BotLowerLine: autoDraw = False
213.2543 	EXP 	RestCrossHair: autoDraw = False
213.2543 	EXP 	TopUpperLine: autoDraw = False
213.2543 	EXP 	UpperText: autoDraw = False
213.2543 	EXP 	UpperBrackets: autoDraw = False
213.2543 	EXP 	BotUpperLine: autoDraw = False
213.2543 	EXP 	TopLowerLine: autoDraw = False
213.2543 	EXP 	LowerText: autoDraw = False
213.2543 	EXP 	LowerBrackets: autoDraw = False
213.2543 	EXP 	BotLowerLine: autoDraw = False
213.2543 	EXP 	TrialCrossHair: autoDraw = False
213.2543 	EXP 	RestCrossHair: autoDraw = False
213.2543 	EXP 	FeedbackMsg: text = 'No response, good!'
213.2543 	EXP 	FeedbackMsg: autoDraw = True
214.7470 	EXP 	FeedbackMsg: autoDraw = False
214.7470 	EXP 	RestCrossHair: autoDraw = True
215.7410 	EXP 	New trial (rep=0, index=14): {'RetDur': 0, 'BotBrack': 2, 'StimDur': 2, 'UpBrack': 345, 'ProbeDurITI': 6.7000000000000002, 'ProbeDur': 2, 'ProbeStart': 2, 'TrialDur': 4, 'ITI': 4.7000000000000002, 'StimSet': u'JMKRNX', 'RetStart': 2, 'ProbeLet': u'fbdgly', 'TrialITIDur': 8.6999999999999993, 'Correct': u'right'}
215.7820 	EXP 	window1: recordFrameIntervals = False
215.7858 	EXP 	RestCrossHair: autoDraw = False
215.7858 	EXP 	RestCrossHair: autoDraw = False
215.7858 	EXP 	UpperText: text = u' J M K R N X '
215.7858 	EXP 	UpperBrackets: text = '    {     }  '
215.7858 	EXP 	LowerText: text = u' f b d g l y '
215.7858 	EXP 	LowerBrackets: text = '  { }        '
215.7858 	EXP 	TopUpperLine: autoDraw = True
215.7858 	EXP 	UpperText: autoDraw = True
215.7858 	EXP 	UpperBrackets: autoDraw = True
215.7858 	EXP 	BotUpperLine: autoDraw = True
215.7858 	EXP 	TopLowerLine: autoDraw = True
215.7858 	EXP 	BotLowerLine: autoDraw = True
215.7858 	EXP 	TrialCrossHair: autoDraw = True
215.7862 	EXP 	window1: recordFrameIntervals = False
217.7462 	EXP 	UpperText: autoDraw = False
217.7462 	EXP 	UpperBrackets: autoDraw = False
217.7530 	EXP 	LowerText: autoDraw = True
217.7530 	EXP 	LowerBrackets: autoDraw = True
219.7490 	EXP 	LowerText: autoDraw = False
219.7490 	EXP 	LowerBrackets: autoDraw = False
219.7490 	EXP 	TrialCrossHair: autoDraw = False
219.7490 	EXP 	RestCrossHair: autoDraw = True
224.4595 	EXP 	TopUpperLine: autoDraw = False
224.4595 	EXP 	BotUpperLine: autoDraw = False
224.4595 	EXP 	TopLowerLine: autoDraw = False
224.4595 	EXP 	BotLowerLine: autoDraw = False
224.4595 	EXP 	RestCrossHair: autoDraw = False
224.4595 	EXP 	TopUpperLine: autoDraw = False
224.4595 	EXP 	UpperText: autoDraw = False
224.4595 	EXP 	UpperBrackets: autoDraw = False
224.4595 	EXP 	BotUpperLine: autoDraw = False
224.4595 	EXP 	TopLowerLine: autoDraw = False
224.4595 	EXP 	LowerText: autoDraw = False
224.4595 	EXP 	LowerBrackets: autoDraw = False
224.4595 	EXP 	BotLowerLine: autoDraw = False
224.4595 	EXP 	TrialCrossHair: autoDraw = False
224.4595 	EXP 	RestCrossHair: autoDraw = False
224.4595 	EXP 	FeedbackMsg: text = 'No response...miss'
224.4595 	EXP 	FeedbackMsg: autoDraw = True
225.9455 	EXP 	FeedbackMsg: autoDraw = False
225.9455 	EXP 	FeedbackMsg: autoDraw = False
225.9455 	EXP 	RestCrossHair: autoDraw = True
226.9416 	EXP 	New trial (rep=0, index=15): {'RetDur': 5, 'BotBrack': 0, 'StimDur': 2, 'UpBrack': 2345, 'ProbeDurITI': 4.4939999999999998, 'ProbeDur': 0, 'ProbeStart': 7, 'TrialDur': 7, 'ITI': 4.4939999999999998, 'StimSet': u'MDTQWF', 'RetStart': 2, 'ProbeLet': u' ', 'TrialITIDur': 11.494000000000002, 'Correct': u'none'}
226.9696 	EXP 	window1: recordFrameIntervals = False
226.9733 	EXP 	RestCrossHair: autoDraw = False
226.9733 	EXP 	RestCrossHair: autoDraw = False
226.9733 	EXP 	UpperText: text = u' M D T Q W F '
226.9733 	EXP 	UpperBrackets: text = '  {       }  '
226.9733 	EXP 	LowerText: text = u'   '
226.9733 	EXP 	LowerBrackets: text = ''
226.9733 	EXP 	TopUpperLine: autoDraw = True
226.9733 	EXP 	UpperText: autoDraw = True
226.9733 	EXP 	UpperBrackets: autoDraw = True
226.9733 	EXP 	BotUpperLine: autoDraw = True
226.9733 	EXP 	TopLowerLine: autoDraw = True
226.9733 	EXP 	BotLowerLine: autoDraw = True
226.9733 	EXP 	TrialCrossHair: autoDraw = True
226.9737 	EXP 	window1: recordFrameIntervals = False
228.9506 	EXP 	UpperText: autoDraw = False
228.9506 	EXP 	UpperBrackets: autoDraw = False
233.9482 	EXP 	LowerText: autoDraw = True
233.9482 	EXP 	LowerBrackets: autoDraw = True
233.9482 	EXP 	TrialCrossHair: autoDraw = False
233.9482 	EXP 	RestCrossHair: autoDraw = True
233.9548 	EXP 	LowerText: autoDraw = False
233.9548 	EXP 	LowerBrackets: autoDraw = False
238.4486 	EXP 	TopUpperLine: autoDraw = False
238.4486 	EXP 	BotUpperLine: autoDraw = False
238.4486 	EXP 	TopLowerLine: autoDraw = False
238.4486 	EXP 	BotLowerLine: autoDraw = False
238.4486 	EXP 	RestCrossHair: autoDraw = False
238.4486 	EXP 	TopUpperLine: autoDraw = False
238.4486 	EXP 	UpperText: autoDraw = False
238.4486 	EXP 	UpperBrackets: autoDraw = False
238.4486 	EXP 	BotUpperLine: autoDraw = False
238.4486 	EXP 	TopLowerLine: autoDraw = False
238.4486 	EXP 	LowerText: autoDraw = False
238.4486 	EXP 	LowerBrackets: autoDraw = False
238.4486 	EXP 	BotLowerLine: autoDraw = False
238.4486 	EXP 	TrialCrossHair: autoDraw = False
238.4486 	EXP 	RestCrossHair: autoDraw = False
238.4486 	EXP 	FeedbackMsg: text = 'No response, good!'
238.4486 	EXP 	FeedbackMsg: autoDraw = True
239.9426 	EXP 	FeedbackMsg: autoDraw = False
239.9426 	EXP 	RestCrossHair: autoDraw = True
240.9387 	EXP 	New trial (rep=0, index=16): {'RetDur': 0, 'BotBrack': 0, 'StimDur': 2, 'UpBrack': 2345, 'ProbeDurITI': 4.2789999999999999, 'ProbeDur': 0, 'ProbeStart': 2, 'TrialDur': 2, 'ITI': 4.2789999999999999, 'StimSet': u'KLFWTJ', 'RetStart': 2, 'ProbeLet': u' ', 'TrialITIDur': 6.2789999999999999, 'Correct': u'none'}
240.9668 	EXP 	window1: recordFrameIntervals = False
240.9706 	EXP 	RestCrossHair: autoDraw = False
240.9706 	EXP 	UpperText: text = u' K L F W T J '
240.9706 	EXP 	UpperBrackets: text = '  {       }  '
240.9706 	EXP 	LowerText: text = u'   '
240.9706 	EXP 	LowerBrackets: text = ''
240.9706 	EXP 	TopUpperLine: autoDraw = True
240.9706 	EXP 	UpperText: autoDraw = True
240.9706 	EXP 	UpperBrackets: autoDraw = True
240.9706 	EXP 	BotUpperLine: autoDraw = True
240.9706 	EXP 	TopLowerLine: autoDraw = True
240.9706 	EXP 	BotLowerLine: autoDraw = True
240.9706 	EXP 	TrialCrossHair: autoDraw = True
240.9710 	EXP 	window1: recordFrameIntervals = False
242.9451 	EXP 	UpperText: autoDraw = False
242.9451 	EXP 	UpperBrackets: autoDraw = False
242.9451 	EXP 	TrialCrossHair: autoDraw = False
242.9521 	EXP 	LowerText: autoDraw = True
242.9521 	EXP 	LowerBrackets: autoDraw = True
242.9521 	EXP 	RestCrossHair: autoDraw = True
242.9576 	EXP 	LowerText: autoDraw = False
242.9576 	EXP 	LowerBrackets: autoDraw = False
247.2335 	EXP 	TopUpperLine: autoDraw = False
247.2335 	EXP 	BotUpperLine: autoDraw = False
247.2335 	EXP 	TopLowerLine: autoDraw = False
247.2335 	EXP 	BotLowerLine: autoDraw = False
247.2335 	EXP 	RestCrossHair: autoDraw = False
247.2335 	EXP 	TopUpperLine: autoDraw = False
247.2335 	EXP 	UpperText: autoDraw = False
247.2335 	EXP 	UpperBrackets: autoDraw = False
247.2335 	EXP 	BotUpperLine: autoDraw = False
247.2335 	EXP 	TopLowerLine: autoDraw = False
247.2335 	EXP 	LowerText: autoDraw = False
247.2335 	EXP 	LowerBrackets: autoDraw = False
247.2335 	EXP 	BotLowerLine: autoDraw = False
247.2335 	EXP 	TrialCrossHair: autoDraw = False
247.2335 	EXP 	RestCrossHair: autoDraw = False
247.2335 	EXP 	FeedbackMsg: text = 'No response, good!'
247.2335 	EXP 	FeedbackMsg: autoDraw = True
248.7223 	EXP 	FeedbackMsg: autoDraw = False
248.7223 	EXP 	FeedbackMsg: autoDraw = False
248.7223 	EXP 	RestCrossHair: autoDraw = True
249.7175 	EXP 	New trial (rep=0, index=17): {'RetDur': 5, 'BotBrack': 4, 'StimDur': 2, 'UpBrack': 2345, 'ProbeDurITI': 6.7479999999999993, 'ProbeDur': 2, 'ProbeStart': 7, 'TrialDur': 9, 'ITI': 4.7480000000000002, 'StimSet': u'WNLMBQ', 'RetStart': 2, 'ProbeLet': u'htfnxj', 'TrialITIDur': 13.747999999999999, 'Correct': u'down'}
249.7791 	EXP 	window1: recordFrameIntervals = False
249.7839 	EXP 	RestCrossHair: autoDraw = False
249.7839 	EXP 	RestCrossHair: autoDraw = False
249.7839 	EXP 	UpperText: text = u' W N L M B Q '
249.7839 	EXP 	UpperBrackets: text = '  {       }  '
249.7839 	EXP 	LowerText: text = u' h t f n x j '
249.7839 	EXP 	LowerBrackets: text = '      { }    '
249.7839 	EXP 	TopUpperLine: autoDraw = True
249.7839 	EXP 	UpperText: autoDraw = True
249.7839 	EXP 	UpperBrackets: autoDraw = True
249.7839 	EXP 	BotUpperLine: autoDraw = True
249.7839 	EXP 	TopLowerLine: autoDraw = True
249.7839 	EXP 	BotLowerLine: autoDraw = True
249.7839 	EXP 	TrialCrossHair: autoDraw = True
249.7846 	EXP 	window1: recordFrameIntervals = False
251.7252 	EXP 	UpperText: autoDraw = False
251.7252 	EXP 	UpperBrackets: autoDraw = False
256.7275 	EXP 	LowerText: autoDraw = True
256.7275 	EXP 	LowerBrackets: autoDraw = True
258.7265 	EXP 	LowerText: autoDraw = False
258.7265 	EXP 	LowerBrackets: autoDraw = False
258.7265 	EXP 	TrialCrossHair: autoDraw = False
258.7265 	EXP 	RestCrossHair: autoDraw = True
258.7898 	DATA 	Keypress: down
263.4868 	EXP 	TopUpperLine: autoDraw = False
263.4868 	EXP 	BotUpperLine: autoDraw = False
263.4868 	EXP 	TopLowerLine: autoDraw = False
263.4868 	EXP 	BotLowerLine: autoDraw = False
263.4868 	EXP 	RestCrossHair: autoDraw = False
263.4868 	EXP 	TopUpperLine: autoDraw = False
263.4868 	EXP 	UpperText: autoDraw = False
263.4868 	EXP 	UpperBrackets: autoDraw = False
263.4868 	EXP 	BotUpperLine: autoDraw = False
263.4868 	EXP 	TopLowerLine: autoDraw = False
263.4868 	EXP 	LowerText: autoDraw = False
263.4868 	EXP 	LowerBrackets: autoDraw = False
263.4868 	EXP 	BotLowerLine: autoDraw = False
263.4868 	EXP 	TrialCrossHair: autoDraw = False
263.4868 	EXP 	RestCrossHair: autoDraw = False
263.4868 	EXP 	FeedbackMsg: text = 'Correct! RT=2.067'
263.4868 	EXP 	FeedbackMsg: autoDraw = True
264.9755 	EXP 	FeedbackMsg: autoDraw = False
264.9755 	EXP 	RestCrossHair: autoDraw = True
265.9714 	EXP 	New trial (rep=0, index=18): {'RetDur': 5, 'BotBrack': 4, 'StimDur': 2, 'UpBrack': 2345, 'ProbeDurITI': 6.0529999999999999, 'ProbeDur': 2, 'ProbeStart': 7, 'TrialDur': 9, 'ITI': 4.0529999999999999, 'StimSet': u'RXHGFK', 'RetStart': 2, 'ProbeLet': u'jwtgnm', 'TrialITIDur': 13.052999999999999, 'Correct': u'down'}
266.0174 	EXP 	window1: recordFrameIntervals = False
266.0213 	EXP 	RestCrossHair: autoDraw = False
266.0213 	EXP 	UpperText: text = u' R X H G F K '
266.0213 	EXP 	UpperBrackets: text = '  {       }  '
266.0213 	EXP 	LowerText: text = u' j w t g n m '
266.0213 	EXP 	LowerBrackets: text = '      { }    '
266.0213 	EXP 	TopUpperLine: autoDraw = True
266.0213 	EXP 	UpperText: autoDraw = True
266.0213 	EXP 	UpperBrackets: autoDraw = True
266.0213 	EXP 	BotUpperLine: autoDraw = True
266.0213 	EXP 	TopLowerLine: autoDraw = True
266.0213 	EXP 	BotLowerLine: autoDraw = True
266.0213 	EXP 	TrialCrossHair: autoDraw = True
266.0218 	EXP 	window1: recordFrameIntervals = False
267.9794 	EXP 	UpperText: autoDraw = False
267.9794 	EXP 	UpperBrackets: autoDraw = False
272.9832 	EXP 	LowerText: autoDraw = True
272.9832 	EXP 	LowerBrackets: autoDraw = True
274.9756 	EXP 	LowerText: autoDraw = False
274.9756 	EXP 	LowerBrackets: autoDraw = False
274.9756 	EXP 	TrialCrossHair: autoDraw = False
274.9815 	EXP 	RestCrossHair: autoDraw = True
279.0410 	EXP 	TopUpperLine: autoDraw = False
279.0410 	EXP 	BotUpperLine: autoDraw = False
279.0410 	EXP 	TopLowerLine: autoDraw = False
279.0410 	EXP 	BotLowerLine: autoDraw = False
279.0410 	EXP 	RestCrossHair: autoDraw = False
279.0410 	EXP 	TopUpperLine: autoDraw = False
279.0410 	EXP 	UpperText: autoDraw = False
279.0410 	EXP 	UpperBrackets: autoDraw = False
279.0410 	EXP 	BotUpperLine: autoDraw = False
279.0410 	EXP 	TopLowerLine: autoDraw = False
279.0410 	EXP 	LowerText: autoDraw = False
279.0410 	EXP 	LowerBrackets: autoDraw = False
279.0410 	EXP 	BotLowerLine: autoDraw = False
279.0410 	EXP 	TrialCrossHair: autoDraw = False
279.0410 	EXP 	RestCrossHair: autoDraw = False
279.0410 	EXP 	FeedbackMsg: text = 'No response...miss'
279.0410 	EXP 	FeedbackMsg: autoDraw = True
280.5353 	EXP 	FeedbackMsg: autoDraw = False
280.5353 	EXP 	RestCrossHair: autoDraw = True
281.5328 	EXP 	New trial (rep=0, index=19): {'RetDur': 0, 'BotBrack': 1, 'StimDur': 2, 'UpBrack': 3456, 'ProbeDurITI': 6.2939999999999996, 'ProbeDur': 2, 'ProbeStart': 2, 'TrialDur': 4, 'ITI': 4.2939999999999996, 'StimSet': u'GJLMXF', 'RetStart': 2, 'ProbeLet': u'xbykdn', 'TrialITIDur': 8.2940000000000005, 'Correct': u'down'}
281.5755 	EXP 	window1: recordFrameIntervals = False
281.5796 	EXP 	RestCrossHair: autoDraw = False
281.5796 	EXP 	UpperText: text = u' G J L M X F '
281.5796 	EXP 	UpperBrackets: text = '    {       }'
281.5796 	EXP 	LowerText: text = u' x b y k d n '
281.5796 	EXP 	LowerBrackets: text = '{ }          '
281.5796 	EXP 	TopUpperLine: autoDraw = True
281.5796 	EXP 	UpperText: autoDraw = True
281.5796 	EXP 	UpperBrackets: autoDraw = True
281.5796 	EXP 	BotUpperLine: autoDraw = True
281.5796 	EXP 	TopLowerLine: autoDraw = True
281.5796 	EXP 	BotLowerLine: autoDraw = True
281.5796 	EXP 	TrialCrossHair: autoDraw = True
281.5801 	EXP 	window1: recordFrameIntervals = False
283.5422 	EXP 	UpperText: autoDraw = False
283.5422 	EXP 	UpperBrackets: autoDraw = False
283.5422 	EXP 	LowerText: autoDraw = True
283.5422 	EXP 	LowerBrackets: autoDraw = True
285.5424 	EXP 	LowerText: autoDraw = False
285.5424 	EXP 	LowerBrackets: autoDraw = False
285.5424 	EXP 	TrialCrossHair: autoDraw = False
285.5424 	EXP 	RestCrossHair: autoDraw = True
289.8486 	EXP 	TopUpperLine: autoDraw = False
289.8486 	EXP 	BotUpperLine: autoDraw = False
289.8486 	EXP 	TopLowerLine: autoDraw = False
289.8486 	EXP 	BotLowerLine: autoDraw = False
289.8486 	EXP 	RestCrossHair: autoDraw = False
289.8486 	EXP 	TopUpperLine: autoDraw = False
289.8486 	EXP 	UpperText: autoDraw = False
289.8486 	EXP 	UpperBrackets: autoDraw = False
289.8486 	EXP 	BotUpperLine: autoDraw = False
289.8486 	EXP 	TopLowerLine: autoDraw = False
289.8486 	EXP 	LowerText: autoDraw = False
289.8486 	EXP 	LowerBrackets: autoDraw = False
289.8486 	EXP 	BotLowerLine: autoDraw = False
289.8486 	EXP 	TrialCrossHair: autoDraw = False
289.8486 	EXP 	RestCrossHair: autoDraw = False
289.8486 	EXP 	FeedbackMsg: text = 'No response...miss'
289.8486 	EXP 	FeedbackMsg: autoDraw = True
291.3386 	EXP 	FeedbackMsg: autoDraw = False
291.3386 	EXP 	RestCrossHair: autoDraw = True
292.3323 	EXP 	New trial (rep=0, index=20): {'RetDur': 0, 'BotBrack': 3, 'StimDur': 2, 'UpBrack': 12345, 'ProbeDurITI': 6.0640000000000001, 'ProbeDur': 2, 'ProbeStart': 2, 'TrialDur': 4, 'ITI': 4.0640000000000001, 'StimSet': u'NHXYGK', 'RetStart': 2, 'ProbeLet': u'rldbwm', 'TrialITIDur': 8.0640000000000001, 'Correct': u'right'}
292.3757 	EXP 	window1: recordFrameIntervals = False
292.3797 	EXP 	RestCrossHair: autoDraw = False
292.3797 	EXP 	RestCrossHair: autoDraw = False
292.3797 	EXP 	UpperText: text = u' N H X Y G K '
292.3797 	EXP 	UpperBrackets: text = '{         }  '
292.3797 	EXP 	LowerText: text = u' r l d b w m '
292.3797 	EXP 	LowerBrackets: text = '    { }      '
292.3797 	EXP 	TopUpperLine: autoDraw = True
292.3797 	EXP 	UpperText: autoDraw = True
292.3797 	EXP 	UpperBrackets: autoDraw = True
292.3797 	EXP 	BotUpperLine: autoDraw = True
292.3797 	EXP 	TopLowerLine: autoDraw = True
292.3797 	EXP 	BotLowerLine: autoDraw = True
292.3797 	EXP 	TrialCrossHair: autoDraw = True
292.3801 	EXP 	window1: recordFrameIntervals = False
294.3410 	EXP 	UpperText: autoDraw = False
294.3410 	EXP 	UpperBrackets: autoDraw = False
294.3410 	EXP 	LowerText: autoDraw = True
294.3410 	EXP 	LowerBrackets: autoDraw = True
295.2832 	DATA 	Keypress: down
296.3421 	EXP 	LowerText: autoDraw = False
296.3421 	EXP 	LowerBrackets: autoDraw = False
296.3421 	EXP 	TrialCrossHair: autoDraw = False
296.3421 	EXP 	RestCrossHair: autoDraw = True
300.4117 	EXP 	TopUpperLine: autoDraw = False
300.4117 	EXP 	BotUpperLine: autoDraw = False
300.4117 	EXP 	TopLowerLine: autoDraw = False
300.4117 	EXP 	BotLowerLine: autoDraw = False
300.4117 	EXP 	RestCrossHair: autoDraw = False
300.4117 	EXP 	TopUpperLine: autoDraw = False
300.4117 	EXP 	UpperText: autoDraw = False
300.4117 	EXP 	UpperBrackets: autoDraw = False
300.4117 	EXP 	BotUpperLine: autoDraw = False
300.4117 	EXP 	TopLowerLine: autoDraw = False
300.4117 	EXP 	LowerText: autoDraw = False
300.4117 	EXP 	LowerBrackets: autoDraw = False
300.4117 	EXP 	BotLowerLine: autoDraw = False
300.4117 	EXP 	TrialCrossHair: autoDraw = False
300.4117 	EXP 	RestCrossHair: autoDraw = False
300.4117 	EXP 	FeedbackMsg: text = 'Oops! That was wrong'
300.4117 	EXP 	FeedbackMsg: autoDraw = True
301.8991 	EXP 	FeedbackMsg: autoDraw = False
301.8991 	EXP 	FeedbackMsg: autoDraw = False
301.8991 	EXP 	RestCrossHair: autoDraw = True
302.8949 	EXP 	New trial (rep=0, index=21): {'RetDur': 5, 'BotBrack': 0, 'StimDur': 2, 'UpBrack': 12345, 'ProbeDurITI': 4.1160000000000005, 'ProbeDur': 0, 'ProbeStart': 7, 'TrialDur': 7, 'ITI': 4.1160000000000005, 'StimSet': u'WNYDXF', 'RetStart': 2, 'ProbeLet': u' ', 'TrialITIDur': 11.116, 'Correct': u'none'}
302.9223 	EXP 	window1: recordFrameIntervals = False
302.9261 	EXP 	RestCrossHair: autoDraw = False
302.9261 	EXP 	RestCrossHair: autoDraw = False
302.9261 	EXP 	UpperText: text = u' W N Y D X F '
302.9261 	EXP 	UpperBrackets: text = '{         }  '
302.9261 	EXP 	LowerText: text = u'   '
302.9261 	EXP 	LowerBrackets: text = ''
302.9261 	EXP 	TopUpperLine: autoDraw = True
302.9261 	EXP 	UpperText: autoDraw = True
302.9261 	EXP 	UpperBrackets: autoDraw = True
302.9261 	EXP 	BotUpperLine: autoDraw = True
302.9261 	EXP 	TopLowerLine: autoDraw = True
302.9261 	EXP 	BotLowerLine: autoDraw = True
302.9261 	EXP 	TrialCrossHair: autoDraw = True
302.9265 	EXP 	window1: recordFrameIntervals = False
304.9009 	EXP 	UpperText: autoDraw = False
304.9009 	EXP 	UpperBrackets: autoDraw = False
309.9015 	EXP 	TrialCrossHair: autoDraw = False
309.9097 	EXP 	LowerText: autoDraw = True
309.9097 	EXP 	LowerBrackets: autoDraw = True
309.9097 	EXP 	RestCrossHair: autoDraw = True
309.9164 	EXP 	LowerText: autoDraw = False
309.9164 	EXP 	LowerBrackets: autoDraw = False
314.0281 	EXP 	TopUpperLine: autoDraw = False
314.0281 	EXP 	BotUpperLine: autoDraw = False
314.0281 	EXP 	TopLowerLine: autoDraw = False
314.0281 	EXP 	BotLowerLine: autoDraw = False
314.0281 	EXP 	RestCrossHair: autoDraw = False
314.0281 	EXP 	TopUpperLine: autoDraw = False
314.0281 	EXP 	UpperText: autoDraw = False
314.0281 	EXP 	UpperBrackets: autoDraw = False
314.0281 	EXP 	BotUpperLine: autoDraw = False
314.0281 	EXP 	TopLowerLine: autoDraw = False
314.0281 	EXP 	LowerText: autoDraw = False
314.0281 	EXP 	LowerBrackets: autoDraw = False
314.0281 	EXP 	BotLowerLine: autoDraw = False
314.0281 	EXP 	TrialCrossHair: autoDraw = False
314.0281 	EXP 	RestCrossHair: autoDraw = False
314.0281 	EXP 	FeedbackMsg: text = 'No response, good!'
314.0281 	EXP 	FeedbackMsg: autoDraw = True
315.5195 	EXP 	FeedbackMsg: autoDraw = False
315.5195 	EXP 	RestCrossHair: autoDraw = True
316.5124 	EXP 	New trial (rep=0, index=22): {'RetDur': 5, 'BotBrack': 1, 'StimDur': 2, 'UpBrack': 12345, 'ProbeDurITI': 6.0489999999999995, 'ProbeDur': 2, 'ProbeStart': 7, 'TrialDur': 9, 'ITI': 4.0489999999999995, 'StimSet': u'XGFBNY', 'RetStart': 2, 'ProbeLet': u'xdmrkw', 'TrialITIDur': 13.049000000000001, 'Correct': u'down'}
316.5555 	EXP 	window1: recordFrameIntervals = False
316.5593 	EXP 	RestCrossHair: autoDraw = False
316.5593 	EXP 	RestCrossHair: autoDraw = False
316.5593 	EXP 	UpperText: text = u' X G F B N Y '
316.5593 	EXP 	UpperBrackets: text = '{         }  '
316.5593 	EXP 	LowerText: text = u' x d m r k w '
316.5593 	EXP 	LowerBrackets: text = '{ }          '
316.5593 	EXP 	TopUpperLine: autoDraw = True
316.5593 	EXP 	UpperText: autoDraw = True
316.5593 	EXP 	UpperBrackets: autoDraw = True
316.5593 	EXP 	BotUpperLine: autoDraw = True
316.5593 	EXP 	TopLowerLine: autoDraw = True
316.5593 	EXP 	BotLowerLine: autoDraw = True
316.5593 	EXP 	TrialCrossHair: autoDraw = True
316.5597 	EXP 	window1: recordFrameIntervals = False
318.5159 	EXP 	UpperText: autoDraw = False
318.5159 	EXP 	UpperBrackets: autoDraw = False
323.5204 	EXP 	LowerText: autoDraw = True
323.5204 	EXP 	LowerBrackets: autoDraw = True
325.5183 	EXP 	LowerText: autoDraw = False
325.5183 	EXP 	LowerBrackets: autoDraw = False
325.5183 	EXP 	TrialCrossHair: autoDraw = False
325.5241 	EXP 	RestCrossHair: autoDraw = True
329.5768 	EXP 	TopUpperLine: autoDraw = False
329.5768 	EXP 	BotUpperLine: autoDraw = False
329.5768 	EXP 	TopLowerLine: autoDraw = False
329.5768 	EXP 	BotLowerLine: autoDraw = False
329.5768 	EXP 	RestCrossHair: autoDraw = False
329.5768 	EXP 	TopUpperLine: autoDraw = False
329.5768 	EXP 	UpperText: autoDraw = False
329.5768 	EXP 	UpperBrackets: autoDraw = False
329.5768 	EXP 	BotUpperLine: autoDraw = False
329.5768 	EXP 	TopLowerLine: autoDraw = False
329.5768 	EXP 	LowerText: autoDraw = False
329.5768 	EXP 	LowerBrackets: autoDraw = False
329.5768 	EXP 	BotLowerLine: autoDraw = False
329.5768 	EXP 	TrialCrossHair: autoDraw = False
329.5768 	EXP 	RestCrossHair: autoDraw = False
329.5768 	EXP 	FeedbackMsg: text = 'No response...miss'
329.5768 	EXP 	FeedbackMsg: autoDraw = True
331.0729 	EXP 	FeedbackMsg: autoDraw = False
331.0729 	EXP 	RestCrossHair: autoDraw = True
332.0671 	EXP 	New trial (rep=0, index=23): {'RetDur': 5, 'BotBrack': 5, 'StimDur': 2, 'UpBrack': 12345, 'ProbeDurITI': 7.4129999999999994, 'ProbeDur': 2, 'ProbeStart': 7, 'TrialDur': 9, 'ITI': 5.4129999999999994, 'StimSet': u'QXTJMN', 'RetStart': 2, 'ProbeLet': u'brfwhy', 'TrialITIDur': 14.413, 'Correct': u'right'}
332.1124 	EXP 	window1: recordFrameIntervals = False
332.1163 	EXP 	RestCrossHair: autoDraw = False
332.1163 	EXP 	UpperText: text = u' Q X T J M N '
332.1163 	EXP 	UpperBrackets: text = '{         }  '
332.1163 	EXP 	LowerText: text = u' b r f w h y '
332.1163 	EXP 	LowerBrackets: text = '        { }  '
332.1163 	EXP 	TopUpperLine: autoDraw = True
332.1163 	EXP 	UpperText: autoDraw = True
332.1163 	EXP 	UpperBrackets: autoDraw = True
332.1163 	EXP 	BotUpperLine: autoDraw = True
332.1163 	EXP 	TopLowerLine: autoDraw = True
332.1163 	EXP 	BotLowerLine: autoDraw = True
332.1163 	EXP 	TrialCrossHair: autoDraw = True
332.1168 	EXP 	window1: recordFrameIntervals = False
334.0749 	EXP 	UpperText: autoDraw = False
334.0749 	EXP 	UpperBrackets: autoDraw = False
339.0758 	EXP 	LowerText: autoDraw = True
339.0758 	EXP 	LowerBrackets: autoDraw = True
341.0714 	EXP 	LowerText: autoDraw = False
341.0714 	EXP 	LowerBrackets: autoDraw = False
341.0714 	EXP 	TrialCrossHair: autoDraw = False
341.0775 	EXP 	RestCrossHair: autoDraw = True
346.4934 	EXP 	TopUpperLine: autoDraw = False
346.4934 	EXP 	BotUpperLine: autoDraw = False
346.4934 	EXP 	TopLowerLine: autoDraw = False
346.4934 	EXP 	BotLowerLine: autoDraw = False
346.4934 	EXP 	RestCrossHair: autoDraw = False
346.4934 	EXP 	TopUpperLine: autoDraw = False
346.4934 	EXP 	UpperText: autoDraw = False
346.4934 	EXP 	UpperBrackets: autoDraw = False
346.4934 	EXP 	BotUpperLine: autoDraw = False
346.4934 	EXP 	TopLowerLine: autoDraw = False
346.4934 	EXP 	LowerText: autoDraw = False
346.4934 	EXP 	LowerBrackets: autoDraw = False
346.4934 	EXP 	BotLowerLine: autoDraw = False
346.4934 	EXP 	TrialCrossHair: autoDraw = False
346.4934 	EXP 	RestCrossHair: autoDraw = False
346.4934 	EXP 	FeedbackMsg: text = 'No response...miss'
346.4934 	EXP 	FeedbackMsg: autoDraw = True
347.9870 	EXP 	FeedbackMsg: autoDraw = False
347.9870 	EXP 	RestCrossHair: autoDraw = True
348.9828 	EXP 	New trial (rep=0, index=24): {'RetDur': 0, 'BotBrack': 0, 'StimDur': 2, 'UpBrack': 23456, 'ProbeDurITI': 4.032, 'ProbeDur': 0, 'ProbeStart': 2, 'TrialDur': 2, 'ITI': 4.032, 'StimSet': u'DWQGBL', 'RetStart': 2, 'ProbeLet': u' ', 'TrialITIDur': 6.032, 'Correct': u'none'}
349.0126 	EXP 	window1: recordFrameIntervals = False
349.0167 	EXP 	RestCrossHair: autoDraw = False
349.0167 	EXP 	UpperText: text = u' D W Q G B L '
349.0167 	EXP 	UpperBrackets: text = '  {         }'
349.0167 	EXP 	LowerText: text = u'   '
349.0167 	EXP 	LowerBrackets: text = ''
349.0167 	EXP 	TopUpperLine: autoDraw = True
349.0167 	EXP 	UpperText: autoDraw = True
349.0167 	EXP 	UpperBrackets: autoDraw = True
349.0167 	EXP 	BotUpperLine: autoDraw = True
349.0167 	EXP 	TopLowerLine: autoDraw = True
349.0167 	EXP 	BotLowerLine: autoDraw = True
349.0167 	EXP 	TrialCrossHair: autoDraw = True
349.0172 	EXP 	window1: recordFrameIntervals = False
350.9918 	EXP 	UpperText: autoDraw = False
350.9918 	EXP 	UpperBrackets: autoDraw = False
350.9918 	EXP 	LowerText: autoDraw = True
350.9918 	EXP 	LowerBrackets: autoDraw = True
350.9918 	EXP 	TrialCrossHair: autoDraw = False
350.9918 	EXP 	RestCrossHair: autoDraw = True
350.9976 	EXP 	LowerText: autoDraw = False
350.9976 	EXP 	LowerBrackets: autoDraw = False
355.0288 	EXP 	TopUpperLine: autoDraw = False
355.0288 	EXP 	BotUpperLine: autoDraw = False
355.0288 	EXP 	TopLowerLine: autoDraw = False
355.0288 	EXP 	BotLowerLine: autoDraw = False
355.0288 	EXP 	RestCrossHair: autoDraw = False
355.0288 	EXP 	TopUpperLine: autoDraw = False
355.0288 	EXP 	UpperText: autoDraw = False
355.0288 	EXP 	UpperBrackets: autoDraw = False
355.0288 	EXP 	BotUpperLine: autoDraw = False
355.0288 	EXP 	TopLowerLine: autoDraw = False
355.0288 	EXP 	LowerText: autoDraw = False
355.0288 	EXP 	LowerBrackets: autoDraw = False
355.0288 	EXP 	BotLowerLine: autoDraw = False
355.0288 	EXP 	TrialCrossHair: autoDraw = False
355.0288 	EXP 	RestCrossHair: autoDraw = False
355.0288 	EXP 	FeedbackMsg: text = 'No response, good!'
355.0288 	EXP 	FeedbackMsg: autoDraw = True
356.5210 	EXP 	FeedbackMsg: autoDraw = False
356.5210 	EXP 	RestCrossHair: autoDraw = True
357.5168 	EXP 	New trial (rep=0, index=25): {'RetDur': 5, 'BotBrack': 1, 'StimDur': 2, 'UpBrack': 123456, 'ProbeDurITI': 6.0800000000000001, 'ProbeDur': 2, 'ProbeStart': 7, 'TrialDur': 9, 'ITI': 4.0800000000000001, 'StimSet': u'WLQHYX', 'RetStart': 2, 'ProbeLet': u'ljngtk', 'TrialITIDur': 13.08, 'Correct': u'down'}
357.5599 	EXP 	window1: recordFrameIntervals = False
357.5639 	EXP 	RestCrossHair: autoDraw = False
357.5639 	EXP 	UpperText: text = u' W L Q H Y X '
357.5639 	EXP 	UpperBrackets: text = '{           }'
357.5639 	EXP 	LowerText: text = u' l j n g t k '
357.5639 	EXP 	LowerBrackets: text = '{ }          '
357.5639 	EXP 	TopUpperLine: autoDraw = True
357.5639 	EXP 	UpperText: autoDraw = True
357.5639 	EXP 	UpperBrackets: autoDraw = True
357.5639 	EXP 	BotUpperLine: autoDraw = True
357.5639 	EXP 	TopLowerLine: autoDraw = True
357.5639 	EXP 	BotLowerLine: autoDraw = True
357.5639 	EXP 	TrialCrossHair: autoDraw = True
357.5644 	EXP 	window1: recordFrameIntervals = False
359.5224 	EXP 	UpperText: autoDraw = False
359.5224 	EXP 	UpperBrackets: autoDraw = False
364.5239 	EXP 	LowerText: autoDraw = True
364.5239 	EXP 	LowerBrackets: autoDraw = True
366.5213 	EXP 	LowerText: autoDraw = False
366.5213 	EXP 	LowerBrackets: autoDraw = False
366.5213 	EXP 	TrialCrossHair: autoDraw = False
366.5271 	EXP 	RestCrossHair: autoDraw = True
370.6118 	EXP 	TopUpperLine: autoDraw = False
370.6118 	EXP 	BotUpperLine: autoDraw = False
370.6118 	EXP 	TopLowerLine: autoDraw = False
370.6118 	EXP 	BotLowerLine: autoDraw = False
370.6118 	EXP 	RestCrossHair: autoDraw = False
370.6118 	EXP 	TopUpperLine: autoDraw = False
370.6118 	EXP 	UpperText: autoDraw = False
370.6118 	EXP 	UpperBrackets: autoDraw = False
370.6118 	EXP 	BotUpperLine: autoDraw = False
370.6118 	EXP 	TopLowerLine: autoDraw = False
370.6118 	EXP 	LowerText: autoDraw = False
370.6118 	EXP 	LowerBrackets: autoDraw = False
370.6118 	EXP 	BotLowerLine: autoDraw = False
370.6118 	EXP 	TrialCrossHair: autoDraw = False
370.6118 	EXP 	RestCrossHair: autoDraw = False
370.6118 	EXP 	FeedbackMsg: text = 'No response...miss'
370.6118 	EXP 	FeedbackMsg: autoDraw = True
372.1004 	EXP 	FeedbackMsg: autoDraw = False
372.1004 	EXP 	FeedbackMsg: autoDraw = False
372.1004 	EXP 	RestCrossHair: autoDraw = True
373.0960 	EXP 	New trial (rep=0, index=26): {'RetDur': 0, 'BotBrack': 6, 'StimDur': 2, 'UpBrack': 123456, 'ProbeDurITI': 6.6500000000000004, 'ProbeDur': 2, 'ProbeStart': 2, 'TrialDur': 4, 'ITI': 4.6500000000000004, 'StimSet': u'RDJKWY', 'RetStart': 2, 'ProbeLet': u'nbhlgr', 'TrialITIDur': 8.6500000000000004, 'Correct': u'down'}
373.1427 	EXP 	window1: recordFrameIntervals = False
373.1464 	EXP 	RestCrossHair: autoDraw = False
373.1464 	EXP 	RestCrossHair: autoDraw = False
373.1464 	EXP 	UpperText: text = u' R D J K W Y '
373.1464 	EXP 	UpperBrackets: text = '{           }'
373.1464 	EXP 	LowerText: text = u' n b h l g r '
373.1464 	EXP 	LowerBrackets: text = '          { }'
373.1464 	EXP 	TopUpperLine: autoDraw = True
373.1464 	EXP 	UpperText: autoDraw = True
373.1464 	EXP 	UpperBrackets: autoDraw = True
373.1464 	EXP 	BotUpperLine: autoDraw = True
373.1464 	EXP 	TopLowerLine: autoDraw = True
373.1464 	EXP 	BotLowerLine: autoDraw = True
373.1464 	EXP 	TrialCrossHair: autoDraw = True
373.1468 	EXP 	window1: recordFrameIntervals = False
375.1024 	EXP 	UpperText: autoDraw = False
375.1024 	EXP 	UpperBrackets: autoDraw = False
375.1100 	EXP 	LowerText: autoDraw = True
375.1100 	EXP 	LowerBrackets: autoDraw = True
377.1043 	EXP 	LowerText: autoDraw = False
377.1043 	EXP 	LowerBrackets: autoDraw = False
377.1043 	EXP 	TrialCrossHair: autoDraw = False
377.1043 	EXP 	RestCrossHair: autoDraw = True
381.7631 	EXP 	TopUpperLine: autoDraw = False
381.7631 	EXP 	BotUpperLine: autoDraw = False
381.7631 	EXP 	TopLowerLine: autoDraw = False
381.7631 	EXP 	BotLowerLine: autoDraw = False
381.7631 	EXP 	RestCrossHair: autoDraw = False
381.7631 	EXP 	TopUpperLine: autoDraw = False
381.7631 	EXP 	UpperText: autoDraw = False
381.7631 	EXP 	UpperBrackets: autoDraw = False
381.7631 	EXP 	BotUpperLine: autoDraw = False
381.7631 	EXP 	TopLowerLine: autoDraw = False
381.7631 	EXP 	LowerText: autoDraw = False
381.7631 	EXP 	LowerBrackets: autoDraw = False
381.7631 	EXP 	BotLowerLine: autoDraw = False
381.7631 	EXP 	TrialCrossHair: autoDraw = False
381.7631 	EXP 	RestCrossHair: autoDraw = False
381.7631 	EXP 	FeedbackMsg: text = 'No response...miss'
381.7631 	EXP 	FeedbackMsg: autoDraw = True
383.2571 	EXP 	FeedbackMsg: autoDraw = False
383.2571 	EXP 	RestCrossHair: autoDraw = True
384.2529 	EXP 	New trial (rep=0, index=27): {'RetDur': 5, 'BotBrack': 5, 'StimDur': 2, 'UpBrack': 123456, 'ProbeDurITI': 6.0039999999999996, 'ProbeDur': 2, 'ProbeStart': 7, 'TrialDur': 9, 'ITI': 4.0039999999999996, 'StimSet': u'DKWFTM', 'RetStart': 2, 'ProbeLet': u'rlxyjn', 'TrialITIDur': 13.004000000000001, 'Correct': u'right'}
384.2966 	EXP 	window1: recordFrameIntervals = False
384.3005 	EXP 	RestCrossHair: autoDraw = False
384.3005 	EXP 	UpperText: text = u' D K W F T M '
384.3005 	EXP 	UpperBrackets: text = '{           }'
384.3005 	EXP 	LowerText: text = u' r l x y j n '
384.3005 	EXP 	LowerBrackets: text = '        { }  '
384.3005 	EXP 	TopUpperLine: autoDraw = True
384.3005 	EXP 	UpperText: autoDraw = True
384.3005 	EXP 	UpperBrackets: autoDraw = True
384.3005 	EXP 	BotUpperLine: autoDraw = True
384.3005 	EXP 	TopLowerLine: autoDraw = True
384.3005 	EXP 	BotLowerLine: autoDraw = True
384.3005 	EXP 	TrialCrossHair: autoDraw = True
384.3009 	EXP 	window1: recordFrameIntervals = False
386.2570 	EXP 	UpperText: autoDraw = False
386.2570 	EXP 	UpperBrackets: autoDraw = False
391.2620 	EXP 	LowerText: autoDraw = True
391.2620 	EXP 	LowerBrackets: autoDraw = True
393.2601 	EXP 	LowerText: autoDraw = False
393.2601 	EXP 	LowerBrackets: autoDraw = False
393.2601 	EXP 	TrialCrossHair: autoDraw = False
393.2601 	EXP 	RestCrossHair: autoDraw = True
397.2692 	EXP 	TopUpperLine: autoDraw = False
397.2692 	EXP 	BotUpperLine: autoDraw = False
397.2692 	EXP 	TopLowerLine: autoDraw = False
397.2692 	EXP 	BotLowerLine: autoDraw = False
397.2692 	EXP 	RestCrossHair: autoDraw = False
397.2692 	EXP 	TopUpperLine: autoDraw = False
397.2692 	EXP 	UpperText: autoDraw = False
397.2692 	EXP 	UpperBrackets: autoDraw = False
397.2692 	EXP 	BotUpperLine: autoDraw = False
397.2692 	EXP 	TopLowerLine: autoDraw = False
397.2692 	EXP 	LowerText: autoDraw = False
397.2692 	EXP 	LowerBrackets: autoDraw = False
397.2692 	EXP 	BotLowerLine: autoDraw = False
397.2692 	EXP 	TrialCrossHair: autoDraw = False
397.2692 	EXP 	RestCrossHair: autoDraw = False
397.2692 	EXP 	FeedbackMsg: text = 'No response...miss'
397.2692 	EXP 	FeedbackMsg: autoDraw = True
398.7646 	EXP 	FeedbackMsg: autoDraw = False
398.7646 	EXP 	RestCrossHair: autoDraw = True
399.7582 	EXP 	New trial (rep=0, index=28): {'RetDur': 5, 'BotBrack': 0, 'StimDur': 2, 'UpBrack': 123456, 'ProbeDurITI': 4.4279999999999999, 'ProbeDur': 0, 'ProbeStart': 7, 'TrialDur': 7, 'ITI': 4.4279999999999999, 'StimSet': u'RBLJXK', 'RetStart': 2, 'ProbeLet': u' ', 'TrialITIDur': 11.427999999999999, 'Correct': u'none'}
399.7866 	EXP 	window1: recordFrameIntervals = False
399.7905 	EXP 	RestCrossHair: autoDraw = False
399.7905 	EXP 	UpperText: text = u' R B L J X K '
399.7905 	EXP 	UpperBrackets: text = '{           }'
399.7905 	EXP 	LowerText: text = u'   '
399.7905 	EXP 	LowerBrackets: text = ''
399.7905 	EXP 	TopUpperLine: autoDraw = True
399.7905 	EXP 	UpperText: autoDraw = True
399.7905 	EXP 	UpperBrackets: autoDraw = True
399.7905 	EXP 	BotUpperLine: autoDraw = True
399.7905 	EXP 	TopLowerLine: autoDraw = True
399.7905 	EXP 	BotLowerLine: autoDraw = True
399.7905 	EXP 	TrialCrossHair: autoDraw = True
399.7910 	EXP 	window1: recordFrameIntervals = False
401.7634 	EXP 	UpperText: autoDraw = False
401.7634 	EXP 	UpperBrackets: autoDraw = False
406.7648 	EXP 	TrialCrossHair: autoDraw = False
406.7699 	EXP 	LowerText: autoDraw = True
406.7699 	EXP 	LowerBrackets: autoDraw = True
406.7699 	EXP 	RestCrossHair: autoDraw = True
406.7749 	EXP 	LowerText: autoDraw = False
406.7749 	EXP 	LowerBrackets: autoDraw = False
411.1987 	EXP 	TopUpperLine: autoDraw = False
411.1987 	EXP 	BotUpperLine: autoDraw = False
411.1987 	EXP 	TopLowerLine: autoDraw = False
411.1987 	EXP 	BotLowerLine: autoDraw = False
411.1987 	EXP 	RestCrossHair: autoDraw = False
411.1987 	EXP 	TopUpperLine: autoDraw = False
411.1987 	EXP 	UpperText: autoDraw = False
411.1987 	EXP 	UpperBrackets: autoDraw = False
411.1987 	EXP 	BotUpperLine: autoDraw = False
411.1987 	EXP 	TopLowerLine: autoDraw = False
411.1987 	EXP 	LowerText: autoDraw = False
411.1987 	EXP 	LowerBrackets: autoDraw = False
411.1987 	EXP 	BotLowerLine: autoDraw = False
411.1987 	EXP 	TrialCrossHair: autoDraw = False
411.1987 	EXP 	RestCrossHair: autoDraw = False
411.1987 	EXP 	FeedbackMsg: text = 'No response, good!'
411.1987 	EXP 	FeedbackMsg: autoDraw = True
412.6930 	EXP 	FeedbackMsg: autoDraw = False
412.6930 	EXP 	RestCrossHair: autoDraw = True
413.6865 	EXP 	New trial (rep=0, index=29): {'RetDur': 0, 'BotBrack': 0, 'StimDur': 2, 'UpBrack': 123456, 'ProbeDurITI': 4.4489999999999998, 'ProbeDur': 0, 'ProbeStart': 2, 'TrialDur': 2, 'ITI': 4.4489999999999998, 'StimSet': u'FQJTXR', 'RetStart': 2, 'ProbeLet': u' ', 'TrialITIDur': 6.4489999999999998, 'Correct': u'none'}
413.7137 	EXP 	window1: recordFrameIntervals = False
413.7175 	EXP 	RestCrossHair: autoDraw = False
413.7175 	EXP 	UpperText: text = u' F Q J T X R '
413.7175 	EXP 	UpperBrackets: text = '{           }'
413.7175 	EXP 	LowerText: text = u'   '
413.7175 	EXP 	LowerBrackets: text = ''
413.7175 	EXP 	TopUpperLine: autoDraw = True
413.7175 	EXP 	UpperText: autoDraw = True
413.7175 	EXP 	UpperBrackets: autoDraw = True
413.7175 	EXP 	BotUpperLine: autoDraw = True
413.7175 	EXP 	TopLowerLine: autoDraw = True
413.7175 	EXP 	BotLowerLine: autoDraw = True
413.7175 	EXP 	TrialCrossHair: autoDraw = True
413.7179 	EXP 	window1: recordFrameIntervals = False
415.6922 	EXP 	UpperText: autoDraw = False
415.6922 	EXP 	UpperBrackets: autoDraw = False
415.6922 	EXP 	TrialCrossHair: autoDraw = False
415.6987 	EXP 	LowerText: autoDraw = True
415.6987 	EXP 	LowerBrackets: autoDraw = True
415.6987 	EXP 	RestCrossHair: autoDraw = True
415.7045 	EXP 	LowerText: autoDraw = False
415.7045 	EXP 	LowerBrackets: autoDraw = False
420.1513 	EXP 	TopUpperLine: autoDraw = False
420.1513 	EXP 	BotUpperLine: autoDraw = False
420.1513 	EXP 	TopLowerLine: autoDraw = False
420.1513 	EXP 	BotLowerLine: autoDraw = False
420.1513 	EXP 	RestCrossHair: autoDraw = False
420.1513 	EXP 	TopUpperLine: autoDraw = False
420.1513 	EXP 	UpperText: autoDraw = False
420.1513 	EXP 	UpperBrackets: autoDraw = False
420.1513 	EXP 	BotUpperLine: autoDraw = False
420.1513 	EXP 	TopLowerLine: autoDraw = False
420.1513 	EXP 	LowerText: autoDraw = False
420.1513 	EXP 	LowerBrackets: autoDraw = False
420.1513 	EXP 	BotLowerLine: autoDraw = False
420.1513 	EXP 	TrialCrossHair: autoDraw = False
420.1513 	EXP 	RestCrossHair: autoDraw = False
420.1513 	EXP 	FeedbackMsg: text = 'No response, good!'
420.1513 	EXP 	FeedbackMsg: autoDraw = True
421.6378 	EXP 	FeedbackMsg: autoDraw = False
421.6378 	EXP 	FeedbackMsg: autoDraw = False
421.6378 	EXP 	RestCrossHair: autoDraw = True
422.6385 	EXP 	RestCrossHair: autoDraw = False
422.6385 	EXP 	RestCrossHair: autoDraw = False
422.6446 	EXP 	RestCrossHair: autoDraw = True
432.6406 	EXP 	RestCrossHair: autoDraw = False
432.6406 	EXP 	RestCrossHair: autoDraw = True
435.6377 	EXP 	window1: mouseVisible = True
